<?xml version="1.0" encoding="UTF-8"?>
<testsuite xmlns:xsi="http://www.w3.org/2001/XMLSchema-instance" xsi:noNamespaceSchemaLocation="https://maven.apache.org/surefire/maven-surefire-plugin/xsd/surefire-test-report-3.0.xsd" version="3.0" name="JUnit.TesteAplicacao" time="0.993" tests="26" errors="0" skipped="0" failures="0">
  <properties>
    <property name="java.specification.version" value="21"/>
    <property name="sun.cpu.isalist" value="amd64"/>
    <property name="sun.jnu.encoding" value="Cp1252"/>
    <property name="java.class.path" value="D:\Biblioteca\Área de Trabalho\A30812\maven\target\test-classes;D:\Biblioteca\Área de Trabalho\A30812\maven\target\classes;C:\Users\Sâmeck\.m2\repository\org\apache\maven\plugins\maven-surefire-plugin\3.2.2\maven-surefire-plugin-3.2.2.jar;C:\Users\Sâmeck\.m2\repository\org\apache\maven\surefire\maven-surefire-common\3.2.2\maven-surefire-common-3.2.2.jar;C:\Users\Sâmeck\.m2\repository\org\apache\maven\surefire\surefire-api\3.2.2\surefire-api-3.2.2.jar;C:\Users\Sâmeck\.m2\repository\org\apache\maven\surefire\surefire-logger-api\3.2.2\surefire-logger-api-3.2.2.jar;C:\Users\Sâmeck\.m2\repository\org\apache\maven\surefire\surefire-extensions-api\3.2.2\surefire-extensions-api-3.2.2.jar;C:\Users\Sâmeck\.m2\repository\org\apache\maven\surefire\surefire-booter\3.2.2\surefire-booter-3.2.2.jar;C:\Users\Sâmeck\.m2\repository\org\apache\maven\surefire\surefire-extensions-spi\3.2.2\surefire-extensions-spi-3.2.2.jar;C:\Users\Sâmeck\.m2\repository\org\eclipse\aether\aether-util\1.0.0.v20140518\aether-util-1.0.0.v20140518.jar;C:\Users\Sâmeck\.m2\repository\org\eclipse\aether\aether-api\1.0.0.v20140518\aether-api-1.0.0.v20140518.jar;C:\Users\Sâmeck\.m2\repository\org\apache\maven\shared\maven-common-artifact-filters\3.1.1\maven-common-artifact-filters-3.1.1.jar;C:\Users\Sâmeck\.m2\repository\org\apache\maven\maven-artifact\3.1.0\maven-artifact-3.1.0.jar;C:\Users\Sâmeck\.m2\repository\org\codehaus\plexus\plexus-utils\3.0.10\plexus-utils-3.0.10.jar;C:\Users\Sâmeck\.m2\repository\org\apache\maven\maven-core\3.1.0\maven-core-3.1.0.jar;C:\Users\Sâmeck\.m2\repository\org\apache\maven\maven-settings\3.1.0\maven-settings-3.1.0.jar;C:\Users\Sâmeck\.m2\repository\org\apache\maven\maven-settings-builder\3.1.0\maven-settings-builder-3.1.0.jar;C:\Users\Sâmeck\.m2\repository\org\apache\maven\maven-repository-metadata\3.1.0\maven-repository-metadata-3.1.0.jar;C:\Users\Sâmeck\.m2\repository\org\apache\maven\maven-model-builder\3.1.0\maven-model-builder-3.1.0.jar;C:\Users\Sâmeck\.m2\repository\org\apache\maven\maven-aether-provider\3.1.0\maven-aether-provider-3.1.0.jar;C:\Users\Sâmeck\.m2\repository\org\eclipse\aether\aether-spi\0.9.0.M2\aether-spi-0.9.0.M2.jar;C:\Users\Sâmeck\.m2\repository\org\eclipse\aether\aether-impl\0.9.0.M2\aether-impl-0.9.0.M2.jar;C:\Users\Sâmeck\.m2\repository\org\eclipse\sisu\org.eclipse.sisu.plexus\0.0.0.M2a\org.eclipse.sisu.plexus-0.0.0.M2a.jar;C:\Users\Sâmeck\.m2\repository\javax\enterprise\cdi-api\1.0\cdi-api-1.0.jar;C:\Users\Sâmeck\.m2\repository\javax\annotation\jsr250-api\1.0\jsr250-api-1.0.jar;C:\Users\Sâmeck\.m2\repository\javax\inject\javax.inject\1\javax.inject-1.jar;C:\Users\Sâmeck\.m2\repository\com\google\guava\guava\10.0.1\guava-10.0.1.jar;C:\Users\Sâmeck\.m2\repository\com\google\code\findbugs\jsr305\1.3.9\jsr305-1.3.9.jar;C:\Users\Sâmeck\.m2\repository\org\sonatype\sisu\sisu-guice\3.1.0\sisu-guice-3.1.0-no_aop.jar;C:\Users\Sâmeck\.m2\repository\aopalliance\aopalliance\1.0\aopalliance-1.0.jar;C:\Users\Sâmeck\.m2\repository\org\eclipse\sisu\org.eclipse.sisu.inject\0.0.0.M2a\org.eclipse.sisu.inject-0.0.0.M2a.jar;C:\Users\Sâmeck\.m2\repository\asm\asm\3.3.1\asm-3.3.1.jar;C:\Users\Sâmeck\.m2\repository\org\codehaus\plexus\plexus-interpolation\1.16\plexus-interpolation-1.16.jar;C:\Users\Sâmeck\.m2\repository\org\codehaus\plexus\plexus-classworlds\2.4.2\plexus-classworlds-2.4.2.jar;C:\Users\Sâmeck\.m2\repository\org\codehaus\plexus\plexus-component-annotations\1.5.5\plexus-component-annotations-1.5.5.jar;C:\Users\Sâmeck\.m2\repository\org\sonatype\plexus\plexus-sec-dispatcher\1.3\plexus-sec-dispatcher-1.3.jar;C:\Users\Sâmeck\.m2\repository\org\sonatype\plexus\plexus-cipher\1.4\plexus-cipher-1.4.jar;C:\Users\Sâmeck\.m2\repository\org\apache\maven\maven-plugin-api\3.1.0\maven-plugin-api-3.1.0.jar;C:\Users\Sâmeck\.m2\repository\commons-io\commons-io\2.6\commons-io-2.6.jar;C:\Users\Sâmeck\.m2\repository\org\codehaus\plexus\plexus-java\1.2.0\plexus-java-1.2.0.jar;C:\Users\Sâmeck\.m2\repository\org\ow2\asm\asm\9.6\asm-9.6.jar;C:\Users\Sâmeck\.m2\repository\com\thoughtworks\qdox\qdox\2.0.3\qdox-2.0.3.jar;C:\Users\Sâmeck\.m2\repository\org\apache\maven\surefire\surefire-shared-utils\3.2.2\surefire-shared-utils-3.2.2.jar;C:\Users\Sâmeck\.m2\repository\com\mysql\mysql-connector-j\8.0.33\mysql-connector-j-8.0.33.jar;C:\Users\Sâmeck\.m2\repository\com\google\protobuf\protobuf-java\3.21.9\protobuf-java-3.21.9.jar;C:\Users\Sâmeck\.m2\repository\io\cucumber\cucumber-java\7.14.0\cucumber-java-7.14.0.jar;C:\Users\Sâmeck\.m2\repository\io\cucumber\cucumber-core\7.14.0\cucumber-core-7.14.0.jar;C:\Users\Sâmeck\.m2\repository\io\cucumber\cucumber-gherkin\7.14.0\cucumber-gherkin-7.14.0.jar;C:\Users\Sâmeck\.m2\repository\io\cucumber\cucumber-gherkin-messages\7.14.0\cucumber-gherkin-messages-7.14.0.jar;C:\Users\Sâmeck\.m2\repository\io\cucumber\gherkin\26.2.0\gherkin-26.2.0.jar;C:\Users\Sâmeck\.m2\repository\io\cucumber\messages\22.0.0\messages-22.0.0.jar;C:\Users\Sâmeck\.m2\repository\io\cucumber\tag-expressions\5.0.6\tag-expressions-5.0.6.jar;C:\Users\Sâmeck\.m2\repository\io\cucumber\cucumber-expressions\16.1.2\cucumber-expressions-16.1.2.jar;C:\Users\Sâmeck\.m2\repository\io\cucumber\datatable\7.14.0\datatable-7.14.0.jar;C:\Users\Sâmeck\.m2\repository\io\cucumber\cucumber-plugin\7.14.0\cucumber-plugin-7.14.0.jar;C:\Users\Sâmeck\.m2\repository\io\cucumber\docstring\7.14.0\docstring-7.14.0.jar;C:\Users\Sâmeck\.m2\repository\io\cucumber\html-formatter\20.4.0\html-formatter-20.4.0.jar;C:\Users\Sâmeck\.m2\repository\io\cucumber\junit-xml-formatter\0.2.0\junit-xml-formatter-0.2.0.jar;C:\Users\Sâmeck\.m2\repository\io\cucumber\ci-environment\9.2.0\ci-environment-9.2.0.jar;C:\Users\Sâmeck\.m2\repository\org\apiguardian\apiguardian-api\1.1.2\apiguardian-api-1.1.2.jar;C:\Users\Sâmeck\.m2\repository\io\cucumber\cucumber-junit\7.14.0\cucumber-junit-7.14.0.jar;C:\Users\Sâmeck\.m2\repository\junit\junit\4.13.2\junit-4.13.2.jar;C:\Users\Sâmeck\.m2\repository\org\hamcrest\hamcrest-core\1.3\hamcrest-core-1.3.jar;"/>
    <property name="java.vm.vendor" value="Oracle Corporation"/>
    <property name="sun.arch.data.model" value="64"/>
    <property name="user.variant" value=""/>
    <property name="java.vendor.url" value="https://java.oracle.com/"/>
    <property name="user.timezone" value="America/Sao_Paulo"/>
    <property name="os.name" value="Windows 11"/>
    <property name="java.vm.specification.version" value="21"/>
    <property name="user.country" value="BR"/>
    <property name="sun.java.launcher" value="SUN_STANDARD"/>
    <property name="sun.boot.library.path" value="C:\Program Files\Java\jdk-21\bin"/>
    <property name="sun.java.command" value="C:\Users\Sâmeck\AppData\Local\Temp\surefire5530048907618384188\surefirebooter-20231207114425625_3.jar C:\Users\Sâmeck\AppData\Local\Temp\surefire5530048907618384188 2023-12-07T11-44-25_540-jvmRun1 surefire-20231207114425625_1tmp surefire_0-20231207114425625_2tmp"/>
    <property name="jdk.debug" value="release"/>
    <property name="surefire.test.class.path" value="D:\Biblioteca\Área de Trabalho\A30812\maven\target\test-classes;D:\Biblioteca\Área de Trabalho\A30812\maven\target\classes;C:\Users\Sâmeck\.m2\repository\org\apache\maven\plugins\maven-surefire-plugin\3.2.2\maven-surefire-plugin-3.2.2.jar;C:\Users\Sâmeck\.m2\repository\org\apache\maven\surefire\maven-surefire-common\3.2.2\maven-surefire-common-3.2.2.jar;C:\Users\Sâmeck\.m2\repository\org\apache\maven\surefire\surefire-api\3.2.2\surefire-api-3.2.2.jar;C:\Users\Sâmeck\.m2\repository\org\apache\maven\surefire\surefire-logger-api\3.2.2\surefire-logger-api-3.2.2.jar;C:\Users\Sâmeck\.m2\repository\org\apache\maven\surefire\surefire-extensions-api\3.2.2\surefire-extensions-api-3.2.2.jar;C:\Users\Sâmeck\.m2\repository\org\apache\maven\surefire\surefire-booter\3.2.2\surefire-booter-3.2.2.jar;C:\Users\Sâmeck\.m2\repository\org\apache\maven\surefire\surefire-extensions-spi\3.2.2\surefire-extensions-spi-3.2.2.jar;C:\Users\Sâmeck\.m2\repository\org\eclipse\aether\aether-util\1.0.0.v20140518\aether-util-1.0.0.v20140518.jar;C:\Users\Sâmeck\.m2\repository\org\eclipse\aether\aether-api\1.0.0.v20140518\aether-api-1.0.0.v20140518.jar;C:\Users\Sâmeck\.m2\repository\org\apache\maven\shared\maven-common-artifact-filters\3.1.1\maven-common-artifact-filters-3.1.1.jar;C:\Users\Sâmeck\.m2\repository\org\apache\maven\maven-artifact\3.1.0\maven-artifact-3.1.0.jar;C:\Users\Sâmeck\.m2\repository\org\codehaus\plexus\plexus-utils\3.0.10\plexus-utils-3.0.10.jar;C:\Users\Sâmeck\.m2\repository\org\apache\maven\maven-core\3.1.0\maven-core-3.1.0.jar;C:\Users\Sâmeck\.m2\repository\org\apache\maven\maven-settings\3.1.0\maven-settings-3.1.0.jar;C:\Users\Sâmeck\.m2\repository\org\apache\maven\maven-settings-builder\3.1.0\maven-settings-builder-3.1.0.jar;C:\Users\Sâmeck\.m2\repository\org\apache\maven\maven-repository-metadata\3.1.0\maven-repository-metadata-3.1.0.jar;C:\Users\Sâmeck\.m2\repository\org\apache\maven\maven-model-builder\3.1.0\maven-model-builder-3.1.0.jar;C:\Users\Sâmeck\.m2\repository\org\apache\maven\maven-aether-provider\3.1.0\maven-aether-provider-3.1.0.jar;C:\Users\Sâmeck\.m2\repository\org\eclipse\aether\aether-spi\0.9.0.M2\aether-spi-0.9.0.M2.jar;C:\Users\Sâmeck\.m2\repository\org\eclipse\aether\aether-impl\0.9.0.M2\aether-impl-0.9.0.M2.jar;C:\Users\Sâmeck\.m2\repository\org\eclipse\sisu\org.eclipse.sisu.plexus\0.0.0.M2a\org.eclipse.sisu.plexus-0.0.0.M2a.jar;C:\Users\Sâmeck\.m2\repository\javax\enterprise\cdi-api\1.0\cdi-api-1.0.jar;C:\Users\Sâmeck\.m2\repository\javax\annotation\jsr250-api\1.0\jsr250-api-1.0.jar;C:\Users\Sâmeck\.m2\repository\javax\inject\javax.inject\1\javax.inject-1.jar;C:\Users\Sâmeck\.m2\repository\com\google\guava\guava\10.0.1\guava-10.0.1.jar;C:\Users\Sâmeck\.m2\repository\com\google\code\findbugs\jsr305\1.3.9\jsr305-1.3.9.jar;C:\Users\Sâmeck\.m2\repository\org\sonatype\sisu\sisu-guice\3.1.0\sisu-guice-3.1.0-no_aop.jar;C:\Users\Sâmeck\.m2\repository\aopalliance\aopalliance\1.0\aopalliance-1.0.jar;C:\Users\Sâmeck\.m2\repository\org\eclipse\sisu\org.eclipse.sisu.inject\0.0.0.M2a\org.eclipse.sisu.inject-0.0.0.M2a.jar;C:\Users\Sâmeck\.m2\repository\asm\asm\3.3.1\asm-3.3.1.jar;C:\Users\Sâmeck\.m2\repository\org\codehaus\plexus\plexus-interpolation\1.16\plexus-interpolation-1.16.jar;C:\Users\Sâmeck\.m2\repository\org\codehaus\plexus\plexus-classworlds\2.4.2\plexus-classworlds-2.4.2.jar;C:\Users\Sâmeck\.m2\repository\org\codehaus\plexus\plexus-component-annotations\1.5.5\plexus-component-annotations-1.5.5.jar;C:\Users\Sâmeck\.m2\repository\org\sonatype\plexus\plexus-sec-dispatcher\1.3\plexus-sec-dispatcher-1.3.jar;C:\Users\Sâmeck\.m2\repository\org\sonatype\plexus\plexus-cipher\1.4\plexus-cipher-1.4.jar;C:\Users\Sâmeck\.m2\repository\org\apache\maven\maven-plugin-api\3.1.0\maven-plugin-api-3.1.0.jar;C:\Users\Sâmeck\.m2\repository\commons-io\commons-io\2.6\commons-io-2.6.jar;C:\Users\Sâmeck\.m2\repository\org\codehaus\plexus\plexus-java\1.2.0\plexus-java-1.2.0.jar;C:\Users\Sâmeck\.m2\repository\org\ow2\asm\asm\9.6\asm-9.6.jar;C:\Users\Sâmeck\.m2\repository\com\thoughtworks\qdox\qdox\2.0.3\qdox-2.0.3.jar;C:\Users\Sâmeck\.m2\repository\org\apache\maven\surefire\surefire-shared-utils\3.2.2\surefire-shared-utils-3.2.2.jar;C:\Users\Sâmeck\.m2\repository\com\mysql\mysql-connector-j\8.0.33\mysql-connector-j-8.0.33.jar;C:\Users\Sâmeck\.m2\repository\com\google\protobuf\protobuf-java\3.21.9\protobuf-java-3.21.9.jar;C:\Users\Sâmeck\.m2\repository\io\cucumber\cucumber-java\7.14.0\cucumber-java-7.14.0.jar;C:\Users\Sâmeck\.m2\repository\io\cucumber\cucumber-core\7.14.0\cucumber-core-7.14.0.jar;C:\Users\Sâmeck\.m2\repository\io\cucumber\cucumber-gherkin\7.14.0\cucumber-gherkin-7.14.0.jar;C:\Users\Sâmeck\.m2\repository\io\cucumber\cucumber-gherkin-messages\7.14.0\cucumber-gherkin-messages-7.14.0.jar;C:\Users\Sâmeck\.m2\repository\io\cucumber\gherkin\26.2.0\gherkin-26.2.0.jar;C:\Users\Sâmeck\.m2\repository\io\cucumber\messages\22.0.0\messages-22.0.0.jar;C:\Users\Sâmeck\.m2\repository\io\cucumber\tag-expressions\5.0.6\tag-expressions-5.0.6.jar;C:\Users\Sâmeck\.m2\repository\io\cucumber\cucumber-expressions\16.1.2\cucumber-expressions-16.1.2.jar;C:\Users\Sâmeck\.m2\repository\io\cucumber\datatable\7.14.0\datatable-7.14.0.jar;C:\Users\Sâmeck\.m2\repository\io\cucumber\cucumber-plugin\7.14.0\cucumber-plugin-7.14.0.jar;C:\Users\Sâmeck\.m2\repository\io\cucumber\docstring\7.14.0\docstring-7.14.0.jar;C:\Users\Sâmeck\.m2\repository\io\cucumber\html-formatter\20.4.0\html-formatter-20.4.0.jar;C:\Users\Sâmeck\.m2\repository\io\cucumber\junit-xml-formatter\0.2.0\junit-xml-formatter-0.2.0.jar;C:\Users\Sâmeck\.m2\repository\io\cucumber\ci-environment\9.2.0\ci-environment-9.2.0.jar;C:\Users\Sâmeck\.m2\repository\org\apiguardian\apiguardian-api\1.1.2\apiguardian-api-1.1.2.jar;C:\Users\Sâmeck\.m2\repository\io\cucumber\cucumber-junit\7.14.0\cucumber-junit-7.14.0.jar;C:\Users\Sâmeck\.m2\repository\junit\junit\4.13.2\junit-4.13.2.jar;C:\Users\Sâmeck\.m2\repository\org\hamcrest\hamcrest-core\1.3\hamcrest-core-1.3.jar;"/>
    <property name="sun.cpu.endian" value="little"/>
    <property name="user.home" value="C:\Users\Sâmeck"/>
    <property name="user.language" value="pt"/>
    <property name="java.specification.vendor" value="Oracle Corporation"/>
    <property name="java.version.date" value="2023-10-17"/>
    <property name="java.home" value="C:\Program Files\Java\jdk-21"/>
    <property name="file.separator" value="\"/>
    <property name="basedir" value="D:\Biblioteca\Área de Trabalho\A30812\maven"/>
    <property name="java.vm.compressedOopsMode" value="Zero based"/>
    <property name="line.separator" value="&#10;"/>
    <property name="java.vm.specification.vendor" value="Oracle Corporation"/>
    <property name="java.specification.name" value="Java Platform API Specification"/>
    <property name="surefire.real.class.path" value="C:\Users\Sâmeck\AppData\Local\Temp\surefire5530048907618384188\surefirebooter-20231207114425625_3.jar"/>
    <property name="user.script" value=""/>
    <property name="sun.management.compiler" value="HotSpot 64-Bit Tiered Compilers"/>
    <property name="java.runtime.version" value="21.0.1+12-LTS-29"/>
    <property name="user.name" value="Sâmeck"/>
    <property name="stdout.encoding" value="Cp1252"/>
    <property name="path.separator" value=";"/>
    <property name="os.version" value="10.0"/>
    <property name="java.runtime.name" value="Java(TM) SE Runtime Environment"/>
    <property name="file.encoding" value="UTF-8"/>
    <property name="java.vm.name" value="Java HotSpot(TM) 64-Bit Server VM"/>
    <property name="skipTests" value="false"/>
    <property name="maven.ext.class.path" value="E:\NetBeans-19\netbeans\java\maven-nblib\netbeans-eventspy.jar"/>
    <property name="localRepository" value="C:\Users\Sâmeck\.m2\repository"/>
    <property name="java.vendor.url.bug" value="https://bugreport.java.com/bugreport/"/>
    <property name="java.io.tmpdir" value="C:\Users\SMECK~1\AppData\Local\Temp\"/>
    <property name="java.version" value="21.0.1"/>
    <property name="user.dir" value="D:\Biblioteca\Área de Trabalho\A30812\maven"/>
    <property name="os.arch" value="amd64"/>
    <property name="java.vm.specification.name" value="Java Virtual Machine Specification"/>
    <property name="sun.os.patch.level" value=""/>
    <property name="native.encoding" value="Cp1252"/>
    <property name="java.library.path" value="C:\Program Files\Java\jdk-21\bin;C:\WINDOWS\Sun\Java\bin;C:\WINDOWS\system32;C:\WINDOWS;C:\Program Files\Common Files\Oracle\Java\javapath;C:\Program Files (x86)\Common Files\Oracle\Java\javapath;C:\Python311\Scripts\;C:\Python311\;C:\WINDOWS\system32;C:\WINDOWS;C:\WINDOWS\System32\Wbem;C:\WINDOWS\System32\WindowsPowerShell\v1.0\;C:\WINDOWS\System32\OpenSSH\;C:\Program Files\Git\cmd;C:\Program Files\nodejs\;C:\ProgramData\chocolatey\bin;C:\Program Files\Docker\Docker\resources\bin;C:\Program Files (x86)\Microsoft SQL Server\160\Tools\Binn\;C:\Program Files\Microsoft SQL Server\160\Tools\Binn\;C:\Program Files\Microsoft SQL Server\Client SDK\ODBC\170\Tools\Binn\;C:\Program Files\Microsoft SQL Server\160\DTS\Binn\;C:\Program Files (x86)\Microsoft SQL Server\160\DTS\Binn\;C:\Program Files\Azure Data Studio\bin;C:\Program Files\Microsoft SQL Server\150\Tools\Binn\;C:\Program Files\dotnet\;E:\Programs\tools\php\php-8.1.25;E:\Programs\Composer;C:\Program Files\Java\jdk-21;C:\Users\Sâmeck\AppData\Local\Microsoft\WindowsApps;C:\Users\Sâmeck\AppData\Local\Programs\Microsoft VS Code\bin;C:\Users\Sâmeck\AppData\Roaming\npm;C:\Program Files\Azure Data Studio\bin;C:\Users\Sâmeck\AppData\Local\GitHubDesktop\bin;C:\Users\Sâmeck\.dotnet\tools;D:\Biblioteca;C:\Users\Sâmeck\AppData\Roaming\Composer\vendor\bin;."/>
    <property name="java.vm.info" value="mixed mode, sharing"/>
    <property name="stderr.encoding" value="Cp1252"/>
    <property name="java.vendor" value="Oracle Corporation"/>
    <property name="java.vm.version" value="21.0.1+12-LTS-29"/>
    <property name="sun.io.unicode.encoding" value="UnicodeLittle"/>
    <property name="java.class.version" value="65.0"/>
  </properties>
  <testcase name="testReaberturaConexao" classname="JUnit.TesteAplicacao" time="0.638">
    <system-err><![CDATA[java.lang.instrument.IllegalClassFormatException: Error while instrumenting java/sql/SQLException.
	at org.jacoco.agent.rt.internal_f3994fa.CoverageTransformer.transform(CoverageTransformer.java:94)
	at java.instrument/java.lang.instrument.ClassFileTransformer.transform(ClassFileTransformer.java:244)
	at java.instrument/sun.instrument.TransformerManager.transform(TransformerManager.java:188)
	at java.instrument/sun.instrument.InstrumentationImpl.transform(InstrumentationImpl.java:610)
	at java.base/java.lang.ClassLoader.defineClass2(Native Method)
	at java.base/java.lang.ClassLoader.defineClass(ClassLoader.java:1118)
	at java.base/java.security.SecureClassLoader.defineClass(SecureClassLoader.java:182)
	at java.base/jdk.internal.loader.BuiltinClassLoader.defineClass(BuiltinClassLoader.java:821)
	at java.base/jdk.internal.loader.BuiltinClassLoader.findClassInModuleOrNull(BuiltinClassLoader.java:741)
	at java.base/jdk.internal.loader.BuiltinClassLoader.loadClassOrNull(BuiltinClassLoader.java:665)
	at java.base/jdk.internal.loader.BuiltinClassLoader.loadClassOrNull(BuiltinClassLoader.java:700)
	at java.base/jdk.internal.loader.BuiltinClassLoader.loadClassOrNull(BuiltinClassLoader.java:669)
	at java.base/jdk.internal.loader.BuiltinClassLoader.loadClass(BuiltinClassLoader.java:639)
	at java.base/jdk.internal.loader.ClassLoaders$AppClassLoader.loadClass(ClassLoaders.java:188)
	at java.base/java.lang.ClassLoader.loadClass(ClassLoader.java:526)
	at java.base/java.lang.Class.getDeclaredMethods0(Native Method)
	at java.base/java.lang.Class.privateGetDeclaredMethods(Class.java:3578)
	at java.base/java.lang.Class.getMethodsRecursive(Class.java:3719)
	at java.base/java.lang.Class.getMethod0(Class.java:3705)
	at java.base/java.lang.Class.getMethod(Class.java:2393)
	at org.apache.maven.surefire.api.util.ReflectionUtils.tryGetMethod(ReflectionUtils.java:50)
	at org.apache.maven.surefire.common.junit3.JUnit3TestChecker.isSuiteOnly(JUnit3TestChecker.java:60)
	at org.apache.maven.surefire.common.junit3.JUnit3TestChecker.isValidJUnit3Test(JUnit3TestChecker.java:56)
	at org.apache.maven.surefire.common.junit3.JUnit3TestChecker.accept(JUnit3TestChecker.java:52)
	at org.apache.maven.surefire.common.junit4.JUnit4TestChecker.accept(JUnit4TestChecker.java:48)
	at org.apache.maven.surefire.api.util.DefaultScanResult.applyFilter(DefaultScanResult.java:87)
	at org.apache.maven.surefire.junit4.JUnit4Provider.scanClassPath(JUnit4Provider.java:272)
	at org.apache.maven.surefire.junit4.JUnit4Provider.setTestsToRun(JUnit4Provider.java:174)
	at org.apache.maven.surefire.junit4.JUnit4Provider.invoke(JUnit4Provider.java:132)
	at org.apache.maven.surefire.booter.ForkedBooter.runSuitesInProcess(ForkedBooter.java:385)
	at org.apache.maven.surefire.booter.ForkedBooter.execute(ForkedBooter.java:162)
	at org.apache.maven.surefire.booter.ForkedBooter.run(ForkedBooter.java:507)
	at org.apache.maven.surefire.booter.ForkedBooter.main(ForkedBooter.java:495)
Caused by: java.io.IOException: Error while instrumenting java/sql/SQLException.
	at org.jacoco.agent.rt.internal_f3994fa.core.instr.Instrumenter.instrumentError(Instrumenter.java:160)
	at org.jacoco.agent.rt.internal_f3994fa.core.instr.Instrumenter.instrument(Instrumenter.java:110)
	at org.jacoco.agent.rt.internal_f3994fa.CoverageTransformer.transform(CoverageTransformer.java:92)
	... 32 more
Caused by: java.lang.IllegalArgumentException: Unsupported class file major version 65
	at org.jacoco.agent.rt.internal_f3994fa.asm.ClassReader.<init>(ClassReader.java:196)
	at org.jacoco.agent.rt.internal_f3994fa.asm.ClassReader.<init>(ClassReader.java:177)
	at org.jacoco.agent.rt.internal_f3994fa.asm.ClassReader.<init>(ClassReader.java:163)
	at org.jacoco.agent.rt.internal_f3994fa.core.internal.instr.InstrSupport.classReaderFor(InstrSupport.java:280)
	at org.jacoco.agent.rt.internal_f3994fa.core.instr.Instrumenter.instrument(Instrumenter.java:76)
	at org.jacoco.agent.rt.internal_f3994fa.core.instr.Instrumenter.instrument(Instrumenter.java:108)
	... 33 more
java.lang.instrument.IllegalClassFormatException: Error while instrumenting java/sql/DriverManager.
	at org.jacoco.agent.rt.internal_f3994fa.CoverageTransformer.transform(CoverageTransformer.java:94)
	at java.instrument/java.lang.instrument.ClassFileTransformer.transform(ClassFileTransformer.java:244)
	at java.instrument/sun.instrument.TransformerManager.transform(TransformerManager.java:188)
	at java.instrument/sun.instrument.InstrumentationImpl.transform(InstrumentationImpl.java:610)
	at java.base/java.lang.ClassLoader.defineClass2(Native Method)
	at java.base/java.lang.ClassLoader.defineClass(ClassLoader.java:1118)
	at java.base/java.security.SecureClassLoader.defineClass(SecureClassLoader.java:182)
	at java.base/jdk.internal.loader.BuiltinClassLoader.defineClass(BuiltinClassLoader.java:821)
	at java.base/jdk.internal.loader.BuiltinClassLoader.findClassInModuleOrNull(BuiltinClassLoader.java:741)
	at java.base/jdk.internal.loader.BuiltinClassLoader.loadClassOrNull(BuiltinClassLoader.java:665)
	at java.base/jdk.internal.loader.BuiltinClassLoader.loadClassOrNull(BuiltinClassLoader.java:700)
	at java.base/jdk.internal.loader.BuiltinClassLoader.loadClassOrNull(BuiltinClassLoader.java:669)
	at java.base/jdk.internal.loader.BuiltinClassLoader.loadClass(BuiltinClassLoader.java:639)
	at java.base/jdk.internal.loader.ClassLoaders$AppClassLoader.loadClass(ClassLoaders.java:188)
	at java.base/java.lang.ClassLoader.loadClass(ClassLoader.java:526)
	at dao.DBConnection.<init>(DBConnection.java:29)
	at dao.DBConnection.getInstance(DBConnection.java:43)
	at JUnit.TesteAplicacao.testReaberturaConexao(TesteAplicacao.java:59)
	at java.base/jdk.internal.reflect.DirectMethodHandleAccessor.invoke(DirectMethodHandleAccessor.java:103)
	at java.base/java.lang.reflect.Method.invoke(Method.java:580)
	at org.junit.runners.model.FrameworkMethod$1.runReflectiveCall(FrameworkMethod.java:59)
	at org.junit.internal.runners.model.ReflectiveCallable.run(ReflectiveCallable.java:12)
	at org.junit.runners.model.FrameworkMethod.invokeExplosively(FrameworkMethod.java:56)
	at org.junit.internal.runners.statements.InvokeMethod.evaluate(InvokeMethod.java:17)
	at org.junit.runners.ParentRunner$3.evaluate(ParentRunner.java:306)
	at org.junit.runners.BlockJUnit4ClassRunner$1.evaluate(BlockJUnit4ClassRunner.java:100)
	at org.junit.runners.ParentRunner.runLeaf(ParentRunner.java:366)
	at org.junit.runners.BlockJUnit4ClassRunner.runChild(BlockJUnit4ClassRunner.java:103)
	at org.junit.runners.BlockJUnit4ClassRunner.runChild(BlockJUnit4ClassRunner.java:63)
	at org.junit.runners.ParentRunner$4.run(ParentRunner.java:331)
	at org.junit.runners.ParentRunner$1.schedule(ParentRunner.java:79)
	at org.junit.runners.ParentRunner.runChildren(ParentRunner.java:329)
	at org.junit.runners.ParentRunner.access$100(ParentRunner.java:66)
	at org.junit.runners.ParentRunner$2.evaluate(ParentRunner.java:293)
	at org.junit.runners.ParentRunner$3.evaluate(ParentRunner.java:306)
	at org.junit.runners.ParentRunner.run(ParentRunner.java:413)
	at org.apache.maven.surefire.junit4.JUnit4Provider.execute(JUnit4Provider.java:316)
	at org.apache.maven.surefire.junit4.JUnit4Provider.executeWithRerun(JUnit4Provider.java:240)
	at org.apache.maven.surefire.junit4.JUnit4Provider.executeTestSet(JUnit4Provider.java:214)
	at org.apache.maven.surefire.junit4.JUnit4Provider.invoke(JUnit4Provider.java:155)
	at org.apache.maven.surefire.booter.ForkedBooter.runSuitesInProcess(ForkedBooter.java:385)
	at org.apache.maven.surefire.booter.ForkedBooter.execute(ForkedBooter.java:162)
	at org.apache.maven.surefire.booter.ForkedBooter.run(ForkedBooter.java:507)
	at org.apache.maven.surefire.booter.ForkedBooter.main(ForkedBooter.java:495)
Caused by: java.io.IOException: Error while instrumenting java/sql/DriverManager.
	at org.jacoco.agent.rt.internal_f3994fa.core.instr.Instrumenter.instrumentError(Instrumenter.java:160)
	at org.jacoco.agent.rt.internal_f3994fa.core.instr.Instrumenter.instrument(Instrumenter.java:110)
	at org.jacoco.agent.rt.internal_f3994fa.CoverageTransformer.transform(CoverageTransformer.java:92)
	... 43 more
Caused by: java.lang.IllegalArgumentException: Unsupported class file major version 65
	at org.jacoco.agent.rt.internal_f3994fa.asm.ClassReader.<init>(ClassReader.java:196)
	at org.jacoco.agent.rt.internal_f3994fa.asm.ClassReader.<init>(ClassReader.java:177)
	at org.jacoco.agent.rt.internal_f3994fa.asm.ClassReader.<init>(ClassReader.java:163)
	at org.jacoco.agent.rt.internal_f3994fa.core.internal.instr.InstrSupport.classReaderFor(InstrSupport.java:280)
	at org.jacoco.agent.rt.internal_f3994fa.core.instr.Instrumenter.instrument(Instrumenter.java:76)
	at org.jacoco.agent.rt.internal_f3994fa.core.instr.Instrumenter.instrument(Instrumenter.java:108)
	... 44 more
java.lang.instrument.IllegalClassFormatException: Error while instrumenting java/sql/SQLPermission.
	at org.jacoco.agent.rt.internal_f3994fa.CoverageTransformer.transform(CoverageTransformer.java:94)
	at java.instrument/java.lang.instrument.ClassFileTransformer.transform(ClassFileTransformer.java:244)
	at java.instrument/sun.instrument.TransformerManager.transform(TransformerManager.java:188)
	at java.instrument/sun.instrument.InstrumentationImpl.transform(InstrumentationImpl.java:610)
	at java.base/java.lang.ClassLoader.defineClass2(Native Method)
	at java.base/java.lang.ClassLoader.defineClass(ClassLoader.java:1118)
	at java.base/java.security.SecureClassLoader.defineClass(SecureClassLoader.java:182)
	at java.base/jdk.internal.loader.BuiltinClassLoader.defineClass(BuiltinClassLoader.java:821)
	at java.base/jdk.internal.loader.BuiltinClassLoader.findClassInModuleOrNull(BuiltinClassLoader.java:741)
	at java.base/jdk.internal.loader.BuiltinClassLoader.loadClassOrNull(BuiltinClassLoader.java:665)
	at java.base/jdk.internal.loader.BuiltinClassLoader.loadClass(BuiltinClassLoader.java:639)
	at java.base/java.lang.ClassLoader.loadClass(ClassLoader.java:526)
	at dao.DBConnection.<init>(DBConnection.java:29)
	at dao.DBConnection.getInstance(DBConnection.java:43)
	at JUnit.TesteAplicacao.testReaberturaConexao(TesteAplicacao.java:59)
	at java.base/jdk.internal.reflect.DirectMethodHandleAccessor.invoke(DirectMethodHandleAccessor.java:103)
	at java.base/java.lang.reflect.Method.invoke(Method.java:580)
	at org.junit.runners.model.FrameworkMethod$1.runReflectiveCall(FrameworkMethod.java:59)
	at org.junit.internal.runners.model.ReflectiveCallable.run(ReflectiveCallable.java:12)
	at org.junit.runners.model.FrameworkMethod.invokeExplosively(FrameworkMethod.java:56)
	at org.junit.internal.runners.statements.InvokeMethod.evaluate(InvokeMethod.java:17)
	at org.junit.runners.ParentRunner$3.evaluate(ParentRunner.java:306)
	at org.junit.runners.BlockJUnit4ClassRunner$1.evaluate(BlockJUnit4ClassRunner.java:100)
	at org.junit.runners.ParentRunner.runLeaf(ParentRunner.java:366)
	at org.junit.runners.BlockJUnit4ClassRunner.runChild(BlockJUnit4ClassRunner.java:103)
	at org.junit.runners.BlockJUnit4ClassRunner.runChild(BlockJUnit4ClassRunner.java:63)
	at org.junit.runners.ParentRunner$4.run(ParentRunner.java:331)
	at org.junit.runners.ParentRunner$1.schedule(ParentRunner.java:79)
	at org.junit.runners.ParentRunner.runChildren(ParentRunner.java:329)
	at org.junit.runners.ParentRunner.access$100(ParentRunner.java:66)
	at org.junit.runners.ParentRunner$2.evaluate(ParentRunner.java:293)
	at org.junit.runners.ParentRunner$3.evaluate(ParentRunner.java:306)
	at org.junit.runners.ParentRunner.run(ParentRunner.java:413)
	at org.apache.maven.surefire.junit4.JUnit4Provider.execute(JUnit4Provider.java:316)
	at org.apache.maven.surefire.junit4.JUnit4Provider.executeWithRerun(JUnit4Provider.java:240)
	at org.apache.maven.surefire.junit4.JUnit4Provider.executeTestSet(JUnit4Provider.java:214)
	at org.apache.maven.surefire.junit4.JUnit4Provider.invoke(JUnit4Provider.java:155)
	at org.apache.maven.surefire.booter.ForkedBooter.runSuitesInProcess(ForkedBooter.java:385)
	at org.apache.maven.surefire.booter.ForkedBooter.execute(ForkedBooter.java:162)
	at org.apache.maven.surefire.booter.ForkedBooter.run(ForkedBooter.java:507)
	at org.apache.maven.surefire.booter.ForkedBooter.main(ForkedBooter.java:495)
Caused by: java.io.IOException: Error while instrumenting java/sql/SQLPermission.
	at org.jacoco.agent.rt.internal_f3994fa.core.instr.Instrumenter.instrumentError(Instrumenter.java:160)
	at org.jacoco.agent.rt.internal_f3994fa.core.instr.Instrumenter.instrument(Instrumenter.java:110)
	at org.jacoco.agent.rt.internal_f3994fa.CoverageTransformer.transform(CoverageTransformer.java:92)
	... 40 more
Caused by: java.lang.IllegalArgumentException: Unsupported class file major version 65
	at org.jacoco.agent.rt.internal_f3994fa.asm.ClassReader.<init>(ClassReader.java:196)
	at org.jacoco.agent.rt.internal_f3994fa.asm.ClassReader.<init>(ClassReader.java:177)
	at org.jacoco.agent.rt.internal_f3994fa.asm.ClassReader.<init>(ClassReader.java:163)
	at org.jacoco.agent.rt.internal_f3994fa.core.internal.instr.InstrSupport.classReaderFor(InstrSupport.java:280)
	at org.jacoco.agent.rt.internal_f3994fa.core.instr.Instrumenter.instrument(Instrumenter.java:76)
	at org.jacoco.agent.rt.internal_f3994fa.core.instr.Instrumenter.instrument(Instrumenter.java:108)
	... 41 more
java.lang.instrument.IllegalClassFormatException: Error while instrumenting java/sql/DriverManager$1.
	at org.jacoco.agent.rt.internal_f3994fa.CoverageTransformer.transform(CoverageTransformer.java:94)
	at java.instrument/java.lang.instrument.ClassFileTransformer.transform(ClassFileTransformer.java:244)
	at java.instrument/sun.instrument.TransformerManager.transform(TransformerManager.java:188)
	at java.instrument/sun.instrument.InstrumentationImpl.transform(InstrumentationImpl.java:610)
	at java.base/java.lang.ClassLoader.defineClass2(Native Method)
	at java.base/java.lang.ClassLoader.defineClass(ClassLoader.java:1118)
	at java.base/java.security.SecureClassLoader.defineClass(SecureClassLoader.java:182)
	at java.base/jdk.internal.loader.BuiltinClassLoader.defineClass(BuiltinClassLoader.java:821)
	at java.base/jdk.internal.loader.BuiltinClassLoader.findClassInModuleOrNull(BuiltinClassLoader.java:741)
	at java.base/jdk.internal.loader.BuiltinClassLoader.loadClassOrNull(BuiltinClassLoader.java:665)
	at java.base/jdk.internal.loader.BuiltinClassLoader.loadClass(BuiltinClassLoader.java:639)
	at java.base/java.lang.ClassLoader.loadClass(ClassLoader.java:526)
	at java.sql/java.sql.DriverManager.ensureDriversInitialized(DriverManager.java:586)
	at java.sql/java.sql.DriverManager.getConnection(DriverManager.java:671)
	at java.sql/java.sql.DriverManager.getConnection(DriverManager.java:230)
	at dao.DBConnection.<init>(DBConnection.java:29)
	at dao.DBConnection.getInstance(DBConnection.java:43)
	at JUnit.TesteAplicacao.testReaberturaConexao(TesteAplicacao.java:59)
	at java.base/jdk.internal.reflect.DirectMethodHandleAccessor.invoke(DirectMethodHandleAccessor.java:103)
	at java.base/java.lang.reflect.Method.invoke(Method.java:580)
	at org.junit.runners.model.FrameworkMethod$1.runReflectiveCall(FrameworkMethod.java:59)
	at org.junit.internal.runners.model.ReflectiveCallable.run(ReflectiveCallable.java:12)
	at org.junit.runners.model.FrameworkMethod.invokeExplosively(FrameworkMethod.java:56)
	at org.junit.internal.runners.statements.InvokeMethod.evaluate(InvokeMethod.java:17)
	at org.junit.runners.ParentRunner$3.evaluate(ParentRunner.java:306)
	at org.junit.runners.BlockJUnit4ClassRunner$1.evaluate(BlockJUnit4ClassRunner.java:100)
	at org.junit.runners.ParentRunner.runLeaf(ParentRunner.java:366)
	at org.junit.runners.BlockJUnit4ClassRunner.runChild(BlockJUnit4ClassRunner.java:103)
	at org.junit.runners.BlockJUnit4ClassRunner.runChild(BlockJUnit4ClassRunner.java:63)
	at org.junit.runners.ParentRunner$4.run(ParentRunner.java:331)
	at org.junit.runners.ParentRunner$1.schedule(ParentRunner.java:79)
	at org.junit.runners.ParentRunner.runChildren(ParentRunner.java:329)
	at org.junit.runners.ParentRunner.access$100(ParentRunner.java:66)
	at org.junit.runners.ParentRunner$2.evaluate(ParentRunner.java:293)
	at org.junit.runners.ParentRunner$3.evaluate(ParentRunner.java:306)
	at org.junit.runners.ParentRunner.run(ParentRunner.java:413)
	at org.apache.maven.surefire.junit4.JUnit4Provider.execute(JUnit4Provider.java:316)
	at org.apache.maven.surefire.junit4.JUnit4Provider.executeWithRerun(JUnit4Provider.java:240)
	at org.apache.maven.surefire.junit4.JUnit4Provider.executeTestSet(JUnit4Provider.java:214)
	at org.apache.maven.surefire.junit4.JUnit4Provider.invoke(JUnit4Provider.java:155)
	at org.apache.maven.surefire.booter.ForkedBooter.runSuitesInProcess(ForkedBooter.java:385)
	at org.apache.maven.surefire.booter.ForkedBooter.execute(ForkedBooter.java:162)
	at org.apache.maven.surefire.booter.ForkedBooter.run(ForkedBooter.java:507)
	at org.apache.maven.surefire.booter.ForkedBooter.main(ForkedBooter.java:495)
Caused by: java.io.IOException: Error while instrumenting java/sql/DriverManager$1.
	at org.jacoco.agent.rt.internal_f3994fa.core.instr.Instrumenter.instrumentError(Instrumenter.java:160)
	at org.jacoco.agent.rt.internal_f3994fa.core.instr.Instrumenter.instrument(Instrumenter.java:110)
	at org.jacoco.agent.rt.internal_f3994fa.CoverageTransformer.transform(CoverageTransformer.java:92)
	... 43 more
Caused by: java.lang.IllegalArgumentException: Unsupported class file major version 65
	at org.jacoco.agent.rt.internal_f3994fa.asm.ClassReader.<init>(ClassReader.java:196)
	at org.jacoco.agent.rt.internal_f3994fa.asm.ClassReader.<init>(ClassReader.java:177)
	at org.jacoco.agent.rt.internal_f3994fa.asm.ClassReader.<init>(ClassReader.java:163)
	at org.jacoco.agent.rt.internal_f3994fa.core.internal.instr.InstrSupport.classReaderFor(InstrSupport.java:280)
	at org.jacoco.agent.rt.internal_f3994fa.core.instr.Instrumenter.instrument(Instrumenter.java:76)
	at org.jacoco.agent.rt.internal_f3994fa.core.instr.Instrumenter.instrument(Instrumenter.java:108)
	... 44 more
java.lang.instrument.IllegalClassFormatException: Error while instrumenting java/sql/DriverManager$2.
	at org.jacoco.agent.rt.internal_f3994fa.CoverageTransformer.transform(CoverageTransformer.java:94)
	at java.instrument/java.lang.instrument.ClassFileTransformer.transform(ClassFileTransformer.java:244)
	at java.instrument/sun.instrument.TransformerManager.transform(TransformerManager.java:188)
	at java.instrument/sun.instrument.InstrumentationImpl.transform(InstrumentationImpl.java:610)
	at java.base/java.lang.ClassLoader.defineClass2(Native Method)
	at java.base/java.lang.ClassLoader.defineClass(ClassLoader.java:1118)
	at java.base/java.security.SecureClassLoader.defineClass(SecureClassLoader.java:182)
	at java.base/jdk.internal.loader.BuiltinClassLoader.defineClass(BuiltinClassLoader.java:821)
	at java.base/jdk.internal.loader.BuiltinClassLoader.findClassInModuleOrNull(BuiltinClassLoader.java:741)
	at java.base/jdk.internal.loader.BuiltinClassLoader.loadClassOrNull(BuiltinClassLoader.java:665)
	at java.base/jdk.internal.loader.BuiltinClassLoader.loadClass(BuiltinClassLoader.java:639)
	at java.base/java.lang.ClassLoader.loadClass(ClassLoader.java:526)
	at java.sql/java.sql.DriverManager.ensureDriversInitialized(DriverManager.java:599)
	at java.sql/java.sql.DriverManager.getConnection(DriverManager.java:671)
	at java.sql/java.sql.DriverManager.getConnection(DriverManager.java:230)
	at dao.DBConnection.<init>(DBConnection.java:29)
	at dao.DBConnection.getInstance(DBConnection.java:43)
	at JUnit.TesteAplicacao.testReaberturaConexao(TesteAplicacao.java:59)
	at java.base/jdk.internal.reflect.DirectMethodHandleAccessor.invoke(DirectMethodHandleAccessor.java:103)
	at java.base/java.lang.reflect.Method.invoke(Method.java:580)
	at org.junit.runners.model.FrameworkMethod$1.runReflectiveCall(FrameworkMethod.java:59)
	at org.junit.internal.runners.model.ReflectiveCallable.run(ReflectiveCallable.java:12)
	at org.junit.runners.model.FrameworkMethod.invokeExplosively(FrameworkMethod.java:56)
	at org.junit.internal.runners.statements.InvokeMethod.evaluate(InvokeMethod.java:17)
	at org.junit.runners.ParentRunner$3.evaluate(ParentRunner.java:306)
	at org.junit.runners.BlockJUnit4ClassRunner$1.evaluate(BlockJUnit4ClassRunner.java:100)
	at org.junit.runners.ParentRunner.runLeaf(ParentRunner.java:366)
	at org.junit.runners.BlockJUnit4ClassRunner.runChild(BlockJUnit4ClassRunner.java:103)
	at org.junit.runners.BlockJUnit4ClassRunner.runChild(BlockJUnit4ClassRunner.java:63)
	at org.junit.runners.ParentRunner$4.run(ParentRunner.java:331)
	at org.junit.runners.ParentRunner$1.schedule(ParentRunner.java:79)
	at org.junit.runners.ParentRunner.runChildren(ParentRunner.java:329)
	at org.junit.runners.ParentRunner.access$100(ParentRunner.java:66)
	at org.junit.runners.ParentRunner$2.evaluate(ParentRunner.java:293)
	at org.junit.runners.ParentRunner$3.evaluate(ParentRunner.java:306)
	at org.junit.runners.ParentRunner.run(ParentRunner.java:413)
	at org.apache.maven.surefire.junit4.JUnit4Provider.execute(JUnit4Provider.java:316)
	at org.apache.maven.surefire.junit4.JUnit4Provider.executeWithRerun(JUnit4Provider.java:240)
	at org.apache.maven.surefire.junit4.JUnit4Provider.executeTestSet(JUnit4Provider.java:214)
	at org.apache.maven.surefire.junit4.JUnit4Provider.invoke(JUnit4Provider.java:155)
	at org.apache.maven.surefire.booter.ForkedBooter.runSuitesInProcess(ForkedBooter.java:385)
	at org.apache.maven.surefire.booter.ForkedBooter.execute(ForkedBooter.java:162)
	at org.apache.maven.surefire.booter.ForkedBooter.run(ForkedBooter.java:507)
	at org.apache.maven.surefire.booter.ForkedBooter.main(ForkedBooter.java:495)
Caused by: java.io.IOException: Error while instrumenting java/sql/DriverManager$2.
	at org.jacoco.agent.rt.internal_f3994fa.core.instr.Instrumenter.instrumentError(Instrumenter.java:160)
	at org.jacoco.agent.rt.internal_f3994fa.core.instr.Instrumenter.instrument(Instrumenter.java:110)
	at org.jacoco.agent.rt.internal_f3994fa.CoverageTransformer.transform(CoverageTransformer.java:92)
	... 43 more
Caused by: java.lang.IllegalArgumentException: Unsupported class file major version 65
	at org.jacoco.agent.rt.internal_f3994fa.asm.ClassReader.<init>(ClassReader.java:196)
	at org.jacoco.agent.rt.internal_f3994fa.asm.ClassReader.<init>(ClassReader.java:177)
	at org.jacoco.agent.rt.internal_f3994fa.asm.ClassReader.<init>(ClassReader.java:163)
	at org.jacoco.agent.rt.internal_f3994fa.core.internal.instr.InstrSupport.classReaderFor(InstrSupport.java:280)
	at org.jacoco.agent.rt.internal_f3994fa.core.instr.Instrumenter.instrument(Instrumenter.java:76)
	at org.jacoco.agent.rt.internal_f3994fa.core.instr.Instrumenter.instrument(Instrumenter.java:108)
	... 44 more
java.lang.instrument.IllegalClassFormatException: Error while instrumenting java/sql/Driver.
	at org.jacoco.agent.rt.internal_f3994fa.CoverageTransformer.transform(CoverageTransformer.java:94)
	at java.instrument/java.lang.instrument.ClassFileTransformer.transform(ClassFileTransformer.java:244)
	at java.instrument/sun.instrument.TransformerManager.transform(TransformerManager.java:188)
	at java.instrument/sun.instrument.InstrumentationImpl.transform(InstrumentationImpl.java:610)
	at java.base/java.lang.ClassLoader.defineClass2(Native Method)
	at java.base/java.lang.ClassLoader.defineClass(ClassLoader.java:1118)
	at java.base/java.security.SecureClassLoader.defineClass(SecureClassLoader.java:182)
	at java.base/jdk.internal.loader.BuiltinClassLoader.defineClass(BuiltinClassLoader.java:821)
	at java.base/jdk.internal.loader.BuiltinClassLoader.findClassInModuleOrNull(BuiltinClassLoader.java:741)
	at java.base/jdk.internal.loader.BuiltinClassLoader.loadClassOrNull(BuiltinClassLoader.java:665)
	at java.base/jdk.internal.loader.BuiltinClassLoader.loadClass(BuiltinClassLoader.java:639)
	at java.base/java.lang.ClassLoader.loadClass(ClassLoader.java:526)
	at java.sql/java.sql.DriverManager$2.run(DriverManager.java:602)
	at java.sql/java.sql.DriverManager$2.run(DriverManager.java:599)
	at java.base/java.security.AccessController.doPrivileged(AccessController.java:319)
	at java.sql/java.sql.DriverManager.ensureDriversInitialized(DriverManager.java:599)
	at java.sql/java.sql.DriverManager.getConnection(DriverManager.java:671)
	at java.sql/java.sql.DriverManager.getConnection(DriverManager.java:230)
	at dao.DBConnection.<init>(DBConnection.java:29)
	at dao.DBConnection.getInstance(DBConnection.java:43)
	at JUnit.TesteAplicacao.testReaberturaConexao(TesteAplicacao.java:59)
	at java.base/jdk.internal.reflect.DirectMethodHandleAccessor.invoke(DirectMethodHandleAccessor.java:103)
	at java.base/java.lang.reflect.Method.invoke(Method.java:580)
	at org.junit.runners.model.FrameworkMethod$1.runReflectiveCall(FrameworkMethod.java:59)
	at org.junit.internal.runners.model.ReflectiveCallable.run(ReflectiveCallable.java:12)
	at org.junit.runners.model.FrameworkMethod.invokeExplosively(FrameworkMethod.java:56)
	at org.junit.internal.runners.statements.InvokeMethod.evaluate(InvokeMethod.java:17)
	at org.junit.runners.ParentRunner$3.evaluate(ParentRunner.java:306)
	at org.junit.runners.BlockJUnit4ClassRunner$1.evaluate(BlockJUnit4ClassRunner.java:100)
	at org.junit.runners.ParentRunner.runLeaf(ParentRunner.java:366)
	at org.junit.runners.BlockJUnit4ClassRunner.runChild(BlockJUnit4ClassRunner.java:103)
	at org.junit.runners.BlockJUnit4ClassRunner.runChild(BlockJUnit4ClassRunner.java:63)
	at org.junit.runners.ParentRunner$4.run(ParentRunner.java:331)
	at org.junit.runners.ParentRunner$1.schedule(ParentRunner.java:79)
	at org.junit.runners.ParentRunner.runChildren(ParentRunner.java:329)
	at org.junit.runners.ParentRunner.access$100(ParentRunner.java:66)
	at org.junit.runners.ParentRunner$2.evaluate(ParentRunner.java:293)
	at org.junit.runners.ParentRunner$3.evaluate(ParentRunner.java:306)
	at org.junit.runners.ParentRunner.run(ParentRunner.java:413)
	at org.apache.maven.surefire.junit4.JUnit4Provider.execute(JUnit4Provider.java:316)
	at org.apache.maven.surefire.junit4.JUnit4Provider.executeWithRerun(JUnit4Provider.java:240)
	at org.apache.maven.surefire.junit4.JUnit4Provider.executeTestSet(JUnit4Provider.java:214)
	at org.apache.maven.surefire.junit4.JUnit4Provider.invoke(JUnit4Provider.java:155)
	at org.apache.maven.surefire.booter.ForkedBooter.runSuitesInProcess(ForkedBooter.java:385)
	at org.apache.maven.surefire.booter.ForkedBooter.execute(ForkedBooter.java:162)
	at org.apache.maven.surefire.booter.ForkedBooter.run(ForkedBooter.java:507)
	at org.apache.maven.surefire.booter.ForkedBooter.main(ForkedBooter.java:495)
Caused by: java.io.IOException: Error while instrumenting java/sql/Driver.
	at org.jacoco.agent.rt.internal_f3994fa.core.instr.Instrumenter.instrumentError(Instrumenter.java:160)
	at org.jacoco.agent.rt.internal_f3994fa.core.instr.Instrumenter.instrument(Instrumenter.java:110)
	at org.jacoco.agent.rt.internal_f3994fa.CoverageTransformer.transform(CoverageTransformer.java:92)
	... 46 more
Caused by: java.lang.IllegalArgumentException: Unsupported class file major version 65
	at org.jacoco.agent.rt.internal_f3994fa.asm.ClassReader.<init>(ClassReader.java:196)
	at org.jacoco.agent.rt.internal_f3994fa.asm.ClassReader.<init>(ClassReader.java:177)
	at org.jacoco.agent.rt.internal_f3994fa.asm.ClassReader.<init>(ClassReader.java:163)
	at org.jacoco.agent.rt.internal_f3994fa.core.internal.instr.InstrSupport.classReaderFor(InstrSupport.java:280)
	at org.jacoco.agent.rt.internal_f3994fa.core.instr.Instrumenter.instrument(Instrumenter.java:76)
	at org.jacoco.agent.rt.internal_f3994fa.core.instr.Instrumenter.instrument(Instrumenter.java:108)
	... 47 more
java.lang.instrument.IllegalClassFormatException: Error while instrumenting java/sql/Connection.
	at org.jacoco.agent.rt.internal_f3994fa.CoverageTransformer.transform(CoverageTransformer.java:94)
	at java.instrument/java.lang.instrument.ClassFileTransformer.transform(ClassFileTransformer.java:244)
	at java.instrument/sun.instrument.TransformerManager.transform(TransformerManager.java:188)
	at java.instrument/sun.instrument.InstrumentationImpl.transform(InstrumentationImpl.java:610)
	at java.base/java.lang.ClassLoader.defineClass2(Native Method)
	at java.base/java.lang.ClassLoader.defineClass(ClassLoader.java:1118)
	at java.base/java.security.SecureClassLoader.defineClass(SecureClassLoader.java:182)
	at java.base/jdk.internal.loader.BuiltinClassLoader.defineClass(BuiltinClassLoader.java:821)
	at java.base/jdk.internal.loader.BuiltinClassLoader.findClassInModuleOrNull(BuiltinClassLoader.java:741)
	at java.base/jdk.internal.loader.BuiltinClassLoader.loadClassOrNull(BuiltinClassLoader.java:665)
	at java.base/jdk.internal.loader.BuiltinClassLoader.loadClassOrNull(BuiltinClassLoader.java:700)
	at java.base/jdk.internal.loader.BuiltinClassLoader.loadClassOrNull(BuiltinClassLoader.java:669)
	at java.base/jdk.internal.loader.BuiltinClassLoader.loadClass(BuiltinClassLoader.java:639)
	at java.base/jdk.internal.loader.ClassLoaders$AppClassLoader.loadClass(ClassLoaders.java:188)
	at java.base/java.lang.ClassLoader.loadClass(ClassLoader.java:526)
	at java.base/java.lang.Class.getDeclaredConstructors0(Native Method)
	at java.base/java.lang.Class.privateGetDeclaredConstructors(Class.java:3549)
	at java.base/java.lang.Class.getConstructor0(Class.java:3754)
	at java.base/java.lang.Class.getConstructor(Class.java:2442)
	at java.base/java.util.ServiceLoader$1.run(ServiceLoader.java:666)
	at java.base/java.util.ServiceLoader$1.run(ServiceLoader.java:663)
	at java.base/java.security.AccessController.doPrivileged(AccessController.java:571)
	at java.base/java.util.ServiceLoader.getConstructor(ServiceLoader.java:674)
	at java.base/java.util.ServiceLoader$LazyClassPathLookupIterator.hasNextService(ServiceLoader.java:1240)
	at java.base/java.util.ServiceLoader$LazyClassPathLookupIterator.hasNext(ServiceLoader.java:1273)
	at java.base/java.util.ServiceLoader$2.hasNext(ServiceLoader.java:1309)
	at java.base/java.util.ServiceLoader$3.hasNext(ServiceLoader.java:1393)
	at java.sql/java.sql.DriverManager$2.run(DriverManager.java:618)
	at java.sql/java.sql.DriverManager$2.run(DriverManager.java:599)
	at java.base/java.security.AccessController.doPrivileged(AccessController.java:319)
	at java.sql/java.sql.DriverManager.ensureDriversInitialized(DriverManager.java:599)
	at java.sql/java.sql.DriverManager.getConnection(DriverManager.java:671)
	at java.sql/java.sql.DriverManager.getConnection(DriverManager.java:230)
	at dao.DBConnection.<init>(DBConnection.java:29)
	at dao.DBConnection.getInstance(DBConnection.java:43)
	at JUnit.TesteAplicacao.testReaberturaConexao(TesteAplicacao.java:59)
	at java.base/jdk.internal.reflect.DirectMethodHandleAccessor.invoke(DirectMethodHandleAccessor.java:103)
	at java.base/java.lang.reflect.Method.invoke(Method.java:580)
	at org.junit.runners.model.FrameworkMethod$1.runReflectiveCall(FrameworkMethod.java:59)
	at org.junit.internal.runners.model.ReflectiveCallable.run(ReflectiveCallable.java:12)
	at org.junit.runners.model.FrameworkMethod.invokeExplosively(FrameworkMethod.java:56)
	at org.junit.internal.runners.statements.InvokeMethod.evaluate(InvokeMethod.java:17)
	at org.junit.runners.ParentRunner$3.evaluate(ParentRunner.java:306)
	at org.junit.runners.BlockJUnit4ClassRunner$1.evaluate(BlockJUnit4ClassRunner.java:100)
	at org.junit.runners.ParentRunner.runLeaf(ParentRunner.java:366)
	at org.junit.runners.BlockJUnit4ClassRunner.runChild(BlockJUnit4ClassRunner.java:103)
	at org.junit.runners.BlockJUnit4ClassRunner.runChild(BlockJUnit4ClassRunner.java:63)
	at org.junit.runners.ParentRunner$4.run(ParentRunner.java:331)
	at org.junit.runners.ParentRunner$1.schedule(ParentRunner.java:79)
	at org.junit.runners.ParentRunner.runChildren(ParentRunner.java:329)
	at org.junit.runners.ParentRunner.access$100(ParentRunner.java:66)
	at org.junit.runners.ParentRunner$2.evaluate(ParentRunner.java:293)
	at org.junit.runners.ParentRunner$3.evaluate(ParentRunner.java:306)
	at org.junit.runners.ParentRunner.run(ParentRunner.java:413)
	at org.apache.maven.surefire.junit4.JUnit4Provider.execute(JUnit4Provider.java:316)
	at org.apache.maven.surefire.junit4.JUnit4Provider.executeWithRerun(JUnit4Provider.java:240)
	at org.apache.maven.surefire.junit4.JUnit4Provider.executeTestSet(JUnit4Provider.java:214)
	at org.apache.maven.surefire.junit4.JUnit4Provider.invoke(JUnit4Provider.java:155)
	at org.apache.maven.surefire.booter.ForkedBooter.runSuitesInProcess(ForkedBooter.java:385)
	at org.apache.maven.surefire.booter.ForkedBooter.execute(ForkedBooter.java:162)
	at org.apache.maven.surefire.booter.ForkedBooter.run(ForkedBooter.java:507)
	at org.apache.maven.surefire.booter.ForkedBooter.main(ForkedBooter.java:495)
Caused by: java.io.IOException: Error while instrumenting java/sql/Connection.
	at org.jacoco.agent.rt.internal_f3994fa.core.instr.Instrumenter.instrumentError(Instrumenter.java:160)
	at org.jacoco.agent.rt.internal_f3994fa.core.instr.Instrumenter.instrument(Instrumenter.java:110)
	at org.jacoco.agent.rt.internal_f3994fa.CoverageTransformer.transform(CoverageTransformer.java:92)
	... 61 more
Caused by: java.lang.IllegalArgumentException: Unsupported class file major version 65
	at org.jacoco.agent.rt.internal_f3994fa.asm.ClassReader.<init>(ClassReader.java:196)
	at org.jacoco.agent.rt.internal_f3994fa.asm.ClassReader.<init>(ClassReader.java:177)
	at org.jacoco.agent.rt.internal_f3994fa.asm.ClassReader.<init>(ClassReader.java:163)
	at org.jacoco.agent.rt.internal_f3994fa.core.internal.instr.InstrSupport.classReaderFor(InstrSupport.java:280)
	at org.jacoco.agent.rt.internal_f3994fa.core.instr.Instrumenter.instrument(Instrumenter.java:76)
	at org.jacoco.agent.rt.internal_f3994fa.core.instr.Instrumenter.instrument(Instrumenter.java:108)
	... 62 more
java.lang.instrument.IllegalClassFormatException: Error while instrumenting java/sql/Wrapper.
	at org.jacoco.agent.rt.internal_f3994fa.CoverageTransformer.transform(CoverageTransformer.java:94)
	at java.instrument/java.lang.instrument.ClassFileTransformer.transform(ClassFileTransformer.java:244)
	at java.instrument/sun.instrument.TransformerManager.transform(TransformerManager.java:188)
	at java.instrument/sun.instrument.InstrumentationImpl.transform(InstrumentationImpl.java:610)
	at java.base/java.lang.ClassLoader.defineClass2(Native Method)
	at java.base/java.lang.ClassLoader.defineClass(ClassLoader.java:1118)
	at java.base/java.security.SecureClassLoader.defineClass(SecureClassLoader.java:182)
	at java.base/jdk.internal.loader.BuiltinClassLoader.defineClass(BuiltinClassLoader.java:821)
	at java.base/jdk.internal.loader.BuiltinClassLoader.findClassInModuleOrNull(BuiltinClassLoader.java:741)
	at java.base/jdk.internal.loader.BuiltinClassLoader.loadClassOrNull(BuiltinClassLoader.java:665)
	at java.base/jdk.internal.loader.BuiltinClassLoader.loadClass(BuiltinClassLoader.java:639)
	at java.base/java.lang.ClassLoader.loadClass(ClassLoader.java:526)
	at java.base/java.lang.ClassLoader.defineClass2(Native Method)
	at java.base/java.lang.ClassLoader.defineClass(ClassLoader.java:1118)
	at java.base/java.security.SecureClassLoader.defineClass(SecureClassLoader.java:182)
	at java.base/jdk.internal.loader.BuiltinClassLoader.defineClass(BuiltinClassLoader.java:821)
	at java.base/jdk.internal.loader.BuiltinClassLoader.findClassInModuleOrNull(BuiltinClassLoader.java:741)
	at java.base/jdk.internal.loader.BuiltinClassLoader.loadClassOrNull(BuiltinClassLoader.java:665)
	at java.base/jdk.internal.loader.BuiltinClassLoader.loadClassOrNull(BuiltinClassLoader.java:700)
	at java.base/jdk.internal.loader.BuiltinClassLoader.loadClassOrNull(BuiltinClassLoader.java:669)
	at java.base/jdk.internal.loader.BuiltinClassLoader.loadClass(BuiltinClassLoader.java:639)
	at java.base/jdk.internal.loader.ClassLoaders$AppClassLoader.loadClass(ClassLoaders.java:188)
	at java.base/java.lang.ClassLoader.loadClass(ClassLoader.java:526)
	at java.base/java.lang.Class.getDeclaredConstructors0(Native Method)
	at java.base/java.lang.Class.privateGetDeclaredConstructors(Class.java:3549)
	at java.base/java.lang.Class.getConstructor0(Class.java:3754)
	at java.base/java.lang.Class.getConstructor(Class.java:2442)
	at java.base/java.util.ServiceLoader$1.run(ServiceLoader.java:666)
	at java.base/java.util.ServiceLoader$1.run(ServiceLoader.java:663)
	at java.base/java.security.AccessController.doPrivileged(AccessController.java:571)
	at java.base/java.util.ServiceLoader.getConstructor(ServiceLoader.java:674)
	at java.base/java.util.ServiceLoader$LazyClassPathLookupIterator.hasNextService(ServiceLoader.java:1240)
	at java.base/java.util.ServiceLoader$LazyClassPathLookupIterator.hasNext(ServiceLoader.java:1273)
	at java.base/java.util.ServiceLoader$2.hasNext(ServiceLoader.java:1309)
	at java.base/java.util.ServiceLoader$3.hasNext(ServiceLoader.java:1393)
	at java.sql/java.sql.DriverManager$2.run(DriverManager.java:618)
	at java.sql/java.sql.DriverManager$2.run(DriverManager.java:599)
	at java.base/java.security.AccessController.doPrivileged(AccessController.java:319)
	at java.sql/java.sql.DriverManager.ensureDriversInitialized(DriverManager.java:599)
	at java.sql/java.sql.DriverManager.getConnection(DriverManager.java:671)
	at java.sql/java.sql.DriverManager.getConnection(DriverManager.java:230)
	at dao.DBConnection.<init>(DBConnection.java:29)
	at dao.DBConnection.getInstance(DBConnection.java:43)
	at JUnit.TesteAplicacao.testReaberturaConexao(TesteAplicacao.java:59)
	at java.base/jdk.internal.reflect.DirectMethodHandleAccessor.invoke(DirectMethodHandleAccessor.java:103)
	at java.base/java.lang.reflect.Method.invoke(Method.java:580)
	at org.junit.runners.model.FrameworkMethod$1.runReflectiveCall(FrameworkMethod.java:59)
	at org.junit.internal.runners.model.ReflectiveCallable.run(ReflectiveCallable.java:12)
	at org.junit.runners.model.FrameworkMethod.invokeExplosively(FrameworkMethod.java:56)
	at org.junit.internal.runners.statements.InvokeMethod.evaluate(InvokeMethod.java:17)
	at org.junit.runners.ParentRunner$3.evaluate(ParentRunner.java:306)
	at org.junit.runners.BlockJUnit4ClassRunner$1.evaluate(BlockJUnit4ClassRunner.java:100)
	at org.junit.runners.ParentRunner.runLeaf(ParentRunner.java:366)
	at org.junit.runners.BlockJUnit4ClassRunner.runChild(BlockJUnit4ClassRunner.java:103)
	at org.junit.runners.BlockJUnit4ClassRunner.runChild(BlockJUnit4ClassRunner.java:63)
	at org.junit.runners.ParentRunner$4.run(ParentRunner.java:331)
	at org.junit.runners.ParentRunner$1.schedule(ParentRunner.java:79)
	at org.junit.runners.ParentRunner.runChildren(ParentRunner.java:329)
	at org.junit.runners.ParentRunner.access$100(ParentRunner.java:66)
	at org.junit.runners.ParentRunner$2.evaluate(ParentRunner.java:293)
	at org.junit.runners.ParentRunner$3.evaluate(ParentRunner.java:306)
	at org.junit.runners.ParentRunner.run(ParentRunner.java:413)
	at org.apache.maven.surefire.junit4.JUnit4Provider.execute(JUnit4Provider.java:316)
	at org.apache.maven.surefire.junit4.JUnit4Provider.executeWithRerun(JUnit4Provider.java:240)
	at org.apache.maven.surefire.junit4.JUnit4Provider.executeTestSet(JUnit4Provider.java:214)
	at org.apache.maven.surefire.junit4.JUnit4Provider.invoke(JUnit4Provider.java:155)
	at org.apache.maven.surefire.booter.ForkedBooter.runSuitesInProcess(ForkedBooter.java:385)
	at org.apache.maven.surefire.booter.ForkedBooter.execute(ForkedBooter.java:162)
	at org.apache.maven.surefire.booter.ForkedBooter.run(ForkedBooter.java:507)
	at org.apache.maven.surefire.booter.ForkedBooter.main(ForkedBooter.java:495)
Caused by: java.io.IOException: Error while instrumenting java/sql/Wrapper.
	at org.jacoco.agent.rt.internal_f3994fa.core.instr.Instrumenter.instrumentError(Instrumenter.java:160)
	at org.jacoco.agent.rt.internal_f3994fa.core.instr.Instrumenter.instrument(Instrumenter.java:110)
	at org.jacoco.agent.rt.internal_f3994fa.CoverageTransformer.transform(CoverageTransformer.java:92)
	... 69 more
Caused by: java.lang.IllegalArgumentException: Unsupported class file major version 65
	at org.jacoco.agent.rt.internal_f3994fa.asm.ClassReader.<init>(ClassReader.java:196)
	at org.jacoco.agent.rt.internal_f3994fa.asm.ClassReader.<init>(ClassReader.java:177)
	at org.jacoco.agent.rt.internal_f3994fa.asm.ClassReader.<init>(ClassReader.java:163)
	at org.jacoco.agent.rt.internal_f3994fa.core.internal.instr.InstrSupport.classReaderFor(InstrSupport.java:280)
	at org.jacoco.agent.rt.internal_f3994fa.core.instr.Instrumenter.instrument(Instrumenter.java:76)
	at org.jacoco.agent.rt.internal_f3994fa.core.instr.Instrumenter.instrument(Instrumenter.java:108)
	... 70 more
java.lang.instrument.IllegalClassFormatException: Error while instrumenting java/sql/SQLFeatureNotSupportedException.
	at org.jacoco.agent.rt.internal_f3994fa.CoverageTransformer.transform(CoverageTransformer.java:94)
	at java.instrument/java.lang.instrument.ClassFileTransformer.transform(ClassFileTransformer.java:244)
	at java.instrument/sun.instrument.TransformerManager.transform(TransformerManager.java:188)
	at java.instrument/sun.instrument.InstrumentationImpl.transform(InstrumentationImpl.java:610)
	at java.base/java.lang.ClassLoader.defineClass2(Native Method)
	at java.base/java.lang.ClassLoader.defineClass(ClassLoader.java:1118)
	at java.base/java.security.SecureClassLoader.defineClass(SecureClassLoader.java:182)
	at java.base/jdk.internal.loader.BuiltinClassLoader.defineClass(BuiltinClassLoader.java:821)
	at java.base/jdk.internal.loader.BuiltinClassLoader.findClassInModuleOrNull(BuiltinClassLoader.java:741)
	at java.base/jdk.internal.loader.BuiltinClassLoader.loadClassOrNull(BuiltinClassLoader.java:665)
	at java.base/jdk.internal.loader.BuiltinClassLoader.loadClassOrNull(BuiltinClassLoader.java:700)
	at java.base/jdk.internal.loader.BuiltinClassLoader.loadClassOrNull(BuiltinClassLoader.java:669)
	at java.base/jdk.internal.loader.BuiltinClassLoader.loadClass(BuiltinClassLoader.java:639)
	at java.base/jdk.internal.loader.ClassLoaders$AppClassLoader.loadClass(ClassLoaders.java:188)
	at java.base/java.lang.ClassLoader.loadClass(ClassLoader.java:526)
	at java.base/java.lang.Class.getDeclaredConstructors0(Native Method)
	at java.base/java.lang.Class.privateGetDeclaredConstructors(Class.java:3549)
	at java.base/java.lang.Class.getConstructor0(Class.java:3754)
	at java.base/java.lang.Class.getConstructor(Class.java:2442)
	at java.base/java.util.ServiceLoader$1.run(ServiceLoader.java:666)
	at java.base/java.util.ServiceLoader$1.run(ServiceLoader.java:663)
	at java.base/java.security.AccessController.doPrivileged(AccessController.java:571)
	at java.base/java.util.ServiceLoader.getConstructor(ServiceLoader.java:674)
	at java.base/java.util.ServiceLoader$LazyClassPathLookupIterator.hasNextService(ServiceLoader.java:1240)
	at java.base/java.util.ServiceLoader$LazyClassPathLookupIterator.hasNext(ServiceLoader.java:1273)
	at java.base/java.util.ServiceLoader$2.hasNext(ServiceLoader.java:1309)
	at java.base/java.util.ServiceLoader$3.hasNext(ServiceLoader.java:1393)
	at java.sql/java.sql.DriverManager$2.run(DriverManager.java:618)
	at java.sql/java.sql.DriverManager$2.run(DriverManager.java:599)
	at java.base/java.security.AccessController.doPrivileged(AccessController.java:319)
	at java.sql/java.sql.DriverManager.ensureDriversInitialized(DriverManager.java:599)
	at java.sql/java.sql.DriverManager.getConnection(DriverManager.java:671)
	at java.sql/java.sql.DriverManager.getConnection(DriverManager.java:230)
	at dao.DBConnection.<init>(DBConnection.java:29)
	at dao.DBConnection.getInstance(DBConnection.java:43)
	at JUnit.TesteAplicacao.testReaberturaConexao(TesteAplicacao.java:59)
	at java.base/jdk.internal.reflect.DirectMethodHandleAccessor.invoke(DirectMethodHandleAccessor.java:103)
	at java.base/java.lang.reflect.Method.invoke(Method.java:580)
	at org.junit.runners.model.FrameworkMethod$1.runReflectiveCall(FrameworkMethod.java:59)
	at org.junit.internal.runners.model.ReflectiveCallable.run(ReflectiveCallable.java:12)
	at org.junit.runners.model.FrameworkMethod.invokeExplosively(FrameworkMethod.java:56)
	at org.junit.internal.runners.statements.InvokeMethod.evaluate(InvokeMethod.java:17)
	at org.junit.runners.ParentRunner$3.evaluate(ParentRunner.java:306)
	at org.junit.runners.BlockJUnit4ClassRunner$1.evaluate(BlockJUnit4ClassRunner.java:100)
	at org.junit.runners.ParentRunner.runLeaf(ParentRunner.java:366)
	at org.junit.runners.BlockJUnit4ClassRunner.runChild(BlockJUnit4ClassRunner.java:103)
	at org.junit.runners.BlockJUnit4ClassRunner.runChild(BlockJUnit4ClassRunner.java:63)
	at org.junit.runners.ParentRunner$4.run(ParentRunner.java:331)
	at org.junit.runners.ParentRunner$1.schedule(ParentRunner.java:79)
	at org.junit.runners.ParentRunner.runChildren(ParentRunner.java:329)
	at org.junit.runners.ParentRunner.access$100(ParentRunner.java:66)
	at org.junit.runners.ParentRunner$2.evaluate(ParentRunner.java:293)
	at org.junit.runners.ParentRunner$3.evaluate(ParentRunner.java:306)
	at org.junit.runners.ParentRunner.run(ParentRunner.java:413)
	at org.apache.maven.surefire.junit4.JUnit4Provider.execute(JUnit4Provider.java:316)
	at org.apache.maven.surefire.junit4.JUnit4Provider.executeWithRerun(JUnit4Provider.java:240)
	at org.apache.maven.surefire.junit4.JUnit4Provider.executeTestSet(JUnit4Provider.java:214)
	at org.apache.maven.surefire.junit4.JUnit4Provider.invoke(JUnit4Provider.java:155)
	at org.apache.maven.surefire.booter.ForkedBooter.runSuitesInProcess(ForkedBooter.java:385)
	at org.apache.maven.surefire.booter.ForkedBooter.execute(ForkedBooter.java:162)
	at org.apache.maven.surefire.booter.ForkedBooter.run(ForkedBooter.java:507)
	at org.apache.maven.surefire.booter.ForkedBooter.main(ForkedBooter.java:495)
Caused by: java.io.IOException: Error while instrumenting java/sql/SQLFeatureNotSupportedException.
	at org.jacoco.agent.rt.internal_f3994fa.core.instr.Instrumenter.instrumentError(Instrumenter.java:160)
	at org.jacoco.agent.rt.internal_f3994fa.core.instr.Instrumenter.instrument(Instrumenter.java:110)
	at org.jacoco.agent.rt.internal_f3994fa.CoverageTransformer.transform(CoverageTransformer.java:92)
	... 61 more
Caused by: java.lang.IllegalArgumentException: Unsupported class file major version 65
	at org.jacoco.agent.rt.internal_f3994fa.asm.ClassReader.<init>(ClassReader.java:196)
	at org.jacoco.agent.rt.internal_f3994fa.asm.ClassReader.<init>(ClassReader.java:177)
	at org.jacoco.agent.rt.internal_f3994fa.asm.ClassReader.<init>(ClassReader.java:163)
	at org.jacoco.agent.rt.internal_f3994fa.core.internal.instr.InstrSupport.classReaderFor(InstrSupport.java:280)
	at org.jacoco.agent.rt.internal_f3994fa.core.instr.Instrumenter.instrument(Instrumenter.java:76)
	at org.jacoco.agent.rt.internal_f3994fa.core.instr.Instrumenter.instrument(Instrumenter.java:108)
	... 62 more
java.lang.instrument.IllegalClassFormatException: Error while instrumenting java/sql/SQLNonTransientException.
	at org.jacoco.agent.rt.internal_f3994fa.CoverageTransformer.transform(CoverageTransformer.java:94)
	at java.instrument/java.lang.instrument.ClassFileTransformer.transform(ClassFileTransformer.java:244)
	at java.instrument/sun.instrument.TransformerManager.transform(TransformerManager.java:188)
	at java.instrument/sun.instrument.InstrumentationImpl.transform(InstrumentationImpl.java:610)
	at java.base/java.lang.ClassLoader.defineClass2(Native Method)
	at java.base/java.lang.ClassLoader.defineClass(ClassLoader.java:1118)
	at java.base/java.security.SecureClassLoader.defineClass(SecureClassLoader.java:182)
	at java.base/jdk.internal.loader.BuiltinClassLoader.defineClass(BuiltinClassLoader.java:821)
	at java.base/jdk.internal.loader.BuiltinClassLoader.findClassInModuleOrNull(BuiltinClassLoader.java:741)
	at java.base/jdk.internal.loader.BuiltinClassLoader.loadClassOrNull(BuiltinClassLoader.java:665)
	at java.base/jdk.internal.loader.BuiltinClassLoader.loadClass(BuiltinClassLoader.java:639)
	at java.base/java.lang.ClassLoader.loadClass(ClassLoader.java:526)
	at java.base/java.lang.ClassLoader.defineClass2(Native Method)
	at java.base/java.lang.ClassLoader.defineClass(ClassLoader.java:1118)
	at java.base/java.security.SecureClassLoader.defineClass(SecureClassLoader.java:182)
	at java.base/jdk.internal.loader.BuiltinClassLoader.defineClass(BuiltinClassLoader.java:821)
	at java.base/jdk.internal.loader.BuiltinClassLoader.findClassInModuleOrNull(BuiltinClassLoader.java:741)
	at java.base/jdk.internal.loader.BuiltinClassLoader.loadClassOrNull(BuiltinClassLoader.java:665)
	at java.base/jdk.internal.loader.BuiltinClassLoader.loadClassOrNull(BuiltinClassLoader.java:700)
	at java.base/jdk.internal.loader.BuiltinClassLoader.loadClassOrNull(BuiltinClassLoader.java:669)
	at java.base/jdk.internal.loader.BuiltinClassLoader.loadClass(BuiltinClassLoader.java:639)
	at java.base/jdk.internal.loader.ClassLoaders$AppClassLoader.loadClass(ClassLoaders.java:188)
	at java.base/java.lang.ClassLoader.loadClass(ClassLoader.java:526)
	at java.base/java.lang.Class.getDeclaredConstructors0(Native Method)
	at java.base/java.lang.Class.privateGetDeclaredConstructors(Class.java:3549)
	at java.base/java.lang.Class.getConstructor0(Class.java:3754)
	at java.base/java.lang.Class.getConstructor(Class.java:2442)
	at java.base/java.util.ServiceLoader$1.run(ServiceLoader.java:666)
	at java.base/java.util.ServiceLoader$1.run(ServiceLoader.java:663)
	at java.base/java.security.AccessController.doPrivileged(AccessController.java:571)
	at java.base/java.util.ServiceLoader.getConstructor(ServiceLoader.java:674)
	at java.base/java.util.ServiceLoader$LazyClassPathLookupIterator.hasNextService(ServiceLoader.java:1240)
	at java.base/java.util.ServiceLoader$LazyClassPathLookupIterator.hasNext(ServiceLoader.java:1273)
	at java.base/java.util.ServiceLoader$2.hasNext(ServiceLoader.java:1309)
	at java.base/java.util.ServiceLoader$3.hasNext(ServiceLoader.java:1393)
	at java.sql/java.sql.DriverManager$2.run(DriverManager.java:618)
	at java.sql/java.sql.DriverManager$2.run(DriverManager.java:599)
	at java.base/java.security.AccessController.doPrivileged(AccessController.java:319)
	at java.sql/java.sql.DriverManager.ensureDriversInitialized(DriverManager.java:599)
	at java.sql/java.sql.DriverManager.getConnection(DriverManager.java:671)
	at java.sql/java.sql.DriverManager.getConnection(DriverManager.java:230)
	at dao.DBConnection.<init>(DBConnection.java:29)
	at dao.DBConnection.getInstance(DBConnection.java:43)
	at JUnit.TesteAplicacao.testReaberturaConexao(TesteAplicacao.java:59)
	at java.base/jdk.internal.reflect.DirectMethodHandleAccessor.invoke(DirectMethodHandleAccessor.java:103)
	at java.base/java.lang.reflect.Method.invoke(Method.java:580)
	at org.junit.runners.model.FrameworkMethod$1.runReflectiveCall(FrameworkMethod.java:59)
	at org.junit.internal.runners.model.ReflectiveCallable.run(ReflectiveCallable.java:12)
	at org.junit.runners.model.FrameworkMethod.invokeExplosively(FrameworkMethod.java:56)
	at org.junit.internal.runners.statements.InvokeMethod.evaluate(InvokeMethod.java:17)
	at org.junit.runners.ParentRunner$3.evaluate(ParentRunner.java:306)
	at org.junit.runners.BlockJUnit4ClassRunner$1.evaluate(BlockJUnit4ClassRunner.java:100)
	at org.junit.runners.ParentRunner.runLeaf(ParentRunner.java:366)
	at org.junit.runners.BlockJUnit4ClassRunner.runChild(BlockJUnit4ClassRunner.java:103)
	at org.junit.runners.BlockJUnit4ClassRunner.runChild(BlockJUnit4ClassRunner.java:63)
	at org.junit.runners.ParentRunner$4.run(ParentRunner.java:331)
	at org.junit.runners.ParentRunner$1.schedule(ParentRunner.java:79)
	at org.junit.runners.ParentRunner.runChildren(ParentRunner.java:329)
	at org.junit.runners.ParentRunner.access$100(ParentRunner.java:66)
	at org.junit.runners.ParentRunner$2.evaluate(ParentRunner.java:293)
	at org.junit.runners.ParentRunner$3.evaluate(ParentRunner.java:306)
	at org.junit.runners.ParentRunner.run(ParentRunner.java:413)
	at org.apache.maven.surefire.junit4.JUnit4Provider.execute(JUnit4Provider.java:316)
	at org.apache.maven.surefire.junit4.JUnit4Provider.executeWithRerun(JUnit4Provider.java:240)
	at org.apache.maven.surefire.junit4.JUnit4Provider.executeTestSet(JUnit4Provider.java:214)
	at org.apache.maven.surefire.junit4.JUnit4Provider.invoke(JUnit4Provider.java:155)
	at org.apache.maven.surefire.booter.ForkedBooter.runSuitesInProcess(ForkedBooter.java:385)
	at org.apache.maven.surefire.booter.ForkedBooter.execute(ForkedBooter.java:162)
	at org.apache.maven.surefire.booter.ForkedBooter.run(ForkedBooter.java:507)
	at org.apache.maven.surefire.booter.ForkedBooter.main(ForkedBooter.java:495)
Caused by: java.io.IOException: Error while instrumenting java/sql/SQLNonTransientException.
	at org.jacoco.agent.rt.internal_f3994fa.core.instr.Instrumenter.instrumentError(Instrumenter.java:160)
	at org.jacoco.agent.rt.internal_f3994fa.core.instr.Instrumenter.instrument(Instrumenter.java:110)
	at org.jacoco.agent.rt.internal_f3994fa.CoverageTransformer.transform(CoverageTransformer.java:92)
	... 69 more
Caused by: java.lang.IllegalArgumentException: Unsupported class file major version 65
	at org.jacoco.agent.rt.internal_f3994fa.asm.ClassReader.<init>(ClassReader.java:196)
	at org.jacoco.agent.rt.internal_f3994fa.asm.ClassReader.<init>(ClassReader.java:177)
	at org.jacoco.agent.rt.internal_f3994fa.asm.ClassReader.<init>(ClassReader.java:163)
	at org.jacoco.agent.rt.internal_f3994fa.core.internal.instr.InstrSupport.classReaderFor(InstrSupport.java:280)
	at org.jacoco.agent.rt.internal_f3994fa.core.instr.Instrumenter.instrument(Instrumenter.java:76)
	at org.jacoco.agent.rt.internal_f3994fa.core.instr.Instrumenter.instrument(Instrumenter.java:108)
	... 70 more
java.lang.instrument.IllegalClassFormatException: Error while instrumenting java/sql/DriverInfo.
	at org.jacoco.agent.rt.internal_f3994fa.CoverageTransformer.transform(CoverageTransformer.java:94)
	at java.instrument/java.lang.instrument.ClassFileTransformer.transform(ClassFileTransformer.java:244)
	at java.instrument/sun.instrument.TransformerManager.transform(TransformerManager.java:188)
	at java.instrument/sun.instrument.InstrumentationImpl.transform(InstrumentationImpl.java:610)
	at java.base/java.lang.ClassLoader.defineClass2(Native Method)
	at java.base/java.lang.ClassLoader.defineClass(ClassLoader.java:1118)
	at java.base/java.security.SecureClassLoader.defineClass(SecureClassLoader.java:182)
	at java.base/jdk.internal.loader.BuiltinClassLoader.defineClass(BuiltinClassLoader.java:821)
	at java.base/jdk.internal.loader.BuiltinClassLoader.findClassInModuleOrNull(BuiltinClassLoader.java:741)
	at java.base/jdk.internal.loader.BuiltinClassLoader.loadClassOrNull(BuiltinClassLoader.java:665)
	at java.base/jdk.internal.loader.BuiltinClassLoader.loadClass(BuiltinClassLoader.java:639)
	at java.base/java.lang.ClassLoader.loadClass(ClassLoader.java:526)
	at java.sql/java.sql.DriverManager.registerDriver(DriverManager.java:343)
	at java.sql/java.sql.DriverManager.registerDriver(DriverManager.java:319)
	at com.mysql.cj.jdbc.Driver.<clinit>(Driver.java:53)
	at java.base/jdk.internal.misc.Unsafe.ensureClassInitialized0(Native Method)
	at java.base/jdk.internal.misc.Unsafe.ensureClassInitialized(Unsafe.java:1160)
	at java.base/jdk.internal.reflect.MethodHandleAccessorFactory.ensureClassInitialized(MethodHandleAccessorFactory.java:300)
	at java.base/jdk.internal.reflect.MethodHandleAccessorFactory.newConstructorAccessor(MethodHandleAccessorFactory.java:103)
	at java.base/jdk.internal.reflect.ReflectionFactory.newConstructorAccessor(ReflectionFactory.java:200)
	at java.base/java.lang.reflect.Constructor.acquireConstructorAccessor(Constructor.java:549)
	at java.base/java.lang.reflect.Constructor.newInstanceWithCaller(Constructor.java:499)
	at java.base/java.lang.reflect.Constructor.newInstance(Constructor.java:486)
	at java.base/java.util.ServiceLoader$ProviderImpl.newInstance(ServiceLoader.java:789)
	at java.base/java.util.ServiceLoader$ProviderImpl.get(ServiceLoader.java:729)
	at java.base/java.util.ServiceLoader$3.next(ServiceLoader.java:1403)
	at java.sql/java.sql.DriverManager$2.run(DriverManager.java:619)
	at java.sql/java.sql.DriverManager$2.run(DriverManager.java:599)
	at java.base/java.security.AccessController.doPrivileged(AccessController.java:319)
	at java.sql/java.sql.DriverManager.ensureDriversInitialized(DriverManager.java:599)
	at java.sql/java.sql.DriverManager.getConnection(DriverManager.java:671)
	at java.sql/java.sql.DriverManager.getConnection(DriverManager.java:230)
	at dao.DBConnection.<init>(DBConnection.java:29)
	at dao.DBConnection.getInstance(DBConnection.java:43)
	at JUnit.TesteAplicacao.testReaberturaConexao(TesteAplicacao.java:59)
	at java.base/jdk.internal.reflect.DirectMethodHandleAccessor.invoke(DirectMethodHandleAccessor.java:103)
	at java.base/java.lang.reflect.Method.invoke(Method.java:580)
	at org.junit.runners.model.FrameworkMethod$1.runReflectiveCall(FrameworkMethod.java:59)
	at org.junit.internal.runners.model.ReflectiveCallable.run(ReflectiveCallable.java:12)
	at org.junit.runners.model.FrameworkMethod.invokeExplosively(FrameworkMethod.java:56)
	at org.junit.internal.runners.statements.InvokeMethod.evaluate(InvokeMethod.java:17)
	at org.junit.runners.ParentRunner$3.evaluate(ParentRunner.java:306)
	at org.junit.runners.BlockJUnit4ClassRunner$1.evaluate(BlockJUnit4ClassRunner.java:100)
	at org.junit.runners.ParentRunner.runLeaf(ParentRunner.java:366)
	at org.junit.runners.BlockJUnit4ClassRunner.runChild(BlockJUnit4ClassRunner.java:103)
	at org.junit.runners.BlockJUnit4ClassRunner.runChild(BlockJUnit4ClassRunner.java:63)
	at org.junit.runners.ParentRunner$4.run(ParentRunner.java:331)
	at org.junit.runners.ParentRunner$1.schedule(ParentRunner.java:79)
	at org.junit.runners.ParentRunner.runChildren(ParentRunner.java:329)
	at org.junit.runners.ParentRunner.access$100(ParentRunner.java:66)
	at org.junit.runners.ParentRunner$2.evaluate(ParentRunner.java:293)
	at org.junit.runners.ParentRunner$3.evaluate(ParentRunner.java:306)
	at org.junit.runners.ParentRunner.run(ParentRunner.java:413)
	at org.apache.maven.surefire.junit4.JUnit4Provider.execute(JUnit4Provider.java:316)
	at org.apache.maven.surefire.junit4.JUnit4Provider.executeWithRerun(JUnit4Provider.java:240)
	at org.apache.maven.surefire.junit4.JUnit4Provider.executeTestSet(JUnit4Provider.java:214)
	at org.apache.maven.surefire.junit4.JUnit4Provider.invoke(JUnit4Provider.java:155)
	at org.apache.maven.surefire.booter.ForkedBooter.runSuitesInProcess(ForkedBooter.java:385)
	at org.apache.maven.surefire.booter.ForkedBooter.execute(ForkedBooter.java:162)
	at org.apache.maven.surefire.booter.ForkedBooter.run(ForkedBooter.java:507)
	at org.apache.maven.surefire.booter.ForkedBooter.main(ForkedBooter.java:495)
Caused by: java.io.IOException: Error while instrumenting java/sql/DriverInfo.
	at org.jacoco.agent.rt.internal_f3994fa.core.instr.Instrumenter.instrumentError(Instrumenter.java:160)
	at org.jacoco.agent.rt.internal_f3994fa.core.instr.Instrumenter.instrument(Instrumenter.java:110)
	at org.jacoco.agent.rt.internal_f3994fa.CoverageTransformer.transform(CoverageTransformer.java:92)
	... 60 more
Caused by: java.lang.IllegalArgumentException: Unsupported class file major version 65
	at org.jacoco.agent.rt.internal_f3994fa.asm.ClassReader.<init>(ClassReader.java:196)
	at org.jacoco.agent.rt.internal_f3994fa.asm.ClassReader.<init>(ClassReader.java:177)
	at org.jacoco.agent.rt.internal_f3994fa.asm.ClassReader.<init>(ClassReader.java:163)
	at org.jacoco.agent.rt.internal_f3994fa.core.internal.instr.InstrSupport.classReaderFor(InstrSupport.java:280)
	at org.jacoco.agent.rt.internal_f3994fa.core.instr.Instrumenter.instrument(Instrumenter.java:76)
	at org.jacoco.agent.rt.internal_f3994fa.core.instr.Instrumenter.instrument(Instrumenter.java:108)
	... 61 more
java.lang.instrument.IllegalClassFormatException: Error while instrumenting java/sql/Clob.
	at org.jacoco.agent.rt.internal_f3994fa.CoverageTransformer.transform(CoverageTransformer.java:94)
	at java.instrument/java.lang.instrument.ClassFileTransformer.transform(ClassFileTransformer.java:244)
	at java.instrument/sun.instrument.TransformerManager.transform(TransformerManager.java:188)
	at java.instrument/sun.instrument.InstrumentationImpl.transform(InstrumentationImpl.java:610)
	at java.base/java.lang.ClassLoader.defineClass2(Native Method)
	at java.base/java.lang.ClassLoader.defineClass(ClassLoader.java:1118)
	at java.base/java.security.SecureClassLoader.defineClass(SecureClassLoader.java:182)
	at java.base/jdk.internal.loader.BuiltinClassLoader.defineClass(BuiltinClassLoader.java:821)
	at java.base/jdk.internal.loader.BuiltinClassLoader.findClassInModuleOrNull(BuiltinClassLoader.java:741)
	at java.base/jdk.internal.loader.BuiltinClassLoader.loadClassOrNull(BuiltinClassLoader.java:665)
	at java.base/jdk.internal.loader.BuiltinClassLoader.loadClassOrNull(BuiltinClassLoader.java:700)
	at java.base/jdk.internal.loader.BuiltinClassLoader.loadClassOrNull(BuiltinClassLoader.java:669)
	at java.base/jdk.internal.loader.BuiltinClassLoader.loadClass(BuiltinClassLoader.java:639)
	at java.base/jdk.internal.loader.ClassLoaders$AppClassLoader.loadClass(ClassLoaders.java:188)
	at java.base/java.lang.ClassLoader.loadClass(ClassLoader.java:526)
	at com.mysql.cj.jdbc.NonRegisteringDriver.connect(NonRegisteringDriver.java:188)
	at java.sql/java.sql.DriverManager.getConnection(DriverManager.java:683)
	at java.sql/java.sql.DriverManager.getConnection(DriverManager.java:230)
	at dao.DBConnection.<init>(DBConnection.java:29)
	at dao.DBConnection.getInstance(DBConnection.java:43)
	at JUnit.TesteAplicacao.testReaberturaConexao(TesteAplicacao.java:59)
	at java.base/jdk.internal.reflect.DirectMethodHandleAccessor.invoke(DirectMethodHandleAccessor.java:103)
	at java.base/java.lang.reflect.Method.invoke(Method.java:580)
	at org.junit.runners.model.FrameworkMethod$1.runReflectiveCall(FrameworkMethod.java:59)
	at org.junit.internal.runners.model.ReflectiveCallable.run(ReflectiveCallable.java:12)
	at org.junit.runners.model.FrameworkMethod.invokeExplosively(FrameworkMethod.java:56)
	at org.junit.internal.runners.statements.InvokeMethod.evaluate(InvokeMethod.java:17)
	at org.junit.runners.ParentRunner$3.evaluate(ParentRunner.java:306)
	at org.junit.runners.BlockJUnit4ClassRunner$1.evaluate(BlockJUnit4ClassRunner.java:100)
	at org.junit.runners.ParentRunner.runLeaf(ParentRunner.java:366)
	at org.junit.runners.BlockJUnit4ClassRunner.runChild(BlockJUnit4ClassRunner.java:103)
	at org.junit.runners.BlockJUnit4ClassRunner.runChild(BlockJUnit4ClassRunner.java:63)
	at org.junit.runners.ParentRunner$4.run(ParentRunner.java:331)
	at org.junit.runners.ParentRunner$1.schedule(ParentRunner.java:79)
	at org.junit.runners.ParentRunner.runChildren(ParentRunner.java:329)
	at org.junit.runners.ParentRunner.access$100(ParentRunner.java:66)
	at org.junit.runners.ParentRunner$2.evaluate(ParentRunner.java:293)
	at org.junit.runners.ParentRunner$3.evaluate(ParentRunner.java:306)
	at org.junit.runners.ParentRunner.run(ParentRunner.java:413)
	at org.apache.maven.surefire.junit4.JUnit4Provider.execute(JUnit4Provider.java:316)
	at org.apache.maven.surefire.junit4.JUnit4Provider.executeWithRerun(JUnit4Provider.java:240)
	at org.apache.maven.surefire.junit4.JUnit4Provider.executeTestSet(JUnit4Provider.java:214)
	at org.apache.maven.surefire.junit4.JUnit4Provider.invoke(JUnit4Provider.java:155)
	at org.apache.maven.surefire.booter.ForkedBooter.runSuitesInProcess(ForkedBooter.java:385)
	at org.apache.maven.surefire.booter.ForkedBooter.execute(ForkedBooter.java:162)
	at org.apache.maven.surefire.booter.ForkedBooter.run(ForkedBooter.java:507)
	at org.apache.maven.surefire.booter.ForkedBooter.main(ForkedBooter.java:495)
Caused by: java.io.IOException: Error while instrumenting java/sql/Clob.
	at org.jacoco.agent.rt.internal_f3994fa.core.instr.Instrumenter.instrumentError(Instrumenter.java:160)
	at org.jacoco.agent.rt.internal_f3994fa.core.instr.Instrumenter.instrument(Instrumenter.java:110)
	at org.jacoco.agent.rt.internal_f3994fa.CoverageTransformer.transform(CoverageTransformer.java:92)
	... 46 more
Caused by: java.lang.IllegalArgumentException: Unsupported class file major version 65
	at org.jacoco.agent.rt.internal_f3994fa.asm.ClassReader.<init>(ClassReader.java:196)
	at org.jacoco.agent.rt.internal_f3994fa.asm.ClassReader.<init>(ClassReader.java:177)
	at org.jacoco.agent.rt.internal_f3994fa.asm.ClassReader.<init>(ClassReader.java:163)
	at org.jacoco.agent.rt.internal_f3994fa.core.internal.instr.InstrSupport.classReaderFor(InstrSupport.java:280)
	at org.jacoco.agent.rt.internal_f3994fa.core.instr.Instrumenter.instrument(Instrumenter.java:76)
	at org.jacoco.agent.rt.internal_f3994fa.core.instr.Instrumenter.instrument(Instrumenter.java:108)
	... 47 more
java.lang.instrument.IllegalClassFormatException: Error while instrumenting java/sql/Blob.
	at org.jacoco.agent.rt.internal_f3994fa.CoverageTransformer.transform(CoverageTransformer.java:94)
	at java.instrument/java.lang.instrument.ClassFileTransformer.transform(ClassFileTransformer.java:244)
	at java.instrument/sun.instrument.TransformerManager.transform(TransformerManager.java:188)
	at java.instrument/sun.instrument.InstrumentationImpl.transform(InstrumentationImpl.java:610)
	at java.base/java.lang.ClassLoader.defineClass2(Native Method)
	at java.base/java.lang.ClassLoader.defineClass(ClassLoader.java:1118)
	at java.base/java.security.SecureClassLoader.defineClass(SecureClassLoader.java:182)
	at java.base/jdk.internal.loader.BuiltinClassLoader.defineClass(BuiltinClassLoader.java:821)
	at java.base/jdk.internal.loader.BuiltinClassLoader.findClassInModuleOrNull(BuiltinClassLoader.java:741)
	at java.base/jdk.internal.loader.BuiltinClassLoader.loadClassOrNull(BuiltinClassLoader.java:665)
	at java.base/jdk.internal.loader.BuiltinClassLoader.loadClassOrNull(BuiltinClassLoader.java:700)
	at java.base/jdk.internal.loader.BuiltinClassLoader.loadClassOrNull(BuiltinClassLoader.java:669)
	at java.base/jdk.internal.loader.BuiltinClassLoader.loadClass(BuiltinClassLoader.java:639)
	at java.base/jdk.internal.loader.ClassLoaders$AppClassLoader.loadClass(ClassLoaders.java:188)
	at java.base/java.lang.ClassLoader.loadClass(ClassLoader.java:526)
	at com.mysql.cj.jdbc.NonRegisteringDriver.connect(NonRegisteringDriver.java:188)
	at java.sql/java.sql.DriverManager.getConnection(DriverManager.java:683)
	at java.sql/java.sql.DriverManager.getConnection(DriverManager.java:230)
	at dao.DBConnection.<init>(DBConnection.java:29)
	at dao.DBConnection.getInstance(DBConnection.java:43)
	at JUnit.TesteAplicacao.testReaberturaConexao(TesteAplicacao.java:59)
	at java.base/jdk.internal.reflect.DirectMethodHandleAccessor.invoke(DirectMethodHandleAccessor.java:103)
	at java.base/java.lang.reflect.Method.invoke(Method.java:580)
	at org.junit.runners.model.FrameworkMethod$1.runReflectiveCall(FrameworkMethod.java:59)
	at org.junit.internal.runners.model.ReflectiveCallable.run(ReflectiveCallable.java:12)
	at org.junit.runners.model.FrameworkMethod.invokeExplosively(FrameworkMethod.java:56)
	at org.junit.internal.runners.statements.InvokeMethod.evaluate(InvokeMethod.java:17)
	at org.junit.runners.ParentRunner$3.evaluate(ParentRunner.java:306)
	at org.junit.runners.BlockJUnit4ClassRunner$1.evaluate(BlockJUnit4ClassRunner.java:100)
	at org.junit.runners.ParentRunner.runLeaf(ParentRunner.java:366)
	at org.junit.runners.BlockJUnit4ClassRunner.runChild(BlockJUnit4ClassRunner.java:103)
	at org.junit.runners.BlockJUnit4ClassRunner.runChild(BlockJUnit4ClassRunner.java:63)
	at org.junit.runners.ParentRunner$4.run(ParentRunner.java:331)
	at org.junit.runners.ParentRunner$1.schedule(ParentRunner.java:79)
	at org.junit.runners.ParentRunner.runChildren(ParentRunner.java:329)
	at org.junit.runners.ParentRunner.access$100(ParentRunner.java:66)
	at org.junit.runners.ParentRunner$2.evaluate(ParentRunner.java:293)
	at org.junit.runners.ParentRunner$3.evaluate(ParentRunner.java:306)
	at org.junit.runners.ParentRunner.run(ParentRunner.java:413)
	at org.apache.maven.surefire.junit4.JUnit4Provider.execute(JUnit4Provider.java:316)
	at org.apache.maven.surefire.junit4.JUnit4Provider.executeWithRerun(JUnit4Provider.java:240)
	at org.apache.maven.surefire.junit4.JUnit4Provider.executeTestSet(JUnit4Provider.java:214)
	at org.apache.maven.surefire.junit4.JUnit4Provider.invoke(JUnit4Provider.java:155)
	at org.apache.maven.surefire.booter.ForkedBooter.runSuitesInProcess(ForkedBooter.java:385)
	at org.apache.maven.surefire.booter.ForkedBooter.execute(ForkedBooter.java:162)
	at org.apache.maven.surefire.booter.ForkedBooter.run(ForkedBooter.java:507)
	at org.apache.maven.surefire.booter.ForkedBooter.main(ForkedBooter.java:495)
Caused by: java.io.IOException: Error while instrumenting java/sql/Blob.
	at org.jacoco.agent.rt.internal_f3994fa.core.instr.Instrumenter.instrumentError(Instrumenter.java:160)
	at org.jacoco.agent.rt.internal_f3994fa.core.instr.Instrumenter.instrument(Instrumenter.java:110)
	at org.jacoco.agent.rt.internal_f3994fa.CoverageTransformer.transform(CoverageTransformer.java:92)
	... 46 more
Caused by: java.lang.IllegalArgumentException: Unsupported class file major version 65
	at org.jacoco.agent.rt.internal_f3994fa.asm.ClassReader.<init>(ClassReader.java:196)
	at org.jacoco.agent.rt.internal_f3994fa.asm.ClassReader.<init>(ClassReader.java:177)
	at org.jacoco.agent.rt.internal_f3994fa.asm.ClassReader.<init>(ClassReader.java:163)
	at org.jacoco.agent.rt.internal_f3994fa.core.internal.instr.InstrSupport.classReaderFor(InstrSupport.java:280)
	at org.jacoco.agent.rt.internal_f3994fa.core.instr.Instrumenter.instrument(Instrumenter.java:76)
	at org.jacoco.agent.rt.internal_f3994fa.core.instr.Instrumenter.instrument(Instrumenter.java:108)
	... 47 more
java.lang.instrument.IllegalClassFormatException: Error while instrumenting java/sql/SQLClientInfoException.
	at org.jacoco.agent.rt.internal_f3994fa.CoverageTransformer.transform(CoverageTransformer.java:94)
	at java.instrument/java.lang.instrument.ClassFileTransformer.transform(ClassFileTransformer.java:244)
	at java.instrument/sun.instrument.TransformerManager.transform(TransformerManager.java:188)
	at java.instrument/sun.instrument.InstrumentationImpl.transform(InstrumentationImpl.java:610)
	at java.base/java.lang.ClassLoader.defineClass2(Native Method)
	at java.base/java.lang.ClassLoader.defineClass(ClassLoader.java:1118)
	at java.base/java.security.SecureClassLoader.defineClass(SecureClassLoader.java:182)
	at java.base/jdk.internal.loader.BuiltinClassLoader.defineClass(BuiltinClassLoader.java:821)
	at java.base/jdk.internal.loader.BuiltinClassLoader.findClassInModuleOrNull(BuiltinClassLoader.java:741)
	at java.base/jdk.internal.loader.BuiltinClassLoader.loadClassOrNull(BuiltinClassLoader.java:665)
	at java.base/jdk.internal.loader.BuiltinClassLoader.loadClassOrNull(BuiltinClassLoader.java:700)
	at java.base/jdk.internal.loader.BuiltinClassLoader.loadClassOrNull(BuiltinClassLoader.java:669)
	at java.base/jdk.internal.loader.BuiltinClassLoader.loadClass(BuiltinClassLoader.java:639)
	at java.base/jdk.internal.loader.ClassLoaders$AppClassLoader.loadClass(ClassLoaders.java:188)
	at java.base/java.lang.ClassLoader.loadClass(ClassLoader.java:526)
	at com.mysql.cj.jdbc.NonRegisteringDriver.connect(NonRegisteringDriver.java:188)
	at java.sql/java.sql.DriverManager.getConnection(DriverManager.java:683)
	at java.sql/java.sql.DriverManager.getConnection(DriverManager.java:230)
	at dao.DBConnection.<init>(DBConnection.java:29)
	at dao.DBConnection.getInstance(DBConnection.java:43)
	at JUnit.TesteAplicacao.testReaberturaConexao(TesteAplicacao.java:59)
	at java.base/jdk.internal.reflect.DirectMethodHandleAccessor.invoke(DirectMethodHandleAccessor.java:103)
	at java.base/java.lang.reflect.Method.invoke(Method.java:580)
	at org.junit.runners.model.FrameworkMethod$1.runReflectiveCall(FrameworkMethod.java:59)
	at org.junit.internal.runners.model.ReflectiveCallable.run(ReflectiveCallable.java:12)
	at org.junit.runners.model.FrameworkMethod.invokeExplosively(FrameworkMethod.java:56)
	at org.junit.internal.runners.statements.InvokeMethod.evaluate(InvokeMethod.java:17)
	at org.junit.runners.ParentRunner$3.evaluate(ParentRunner.java:306)
	at org.junit.runners.BlockJUnit4ClassRunner$1.evaluate(BlockJUnit4ClassRunner.java:100)
	at org.junit.runners.ParentRunner.runLeaf(ParentRunner.java:366)
	at org.junit.runners.BlockJUnit4ClassRunner.runChild(BlockJUnit4ClassRunner.java:103)
	at org.junit.runners.BlockJUnit4ClassRunner.runChild(BlockJUnit4ClassRunner.java:63)
	at org.junit.runners.ParentRunner$4.run(ParentRunner.java:331)
	at org.junit.runners.ParentRunner$1.schedule(ParentRunner.java:79)
	at org.junit.runners.ParentRunner.runChildren(ParentRunner.java:329)
	at org.junit.runners.ParentRunner.access$100(ParentRunner.java:66)
	at org.junit.runners.ParentRunner$2.evaluate(ParentRunner.java:293)
	at org.junit.runners.ParentRunner$3.evaluate(ParentRunner.java:306)
	at org.junit.runners.ParentRunner.run(ParentRunner.java:413)
	at org.apache.maven.surefire.junit4.JUnit4Provider.execute(JUnit4Provider.java:316)
	at org.apache.maven.surefire.junit4.JUnit4Provider.executeWithRerun(JUnit4Provider.java:240)
	at org.apache.maven.surefire.junit4.JUnit4Provider.executeTestSet(JUnit4Provider.java:214)
	at org.apache.maven.surefire.junit4.JUnit4Provider.invoke(JUnit4Provider.java:155)
	at org.apache.maven.surefire.booter.ForkedBooter.runSuitesInProcess(ForkedBooter.java:385)
	at org.apache.maven.surefire.booter.ForkedBooter.execute(ForkedBooter.java:162)
	at org.apache.maven.surefire.booter.ForkedBooter.run(ForkedBooter.java:507)
	at org.apache.maven.surefire.booter.ForkedBooter.main(ForkedBooter.java:495)
Caused by: java.io.IOException: Error while instrumenting java/sql/SQLClientInfoException.
	at org.jacoco.agent.rt.internal_f3994fa.core.instr.Instrumenter.instrumentError(Instrumenter.java:160)
	at org.jacoco.agent.rt.internal_f3994fa.core.instr.Instrumenter.instrument(Instrumenter.java:110)
	at org.jacoco.agent.rt.internal_f3994fa.CoverageTransformer.transform(CoverageTransformer.java:92)
	... 46 more
Caused by: java.lang.IllegalArgumentException: Unsupported class file major version 65
	at org.jacoco.agent.rt.internal_f3994fa.asm.ClassReader.<init>(ClassReader.java:196)
	at org.jacoco.agent.rt.internal_f3994fa.asm.ClassReader.<init>(ClassReader.java:177)
	at org.jacoco.agent.rt.internal_f3994fa.asm.ClassReader.<init>(ClassReader.java:163)
	at org.jacoco.agent.rt.internal_f3994fa.core.internal.instr.InstrSupport.classReaderFor(InstrSupport.java:280)
	at org.jacoco.agent.rt.internal_f3994fa.core.instr.Instrumenter.instrument(Instrumenter.java:76)
	at org.jacoco.agent.rt.internal_f3994fa.core.instr.Instrumenter.instrument(Instrumenter.java:108)
	... 47 more
java.lang.instrument.IllegalClassFormatException: Error while instrumenting java/sql/SQLXML.
	at org.jacoco.agent.rt.internal_f3994fa.CoverageTransformer.transform(CoverageTransformer.java:94)
	at java.instrument/java.lang.instrument.ClassFileTransformer.transform(ClassFileTransformer.java:244)
	at java.instrument/sun.instrument.TransformerManager.transform(TransformerManager.java:188)
	at java.instrument/sun.instrument.InstrumentationImpl.transform(InstrumentationImpl.java:610)
	at java.base/java.lang.ClassLoader.defineClass2(Native Method)
	at java.base/java.lang.ClassLoader.defineClass(ClassLoader.java:1118)
	at java.base/java.security.SecureClassLoader.defineClass(SecureClassLoader.java:182)
	at java.base/jdk.internal.loader.BuiltinClassLoader.defineClass(BuiltinClassLoader.java:821)
	at java.base/jdk.internal.loader.BuiltinClassLoader.findClassInModuleOrNull(BuiltinClassLoader.java:741)
	at java.base/jdk.internal.loader.BuiltinClassLoader.loadClassOrNull(BuiltinClassLoader.java:665)
	at java.base/jdk.internal.loader.BuiltinClassLoader.loadClassOrNull(BuiltinClassLoader.java:700)
	at java.base/jdk.internal.loader.BuiltinClassLoader.loadClassOrNull(BuiltinClassLoader.java:669)
	at java.base/jdk.internal.loader.BuiltinClassLoader.loadClass(BuiltinClassLoader.java:639)
	at java.base/jdk.internal.loader.ClassLoaders$AppClassLoader.loadClass(ClassLoaders.java:188)
	at java.base/java.lang.ClassLoader.loadClass(ClassLoader.java:526)
	at com.mysql.cj.jdbc.NonRegisteringDriver.connect(NonRegisteringDriver.java:188)
	at java.sql/java.sql.DriverManager.getConnection(DriverManager.java:683)
	at java.sql/java.sql.DriverManager.getConnection(DriverManager.java:230)
	at dao.DBConnection.<init>(DBConnection.java:29)
	at dao.DBConnection.getInstance(DBConnection.java:43)
	at JUnit.TesteAplicacao.testReaberturaConexao(TesteAplicacao.java:59)
	at java.base/jdk.internal.reflect.DirectMethodHandleAccessor.invoke(DirectMethodHandleAccessor.java:103)
	at java.base/java.lang.reflect.Method.invoke(Method.java:580)
	at org.junit.runners.model.FrameworkMethod$1.runReflectiveCall(FrameworkMethod.java:59)
	at org.junit.internal.runners.model.ReflectiveCallable.run(ReflectiveCallable.java:12)
	at org.junit.runners.model.FrameworkMethod.invokeExplosively(FrameworkMethod.java:56)
	at org.junit.internal.runners.statements.InvokeMethod.evaluate(InvokeMethod.java:17)
	at org.junit.runners.ParentRunner$3.evaluate(ParentRunner.java:306)
	at org.junit.runners.BlockJUnit4ClassRunner$1.evaluate(BlockJUnit4ClassRunner.java:100)
	at org.junit.runners.ParentRunner.runLeaf(ParentRunner.java:366)
	at org.junit.runners.BlockJUnit4ClassRunner.runChild(BlockJUnit4ClassRunner.java:103)
	at org.junit.runners.BlockJUnit4ClassRunner.runChild(BlockJUnit4ClassRunner.java:63)
	at org.junit.runners.ParentRunner$4.run(ParentRunner.java:331)
	at org.junit.runners.ParentRunner$1.schedule(ParentRunner.java:79)
	at org.junit.runners.ParentRunner.runChildren(ParentRunner.java:329)
	at org.junit.runners.ParentRunner.access$100(ParentRunner.java:66)
	at org.junit.runners.ParentRunner$2.evaluate(ParentRunner.java:293)
	at org.junit.runners.ParentRunner$3.evaluate(ParentRunner.java:306)
	at org.junit.runners.ParentRunner.run(ParentRunner.java:413)
	at org.apache.maven.surefire.junit4.JUnit4Provider.execute(JUnit4Provider.java:316)
	at org.apache.maven.surefire.junit4.JUnit4Provider.executeWithRerun(JUnit4Provider.java:240)
	at org.apache.maven.surefire.junit4.JUnit4Provider.executeTestSet(JUnit4Provider.java:214)
	at org.apache.maven.surefire.junit4.JUnit4Provider.invoke(JUnit4Provider.java:155)
	at org.apache.maven.surefire.booter.ForkedBooter.runSuitesInProcess(ForkedBooter.java:385)
	at org.apache.maven.surefire.booter.ForkedBooter.execute(ForkedBooter.java:162)
	at org.apache.maven.surefire.booter.ForkedBooter.run(ForkedBooter.java:507)
	at org.apache.maven.surefire.booter.ForkedBooter.main(ForkedBooter.java:495)
Caused by: java.io.IOException: Error while instrumenting java/sql/SQLXML.
	at org.jacoco.agent.rt.internal_f3994fa.core.instr.Instrumenter.instrumentError(Instrumenter.java:160)
	at org.jacoco.agent.rt.internal_f3994fa.core.instr.Instrumenter.instrument(Instrumenter.java:110)
	at org.jacoco.agent.rt.internal_f3994fa.CoverageTransformer.transform(CoverageTransformer.java:92)
	... 46 more
Caused by: java.lang.IllegalArgumentException: Unsupported class file major version 65
	at org.jacoco.agent.rt.internal_f3994fa.asm.ClassReader.<init>(ClassReader.java:196)
	at org.jacoco.agent.rt.internal_f3994fa.asm.ClassReader.<init>(ClassReader.java:177)
	at org.jacoco.agent.rt.internal_f3994fa.asm.ClassReader.<init>(ClassReader.java:163)
	at org.jacoco.agent.rt.internal_f3994fa.core.internal.instr.InstrSupport.classReaderFor(InstrSupport.java:280)
	at org.jacoco.agent.rt.internal_f3994fa.core.instr.Instrumenter.instrument(Instrumenter.java:76)
	at org.jacoco.agent.rt.internal_f3994fa.core.instr.Instrumenter.instrument(Instrumenter.java:108)
	... 47 more
java.lang.instrument.IllegalClassFormatException: Error while instrumenting java/sql/CallableStatement.
	at org.jacoco.agent.rt.internal_f3994fa.CoverageTransformer.transform(CoverageTransformer.java:94)
	at java.instrument/java.lang.instrument.ClassFileTransformer.transform(ClassFileTransformer.java:244)
	at java.instrument/sun.instrument.TransformerManager.transform(TransformerManager.java:188)
	at java.instrument/sun.instrument.InstrumentationImpl.transform(InstrumentationImpl.java:610)
	at java.base/java.lang.ClassLoader.defineClass2(Native Method)
	at java.base/java.lang.ClassLoader.defineClass(ClassLoader.java:1118)
	at java.base/java.security.SecureClassLoader.defineClass(SecureClassLoader.java:182)
	at java.base/jdk.internal.loader.BuiltinClassLoader.defineClass(BuiltinClassLoader.java:821)
	at java.base/jdk.internal.loader.BuiltinClassLoader.findClassInModuleOrNull(BuiltinClassLoader.java:741)
	at java.base/jdk.internal.loader.BuiltinClassLoader.loadClassOrNull(BuiltinClassLoader.java:665)
	at java.base/jdk.internal.loader.BuiltinClassLoader.loadClassOrNull(BuiltinClassLoader.java:700)
	at java.base/jdk.internal.loader.BuiltinClassLoader.loadClassOrNull(BuiltinClassLoader.java:669)
	at java.base/jdk.internal.loader.BuiltinClassLoader.loadClass(BuiltinClassLoader.java:639)
	at java.base/jdk.internal.loader.ClassLoaders$AppClassLoader.loadClass(ClassLoaders.java:188)
	at java.base/java.lang.ClassLoader.loadClass(ClassLoader.java:526)
	at com.mysql.cj.jdbc.NonRegisteringDriver.connect(NonRegisteringDriver.java:188)
	at java.sql/java.sql.DriverManager.getConnection(DriverManager.java:683)
	at java.sql/java.sql.DriverManager.getConnection(DriverManager.java:230)
	at dao.DBConnection.<init>(DBConnection.java:29)
	at dao.DBConnection.getInstance(DBConnection.java:43)
	at JUnit.TesteAplicacao.testReaberturaConexao(TesteAplicacao.java:59)
	at java.base/jdk.internal.reflect.DirectMethodHandleAccessor.invoke(DirectMethodHandleAccessor.java:103)
	at java.base/java.lang.reflect.Method.invoke(Method.java:580)
	at org.junit.runners.model.FrameworkMethod$1.runReflectiveCall(FrameworkMethod.java:59)
	at org.junit.internal.runners.model.ReflectiveCallable.run(ReflectiveCallable.java:12)
	at org.junit.runners.model.FrameworkMethod.invokeExplosively(FrameworkMethod.java:56)
	at org.junit.internal.runners.statements.InvokeMethod.evaluate(InvokeMethod.java:17)
	at org.junit.runners.ParentRunner$3.evaluate(ParentRunner.java:306)
	at org.junit.runners.BlockJUnit4ClassRunner$1.evaluate(BlockJUnit4ClassRunner.java:100)
	at org.junit.runners.ParentRunner.runLeaf(ParentRunner.java:366)
	at org.junit.runners.BlockJUnit4ClassRunner.runChild(BlockJUnit4ClassRunner.java:103)
	at org.junit.runners.BlockJUnit4ClassRunner.runChild(BlockJUnit4ClassRunner.java:63)
	at org.junit.runners.ParentRunner$4.run(ParentRunner.java:331)
	at org.junit.runners.ParentRunner$1.schedule(ParentRunner.java:79)
	at org.junit.runners.ParentRunner.runChildren(ParentRunner.java:329)
	at org.junit.runners.ParentRunner.access$100(ParentRunner.java:66)
	at org.junit.runners.ParentRunner$2.evaluate(ParentRunner.java:293)
	at org.junit.runners.ParentRunner$3.evaluate(ParentRunner.java:306)
	at org.junit.runners.ParentRunner.run(ParentRunner.java:413)
	at org.apache.maven.surefire.junit4.JUnit4Provider.execute(JUnit4Provider.java:316)
	at org.apache.maven.surefire.junit4.JUnit4Provider.executeWithRerun(JUnit4Provider.java:240)
	at org.apache.maven.surefire.junit4.JUnit4Provider.executeTestSet(JUnit4Provider.java:214)
	at org.apache.maven.surefire.junit4.JUnit4Provider.invoke(JUnit4Provider.java:155)
	at org.apache.maven.surefire.booter.ForkedBooter.runSuitesInProcess(ForkedBooter.java:385)
	at org.apache.maven.surefire.booter.ForkedBooter.execute(ForkedBooter.java:162)
	at org.apache.maven.surefire.booter.ForkedBooter.run(ForkedBooter.java:507)
	at org.apache.maven.surefire.booter.ForkedBooter.main(ForkedBooter.java:495)
Caused by: java.io.IOException: Error while instrumenting java/sql/CallableStatement.
	at org.jacoco.agent.rt.internal_f3994fa.core.instr.Instrumenter.instrumentError(Instrumenter.java:160)
	at org.jacoco.agent.rt.internal_f3994fa.core.instr.Instrumenter.instrument(Instrumenter.java:110)
	at org.jacoco.agent.rt.internal_f3994fa.CoverageTransformer.transform(CoverageTransformer.java:92)
	... 46 more
Caused by: java.lang.IllegalArgumentException: Unsupported class file major version 65
	at org.jacoco.agent.rt.internal_f3994fa.asm.ClassReader.<init>(ClassReader.java:196)
	at org.jacoco.agent.rt.internal_f3994fa.asm.ClassReader.<init>(ClassReader.java:177)
	at org.jacoco.agent.rt.internal_f3994fa.asm.ClassReader.<init>(ClassReader.java:163)
	at org.jacoco.agent.rt.internal_f3994fa.core.internal.instr.InstrSupport.classReaderFor(InstrSupport.java:280)
	at org.jacoco.agent.rt.internal_f3994fa.core.instr.Instrumenter.instrument(Instrumenter.java:76)
	at org.jacoco.agent.rt.internal_f3994fa.core.instr.Instrumenter.instrument(Instrumenter.java:108)
	... 47 more
java.lang.instrument.IllegalClassFormatException: Error while instrumenting java/sql/PreparedStatement.
	at org.jacoco.agent.rt.internal_f3994fa.CoverageTransformer.transform(CoverageTransformer.java:94)
	at java.instrument/java.lang.instrument.ClassFileTransformer.transform(ClassFileTransformer.java:244)
	at java.instrument/sun.instrument.TransformerManager.transform(TransformerManager.java:188)
	at java.instrument/sun.instrument.InstrumentationImpl.transform(InstrumentationImpl.java:610)
	at java.base/java.lang.ClassLoader.defineClass2(Native Method)
	at java.base/java.lang.ClassLoader.defineClass(ClassLoader.java:1118)
	at java.base/java.security.SecureClassLoader.defineClass(SecureClassLoader.java:182)
	at java.base/jdk.internal.loader.BuiltinClassLoader.defineClass(BuiltinClassLoader.java:821)
	at java.base/jdk.internal.loader.BuiltinClassLoader.findClassInModuleOrNull(BuiltinClassLoader.java:741)
	at java.base/jdk.internal.loader.BuiltinClassLoader.loadClassOrNull(BuiltinClassLoader.java:665)
	at java.base/jdk.internal.loader.BuiltinClassLoader.loadClass(BuiltinClassLoader.java:639)
	at java.base/java.lang.ClassLoader.loadClass(ClassLoader.java:526)
	at java.base/java.lang.ClassLoader.defineClass2(Native Method)
	at java.base/java.lang.ClassLoader.defineClass(ClassLoader.java:1118)
	at java.base/java.security.SecureClassLoader.defineClass(SecureClassLoader.java:182)
	at java.base/jdk.internal.loader.BuiltinClassLoader.defineClass(BuiltinClassLoader.java:821)
	at java.base/jdk.internal.loader.BuiltinClassLoader.findClassInModuleOrNull(BuiltinClassLoader.java:741)
	at java.base/jdk.internal.loader.BuiltinClassLoader.loadClassOrNull(BuiltinClassLoader.java:665)
	at java.base/jdk.internal.loader.BuiltinClassLoader.loadClassOrNull(BuiltinClassLoader.java:700)
	at java.base/jdk.internal.loader.BuiltinClassLoader.loadClassOrNull(BuiltinClassLoader.java:669)
	at java.base/jdk.internal.loader.BuiltinClassLoader.loadClass(BuiltinClassLoader.java:639)
	at java.base/jdk.internal.loader.ClassLoaders$AppClassLoader.loadClass(ClassLoaders.java:188)
	at java.base/java.lang.ClassLoader.loadClass(ClassLoader.java:526)
	at com.mysql.cj.jdbc.NonRegisteringDriver.connect(NonRegisteringDriver.java:188)
	at java.sql/java.sql.DriverManager.getConnection(DriverManager.java:683)
	at java.sql/java.sql.DriverManager.getConnection(DriverManager.java:230)
	at dao.DBConnection.<init>(DBConnection.java:29)
	at dao.DBConnection.getInstance(DBConnection.java:43)
	at JUnit.TesteAplicacao.testReaberturaConexao(TesteAplicacao.java:59)
	at java.base/jdk.internal.reflect.DirectMethodHandleAccessor.invoke(DirectMethodHandleAccessor.java:103)
	at java.base/java.lang.reflect.Method.invoke(Method.java:580)
	at org.junit.runners.model.FrameworkMethod$1.runReflectiveCall(FrameworkMethod.java:59)
	at org.junit.internal.runners.model.ReflectiveCallable.run(ReflectiveCallable.java:12)
	at org.junit.runners.model.FrameworkMethod.invokeExplosively(FrameworkMethod.java:56)
	at org.junit.internal.runners.statements.InvokeMethod.evaluate(InvokeMethod.java:17)
	at org.junit.runners.ParentRunner$3.evaluate(ParentRunner.java:306)
	at org.junit.runners.BlockJUnit4ClassRunner$1.evaluate(BlockJUnit4ClassRunner.java:100)
	at org.junit.runners.ParentRunner.runLeaf(ParentRunner.java:366)
	at org.junit.runners.BlockJUnit4ClassRunner.runChild(BlockJUnit4ClassRunner.java:103)
	at org.junit.runners.BlockJUnit4ClassRunner.runChild(BlockJUnit4ClassRunner.java:63)
	at org.junit.runners.ParentRunner$4.run(ParentRunner.java:331)
	at org.junit.runners.ParentRunner$1.schedule(ParentRunner.java:79)
	at org.junit.runners.ParentRunner.runChildren(ParentRunner.java:329)
	at org.junit.runners.ParentRunner.access$100(ParentRunner.java:66)
	at org.junit.runners.ParentRunner$2.evaluate(ParentRunner.java:293)
	at org.junit.runners.ParentRunner$3.evaluate(ParentRunner.java:306)
	at org.junit.runners.ParentRunner.run(ParentRunner.java:413)
	at org.apache.maven.surefire.junit4.JUnit4Provider.execute(JUnit4Provider.java:316)
	at org.apache.maven.surefire.junit4.JUnit4Provider.executeWithRerun(JUnit4Provider.java:240)
	at org.apache.maven.surefire.junit4.JUnit4Provider.executeTestSet(JUnit4Provider.java:214)
	at org.apache.maven.surefire.junit4.JUnit4Provider.invoke(JUnit4Provider.java:155)
	at org.apache.maven.surefire.booter.ForkedBooter.runSuitesInProcess(ForkedBooter.java:385)
	at org.apache.maven.surefire.booter.ForkedBooter.execute(ForkedBooter.java:162)
	at org.apache.maven.surefire.booter.ForkedBooter.run(ForkedBooter.java:507)
	at org.apache.maven.surefire.booter.ForkedBooter.main(ForkedBooter.java:495)
Caused by: java.io.IOException: Error while instrumenting java/sql/PreparedStatement.
	at org.jacoco.agent.rt.internal_f3994fa.core.instr.Instrumenter.instrumentError(Instrumenter.java:160)
	at org.jacoco.agent.rt.internal_f3994fa.core.instr.Instrumenter.instrument(Instrumenter.java:110)
	at org.jacoco.agent.rt.internal_f3994fa.CoverageTransformer.transform(CoverageTransformer.java:92)
	... 54 more
Caused by: java.lang.IllegalArgumentException: Unsupported class file major version 65
	at org.jacoco.agent.rt.internal_f3994fa.asm.ClassReader.<init>(ClassReader.java:196)
	at org.jacoco.agent.rt.internal_f3994fa.asm.ClassReader.<init>(ClassReader.java:177)
	at org.jacoco.agent.rt.internal_f3994fa.asm.ClassReader.<init>(ClassReader.java:163)
	at org.jacoco.agent.rt.internal_f3994fa.core.internal.instr.InstrSupport.classReaderFor(InstrSupport.java:280)
	at org.jacoco.agent.rt.internal_f3994fa.core.instr.Instrumenter.instrument(Instrumenter.java:76)
	at org.jacoco.agent.rt.internal_f3994fa.core.instr.Instrumenter.instrument(Instrumenter.java:108)
	... 55 more
java.lang.instrument.IllegalClassFormatException: Error while instrumenting java/sql/Statement.
	at org.jacoco.agent.rt.internal_f3994fa.CoverageTransformer.transform(CoverageTransformer.java:94)
	at java.instrument/java.lang.instrument.ClassFileTransformer.transform(ClassFileTransformer.java:244)
	at java.instrument/sun.instrument.TransformerManager.transform(TransformerManager.java:188)
	at java.instrument/sun.instrument.InstrumentationImpl.transform(InstrumentationImpl.java:610)
	at java.base/java.lang.ClassLoader.defineClass2(Native Method)
	at java.base/java.lang.ClassLoader.defineClass(ClassLoader.java:1118)
	at java.base/java.security.SecureClassLoader.defineClass(SecureClassLoader.java:182)
	at java.base/jdk.internal.loader.BuiltinClassLoader.defineClass(BuiltinClassLoader.java:821)
	at java.base/jdk.internal.loader.BuiltinClassLoader.findClassInModuleOrNull(BuiltinClassLoader.java:741)
	at java.base/jdk.internal.loader.BuiltinClassLoader.loadClassOrNull(BuiltinClassLoader.java:665)
	at java.base/jdk.internal.loader.BuiltinClassLoader.loadClass(BuiltinClassLoader.java:639)
	at java.base/java.lang.ClassLoader.loadClass(ClassLoader.java:526)
	at java.base/java.lang.ClassLoader.defineClass2(Native Method)
	at java.base/java.lang.ClassLoader.defineClass(ClassLoader.java:1118)
	at java.base/java.security.SecureClassLoader.defineClass(SecureClassLoader.java:182)
	at java.base/jdk.internal.loader.BuiltinClassLoader.defineClass(BuiltinClassLoader.java:821)
	at java.base/jdk.internal.loader.BuiltinClassLoader.findClassInModuleOrNull(BuiltinClassLoader.java:741)
	at java.base/jdk.internal.loader.BuiltinClassLoader.loadClassOrNull(BuiltinClassLoader.java:665)
	at java.base/jdk.internal.loader.BuiltinClassLoader.loadClass(BuiltinClassLoader.java:639)
	at java.base/java.lang.ClassLoader.loadClass(ClassLoader.java:526)
	at java.base/java.lang.ClassLoader.defineClass2(Native Method)
	at java.base/java.lang.ClassLoader.defineClass(ClassLoader.java:1118)
	at java.base/java.security.SecureClassLoader.defineClass(SecureClassLoader.java:182)
	at java.base/jdk.internal.loader.BuiltinClassLoader.defineClass(BuiltinClassLoader.java:821)
	at java.base/jdk.internal.loader.BuiltinClassLoader.findClassInModuleOrNull(BuiltinClassLoader.java:741)
	at java.base/jdk.internal.loader.BuiltinClassLoader.loadClassOrNull(BuiltinClassLoader.java:665)
	at java.base/jdk.internal.loader.BuiltinClassLoader.loadClassOrNull(BuiltinClassLoader.java:700)
	at java.base/jdk.internal.loader.BuiltinClassLoader.loadClassOrNull(BuiltinClassLoader.java:669)
	at java.base/jdk.internal.loader.BuiltinClassLoader.loadClass(BuiltinClassLoader.java:639)
	at java.base/jdk.internal.loader.ClassLoaders$AppClassLoader.loadClass(ClassLoaders.java:188)
	at java.base/java.lang.ClassLoader.loadClass(ClassLoader.java:526)
	at com.mysql.cj.jdbc.NonRegisteringDriver.connect(NonRegisteringDriver.java:188)
	at java.sql/java.sql.DriverManager.getConnection(DriverManager.java:683)
	at java.sql/java.sql.DriverManager.getConnection(DriverManager.java:230)
	at dao.DBConnection.<init>(DBConnection.java:29)
	at dao.DBConnection.getInstance(DBConnection.java:43)
	at JUnit.TesteAplicacao.testReaberturaConexao(TesteAplicacao.java:59)
	at java.base/jdk.internal.reflect.DirectMethodHandleAccessor.invoke(DirectMethodHandleAccessor.java:103)
	at java.base/java.lang.reflect.Method.invoke(Method.java:580)
	at org.junit.runners.model.FrameworkMethod$1.runReflectiveCall(FrameworkMethod.java:59)
	at org.junit.internal.runners.model.ReflectiveCallable.run(ReflectiveCallable.java:12)
	at org.junit.runners.model.FrameworkMethod.invokeExplosively(FrameworkMethod.java:56)
	at org.junit.internal.runners.statements.InvokeMethod.evaluate(InvokeMethod.java:17)
	at org.junit.runners.ParentRunner$3.evaluate(ParentRunner.java:306)
	at org.junit.runners.BlockJUnit4ClassRunner$1.evaluate(BlockJUnit4ClassRunner.java:100)
	at org.junit.runners.ParentRunner.runLeaf(ParentRunner.java:366)
	at org.junit.runners.BlockJUnit4ClassRunner.runChild(BlockJUnit4ClassRunner.java:103)
	at org.junit.runners.BlockJUnit4ClassRunner.runChild(BlockJUnit4ClassRunner.java:63)
	at org.junit.runners.ParentRunner$4.run(ParentRunner.java:331)
	at org.junit.runners.ParentRunner$1.schedule(ParentRunner.java:79)
	at org.junit.runners.ParentRunner.runChildren(ParentRunner.java:329)
	at org.junit.runners.ParentRunner.access$100(ParentRunner.java:66)
	at org.junit.runners.ParentRunner$2.evaluate(ParentRunner.java:293)
	at org.junit.runners.ParentRunner$3.evaluate(ParentRunner.java:306)
	at org.junit.runners.ParentRunner.run(ParentRunner.java:413)
	at org.apache.maven.surefire.junit4.JUnit4Provider.execute(JUnit4Provider.java:316)
	at org.apache.maven.surefire.junit4.JUnit4Provider.executeWithRerun(JUnit4Provider.java:240)
	at org.apache.maven.surefire.junit4.JUnit4Provider.executeTestSet(JUnit4Provider.java:214)
	at org.apache.maven.surefire.junit4.JUnit4Provider.invoke(JUnit4Provider.java:155)
	at org.apache.maven.surefire.booter.ForkedBooter.runSuitesInProcess(ForkedBooter.java:385)
	at org.apache.maven.surefire.booter.ForkedBooter.execute(ForkedBooter.java:162)
	at org.apache.maven.surefire.booter.ForkedBooter.run(ForkedBooter.java:507)
	at org.apache.maven.surefire.booter.ForkedBooter.main(ForkedBooter.java:495)
Caused by: java.io.IOException: Error while instrumenting java/sql/Statement.
	at org.jacoco.agent.rt.internal_f3994fa.core.instr.Instrumenter.instrumentError(Instrumenter.java:160)
	at org.jacoco.agent.rt.internal_f3994fa.core.instr.Instrumenter.instrument(Instrumenter.java:110)
	at org.jacoco.agent.rt.internal_f3994fa.CoverageTransformer.transform(CoverageTransformer.java:92)
	... 62 more
Caused by: java.lang.IllegalArgumentException: Unsupported class file major version 65
	at org.jacoco.agent.rt.internal_f3994fa.asm.ClassReader.<init>(ClassReader.java:196)
	at org.jacoco.agent.rt.internal_f3994fa.asm.ClassReader.<init>(ClassReader.java:177)
	at org.jacoco.agent.rt.internal_f3994fa.asm.ClassReader.<init>(ClassReader.java:163)
	at org.jacoco.agent.rt.internal_f3994fa.core.internal.instr.InstrSupport.classReaderFor(InstrSupport.java:280)
	at org.jacoco.agent.rt.internal_f3994fa.core.instr.Instrumenter.instrument(Instrumenter.java:76)
	at org.jacoco.agent.rt.internal_f3994fa.core.instr.Instrumenter.instrument(Instrumenter.java:108)
	... 63 more
java.lang.instrument.IllegalClassFormatException: Error while instrumenting java/sql/DatabaseMetaData.
	at org.jacoco.agent.rt.internal_f3994fa.CoverageTransformer.transform(CoverageTransformer.java:94)
	at java.instrument/java.lang.instrument.ClassFileTransformer.transform(ClassFileTransformer.java:244)
	at java.instrument/sun.instrument.TransformerManager.transform(TransformerManager.java:188)
	at java.instrument/sun.instrument.InstrumentationImpl.transform(InstrumentationImpl.java:610)
	at java.base/java.lang.ClassLoader.defineClass2(Native Method)
	at java.base/java.lang.ClassLoader.defineClass(ClassLoader.java:1118)
	at java.base/java.security.SecureClassLoader.defineClass(SecureClassLoader.java:182)
	at java.base/jdk.internal.loader.BuiltinClassLoader.defineClass(BuiltinClassLoader.java:821)
	at java.base/jdk.internal.loader.BuiltinClassLoader.findClassInModuleOrNull(BuiltinClassLoader.java:741)
	at java.base/jdk.internal.loader.BuiltinClassLoader.loadClassOrNull(BuiltinClassLoader.java:665)
	at java.base/jdk.internal.loader.BuiltinClassLoader.loadClassOrNull(BuiltinClassLoader.java:700)
	at java.base/jdk.internal.loader.BuiltinClassLoader.loadClassOrNull(BuiltinClassLoader.java:669)
	at java.base/jdk.internal.loader.BuiltinClassLoader.loadClass(BuiltinClassLoader.java:639)
	at java.base/jdk.internal.loader.ClassLoaders$AppClassLoader.loadClass(ClassLoaders.java:188)
	at java.base/java.lang.ClassLoader.loadClass(ClassLoader.java:526)
	at com.mysql.cj.jdbc.NonRegisteringDriver.connect(NonRegisteringDriver.java:188)
	at java.sql/java.sql.DriverManager.getConnection(DriverManager.java:683)
	at java.sql/java.sql.DriverManager.getConnection(DriverManager.java:230)
	at dao.DBConnection.<init>(DBConnection.java:29)
	at dao.DBConnection.getInstance(DBConnection.java:43)
	at JUnit.TesteAplicacao.testReaberturaConexao(TesteAplicacao.java:59)
	at java.base/jdk.internal.reflect.DirectMethodHandleAccessor.invoke(DirectMethodHandleAccessor.java:103)
	at java.base/java.lang.reflect.Method.invoke(Method.java:580)
	at org.junit.runners.model.FrameworkMethod$1.runReflectiveCall(FrameworkMethod.java:59)
	at org.junit.internal.runners.model.ReflectiveCallable.run(ReflectiveCallable.java:12)
	at org.junit.runners.model.FrameworkMethod.invokeExplosively(FrameworkMethod.java:56)
	at org.junit.internal.runners.statements.InvokeMethod.evaluate(InvokeMethod.java:17)
	at org.junit.runners.ParentRunner$3.evaluate(ParentRunner.java:306)
	at org.junit.runners.BlockJUnit4ClassRunner$1.evaluate(BlockJUnit4ClassRunner.java:100)
	at org.junit.runners.ParentRunner.runLeaf(ParentRunner.java:366)
	at org.junit.runners.BlockJUnit4ClassRunner.runChild(BlockJUnit4ClassRunner.java:103)
	at org.junit.runners.BlockJUnit4ClassRunner.runChild(BlockJUnit4ClassRunner.java:63)
	at org.junit.runners.ParentRunner$4.run(ParentRunner.java:331)
	at org.junit.runners.ParentRunner$1.schedule(ParentRunner.java:79)
	at org.junit.runners.ParentRunner.runChildren(ParentRunner.java:329)
	at org.junit.runners.ParentRunner.access$100(ParentRunner.java:66)
	at org.junit.runners.ParentRunner$2.evaluate(ParentRunner.java:293)
	at org.junit.runners.ParentRunner$3.evaluate(ParentRunner.java:306)
	at org.junit.runners.ParentRunner.run(ParentRunner.java:413)
	at org.apache.maven.surefire.junit4.JUnit4Provider.execute(JUnit4Provider.java:316)
	at org.apache.maven.surefire.junit4.JUnit4Provider.executeWithRerun(JUnit4Provider.java:240)
	at org.apache.maven.surefire.junit4.JUnit4Provider.executeTestSet(JUnit4Provider.java:214)
	at org.apache.maven.surefire.junit4.JUnit4Provider.invoke(JUnit4Provider.java:155)
	at org.apache.maven.surefire.booter.ForkedBooter.runSuitesInProcess(ForkedBooter.java:385)
	at org.apache.maven.surefire.booter.ForkedBooter.execute(ForkedBooter.java:162)
	at org.apache.maven.surefire.booter.ForkedBooter.run(ForkedBooter.java:507)
	at org.apache.maven.surefire.booter.ForkedBooter.main(ForkedBooter.java:495)
Caused by: java.io.IOException: Error while instrumenting java/sql/DatabaseMetaData.
	at org.jacoco.agent.rt.internal_f3994fa.core.instr.Instrumenter.instrumentError(Instrumenter.java:160)
	at org.jacoco.agent.rt.internal_f3994fa.core.instr.Instrumenter.instrument(Instrumenter.java:110)
	at org.jacoco.agent.rt.internal_f3994fa.CoverageTransformer.transform(CoverageTransformer.java:92)
	... 46 more
Caused by: java.lang.IllegalArgumentException: Unsupported class file major version 65
	at org.jacoco.agent.rt.internal_f3994fa.asm.ClassReader.<init>(ClassReader.java:196)
	at org.jacoco.agent.rt.internal_f3994fa.asm.ClassReader.<init>(ClassReader.java:177)
	at org.jacoco.agent.rt.internal_f3994fa.asm.ClassReader.<init>(ClassReader.java:163)
	at org.jacoco.agent.rt.internal_f3994fa.core.internal.instr.InstrSupport.classReaderFor(InstrSupport.java:280)
	at org.jacoco.agent.rt.internal_f3994fa.core.instr.Instrumenter.instrument(Instrumenter.java:76)
	at org.jacoco.agent.rt.internal_f3994fa.core.instr.Instrumenter.instrument(Instrumenter.java:108)
	... 47 more
java.lang.instrument.IllegalClassFormatException: Error while instrumenting java/sql/NClob.
	at org.jacoco.agent.rt.internal_f3994fa.CoverageTransformer.transform(CoverageTransformer.java:94)
	at java.instrument/java.lang.instrument.ClassFileTransformer.transform(ClassFileTransformer.java:244)
	at java.instrument/sun.instrument.TransformerManager.transform(TransformerManager.java:188)
	at java.instrument/sun.instrument.InstrumentationImpl.transform(InstrumentationImpl.java:610)
	at java.base/java.lang.ClassLoader.defineClass2(Native Method)
	at java.base/java.lang.ClassLoader.defineClass(ClassLoader.java:1118)
	at java.base/java.security.SecureClassLoader.defineClass(SecureClassLoader.java:182)
	at java.base/jdk.internal.loader.BuiltinClassLoader.defineClass(BuiltinClassLoader.java:821)
	at java.base/jdk.internal.loader.BuiltinClassLoader.findClassInModuleOrNull(BuiltinClassLoader.java:741)
	at java.base/jdk.internal.loader.BuiltinClassLoader.loadClassOrNull(BuiltinClassLoader.java:665)
	at java.base/jdk.internal.loader.BuiltinClassLoader.loadClassOrNull(BuiltinClassLoader.java:700)
	at java.base/jdk.internal.loader.BuiltinClassLoader.loadClassOrNull(BuiltinClassLoader.java:669)
	at java.base/jdk.internal.loader.BuiltinClassLoader.loadClass(BuiltinClassLoader.java:639)
	at java.base/jdk.internal.loader.ClassLoaders$AppClassLoader.loadClass(ClassLoaders.java:188)
	at java.base/java.lang.ClassLoader.loadClass(ClassLoader.java:526)
	at com.mysql.cj.jdbc.NonRegisteringDriver.connect(NonRegisteringDriver.java:188)
	at java.sql/java.sql.DriverManager.getConnection(DriverManager.java:683)
	at java.sql/java.sql.DriverManager.getConnection(DriverManager.java:230)
	at dao.DBConnection.<init>(DBConnection.java:29)
	at dao.DBConnection.getInstance(DBConnection.java:43)
	at JUnit.TesteAplicacao.testReaberturaConexao(TesteAplicacao.java:59)
	at java.base/jdk.internal.reflect.DirectMethodHandleAccessor.invoke(DirectMethodHandleAccessor.java:103)
	at java.base/java.lang.reflect.Method.invoke(Method.java:580)
	at org.junit.runners.model.FrameworkMethod$1.runReflectiveCall(FrameworkMethod.java:59)
	at org.junit.internal.runners.model.ReflectiveCallable.run(ReflectiveCallable.java:12)
	at org.junit.runners.model.FrameworkMethod.invokeExplosively(FrameworkMethod.java:56)
	at org.junit.internal.runners.statements.InvokeMethod.evaluate(InvokeMethod.java:17)
	at org.junit.runners.ParentRunner$3.evaluate(ParentRunner.java:306)
	at org.junit.runners.BlockJUnit4ClassRunner$1.evaluate(BlockJUnit4ClassRunner.java:100)
	at org.junit.runners.ParentRunner.runLeaf(ParentRunner.java:366)
	at org.junit.runners.BlockJUnit4ClassRunner.runChild(BlockJUnit4ClassRunner.java:103)
	at org.junit.runners.BlockJUnit4ClassRunner.runChild(BlockJUnit4ClassRunner.java:63)
	at org.junit.runners.ParentRunner$4.run(ParentRunner.java:331)
	at org.junit.runners.ParentRunner$1.schedule(ParentRunner.java:79)
	at org.junit.runners.ParentRunner.runChildren(ParentRunner.java:329)
	at org.junit.runners.ParentRunner.access$100(ParentRunner.java:66)
	at org.junit.runners.ParentRunner$2.evaluate(ParentRunner.java:293)
	at org.junit.runners.ParentRunner$3.evaluate(ParentRunner.java:306)
	at org.junit.runners.ParentRunner.run(ParentRunner.java:413)
	at org.apache.maven.surefire.junit4.JUnit4Provider.execute(JUnit4Provider.java:316)
	at org.apache.maven.surefire.junit4.JUnit4Provider.executeWithRerun(JUnit4Provider.java:240)
	at org.apache.maven.surefire.junit4.JUnit4Provider.executeTestSet(JUnit4Provider.java:214)
	at org.apache.maven.surefire.junit4.JUnit4Provider.invoke(JUnit4Provider.java:155)
	at org.apache.maven.surefire.booter.ForkedBooter.runSuitesInProcess(ForkedBooter.java:385)
	at org.apache.maven.surefire.booter.ForkedBooter.execute(ForkedBooter.java:162)
	at org.apache.maven.surefire.booter.ForkedBooter.run(ForkedBooter.java:507)
	at org.apache.maven.surefire.booter.ForkedBooter.main(ForkedBooter.java:495)
Caused by: java.io.IOException: Error while instrumenting java/sql/NClob.
	at org.jacoco.agent.rt.internal_f3994fa.core.instr.Instrumenter.instrumentError(Instrumenter.java:160)
	at org.jacoco.agent.rt.internal_f3994fa.core.instr.Instrumenter.instrument(Instrumenter.java:110)
	at org.jacoco.agent.rt.internal_f3994fa.CoverageTransformer.transform(CoverageTransformer.java:92)
	... 46 more
Caused by: java.lang.IllegalArgumentException: Unsupported class file major version 65
	at org.jacoco.agent.rt.internal_f3994fa.asm.ClassReader.<init>(ClassReader.java:196)
	at org.jacoco.agent.rt.internal_f3994fa.asm.ClassReader.<init>(ClassReader.java:177)
	at org.jacoco.agent.rt.internal_f3994fa.asm.ClassReader.<init>(ClassReader.java:163)
	at org.jacoco.agent.rt.internal_f3994fa.core.internal.instr.InstrSupport.classReaderFor(InstrSupport.java:280)
	at org.jacoco.agent.rt.internal_f3994fa.core.instr.Instrumenter.instrument(Instrumenter.java:76)
	at org.jacoco.agent.rt.internal_f3994fa.core.instr.Instrumenter.instrument(Instrumenter.java:108)
	... 47 more
java.lang.instrument.IllegalClassFormatException: Error while instrumenting java/sql/Savepoint.
	at org.jacoco.agent.rt.internal_f3994fa.CoverageTransformer.transform(CoverageTransformer.java:94)
	at java.instrument/java.lang.instrument.ClassFileTransformer.transform(ClassFileTransformer.java:244)
	at java.instrument/sun.instrument.TransformerManager.transform(TransformerManager.java:188)
	at java.instrument/sun.instrument.InstrumentationImpl.transform(InstrumentationImpl.java:610)
	at java.base/java.lang.ClassLoader.defineClass2(Native Method)
	at java.base/java.lang.ClassLoader.defineClass(ClassLoader.java:1118)
	at java.base/java.security.SecureClassLoader.defineClass(SecureClassLoader.java:182)
	at java.base/jdk.internal.loader.BuiltinClassLoader.defineClass(BuiltinClassLoader.java:821)
	at java.base/jdk.internal.loader.BuiltinClassLoader.findClassInModuleOrNull(BuiltinClassLoader.java:741)
	at java.base/jdk.internal.loader.BuiltinClassLoader.loadClassOrNull(BuiltinClassLoader.java:665)
	at java.base/jdk.internal.loader.BuiltinClassLoader.loadClassOrNull(BuiltinClassLoader.java:700)
	at java.base/jdk.internal.loader.BuiltinClassLoader.loadClassOrNull(BuiltinClassLoader.java:669)
	at java.base/jdk.internal.loader.BuiltinClassLoader.loadClass(BuiltinClassLoader.java:639)
	at java.base/jdk.internal.loader.ClassLoaders$AppClassLoader.loadClass(ClassLoaders.java:188)
	at java.base/java.lang.ClassLoader.loadClass(ClassLoader.java:526)
	at com.mysql.cj.jdbc.NonRegisteringDriver.connect(NonRegisteringDriver.java:188)
	at java.sql/java.sql.DriverManager.getConnection(DriverManager.java:683)
	at java.sql/java.sql.DriverManager.getConnection(DriverManager.java:230)
	at dao.DBConnection.<init>(DBConnection.java:29)
	at dao.DBConnection.getInstance(DBConnection.java:43)
	at JUnit.TesteAplicacao.testReaberturaConexao(TesteAplicacao.java:59)
	at java.base/jdk.internal.reflect.DirectMethodHandleAccessor.invoke(DirectMethodHandleAccessor.java:103)
	at java.base/java.lang.reflect.Method.invoke(Method.java:580)
	at org.junit.runners.model.FrameworkMethod$1.runReflectiveCall(FrameworkMethod.java:59)
	at org.junit.internal.runners.model.ReflectiveCallable.run(ReflectiveCallable.java:12)
	at org.junit.runners.model.FrameworkMethod.invokeExplosively(FrameworkMethod.java:56)
	at org.junit.internal.runners.statements.InvokeMethod.evaluate(InvokeMethod.java:17)
	at org.junit.runners.ParentRunner$3.evaluate(ParentRunner.java:306)
	at org.junit.runners.BlockJUnit4ClassRunner$1.evaluate(BlockJUnit4ClassRunner.java:100)
	at org.junit.runners.ParentRunner.runLeaf(ParentRunner.java:366)
	at org.junit.runners.BlockJUnit4ClassRunner.runChild(BlockJUnit4ClassRunner.java:103)
	at org.junit.runners.BlockJUnit4ClassRunner.runChild(BlockJUnit4ClassRunner.java:63)
	at org.junit.runners.ParentRunner$4.run(ParentRunner.java:331)
	at org.junit.runners.ParentRunner$1.schedule(ParentRunner.java:79)
	at org.junit.runners.ParentRunner.runChildren(ParentRunner.java:329)
	at org.junit.runners.ParentRunner.access$100(ParentRunner.java:66)
	at org.junit.runners.ParentRunner$2.evaluate(ParentRunner.java:293)
	at org.junit.runners.ParentRunner$3.evaluate(ParentRunner.java:306)
	at org.junit.runners.ParentRunner.run(ParentRunner.java:413)
	at org.apache.maven.surefire.junit4.JUnit4Provider.execute(JUnit4Provider.java:316)
	at org.apache.maven.surefire.junit4.JUnit4Provider.executeWithRerun(JUnit4Provider.java:240)
	at org.apache.maven.surefire.junit4.JUnit4Provider.executeTestSet(JUnit4Provider.java:214)
	at org.apache.maven.surefire.junit4.JUnit4Provider.invoke(JUnit4Provider.java:155)
	at org.apache.maven.surefire.booter.ForkedBooter.runSuitesInProcess(ForkedBooter.java:385)
	at org.apache.maven.surefire.booter.ForkedBooter.execute(ForkedBooter.java:162)
	at org.apache.maven.surefire.booter.ForkedBooter.run(ForkedBooter.java:507)
	at org.apache.maven.surefire.booter.ForkedBooter.main(ForkedBooter.java:495)
Caused by: java.io.IOException: Error while instrumenting java/sql/Savepoint.
	at org.jacoco.agent.rt.internal_f3994fa.core.instr.Instrumenter.instrumentError(Instrumenter.java:160)
	at org.jacoco.agent.rt.internal_f3994fa.core.instr.Instrumenter.instrument(Instrumenter.java:110)
	at org.jacoco.agent.rt.internal_f3994fa.CoverageTransformer.transform(CoverageTransformer.java:92)
	... 46 more
Caused by: java.lang.IllegalArgumentException: Unsupported class file major version 65
	at org.jacoco.agent.rt.internal_f3994fa.asm.ClassReader.<init>(ClassReader.java:196)
	at org.jacoco.agent.rt.internal_f3994fa.asm.ClassReader.<init>(ClassReader.java:177)
	at org.jacoco.agent.rt.internal_f3994fa.asm.ClassReader.<init>(ClassReader.java:163)
	at org.jacoco.agent.rt.internal_f3994fa.core.internal.instr.InstrSupport.classReaderFor(InstrSupport.java:280)
	at org.jacoco.agent.rt.internal_f3994fa.core.instr.Instrumenter.instrument(Instrumenter.java:76)
	at org.jacoco.agent.rt.internal_f3994fa.core.instr.Instrumenter.instrument(Instrumenter.java:108)
	... 47 more
java.lang.instrument.IllegalClassFormatException: Error while instrumenting java/sql/ResultSet.
	at org.jacoco.agent.rt.internal_f3994fa.CoverageTransformer.transform(CoverageTransformer.java:94)
	at java.instrument/java.lang.instrument.ClassFileTransformer.transform(ClassFileTransformer.java:244)
	at java.instrument/sun.instrument.TransformerManager.transform(TransformerManager.java:188)
	at java.instrument/sun.instrument.InstrumentationImpl.transform(InstrumentationImpl.java:610)
	at java.base/java.lang.ClassLoader.defineClass2(Native Method)
	at java.base/java.lang.ClassLoader.defineClass(ClassLoader.java:1118)
	at java.base/java.security.SecureClassLoader.defineClass(SecureClassLoader.java:182)
	at java.base/jdk.internal.loader.BuiltinClassLoader.defineClass(BuiltinClassLoader.java:821)
	at java.base/jdk.internal.loader.BuiltinClassLoader.findClassInModuleOrNull(BuiltinClassLoader.java:741)
	at java.base/jdk.internal.loader.BuiltinClassLoader.loadClassOrNull(BuiltinClassLoader.java:665)
	at java.base/jdk.internal.loader.BuiltinClassLoader.loadClassOrNull(BuiltinClassLoader.java:700)
	at java.base/jdk.internal.loader.BuiltinClassLoader.loadClassOrNull(BuiltinClassLoader.java:669)
	at java.base/jdk.internal.loader.BuiltinClassLoader.loadClass(BuiltinClassLoader.java:639)
	at java.base/jdk.internal.loader.ClassLoaders$AppClassLoader.loadClass(ClassLoaders.java:188)
	at java.base/java.lang.ClassLoader.loadClass(ClassLoader.java:526)
	at java.base/java.lang.ClassLoader.defineClass1(Native Method)
	at java.base/java.lang.ClassLoader.defineClass(ClassLoader.java:1027)
	at java.base/java.security.SecureClassLoader.defineClass(SecureClassLoader.java:150)
	at java.base/jdk.internal.loader.BuiltinClassLoader.defineClass(BuiltinClassLoader.java:862)
	at java.base/jdk.internal.loader.BuiltinClassLoader.findClassOnClassPathOrNull(BuiltinClassLoader.java:760)
	at java.base/jdk.internal.loader.BuiltinClassLoader.loadClassOrNull(BuiltinClassLoader.java:681)
	at java.base/jdk.internal.loader.BuiltinClassLoader.loadClass(BuiltinClassLoader.java:639)
	at java.base/jdk.internal.loader.ClassLoaders$AppClassLoader.loadClass(ClassLoaders.java:188)
	at java.base/java.lang.ClassLoader.loadClass(ClassLoader.java:526)
	at java.base/java.lang.ClassLoader.defineClass1(Native Method)
	at java.base/java.lang.ClassLoader.defineClass(ClassLoader.java:1027)
	at java.base/java.security.SecureClassLoader.defineClass(SecureClassLoader.java:150)
	at java.base/jdk.internal.loader.BuiltinClassLoader.defineClass(BuiltinClassLoader.java:862)
	at java.base/jdk.internal.loader.BuiltinClassLoader.findClassOnClassPathOrNull(BuiltinClassLoader.java:760)
	at java.base/jdk.internal.loader.BuiltinClassLoader.loadClassOrNull(BuiltinClassLoader.java:681)
	at java.base/jdk.internal.loader.BuiltinClassLoader.loadClass(BuiltinClassLoader.java:639)
	at java.base/jdk.internal.loader.ClassLoaders$AppClassLoader.loadClass(ClassLoaders.java:188)
	at java.base/java.lang.ClassLoader.loadClass(ClassLoader.java:526)
	at com.mysql.cj.jdbc.ConnectionImpl.<init>(ConnectionImpl.java:391)
	at com.mysql.cj.jdbc.ConnectionImpl.getInstance(ConnectionImpl.java:239)
	at com.mysql.cj.jdbc.NonRegisteringDriver.connect(NonRegisteringDriver.java:188)
	at java.sql/java.sql.DriverManager.getConnection(DriverManager.java:683)
	at java.sql/java.sql.DriverManager.getConnection(DriverManager.java:230)
	at dao.DBConnection.<init>(DBConnection.java:29)
	at dao.DBConnection.getInstance(DBConnection.java:43)
	at JUnit.TesteAplicacao.testReaberturaConexao(TesteAplicacao.java:59)
	at java.base/jdk.internal.reflect.DirectMethodHandleAccessor.invoke(DirectMethodHandleAccessor.java:103)
	at java.base/java.lang.reflect.Method.invoke(Method.java:580)
	at org.junit.runners.model.FrameworkMethod$1.runReflectiveCall(FrameworkMethod.java:59)
	at org.junit.internal.runners.model.ReflectiveCallable.run(ReflectiveCallable.java:12)
	at org.junit.runners.model.FrameworkMethod.invokeExplosively(FrameworkMethod.java:56)
	at org.junit.internal.runners.statements.InvokeMethod.evaluate(InvokeMethod.java:17)
	at org.junit.runners.ParentRunner$3.evaluate(ParentRunner.java:306)
	at org.junit.runners.BlockJUnit4ClassRunner$1.evaluate(BlockJUnit4ClassRunner.java:100)
	at org.junit.runners.ParentRunner.runLeaf(ParentRunner.java:366)
	at org.junit.runners.BlockJUnit4ClassRunner.runChild(BlockJUnit4ClassRunner.java:103)
	at org.junit.runners.BlockJUnit4ClassRunner.runChild(BlockJUnit4ClassRunner.java:63)
	at org.junit.runners.ParentRunner$4.run(ParentRunner.java:331)
	at org.junit.runners.ParentRunner$1.schedule(ParentRunner.java:79)
	at org.junit.runners.ParentRunner.runChildren(ParentRunner.java:329)
	at org.junit.runners.ParentRunner.access$100(ParentRunner.java:66)
	at org.junit.runners.ParentRunner$2.evaluate(ParentRunner.java:293)
	at org.junit.runners.ParentRunner$3.evaluate(ParentRunner.java:306)
	at org.junit.runners.ParentRunner.run(ParentRunner.java:413)
	at org.apache.maven.surefire.junit4.JUnit4Provider.execute(JUnit4Provider.java:316)
	at org.apache.maven.surefire.junit4.JUnit4Provider.executeWithRerun(JUnit4Provider.java:240)
	at org.apache.maven.surefire.junit4.JUnit4Provider.executeTestSet(JUnit4Provider.java:214)
	at org.apache.maven.surefire.junit4.JUnit4Provider.invoke(JUnit4Provider.java:155)
	at org.apache.maven.surefire.booter.ForkedBooter.runSuitesInProcess(ForkedBooter.java:385)
	at org.apache.maven.surefire.booter.ForkedBooter.execute(ForkedBooter.java:162)
	at org.apache.maven.surefire.booter.ForkedBooter.run(ForkedBooter.java:507)
	at org.apache.maven.surefire.booter.ForkedBooter.main(ForkedBooter.java:495)
Caused by: java.io.IOException: Error while instrumenting java/sql/ResultSet.
	at org.jacoco.agent.rt.internal_f3994fa.core.instr.Instrumenter.instrumentError(Instrumenter.java:160)
	at org.jacoco.agent.rt.internal_f3994fa.core.instr.Instrumenter.instrument(Instrumenter.java:110)
	at org.jacoco.agent.rt.internal_f3994fa.CoverageTransformer.transform(CoverageTransformer.java:92)
	... 66 more
Caused by: java.lang.IllegalArgumentException: Unsupported class file major version 65
	at org.jacoco.agent.rt.internal_f3994fa.asm.ClassReader.<init>(ClassReader.java:196)
	at org.jacoco.agent.rt.internal_f3994fa.asm.ClassReader.<init>(ClassReader.java:177)
	at org.jacoco.agent.rt.internal_f3994fa.asm.ClassReader.<init>(ClassReader.java:163)
	at org.jacoco.agent.rt.internal_f3994fa.core.internal.instr.InstrSupport.classReaderFor(InstrSupport.java:280)
	at org.jacoco.agent.rt.internal_f3994fa.core.instr.Instrumenter.instrument(Instrumenter.java:76)
	at org.jacoco.agent.rt.internal_f3994fa.core.instr.Instrumenter.instrument(Instrumenter.java:108)
	... 67 more
java.lang.instrument.IllegalClassFormatException: Error while instrumenting java/sql/DataTruncation.
	at org.jacoco.agent.rt.internal_f3994fa.CoverageTransformer.transform(CoverageTransformer.java:94)
	at java.instrument/java.lang.instrument.ClassFileTransformer.transform(ClassFileTransformer.java:244)
	at java.instrument/sun.instrument.TransformerManager.transform(TransformerManager.java:188)
	at java.instrument/sun.instrument.InstrumentationImpl.transform(InstrumentationImpl.java:610)
	at java.base/java.lang.ClassLoader.defineClass2(Native Method)
	at java.base/java.lang.ClassLoader.defineClass(ClassLoader.java:1118)
	at java.base/java.security.SecureClassLoader.defineClass(SecureClassLoader.java:182)
	at java.base/jdk.internal.loader.BuiltinClassLoader.defineClass(BuiltinClassLoader.java:821)
	at java.base/jdk.internal.loader.BuiltinClassLoader.findClassInModuleOrNull(BuiltinClassLoader.java:741)
	at java.base/jdk.internal.loader.BuiltinClassLoader.loadClassOrNull(BuiltinClassLoader.java:665)
	at java.base/jdk.internal.loader.BuiltinClassLoader.loadClassOrNull(BuiltinClassLoader.java:700)
	at java.base/jdk.internal.loader.BuiltinClassLoader.loadClassOrNull(BuiltinClassLoader.java:669)
	at java.base/jdk.internal.loader.BuiltinClassLoader.loadClass(BuiltinClassLoader.java:639)
	at java.base/jdk.internal.loader.ClassLoaders$AppClassLoader.loadClass(ClassLoaders.java:188)
	at java.base/java.lang.ClassLoader.loadClass(ClassLoader.java:526)
	at com.mysql.cj.NativeSession.connect(NativeSession.java:127)
	at com.mysql.cj.jdbc.ConnectionImpl.connectOneTryOnly(ConnectionImpl.java:945)
	at com.mysql.cj.jdbc.ConnectionImpl.createNewIO(ConnectionImpl.java:815)
	at com.mysql.cj.jdbc.ConnectionImpl.<init>(ConnectionImpl.java:446)
	at com.mysql.cj.jdbc.ConnectionImpl.getInstance(ConnectionImpl.java:239)
	at com.mysql.cj.jdbc.NonRegisteringDriver.connect(NonRegisteringDriver.java:188)
	at java.sql/java.sql.DriverManager.getConnection(DriverManager.java:683)
	at java.sql/java.sql.DriverManager.getConnection(DriverManager.java:230)
	at dao.DBConnection.<init>(DBConnection.java:29)
	at dao.DBConnection.getInstance(DBConnection.java:43)
	at JUnit.TesteAplicacao.testReaberturaConexao(TesteAplicacao.java:59)
	at java.base/jdk.internal.reflect.DirectMethodHandleAccessor.invoke(DirectMethodHandleAccessor.java:103)
	at java.base/java.lang.reflect.Method.invoke(Method.java:580)
	at org.junit.runners.model.FrameworkMethod$1.runReflectiveCall(FrameworkMethod.java:59)
	at org.junit.internal.runners.model.ReflectiveCallable.run(ReflectiveCallable.java:12)
	at org.junit.runners.model.FrameworkMethod.invokeExplosively(FrameworkMethod.java:56)
	at org.junit.internal.runners.statements.InvokeMethod.evaluate(InvokeMethod.java:17)
	at org.junit.runners.ParentRunner$3.evaluate(ParentRunner.java:306)
	at org.junit.runners.BlockJUnit4ClassRunner$1.evaluate(BlockJUnit4ClassRunner.java:100)
	at org.junit.runners.ParentRunner.runLeaf(ParentRunner.java:366)
	at org.junit.runners.BlockJUnit4ClassRunner.runChild(BlockJUnit4ClassRunner.java:103)
	at org.junit.runners.BlockJUnit4ClassRunner.runChild(BlockJUnit4ClassRunner.java:63)
	at org.junit.runners.ParentRunner$4.run(ParentRunner.java:331)
	at org.junit.runners.ParentRunner$1.schedule(ParentRunner.java:79)
	at org.junit.runners.ParentRunner.runChildren(ParentRunner.java:329)
	at org.junit.runners.ParentRunner.access$100(ParentRunner.java:66)
	at org.junit.runners.ParentRunner$2.evaluate(ParentRunner.java:293)
	at org.junit.runners.ParentRunner$3.evaluate(ParentRunner.java:306)
	at org.junit.runners.ParentRunner.run(ParentRunner.java:413)
	at org.apache.maven.surefire.junit4.JUnit4Provider.execute(JUnit4Provider.java:316)
	at org.apache.maven.surefire.junit4.JUnit4Provider.executeWithRerun(JUnit4Provider.java:240)
	at org.apache.maven.surefire.junit4.JUnit4Provider.executeTestSet(JUnit4Provider.java:214)
	at org.apache.maven.surefire.junit4.JUnit4Provider.invoke(JUnit4Provider.java:155)
	at org.apache.maven.surefire.booter.ForkedBooter.runSuitesInProcess(ForkedBooter.java:385)
	at org.apache.maven.surefire.booter.ForkedBooter.execute(ForkedBooter.java:162)
	at org.apache.maven.surefire.booter.ForkedBooter.run(ForkedBooter.java:507)
	at org.apache.maven.surefire.booter.ForkedBooter.main(ForkedBooter.java:495)
Caused by: java.io.IOException: Error while instrumenting java/sql/DataTruncation.
	at org.jacoco.agent.rt.internal_f3994fa.core.instr.Instrumenter.instrumentError(Instrumenter.java:160)
	at org.jacoco.agent.rt.internal_f3994fa.core.instr.Instrumenter.instrument(Instrumenter.java:110)
	at org.jacoco.agent.rt.internal_f3994fa.CoverageTransformer.transform(CoverageTransformer.java:92)
	... 51 more
Caused by: java.lang.IllegalArgumentException: Unsupported class file major version 65
	at org.jacoco.agent.rt.internal_f3994fa.asm.ClassReader.<init>(ClassReader.java:196)
	at org.jacoco.agent.rt.internal_f3994fa.asm.ClassReader.<init>(ClassReader.java:177)
	at org.jacoco.agent.rt.internal_f3994fa.asm.ClassReader.<init>(ClassReader.java:163)
	at org.jacoco.agent.rt.internal_f3994fa.core.internal.instr.InstrSupport.classReaderFor(InstrSupport.java:280)
	at org.jacoco.agent.rt.internal_f3994fa.core.instr.Instrumenter.instrument(Instrumenter.java:76)
	at org.jacoco.agent.rt.internal_f3994fa.core.instr.Instrumenter.instrument(Instrumenter.java:108)
	... 52 more
java.lang.instrument.IllegalClassFormatException: Error while instrumenting java/sql/SQLWarning.
	at org.jacoco.agent.rt.internal_f3994fa.CoverageTransformer.transform(CoverageTransformer.java:94)
	at java.instrument/java.lang.instrument.ClassFileTransformer.transform(ClassFileTransformer.java:244)
	at java.instrument/sun.instrument.TransformerManager.transform(TransformerManager.java:188)
	at java.instrument/sun.instrument.InstrumentationImpl.transform(InstrumentationImpl.java:610)
	at java.base/java.lang.ClassLoader.defineClass2(Native Method)
	at java.base/java.lang.ClassLoader.defineClass(ClassLoader.java:1118)
	at java.base/java.security.SecureClassLoader.defineClass(SecureClassLoader.java:182)
	at java.base/jdk.internal.loader.BuiltinClassLoader.defineClass(BuiltinClassLoader.java:821)
	at java.base/jdk.internal.loader.BuiltinClassLoader.findClassInModuleOrNull(BuiltinClassLoader.java:741)
	at java.base/jdk.internal.loader.BuiltinClassLoader.loadClassOrNull(BuiltinClassLoader.java:665)
	at java.base/jdk.internal.loader.BuiltinClassLoader.loadClass(BuiltinClassLoader.java:639)
	at java.base/java.lang.ClassLoader.loadClass(ClassLoader.java:526)
	at java.base/java.lang.ClassLoader.defineClass2(Native Method)
	at java.base/java.lang.ClassLoader.defineClass(ClassLoader.java:1118)
	at java.base/java.security.SecureClassLoader.defineClass(SecureClassLoader.java:182)
	at java.base/jdk.internal.loader.BuiltinClassLoader.defineClass(BuiltinClassLoader.java:821)
	at java.base/jdk.internal.loader.BuiltinClassLoader.findClassInModuleOrNull(BuiltinClassLoader.java:741)
	at java.base/jdk.internal.loader.BuiltinClassLoader.loadClassOrNull(BuiltinClassLoader.java:665)
	at java.base/jdk.internal.loader.BuiltinClassLoader.loadClassOrNull(BuiltinClassLoader.java:700)
	at java.base/jdk.internal.loader.BuiltinClassLoader.loadClassOrNull(BuiltinClassLoader.java:669)
	at java.base/jdk.internal.loader.BuiltinClassLoader.loadClass(BuiltinClassLoader.java:639)
	at java.base/jdk.internal.loader.ClassLoaders$AppClassLoader.loadClass(ClassLoaders.java:188)
	at java.base/java.lang.ClassLoader.loadClass(ClassLoader.java:526)
	at com.mysql.cj.NativeSession.connect(NativeSession.java:127)
	at com.mysql.cj.jdbc.ConnectionImpl.connectOneTryOnly(ConnectionImpl.java:945)
	at com.mysql.cj.jdbc.ConnectionImpl.createNewIO(ConnectionImpl.java:815)
	at com.mysql.cj.jdbc.ConnectionImpl.<init>(ConnectionImpl.java:446)
	at com.mysql.cj.jdbc.ConnectionImpl.getInstance(ConnectionImpl.java:239)
	at com.mysql.cj.jdbc.NonRegisteringDriver.connect(NonRegisteringDriver.java:188)
	at java.sql/java.sql.DriverManager.getConnection(DriverManager.java:683)
	at java.sql/java.sql.DriverManager.getConnection(DriverManager.java:230)
	at dao.DBConnection.<init>(DBConnection.java:29)
	at dao.DBConnection.getInstance(DBConnection.java:43)
	at JUnit.TesteAplicacao.testReaberturaConexao(TesteAplicacao.java:59)
	at java.base/jdk.internal.reflect.DirectMethodHandleAccessor.invoke(DirectMethodHandleAccessor.java:103)
	at java.base/java.lang.reflect.Method.invoke(Method.java:580)
	at org.junit.runners.model.FrameworkMethod$1.runReflectiveCall(FrameworkMethod.java:59)
	at org.junit.internal.runners.model.ReflectiveCallable.run(ReflectiveCallable.java:12)
	at org.junit.runners.model.FrameworkMethod.invokeExplosively(FrameworkMethod.java:56)
	at org.junit.internal.runners.statements.InvokeMethod.evaluate(InvokeMethod.java:17)
	at org.junit.runners.ParentRunner$3.evaluate(ParentRunner.java:306)
	at org.junit.runners.BlockJUnit4ClassRunner$1.evaluate(BlockJUnit4ClassRunner.java:100)
	at org.junit.runners.ParentRunner.runLeaf(ParentRunner.java:366)
	at org.junit.runners.BlockJUnit4ClassRunner.runChild(BlockJUnit4ClassRunner.java:103)
	at org.junit.runners.BlockJUnit4ClassRunner.runChild(BlockJUnit4ClassRunner.java:63)
	at org.junit.runners.ParentRunner$4.run(ParentRunner.java:331)
	at org.junit.runners.ParentRunner$1.schedule(ParentRunner.java:79)
	at org.junit.runners.ParentRunner.runChildren(ParentRunner.java:329)
	at org.junit.runners.ParentRunner.access$100(ParentRunner.java:66)
	at org.junit.runners.ParentRunner$2.evaluate(ParentRunner.java:293)
	at org.junit.runners.ParentRunner$3.evaluate(ParentRunner.java:306)
	at org.junit.runners.ParentRunner.run(ParentRunner.java:413)
	at org.apache.maven.surefire.junit4.JUnit4Provider.execute(JUnit4Provider.java:316)
	at org.apache.maven.surefire.junit4.JUnit4Provider.executeWithRerun(JUnit4Provider.java:240)
	at org.apache.maven.surefire.junit4.JUnit4Provider.executeTestSet(JUnit4Provider.java:214)
	at org.apache.maven.surefire.junit4.JUnit4Provider.invoke(JUnit4Provider.java:155)
	at org.apache.maven.surefire.booter.ForkedBooter.runSuitesInProcess(ForkedBooter.java:385)
	at org.apache.maven.surefire.booter.ForkedBooter.execute(ForkedBooter.java:162)
	at org.apache.maven.surefire.booter.ForkedBooter.run(ForkedBooter.java:507)
	at org.apache.maven.surefire.booter.ForkedBooter.main(ForkedBooter.java:495)
Caused by: java.io.IOException: Error while instrumenting java/sql/SQLWarning.
	at org.jacoco.agent.rt.internal_f3994fa.core.instr.Instrumenter.instrumentError(Instrumenter.java:160)
	at org.jacoco.agent.rt.internal_f3994fa.core.instr.Instrumenter.instrument(Instrumenter.java:110)
	at org.jacoco.agent.rt.internal_f3994fa.CoverageTransformer.transform(CoverageTransformer.java:92)
	... 59 more
Caused by: java.lang.IllegalArgumentException: Unsupported class file major version 65
	at org.jacoco.agent.rt.internal_f3994fa.asm.ClassReader.<init>(ClassReader.java:196)
	at org.jacoco.agent.rt.internal_f3994fa.asm.ClassReader.<init>(ClassReader.java:177)
	at org.jacoco.agent.rt.internal_f3994fa.asm.ClassReader.<init>(ClassReader.java:163)
	at org.jacoco.agent.rt.internal_f3994fa.core.internal.instr.InstrSupport.classReaderFor(InstrSupport.java:280)
	at org.jacoco.agent.rt.internal_f3994fa.core.instr.Instrumenter.instrument(Instrumenter.java:76)
	at org.jacoco.agent.rt.internal_f3994fa.core.instr.Instrumenter.instrument(Instrumenter.java:108)
	... 60 more
java.lang.instrument.IllegalClassFormatException: Error while instrumenting java/sql/Date.
	at org.jacoco.agent.rt.internal_f3994fa.CoverageTransformer.transform(CoverageTransformer.java:94)
	at java.instrument/java.lang.instrument.ClassFileTransformer.transform(ClassFileTransformer.java:244)
	at java.instrument/sun.instrument.TransformerManager.transform(TransformerManager.java:188)
	at java.instrument/sun.instrument.InstrumentationImpl.transform(InstrumentationImpl.java:610)
	at java.base/java.lang.ClassLoader.defineClass2(Native Method)
	at java.base/java.lang.ClassLoader.defineClass(ClassLoader.java:1118)
	at java.base/java.security.SecureClassLoader.defineClass(SecureClassLoader.java:182)
	at java.base/jdk.internal.loader.BuiltinClassLoader.defineClass(BuiltinClassLoader.java:821)
	at java.base/jdk.internal.loader.BuiltinClassLoader.findClassInModuleOrNull(BuiltinClassLoader.java:741)
	at java.base/jdk.internal.loader.BuiltinClassLoader.loadClassOrNull(BuiltinClassLoader.java:665)
	at java.base/jdk.internal.loader.BuiltinClassLoader.loadClassOrNull(BuiltinClassLoader.java:700)
	at java.base/jdk.internal.loader.BuiltinClassLoader.loadClassOrNull(BuiltinClassLoader.java:669)
	at java.base/jdk.internal.loader.BuiltinClassLoader.loadClass(BuiltinClassLoader.java:639)
	at java.base/jdk.internal.loader.ClassLoaders$AppClassLoader.loadClass(ClassLoaders.java:188)
	at java.base/java.lang.ClassLoader.loadClass(ClassLoader.java:526)
	at com.mysql.cj.protocol.a.NativeProtocol.<clinit>(NativeProtocol.java:227)
	at com.mysql.cj.NativeSession.connect(NativeSession.java:127)
	at com.mysql.cj.jdbc.ConnectionImpl.connectOneTryOnly(ConnectionImpl.java:945)
	at com.mysql.cj.jdbc.ConnectionImpl.createNewIO(ConnectionImpl.java:815)
	at com.mysql.cj.jdbc.ConnectionImpl.<init>(ConnectionImpl.java:446)
	at com.mysql.cj.jdbc.ConnectionImpl.getInstance(ConnectionImpl.java:239)
	at com.mysql.cj.jdbc.NonRegisteringDriver.connect(NonRegisteringDriver.java:188)
	at java.sql/java.sql.DriverManager.getConnection(DriverManager.java:683)
	at java.sql/java.sql.DriverManager.getConnection(DriverManager.java:230)
	at dao.DBConnection.<init>(DBConnection.java:29)
	at dao.DBConnection.getInstance(DBConnection.java:43)
	at JUnit.TesteAplicacao.testReaberturaConexao(TesteAplicacao.java:59)
	at java.base/jdk.internal.reflect.DirectMethodHandleAccessor.invoke(DirectMethodHandleAccessor.java:103)
	at java.base/java.lang.reflect.Method.invoke(Method.java:580)
	at org.junit.runners.model.FrameworkMethod$1.runReflectiveCall(FrameworkMethod.java:59)
	at org.junit.internal.runners.model.ReflectiveCallable.run(ReflectiveCallable.java:12)
	at org.junit.runners.model.FrameworkMethod.invokeExplosively(FrameworkMethod.java:56)
	at org.junit.internal.runners.statements.InvokeMethod.evaluate(InvokeMethod.java:17)
	at org.junit.runners.ParentRunner$3.evaluate(ParentRunner.java:306)
	at org.junit.runners.BlockJUnit4ClassRunner$1.evaluate(BlockJUnit4ClassRunner.java:100)
	at org.junit.runners.ParentRunner.runLeaf(ParentRunner.java:366)
	at org.junit.runners.BlockJUnit4ClassRunner.runChild(BlockJUnit4ClassRunner.java:103)
	at org.junit.runners.BlockJUnit4ClassRunner.runChild(BlockJUnit4ClassRunner.java:63)
	at org.junit.runners.ParentRunner$4.run(ParentRunner.java:331)
	at org.junit.runners.ParentRunner$1.schedule(ParentRunner.java:79)
	at org.junit.runners.ParentRunner.runChildren(ParentRunner.java:329)
	at org.junit.runners.ParentRunner.access$100(ParentRunner.java:66)
	at org.junit.runners.ParentRunner$2.evaluate(ParentRunner.java:293)
	at org.junit.runners.ParentRunner$3.evaluate(ParentRunner.java:306)
	at org.junit.runners.ParentRunner.run(ParentRunner.java:413)
	at org.apache.maven.surefire.junit4.JUnit4Provider.execute(JUnit4Provider.java:316)
	at org.apache.maven.surefire.junit4.JUnit4Provider.executeWithRerun(JUnit4Provider.java:240)
	at org.apache.maven.surefire.junit4.JUnit4Provider.executeTestSet(JUnit4Provider.java:214)
	at org.apache.maven.surefire.junit4.JUnit4Provider.invoke(JUnit4Provider.java:155)
	at org.apache.maven.surefire.booter.ForkedBooter.runSuitesInProcess(ForkedBooter.java:385)
	at org.apache.maven.surefire.booter.ForkedBooter.execute(ForkedBooter.java:162)
	at org.apache.maven.surefire.booter.ForkedBooter.run(ForkedBooter.java:507)
	at org.apache.maven.surefire.booter.ForkedBooter.main(ForkedBooter.java:495)
Caused by: java.io.IOException: Error while instrumenting java/sql/Date.
	at org.jacoco.agent.rt.internal_f3994fa.core.instr.Instrumenter.instrumentError(Instrumenter.java:160)
	at org.jacoco.agent.rt.internal_f3994fa.core.instr.Instrumenter.instrument(Instrumenter.java:110)
	at org.jacoco.agent.rt.internal_f3994fa.CoverageTransformer.transform(CoverageTransformer.java:92)
	... 52 more
Caused by: java.lang.IllegalArgumentException: Unsupported class file major version 65
	at org.jacoco.agent.rt.internal_f3994fa.asm.ClassReader.<init>(ClassReader.java:196)
	at org.jacoco.agent.rt.internal_f3994fa.asm.ClassReader.<init>(ClassReader.java:177)
	at org.jacoco.agent.rt.internal_f3994fa.asm.ClassReader.<init>(ClassReader.java:163)
	at org.jacoco.agent.rt.internal_f3994fa.core.internal.instr.InstrSupport.classReaderFor(InstrSupport.java:280)
	at org.jacoco.agent.rt.internal_f3994fa.core.instr.Instrumenter.instrument(Instrumenter.java:76)
	at org.jacoco.agent.rt.internal_f3994fa.core.instr.Instrumenter.instrument(Instrumenter.java:108)
	... 53 more
java.lang.instrument.IllegalClassFormatException: Error while instrumenting java/sql/Timestamp.
	at org.jacoco.agent.rt.internal_f3994fa.CoverageTransformer.transform(CoverageTransformer.java:94)
	at java.instrument/java.lang.instrument.ClassFileTransformer.transform(ClassFileTransformer.java:244)
	at java.instrument/sun.instrument.TransformerManager.transform(TransformerManager.java:188)
	at java.instrument/sun.instrument.InstrumentationImpl.transform(InstrumentationImpl.java:610)
	at java.base/java.lang.ClassLoader.defineClass2(Native Method)
	at java.base/java.lang.ClassLoader.defineClass(ClassLoader.java:1118)
	at java.base/java.security.SecureClassLoader.defineClass(SecureClassLoader.java:182)
	at java.base/jdk.internal.loader.BuiltinClassLoader.defineClass(BuiltinClassLoader.java:821)
	at java.base/jdk.internal.loader.BuiltinClassLoader.findClassInModuleOrNull(BuiltinClassLoader.java:741)
	at java.base/jdk.internal.loader.BuiltinClassLoader.loadClassOrNull(BuiltinClassLoader.java:665)
	at java.base/jdk.internal.loader.BuiltinClassLoader.loadClassOrNull(BuiltinClassLoader.java:700)
	at java.base/jdk.internal.loader.BuiltinClassLoader.loadClassOrNull(BuiltinClassLoader.java:669)
	at java.base/jdk.internal.loader.BuiltinClassLoader.loadClass(BuiltinClassLoader.java:639)
	at java.base/jdk.internal.loader.ClassLoaders$AppClassLoader.loadClass(ClassLoaders.java:188)
	at java.base/java.lang.ClassLoader.loadClass(ClassLoader.java:526)
	at com.mysql.cj.protocol.a.NativeProtocol.<clinit>(NativeProtocol.java:227)
	at com.mysql.cj.NativeSession.connect(NativeSession.java:127)
	at com.mysql.cj.jdbc.ConnectionImpl.connectOneTryOnly(ConnectionImpl.java:945)
	at com.mysql.cj.jdbc.ConnectionImpl.createNewIO(ConnectionImpl.java:815)
	at com.mysql.cj.jdbc.ConnectionImpl.<init>(ConnectionImpl.java:446)
	at com.mysql.cj.jdbc.ConnectionImpl.getInstance(ConnectionImpl.java:239)
	at com.mysql.cj.jdbc.NonRegisteringDriver.connect(NonRegisteringDriver.java:188)
	at java.sql/java.sql.DriverManager.getConnection(DriverManager.java:683)
	at java.sql/java.sql.DriverManager.getConnection(DriverManager.java:230)
	at dao.DBConnection.<init>(DBConnection.java:29)
	at dao.DBConnection.getInstance(DBConnection.java:43)
	at JUnit.TesteAplicacao.testReaberturaConexao(TesteAplicacao.java:59)
	at java.base/jdk.internal.reflect.DirectMethodHandleAccessor.invoke(DirectMethodHandleAccessor.java:103)
	at java.base/java.lang.reflect.Method.invoke(Method.java:580)
	at org.junit.runners.model.FrameworkMethod$1.runReflectiveCall(FrameworkMethod.java:59)
	at org.junit.internal.runners.model.ReflectiveCallable.run(ReflectiveCallable.java:12)
	at org.junit.runners.model.FrameworkMethod.invokeExplosively(FrameworkMethod.java:56)
	at org.junit.internal.runners.statements.InvokeMethod.evaluate(InvokeMethod.java:17)
	at org.junit.runners.ParentRunner$3.evaluate(ParentRunner.java:306)
	at org.junit.runners.BlockJUnit4ClassRunner$1.evaluate(BlockJUnit4ClassRunner.java:100)
	at org.junit.runners.ParentRunner.runLeaf(ParentRunner.java:366)
	at org.junit.runners.BlockJUnit4ClassRunner.runChild(BlockJUnit4ClassRunner.java:103)
	at org.junit.runners.BlockJUnit4ClassRunner.runChild(BlockJUnit4ClassRunner.java:63)
	at org.junit.runners.ParentRunner$4.run(ParentRunner.java:331)
	at org.junit.runners.ParentRunner$1.schedule(ParentRunner.java:79)
	at org.junit.runners.ParentRunner.runChildren(ParentRunner.java:329)
	at org.junit.runners.ParentRunner.access$100(ParentRunner.java:66)
	at org.junit.runners.ParentRunner$2.evaluate(ParentRunner.java:293)
	at org.junit.runners.ParentRunner$3.evaluate(ParentRunner.java:306)
	at org.junit.runners.ParentRunner.run(ParentRunner.java:413)
	at org.apache.maven.surefire.junit4.JUnit4Provider.execute(JUnit4Provider.java:316)
	at org.apache.maven.surefire.junit4.JUnit4Provider.executeWithRerun(JUnit4Provider.java:240)
	at org.apache.maven.surefire.junit4.JUnit4Provider.executeTestSet(JUnit4Provider.java:214)
	at org.apache.maven.surefire.junit4.JUnit4Provider.invoke(JUnit4Provider.java:155)
	at org.apache.maven.surefire.booter.ForkedBooter.runSuitesInProcess(ForkedBooter.java:385)
	at org.apache.maven.surefire.booter.ForkedBooter.execute(ForkedBooter.java:162)
	at org.apache.maven.surefire.booter.ForkedBooter.run(ForkedBooter.java:507)
	at org.apache.maven.surefire.booter.ForkedBooter.main(ForkedBooter.java:495)
Caused by: java.io.IOException: Error while instrumenting java/sql/Timestamp.
	at org.jacoco.agent.rt.internal_f3994fa.core.instr.Instrumenter.instrumentError(Instrumenter.java:160)
	at org.jacoco.agent.rt.internal_f3994fa.core.instr.Instrumenter.instrument(Instrumenter.java:110)
	at org.jacoco.agent.rt.internal_f3994fa.CoverageTransformer.transform(CoverageTransformer.java:92)
	... 52 more
Caused by: java.lang.IllegalArgumentException: Unsupported class file major version 65
	at org.jacoco.agent.rt.internal_f3994fa.asm.ClassReader.<init>(ClassReader.java:196)
	at org.jacoco.agent.rt.internal_f3994fa.asm.ClassReader.<init>(ClassReader.java:177)
	at org.jacoco.agent.rt.internal_f3994fa.asm.ClassReader.<init>(ClassReader.java:163)
	at org.jacoco.agent.rt.internal_f3994fa.core.internal.instr.InstrSupport.classReaderFor(InstrSupport.java:280)
	at org.jacoco.agent.rt.internal_f3994fa.core.instr.Instrumenter.instrument(Instrumenter.java:76)
	at org.jacoco.agent.rt.internal_f3994fa.core.instr.Instrumenter.instrument(Instrumenter.java:108)
	... 53 more
java.lang.instrument.IllegalClassFormatException: Error while instrumenting java/sql/Time.
	at org.jacoco.agent.rt.internal_f3994fa.CoverageTransformer.transform(CoverageTransformer.java:94)
	at java.instrument/java.lang.instrument.ClassFileTransformer.transform(ClassFileTransformer.java:244)
	at java.instrument/sun.instrument.TransformerManager.transform(TransformerManager.java:188)
	at java.instrument/sun.instrument.InstrumentationImpl.transform(InstrumentationImpl.java:610)
	at java.base/java.lang.ClassLoader.defineClass2(Native Method)
	at java.base/java.lang.ClassLoader.defineClass(ClassLoader.java:1118)
	at java.base/java.security.SecureClassLoader.defineClass(SecureClassLoader.java:182)
	at java.base/jdk.internal.loader.BuiltinClassLoader.defineClass(BuiltinClassLoader.java:821)
	at java.base/jdk.internal.loader.BuiltinClassLoader.findClassInModuleOrNull(BuiltinClassLoader.java:741)
	at java.base/jdk.internal.loader.BuiltinClassLoader.loadClassOrNull(BuiltinClassLoader.java:665)
	at java.base/jdk.internal.loader.BuiltinClassLoader.loadClassOrNull(BuiltinClassLoader.java:700)
	at java.base/jdk.internal.loader.BuiltinClassLoader.loadClassOrNull(BuiltinClassLoader.java:669)
	at java.base/jdk.internal.loader.BuiltinClassLoader.loadClass(BuiltinClassLoader.java:639)
	at java.base/jdk.internal.loader.ClassLoaders$AppClassLoader.loadClass(ClassLoaders.java:188)
	at java.base/java.lang.ClassLoader.loadClass(ClassLoader.java:526)
	at com.mysql.cj.protocol.a.NativeProtocol.<clinit>(NativeProtocol.java:230)
	at com.mysql.cj.NativeSession.connect(NativeSession.java:127)
	at com.mysql.cj.jdbc.ConnectionImpl.connectOneTryOnly(ConnectionImpl.java:945)
	at com.mysql.cj.jdbc.ConnectionImpl.createNewIO(ConnectionImpl.java:815)
	at com.mysql.cj.jdbc.ConnectionImpl.<init>(ConnectionImpl.java:446)
	at com.mysql.cj.jdbc.ConnectionImpl.getInstance(ConnectionImpl.java:239)
	at com.mysql.cj.jdbc.NonRegisteringDriver.connect(NonRegisteringDriver.java:188)
	at java.sql/java.sql.DriverManager.getConnection(DriverManager.java:683)
	at java.sql/java.sql.DriverManager.getConnection(DriverManager.java:230)
	at dao.DBConnection.<init>(DBConnection.java:29)
	at dao.DBConnection.getInstance(DBConnection.java:43)
	at JUnit.TesteAplicacao.testReaberturaConexao(TesteAplicacao.java:59)
	at java.base/jdk.internal.reflect.DirectMethodHandleAccessor.invoke(DirectMethodHandleAccessor.java:103)
	at java.base/java.lang.reflect.Method.invoke(Method.java:580)
	at org.junit.runners.model.FrameworkMethod$1.runReflectiveCall(FrameworkMethod.java:59)
	at org.junit.internal.runners.model.ReflectiveCallable.run(ReflectiveCallable.java:12)
	at org.junit.runners.model.FrameworkMethod.invokeExplosively(FrameworkMethod.java:56)
	at org.junit.internal.runners.statements.InvokeMethod.evaluate(InvokeMethod.java:17)
	at org.junit.runners.ParentRunner$3.evaluate(ParentRunner.java:306)
	at org.junit.runners.BlockJUnit4ClassRunner$1.evaluate(BlockJUnit4ClassRunner.java:100)
	at org.junit.runners.ParentRunner.runLeaf(ParentRunner.java:366)
	at org.junit.runners.BlockJUnit4ClassRunner.runChild(BlockJUnit4ClassRunner.java:103)
	at org.junit.runners.BlockJUnit4ClassRunner.runChild(BlockJUnit4ClassRunner.java:63)
	at org.junit.runners.ParentRunner$4.run(ParentRunner.java:331)
	at org.junit.runners.ParentRunner$1.schedule(ParentRunner.java:79)
	at org.junit.runners.ParentRunner.runChildren(ParentRunner.java:329)
	at org.junit.runners.ParentRunner.access$100(ParentRunner.java:66)
	at org.junit.runners.ParentRunner$2.evaluate(ParentRunner.java:293)
	at org.junit.runners.ParentRunner$3.evaluate(ParentRunner.java:306)
	at org.junit.runners.ParentRunner.run(ParentRunner.java:413)
	at org.apache.maven.surefire.junit4.JUnit4Provider.execute(JUnit4Provider.java:316)
	at org.apache.maven.surefire.junit4.JUnit4Provider.executeWithRerun(JUnit4Provider.java:240)
	at org.apache.maven.surefire.junit4.JUnit4Provider.executeTestSet(JUnit4Provider.java:214)
	at org.apache.maven.surefire.junit4.JUnit4Provider.invoke(JUnit4Provider.java:155)
	at org.apache.maven.surefire.booter.ForkedBooter.runSuitesInProcess(ForkedBooter.java:385)
	at org.apache.maven.surefire.booter.ForkedBooter.execute(ForkedBooter.java:162)
	at org.apache.maven.surefire.booter.ForkedBooter.run(ForkedBooter.java:507)
	at org.apache.maven.surefire.booter.ForkedBooter.main(ForkedBooter.java:495)
Caused by: java.io.IOException: Error while instrumenting java/sql/Time.
	at org.jacoco.agent.rt.internal_f3994fa.core.instr.Instrumenter.instrumentError(Instrumenter.java:160)
	at org.jacoco.agent.rt.internal_f3994fa.core.instr.Instrumenter.instrument(Instrumenter.java:110)
	at org.jacoco.agent.rt.internal_f3994fa.CoverageTransformer.transform(CoverageTransformer.java:92)
	... 52 more
Caused by: java.lang.IllegalArgumentException: Unsupported class file major version 65
	at org.jacoco.agent.rt.internal_f3994fa.asm.ClassReader.<init>(ClassReader.java:196)
	at org.jacoco.agent.rt.internal_f3994fa.asm.ClassReader.<init>(ClassReader.java:177)
	at org.jacoco.agent.rt.internal_f3994fa.asm.ClassReader.<init>(ClassReader.java:163)
	at org.jacoco.agent.rt.internal_f3994fa.core.internal.instr.InstrSupport.classReaderFor(InstrSupport.java:280)
	at org.jacoco.agent.rt.internal_f3994fa.core.instr.Instrumenter.instrument(Instrumenter.java:76)
	at org.jacoco.agent.rt.internal_f3994fa.core.instr.Instrumenter.instrument(Instrumenter.java:108)
	... 53 more
java.lang.instrument.IllegalClassFormatException: Error while instrumenting sun/nio/cs/ext/ExtendedCharsets.
	at org.jacoco.agent.rt.internal_f3994fa.CoverageTransformer.transform(CoverageTransformer.java:94)
	at java.instrument/java.lang.instrument.ClassFileTransformer.transform(ClassFileTransformer.java:244)
	at java.instrument/sun.instrument.TransformerManager.transform(TransformerManager.java:188)
	at java.instrument/sun.instrument.InstrumentationImpl.transform(InstrumentationImpl.java:610)
	at java.base/java.lang.ClassLoader.defineClass2(Native Method)
	at java.base/java.lang.ClassLoader.defineClass(ClassLoader.java:1118)
	at java.base/java.security.SecureClassLoader.defineClass(SecureClassLoader.java:182)
	at java.base/jdk.internal.loader.BuiltinClassLoader.defineClass(BuiltinClassLoader.java:821)
	at java.base/jdk.internal.loader.BuiltinClassLoader.findClassInModuleOrNull(BuiltinClassLoader.java:741)
	at java.base/jdk.internal.loader.BuiltinClassLoader.findClass(BuiltinClassLoader.java:621)
	at java.base/java.lang.ClassLoader.loadClass(ClassLoader.java:638)
	at java.base/java.lang.Class.forName(Class.java:625)
	at java.base/java.lang.Class.forName(Class.java:600)
	at java.base/java.util.ServiceLoader.loadProvider(ServiceLoader.java:859)
	at java.base/java.util.ServiceLoader$ModuleServicesLookupIterator.hasNext(ServiceLoader.java:1084)
	at java.base/java.util.ServiceLoader$2.hasNext(ServiceLoader.java:1309)
	at java.base/java.util.ServiceLoader$3.hasNext(ServiceLoader.java:1393)
	at java.base/java.nio.charset.Charset$ExtendedProviderHolder$1.run(Charset.java:444)
	at java.base/java.nio.charset.Charset$ExtendedProviderHolder$1.run(Charset.java:438)
	at java.base/java.security.AccessController.doPrivileged(AccessController.java:319)
	at java.base/java.nio.charset.Charset$ExtendedProviderHolder.extendedProviders(Charset.java:438)
	at java.base/java.nio.charset.Charset$ExtendedProviderHolder.<clinit>(Charset.java:434)
	at java.base/java.nio.charset.Charset.lookupExtendedCharset(Charset.java:458)
	at java.base/java.nio.charset.Charset.lookup2(Charset.java:488)
	at java.base/java.nio.charset.Charset.lookup(Charset.java:476)
	at java.base/java.nio.charset.Charset.forName(Charset.java:540)
	at com.mysql.cj.MysqlCharset.<init>(CharsetMapping.java:736)
	at com.mysql.cj.MysqlCharset.<init>(CharsetMapping.java:708)
	at com.mysql.cj.CharsetMapping.<clinit>(CharsetMapping.java:116)
	at com.mysql.cj.protocol.a.NativeProtocol.beforeHandshake(NativeProtocol.java:421)
	at com.mysql.cj.protocol.a.NativeProtocol.connect(NativeProtocol.java:1428)
	at com.mysql.cj.NativeSession.connect(NativeSession.java:134)
	at com.mysql.cj.jdbc.ConnectionImpl.connectOneTryOnly(ConnectionImpl.java:945)
	at com.mysql.cj.jdbc.ConnectionImpl.createNewIO(ConnectionImpl.java:815)
	at com.mysql.cj.jdbc.ConnectionImpl.<init>(ConnectionImpl.java:446)
	at com.mysql.cj.jdbc.ConnectionImpl.getInstance(ConnectionImpl.java:239)
	at com.mysql.cj.jdbc.NonRegisteringDriver.connect(NonRegisteringDriver.java:188)
	at java.sql/java.sql.DriverManager.getConnection(DriverManager.java:683)
	at java.sql/java.sql.DriverManager.getConnection(DriverManager.java:230)
	at dao.DBConnection.<init>(DBConnection.java:29)
	at dao.DBConnection.getInstance(DBConnection.java:43)
	at JUnit.TesteAplicacao.testReaberturaConexao(TesteAplicacao.java:59)
	at java.base/jdk.internal.reflect.DirectMethodHandleAccessor.invoke(DirectMethodHandleAccessor.java:103)
	at java.base/java.lang.reflect.Method.invoke(Method.java:580)
	at org.junit.runners.model.FrameworkMethod$1.runReflectiveCall(FrameworkMethod.java:59)
	at org.junit.internal.runners.model.ReflectiveCallable.run(ReflectiveCallable.java:12)
	at org.junit.runners.model.FrameworkMethod.invokeExplosively(FrameworkMethod.java:56)
	at org.junit.internal.runners.statements.InvokeMethod.evaluate(InvokeMethod.java:17)
	at org.junit.runners.ParentRunner$3.evaluate(ParentRunner.java:306)
	at org.junit.runners.BlockJUnit4ClassRunner$1.evaluate(BlockJUnit4ClassRunner.java:100)
	at org.junit.runners.ParentRunner.runLeaf(ParentRunner.java:366)
	at org.junit.runners.BlockJUnit4ClassRunner.runChild(BlockJUnit4ClassRunner.java:103)
	at org.junit.runners.BlockJUnit4ClassRunner.runChild(BlockJUnit4ClassRunner.java:63)
	at org.junit.runners.ParentRunner$4.run(ParentRunner.java:331)
	at org.junit.runners.ParentRunner$1.schedule(ParentRunner.java:79)
	at org.junit.runners.ParentRunner.runChildren(ParentRunner.java:329)
	at org.junit.runners.ParentRunner.access$100(ParentRunner.java:66)
	at org.junit.runners.ParentRunner$2.evaluate(ParentRunner.java:293)
	at org.junit.runners.ParentRunner$3.evaluate(ParentRunner.java:306)
	at org.junit.runners.ParentRunner.run(ParentRunner.java:413)
	at org.apache.maven.surefire.junit4.JUnit4Provider.execute(JUnit4Provider.java:316)
	at org.apache.maven.surefire.junit4.JUnit4Provider.executeWithRerun(JUnit4Provider.java:240)
	at org.apache.maven.surefire.junit4.JUnit4Provider.executeTestSet(JUnit4Provider.java:214)
	at org.apache.maven.surefire.junit4.JUnit4Provider.invoke(JUnit4Provider.java:155)
	at org.apache.maven.surefire.booter.ForkedBooter.runSuitesInProcess(ForkedBooter.java:385)
	at org.apache.maven.surefire.booter.ForkedBooter.execute(ForkedBooter.java:162)
	at org.apache.maven.surefire.booter.ForkedBooter.run(ForkedBooter.java:507)
	at org.apache.maven.surefire.booter.ForkedBooter.main(ForkedBooter.java:495)
Caused by: java.io.IOException: Error while instrumenting sun/nio/cs/ext/ExtendedCharsets.
	at org.jacoco.agent.rt.internal_f3994fa.core.instr.Instrumenter.instrumentError(Instrumenter.java:160)
	at org.jacoco.agent.rt.internal_f3994fa.core.instr.Instrumenter.instrument(Instrumenter.java:110)
	at org.jacoco.agent.rt.internal_f3994fa.CoverageTransformer.transform(CoverageTransformer.java:92)
	... 67 more
Caused by: java.lang.IllegalArgumentException: Unsupported class file major version 65
	at org.jacoco.agent.rt.internal_f3994fa.asm.ClassReader.<init>(ClassReader.java:196)
	at org.jacoco.agent.rt.internal_f3994fa.asm.ClassReader.<init>(ClassReader.java:177)
	at org.jacoco.agent.rt.internal_f3994fa.asm.ClassReader.<init>(ClassReader.java:163)
	at org.jacoco.agent.rt.internal_f3994fa.core.internal.instr.InstrSupport.classReaderFor(InstrSupport.java:280)
	at org.jacoco.agent.rt.internal_f3994fa.core.instr.Instrumenter.instrument(Instrumenter.java:76)
	at org.jacoco.agent.rt.internal_f3994fa.core.instr.Instrumenter.instrument(Instrumenter.java:108)
	... 68 more
java.lang.instrument.IllegalClassFormatException: Error while instrumenting sun/nio/cs/ext/AbstractCharsetProvider.
	at org.jacoco.agent.rt.internal_f3994fa.CoverageTransformer.transform(CoverageTransformer.java:94)
	at java.instrument/java.lang.instrument.ClassFileTransformer.transform(ClassFileTransformer.java:244)
	at java.instrument/sun.instrument.TransformerManager.transform(TransformerManager.java:188)
	at java.instrument/sun.instrument.InstrumentationImpl.transform(InstrumentationImpl.java:610)
	at java.base/java.lang.ClassLoader.defineClass2(Native Method)
	at java.base/java.lang.ClassLoader.defineClass(ClassLoader.java:1118)
	at java.base/java.security.SecureClassLoader.defineClass(SecureClassLoader.java:182)
	at java.base/jdk.internal.loader.BuiltinClassLoader.defineClass(BuiltinClassLoader.java:821)
	at java.base/jdk.internal.loader.BuiltinClassLoader.findClassInModuleOrNull(BuiltinClassLoader.java:741)
	at java.base/jdk.internal.loader.BuiltinClassLoader.loadClassOrNull(BuiltinClassLoader.java:665)
	at java.base/jdk.internal.loader.BuiltinClassLoader.loadClass(BuiltinClassLoader.java:639)
	at java.base/java.lang.ClassLoader.loadClass(ClassLoader.java:526)
	at java.base/java.lang.ClassLoader.defineClass2(Native Method)
	at java.base/java.lang.ClassLoader.defineClass(ClassLoader.java:1118)
	at java.base/java.security.SecureClassLoader.defineClass(SecureClassLoader.java:182)
	at java.base/jdk.internal.loader.BuiltinClassLoader.defineClass(BuiltinClassLoader.java:821)
	at java.base/jdk.internal.loader.BuiltinClassLoader.findClassInModuleOrNull(BuiltinClassLoader.java:741)
	at java.base/jdk.internal.loader.BuiltinClassLoader.findClass(BuiltinClassLoader.java:621)
	at java.base/java.lang.ClassLoader.loadClass(ClassLoader.java:638)
	at java.base/java.lang.Class.forName(Class.java:625)
	at java.base/java.lang.Class.forName(Class.java:600)
	at java.base/java.util.ServiceLoader.loadProvider(ServiceLoader.java:859)
	at java.base/java.util.ServiceLoader$ModuleServicesLookupIterator.hasNext(ServiceLoader.java:1084)
	at java.base/java.util.ServiceLoader$2.hasNext(ServiceLoader.java:1309)
	at java.base/java.util.ServiceLoader$3.hasNext(ServiceLoader.java:1393)
	at java.base/java.nio.charset.Charset$ExtendedProviderHolder$1.run(Charset.java:444)
	at java.base/java.nio.charset.Charset$ExtendedProviderHolder$1.run(Charset.java:438)
	at java.base/java.security.AccessController.doPrivileged(AccessController.java:319)
	at java.base/java.nio.charset.Charset$ExtendedProviderHolder.extendedProviders(Charset.java:438)
	at java.base/java.nio.charset.Charset$ExtendedProviderHolder.<clinit>(Charset.java:434)
	at java.base/java.nio.charset.Charset.lookupExtendedCharset(Charset.java:458)
	at java.base/java.nio.charset.Charset.lookup2(Charset.java:488)
	at java.base/java.nio.charset.Charset.lookup(Charset.java:476)
	at java.base/java.nio.charset.Charset.forName(Charset.java:540)
	at com.mysql.cj.MysqlCharset.<init>(CharsetMapping.java:736)
	at com.mysql.cj.MysqlCharset.<init>(CharsetMapping.java:708)
	at com.mysql.cj.CharsetMapping.<clinit>(CharsetMapping.java:116)
	at com.mysql.cj.protocol.a.NativeProtocol.beforeHandshake(NativeProtocol.java:421)
	at com.mysql.cj.protocol.a.NativeProtocol.connect(NativeProtocol.java:1428)
	at com.mysql.cj.NativeSession.connect(NativeSession.java:134)
	at com.mysql.cj.jdbc.ConnectionImpl.connectOneTryOnly(ConnectionImpl.java:945)
	at com.mysql.cj.jdbc.ConnectionImpl.createNewIO(ConnectionImpl.java:815)
	at com.mysql.cj.jdbc.ConnectionImpl.<init>(ConnectionImpl.java:446)
	at com.mysql.cj.jdbc.ConnectionImpl.getInstance(ConnectionImpl.java:239)
	at com.mysql.cj.jdbc.NonRegisteringDriver.connect(NonRegisteringDriver.java:188)
	at java.sql/java.sql.DriverManager.getConnection(DriverManager.java:683)
	at java.sql/java.sql.DriverManager.getConnection(DriverManager.java:230)
	at dao.DBConnection.<init>(DBConnection.java:29)
	at dao.DBConnection.getInstance(DBConnection.java:43)
	at JUnit.TesteAplicacao.testReaberturaConexao(TesteAplicacao.java:59)
	at java.base/jdk.internal.reflect.DirectMethodHandleAccessor.invoke(DirectMethodHandleAccessor.java:103)
	at java.base/java.lang.reflect.Method.invoke(Method.java:580)
	at org.junit.runners.model.FrameworkMethod$1.runReflectiveCall(FrameworkMethod.java:59)
	at org.junit.internal.runners.model.ReflectiveCallable.run(ReflectiveCallable.java:12)
	at org.junit.runners.model.FrameworkMethod.invokeExplosively(FrameworkMethod.java:56)
	at org.junit.internal.runners.statements.InvokeMethod.evaluate(InvokeMethod.java:17)
	at org.junit.runners.ParentRunner$3.evaluate(ParentRunner.java:306)
	at org.junit.runners.BlockJUnit4ClassRunner$1.evaluate(BlockJUnit4ClassRunner.java:100)
	at org.junit.runners.ParentRunner.runLeaf(ParentRunner.java:366)
	at org.junit.runners.BlockJUnit4ClassRunner.runChild(BlockJUnit4ClassRunner.java:103)
	at org.junit.runners.BlockJUnit4ClassRunner.runChild(BlockJUnit4ClassRunner.java:63)
	at org.junit.runners.ParentRunner$4.run(ParentRunner.java:331)
	at org.junit.runners.ParentRunner$1.schedule(ParentRunner.java:79)
	at org.junit.runners.ParentRunner.runChildren(ParentRunner.java:329)
	at org.junit.runners.ParentRunner.access$100(ParentRunner.java:66)
	at org.junit.runners.ParentRunner$2.evaluate(ParentRunner.java:293)
	at org.junit.runners.ParentRunner$3.evaluate(ParentRunner.java:306)
	at org.junit.runners.ParentRunner.run(ParentRunner.java:413)
	at org.apache.maven.surefire.junit4.JUnit4Provider.execute(JUnit4Provider.java:316)
	at org.apache.maven.surefire.junit4.JUnit4Provider.executeWithRerun(JUnit4Provider.java:240)
	at org.apache.maven.surefire.junit4.JUnit4Provider.executeTestSet(JUnit4Provider.java:214)
	at org.apache.maven.surefire.junit4.JUnit4Provider.invoke(JUnit4Provider.java:155)
	at org.apache.maven.surefire.booter.ForkedBooter.runSuitesInProcess(ForkedBooter.java:385)
	at org.apache.maven.surefire.booter.ForkedBooter.execute(ForkedBooter.java:162)
	at org.apache.maven.surefire.booter.ForkedBooter.run(ForkedBooter.java:507)
	at org.apache.maven.surefire.booter.ForkedBooter.main(ForkedBooter.java:495)
Caused by: java.io.IOException: Error while instrumenting sun/nio/cs/ext/AbstractCharsetProvider.
	at org.jacoco.agent.rt.internal_f3994fa.core.instr.Instrumenter.instrumentError(Instrumenter.java:160)
	at org.jacoco.agent.rt.internal_f3994fa.core.instr.Instrumenter.instrument(Instrumenter.java:110)
	at org.jacoco.agent.rt.internal_f3994fa.CoverageTransformer.transform(CoverageTransformer.java:92)
	... 75 more
Caused by: java.lang.IllegalArgumentException: Unsupported class file major version 65
	at org.jacoco.agent.rt.internal_f3994fa.asm.ClassReader.<init>(ClassReader.java:196)
	at org.jacoco.agent.rt.internal_f3994fa.asm.ClassReader.<init>(ClassReader.java:177)
	at org.jacoco.agent.rt.internal_f3994fa.asm.ClassReader.<init>(ClassReader.java:163)
	at org.jacoco.agent.rt.internal_f3994fa.core.internal.instr.InstrSupport.classReaderFor(InstrSupport.java:280)
	at org.jacoco.agent.rt.internal_f3994fa.core.instr.Instrumenter.instrument(Instrumenter.java:76)
	at org.jacoco.agent.rt.internal_f3994fa.core.instr.Instrumenter.instrument(Instrumenter.java:108)
	... 76 more
java.lang.instrument.IllegalClassFormatException: Error while instrumenting sun/nio/cs/ext/Big5.
	at org.jacoco.agent.rt.internal_f3994fa.CoverageTransformer.transform(CoverageTransformer.java:94)
	at java.instrument/java.lang.instrument.ClassFileTransformer.transform(ClassFileTransformer.java:244)
	at java.instrument/sun.instrument.TransformerManager.transform(TransformerManager.java:188)
	at java.instrument/sun.instrument.InstrumentationImpl.transform(InstrumentationImpl.java:610)
	at java.base/java.lang.ClassLoader.defineClass2(Native Method)
	at java.base/java.lang.ClassLoader.defineClass(ClassLoader.java:1118)
	at java.base/java.security.SecureClassLoader.defineClass(SecureClassLoader.java:182)
	at java.base/jdk.internal.loader.BuiltinClassLoader.defineClass(BuiltinClassLoader.java:821)
	at java.base/jdk.internal.loader.BuiltinClassLoader.findClassInModuleOrNull(BuiltinClassLoader.java:741)
	at java.base/jdk.internal.loader.BuiltinClassLoader.loadClassOrNull(BuiltinClassLoader.java:665)
	at java.base/jdk.internal.loader.BuiltinClassLoader.loadClass(BuiltinClassLoader.java:639)
	at java.base/java.lang.ClassLoader.loadClass(ClassLoader.java:526)
	at java.base/java.lang.Class.forName0(Native Method)
	at java.base/java.lang.Class.forName(Class.java:534)
	at java.base/java.lang.Class.forName(Class.java:513)
	at jdk.charsets/sun.nio.cs.ext.AbstractCharsetProvider.lookup(AbstractCharsetProvider.java:138)
	at jdk.charsets/sun.nio.cs.ext.AbstractCharsetProvider.charsetForName(AbstractCharsetProvider.java:158)
	at java.base/java.nio.charset.Charset.lookupExtendedCharset(Charset.java:460)
	at java.base/java.nio.charset.Charset.lookup2(Charset.java:488)
	at java.base/java.nio.charset.Charset.lookup(Charset.java:476)
	at java.base/java.nio.charset.Charset.forName(Charset.java:540)
	at com.mysql.cj.MysqlCharset.<init>(CharsetMapping.java:736)
	at com.mysql.cj.MysqlCharset.<init>(CharsetMapping.java:708)
	at com.mysql.cj.CharsetMapping.<clinit>(CharsetMapping.java:116)
	at com.mysql.cj.protocol.a.NativeProtocol.beforeHandshake(NativeProtocol.java:421)
	at com.mysql.cj.protocol.a.NativeProtocol.connect(NativeProtocol.java:1428)
	at com.mysql.cj.NativeSession.connect(NativeSession.java:134)
	at com.mysql.cj.jdbc.ConnectionImpl.connectOneTryOnly(ConnectionImpl.java:945)
	at com.mysql.cj.jdbc.ConnectionImpl.createNewIO(ConnectionImpl.java:815)
	at com.mysql.cj.jdbc.ConnectionImpl.<init>(ConnectionImpl.java:446)
	at com.mysql.cj.jdbc.ConnectionImpl.getInstance(ConnectionImpl.java:239)
	at com.mysql.cj.jdbc.NonRegisteringDriver.connect(NonRegisteringDriver.java:188)
	at java.sql/java.sql.DriverManager.getConnection(DriverManager.java:683)
	at java.sql/java.sql.DriverManager.getConnection(DriverManager.java:230)
	at dao.DBConnection.<init>(DBConnection.java:29)
	at dao.DBConnection.getInstance(DBConnection.java:43)
	at JUnit.TesteAplicacao.testReaberturaConexao(TesteAplicacao.java:59)
	at java.base/jdk.internal.reflect.DirectMethodHandleAccessor.invoke(DirectMethodHandleAccessor.java:103)
	at java.base/java.lang.reflect.Method.invoke(Method.java:580)
	at org.junit.runners.model.FrameworkMethod$1.runReflectiveCall(FrameworkMethod.java:59)
	at org.junit.internal.runners.model.ReflectiveCallable.run(ReflectiveCallable.java:12)
	at org.junit.runners.model.FrameworkMethod.invokeExplosively(FrameworkMethod.java:56)
	at org.junit.internal.runners.statements.InvokeMethod.evaluate(InvokeMethod.java:17)
	at org.junit.runners.ParentRunner$3.evaluate(ParentRunner.java:306)
	at org.junit.runners.BlockJUnit4ClassRunner$1.evaluate(BlockJUnit4ClassRunner.java:100)
	at org.junit.runners.ParentRunner.runLeaf(ParentRunner.java:366)
	at org.junit.runners.BlockJUnit4ClassRunner.runChild(BlockJUnit4ClassRunner.java:103)
	at org.junit.runners.BlockJUnit4ClassRunner.runChild(BlockJUnit4ClassRunner.java:63)
	at org.junit.runners.ParentRunner$4.run(ParentRunner.java:331)
	at org.junit.runners.ParentRunner$1.schedule(ParentRunner.java:79)
	at org.junit.runners.ParentRunner.runChildren(ParentRunner.java:329)
	at org.junit.runners.ParentRunner.access$100(ParentRunner.java:66)
	at org.junit.runners.ParentRunner$2.evaluate(ParentRunner.java:293)
	at org.junit.runners.ParentRunner$3.evaluate(ParentRunner.java:306)
	at org.junit.runners.ParentRunner.run(ParentRunner.java:413)
	at org.apache.maven.surefire.junit4.JUnit4Provider.execute(JUnit4Provider.java:316)
	at org.apache.maven.surefire.junit4.JUnit4Provider.executeWithRerun(JUnit4Provider.java:240)
	at org.apache.maven.surefire.junit4.JUnit4Provider.executeTestSet(JUnit4Provider.java:214)
	at org.apache.maven.surefire.junit4.JUnit4Provider.invoke(JUnit4Provider.java:155)
	at org.apache.maven.surefire.booter.ForkedBooter.runSuitesInProcess(ForkedBooter.java:385)
	at org.apache.maven.surefire.booter.ForkedBooter.execute(ForkedBooter.java:162)
	at org.apache.maven.surefire.booter.ForkedBooter.run(ForkedBooter.java:507)
	at org.apache.maven.surefire.booter.ForkedBooter.main(ForkedBooter.java:495)
Caused by: java.io.IOException: Error while instrumenting sun/nio/cs/ext/Big5.
	at org.jacoco.agent.rt.internal_f3994fa.core.instr.Instrumenter.instrumentError(Instrumenter.java:160)
	at org.jacoco.agent.rt.internal_f3994fa.core.instr.Instrumenter.instrument(Instrumenter.java:110)
	at org.jacoco.agent.rt.internal_f3994fa.CoverageTransformer.transform(CoverageTransformer.java:92)
	... 62 more
Caused by: java.lang.IllegalArgumentException: Unsupported class file major version 65
	at org.jacoco.agent.rt.internal_f3994fa.asm.ClassReader.<init>(ClassReader.java:196)
	at org.jacoco.agent.rt.internal_f3994fa.asm.ClassReader.<init>(ClassReader.java:177)
	at org.jacoco.agent.rt.internal_f3994fa.asm.ClassReader.<init>(ClassReader.java:163)
	at org.jacoco.agent.rt.internal_f3994fa.core.internal.instr.InstrSupport.classReaderFor(InstrSupport.java:280)
	at org.jacoco.agent.rt.internal_f3994fa.core.instr.Instrumenter.instrument(Instrumenter.java:76)
	at org.jacoco.agent.rt.internal_f3994fa.core.instr.Instrumenter.instrument(Instrumenter.java:108)
	... 63 more
java.lang.instrument.IllegalClassFormatException: Error while instrumenting sun/nio/cs/ext/IBM943.
	at org.jacoco.agent.rt.internal_f3994fa.CoverageTransformer.transform(CoverageTransformer.java:94)
	at java.instrument/java.lang.instrument.ClassFileTransformer.transform(ClassFileTransformer.java:244)
	at java.instrument/sun.instrument.TransformerManager.transform(TransformerManager.java:188)
	at java.instrument/sun.instrument.InstrumentationImpl.transform(InstrumentationImpl.java:610)
	at java.base/java.lang.ClassLoader.defineClass2(Native Method)
	at java.base/java.lang.ClassLoader.defineClass(ClassLoader.java:1118)
	at java.base/java.security.SecureClassLoader.defineClass(SecureClassLoader.java:182)
	at java.base/jdk.internal.loader.BuiltinClassLoader.defineClass(BuiltinClassLoader.java:821)
	at java.base/jdk.internal.loader.BuiltinClassLoader.findClassInModuleOrNull(BuiltinClassLoader.java:741)
	at java.base/jdk.internal.loader.BuiltinClassLoader.loadClassOrNull(BuiltinClassLoader.java:665)
	at java.base/jdk.internal.loader.BuiltinClassLoader.loadClass(BuiltinClassLoader.java:639)
	at java.base/java.lang.ClassLoader.loadClass(ClassLoader.java:526)
	at java.base/java.lang.Class.forName0(Native Method)
	at java.base/java.lang.Class.forName(Class.java:534)
	at java.base/java.lang.Class.forName(Class.java:513)
	at jdk.charsets/sun.nio.cs.ext.AbstractCharsetProvider.lookup(AbstractCharsetProvider.java:138)
	at jdk.charsets/sun.nio.cs.ext.AbstractCharsetProvider.charsetForName(AbstractCharsetProvider.java:158)
	at java.base/java.nio.charset.Charset.lookupExtendedCharset(Charset.java:460)
	at java.base/java.nio.charset.Charset.lookup2(Charset.java:488)
	at java.base/java.nio.charset.Charset.lookup(Charset.java:476)
	at java.base/java.nio.charset.Charset.forName(Charset.java:540)
	at com.mysql.cj.MysqlCharset.<init>(CharsetMapping.java:736)
	at com.mysql.cj.MysqlCharset.<init>(CharsetMapping.java:708)
	at com.mysql.cj.CharsetMapping.<clinit>(CharsetMapping.java:116)
	at com.mysql.cj.protocol.a.NativeProtocol.beforeHandshake(NativeProtocol.java:421)
	at com.mysql.cj.protocol.a.NativeProtocol.connect(NativeProtocol.java:1428)
	at com.mysql.cj.NativeSession.connect(NativeSession.java:134)
	at com.mysql.cj.jdbc.ConnectionImpl.connectOneTryOnly(ConnectionImpl.java:945)
	at com.mysql.cj.jdbc.ConnectionImpl.createNewIO(ConnectionImpl.java:815)
	at com.mysql.cj.jdbc.ConnectionImpl.<init>(ConnectionImpl.java:446)
	at com.mysql.cj.jdbc.ConnectionImpl.getInstance(ConnectionImpl.java:239)
	at com.mysql.cj.jdbc.NonRegisteringDriver.connect(NonRegisteringDriver.java:188)
	at java.sql/java.sql.DriverManager.getConnection(DriverManager.java:683)
	at java.sql/java.sql.DriverManager.getConnection(DriverManager.java:230)
	at dao.DBConnection.<init>(DBConnection.java:29)
	at dao.DBConnection.getInstance(DBConnection.java:43)
	at JUnit.TesteAplicacao.testReaberturaConexao(TesteAplicacao.java:59)
	at java.base/jdk.internal.reflect.DirectMethodHandleAccessor.invoke(DirectMethodHandleAccessor.java:103)
	at java.base/java.lang.reflect.Method.invoke(Method.java:580)
	at org.junit.runners.model.FrameworkMethod$1.runReflectiveCall(FrameworkMethod.java:59)
	at org.junit.internal.runners.model.ReflectiveCallable.run(ReflectiveCallable.java:12)
	at org.junit.runners.model.FrameworkMethod.invokeExplosively(FrameworkMethod.java:56)
	at org.junit.internal.runners.statements.InvokeMethod.evaluate(InvokeMethod.java:17)
	at org.junit.runners.ParentRunner$3.evaluate(ParentRunner.java:306)
	at org.junit.runners.BlockJUnit4ClassRunner$1.evaluate(BlockJUnit4ClassRunner.java:100)
	at org.junit.runners.ParentRunner.runLeaf(ParentRunner.java:366)
	at org.junit.runners.BlockJUnit4ClassRunner.runChild(BlockJUnit4ClassRunner.java:103)
	at org.junit.runners.BlockJUnit4ClassRunner.runChild(BlockJUnit4ClassRunner.java:63)
	at org.junit.runners.ParentRunner$4.run(ParentRunner.java:331)
	at org.junit.runners.ParentRunner$1.schedule(ParentRunner.java:79)
	at org.junit.runners.ParentRunner.runChildren(ParentRunner.java:329)
	at org.junit.runners.ParentRunner.access$100(ParentRunner.java:66)
	at org.junit.runners.ParentRunner$2.evaluate(ParentRunner.java:293)
	at org.junit.runners.ParentRunner$3.evaluate(ParentRunner.java:306)
	at org.junit.runners.ParentRunner.run(ParentRunner.java:413)
	at org.apache.maven.surefire.junit4.JUnit4Provider.execute(JUnit4Provider.java:316)
	at org.apache.maven.surefire.junit4.JUnit4Provider.executeWithRerun(JUnit4Provider.java:240)
	at org.apache.maven.surefire.junit4.JUnit4Provider.executeTestSet(JUnit4Provider.java:214)
	at org.apache.maven.surefire.junit4.JUnit4Provider.invoke(JUnit4Provider.java:155)
	at org.apache.maven.surefire.booter.ForkedBooter.runSuitesInProcess(ForkedBooter.java:385)
	at org.apache.maven.surefire.booter.ForkedBooter.execute(ForkedBooter.java:162)
	at org.apache.maven.surefire.booter.ForkedBooter.run(ForkedBooter.java:507)
	at org.apache.maven.surefire.booter.ForkedBooter.main(ForkedBooter.java:495)
Caused by: java.io.IOException: Error while instrumenting sun/nio/cs/ext/IBM943.
	at org.jacoco.agent.rt.internal_f3994fa.core.instr.Instrumenter.instrumentError(Instrumenter.java:160)
	at org.jacoco.agent.rt.internal_f3994fa.core.instr.Instrumenter.instrument(Instrumenter.java:110)
	at org.jacoco.agent.rt.internal_f3994fa.CoverageTransformer.transform(CoverageTransformer.java:92)
	... 62 more
Caused by: java.lang.IllegalArgumentException: Unsupported class file major version 65
	at org.jacoco.agent.rt.internal_f3994fa.asm.ClassReader.<init>(ClassReader.java:196)
	at org.jacoco.agent.rt.internal_f3994fa.asm.ClassReader.<init>(ClassReader.java:177)
	at org.jacoco.agent.rt.internal_f3994fa.asm.ClassReader.<init>(ClassReader.java:163)
	at org.jacoco.agent.rt.internal_f3994fa.core.internal.instr.InstrSupport.classReaderFor(InstrSupport.java:280)
	at org.jacoco.agent.rt.internal_f3994fa.core.instr.Instrumenter.instrument(Instrumenter.java:76)
	at org.jacoco.agent.rt.internal_f3994fa.core.instr.Instrumenter.instrument(Instrumenter.java:108)
	... 63 more
java.lang.instrument.IllegalClassFormatException: Error while instrumenting sun/nio/cs/ext/EUC_CN.
	at org.jacoco.agent.rt.internal_f3994fa.CoverageTransformer.transform(CoverageTransformer.java:94)
	at java.instrument/java.lang.instrument.ClassFileTransformer.transform(ClassFileTransformer.java:244)
	at java.instrument/sun.instrument.TransformerManager.transform(TransformerManager.java:188)
	at java.instrument/sun.instrument.InstrumentationImpl.transform(InstrumentationImpl.java:610)
	at java.base/java.lang.ClassLoader.defineClass2(Native Method)
	at java.base/java.lang.ClassLoader.defineClass(ClassLoader.java:1118)
	at java.base/java.security.SecureClassLoader.defineClass(SecureClassLoader.java:182)
	at java.base/jdk.internal.loader.BuiltinClassLoader.defineClass(BuiltinClassLoader.java:821)
	at java.base/jdk.internal.loader.BuiltinClassLoader.findClassInModuleOrNull(BuiltinClassLoader.java:741)
	at java.base/jdk.internal.loader.BuiltinClassLoader.loadClassOrNull(BuiltinClassLoader.java:665)
	at java.base/jdk.internal.loader.BuiltinClassLoader.loadClass(BuiltinClassLoader.java:639)
	at java.base/java.lang.ClassLoader.loadClass(ClassLoader.java:526)
	at java.base/java.lang.Class.forName0(Native Method)
	at java.base/java.lang.Class.forName(Class.java:534)
	at java.base/java.lang.Class.forName(Class.java:513)
	at jdk.charsets/sun.nio.cs.ext.AbstractCharsetProvider.lookup(AbstractCharsetProvider.java:138)
	at jdk.charsets/sun.nio.cs.ext.AbstractCharsetProvider.charsetForName(AbstractCharsetProvider.java:158)
	at java.base/java.nio.charset.Charset.lookupExtendedCharset(Charset.java:460)
	at java.base/java.nio.charset.Charset.lookup2(Charset.java:488)
	at java.base/java.nio.charset.Charset.lookup(Charset.java:476)
	at java.base/java.nio.charset.Charset.forName(Charset.java:540)
	at com.mysql.cj.MysqlCharset.<init>(CharsetMapping.java:736)
	at com.mysql.cj.MysqlCharset.<init>(CharsetMapping.java:708)
	at com.mysql.cj.CharsetMapping.<clinit>(CharsetMapping.java:116)
	at com.mysql.cj.protocol.a.NativeProtocol.beforeHandshake(NativeProtocol.java:421)
	at com.mysql.cj.protocol.a.NativeProtocol.connect(NativeProtocol.java:1428)
	at com.mysql.cj.NativeSession.connect(NativeSession.java:134)
	at com.mysql.cj.jdbc.ConnectionImpl.connectOneTryOnly(ConnectionImpl.java:945)
	at com.mysql.cj.jdbc.ConnectionImpl.createNewIO(ConnectionImpl.java:815)
	at com.mysql.cj.jdbc.ConnectionImpl.<init>(ConnectionImpl.java:446)
	at com.mysql.cj.jdbc.ConnectionImpl.getInstance(ConnectionImpl.java:239)
	at com.mysql.cj.jdbc.NonRegisteringDriver.connect(NonRegisteringDriver.java:188)
	at java.sql/java.sql.DriverManager.getConnection(DriverManager.java:683)
	at java.sql/java.sql.DriverManager.getConnection(DriverManager.java:230)
	at dao.DBConnection.<init>(DBConnection.java:29)
	at dao.DBConnection.getInstance(DBConnection.java:43)
	at JUnit.TesteAplicacao.testReaberturaConexao(TesteAplicacao.java:59)
	at java.base/jdk.internal.reflect.DirectMethodHandleAccessor.invoke(DirectMethodHandleAccessor.java:103)
	at java.base/java.lang.reflect.Method.invoke(Method.java:580)
	at org.junit.runners.model.FrameworkMethod$1.runReflectiveCall(FrameworkMethod.java:59)
	at org.junit.internal.runners.model.ReflectiveCallable.run(ReflectiveCallable.java:12)
	at org.junit.runners.model.FrameworkMethod.invokeExplosively(FrameworkMethod.java:56)
	at org.junit.internal.runners.statements.InvokeMethod.evaluate(InvokeMethod.java:17)
	at org.junit.runners.ParentRunner$3.evaluate(ParentRunner.java:306)
	at org.junit.runners.BlockJUnit4ClassRunner$1.evaluate(BlockJUnit4ClassRunner.java:100)
	at org.junit.runners.ParentRunner.runLeaf(ParentRunner.java:366)
	at org.junit.runners.BlockJUnit4ClassRunner.runChild(BlockJUnit4ClassRunner.java:103)
	at org.junit.runners.BlockJUnit4ClassRunner.runChild(BlockJUnit4ClassRunner.java:63)
	at org.junit.runners.ParentRunner$4.run(ParentRunner.java:331)
	at org.junit.runners.ParentRunner$1.schedule(ParentRunner.java:79)
	at org.junit.runners.ParentRunner.runChildren(ParentRunner.java:329)
	at org.junit.runners.ParentRunner.access$100(ParentRunner.java:66)
	at org.junit.runners.ParentRunner$2.evaluate(ParentRunner.java:293)
	at org.junit.runners.ParentRunner$3.evaluate(ParentRunner.java:306)
	at org.junit.runners.ParentRunner.run(ParentRunner.java:413)
	at org.apache.maven.surefire.junit4.JUnit4Provider.execute(JUnit4Provider.java:316)
	at org.apache.maven.surefire.junit4.JUnit4Provider.executeWithRerun(JUnit4Provider.java:240)
	at org.apache.maven.surefire.junit4.JUnit4Provider.executeTestSet(JUnit4Provider.java:214)
	at org.apache.maven.surefire.junit4.JUnit4Provider.invoke(JUnit4Provider.java:155)
	at org.apache.maven.surefire.booter.ForkedBooter.runSuitesInProcess(ForkedBooter.java:385)
	at org.apache.maven.surefire.booter.ForkedBooter.execute(ForkedBooter.java:162)
	at org.apache.maven.surefire.booter.ForkedBooter.run(ForkedBooter.java:507)
	at org.apache.maven.surefire.booter.ForkedBooter.main(ForkedBooter.java:495)
Caused by: java.io.IOException: Error while instrumenting sun/nio/cs/ext/EUC_CN.
	at org.jacoco.agent.rt.internal_f3994fa.core.instr.Instrumenter.instrumentError(Instrumenter.java:160)
	at org.jacoco.agent.rt.internal_f3994fa.core.instr.Instrumenter.instrument(Instrumenter.java:110)
	at org.jacoco.agent.rt.internal_f3994fa.CoverageTransformer.transform(CoverageTransformer.java:92)
	... 62 more
Caused by: java.lang.IllegalArgumentException: Unsupported class file major version 65
	at org.jacoco.agent.rt.internal_f3994fa.asm.ClassReader.<init>(ClassReader.java:196)
	at org.jacoco.agent.rt.internal_f3994fa.asm.ClassReader.<init>(ClassReader.java:177)
	at org.jacoco.agent.rt.internal_f3994fa.asm.ClassReader.<init>(ClassReader.java:163)
	at org.jacoco.agent.rt.internal_f3994fa.core.internal.instr.InstrSupport.classReaderFor(InstrSupport.java:280)
	at org.jacoco.agent.rt.internal_f3994fa.core.instr.Instrumenter.instrument(Instrumenter.java:76)
	at org.jacoco.agent.rt.internal_f3994fa.core.instr.Instrumenter.instrument(Instrumenter.java:108)
	... 63 more
java.lang.instrument.IllegalClassFormatException: Error while instrumenting sun/nio/cs/ext/EUC_JP.
	at org.jacoco.agent.rt.internal_f3994fa.CoverageTransformer.transform(CoverageTransformer.java:94)
	at java.instrument/java.lang.instrument.ClassFileTransformer.transform(ClassFileTransformer.java:244)
	at java.instrument/sun.instrument.TransformerManager.transform(TransformerManager.java:188)
	at java.instrument/sun.instrument.InstrumentationImpl.transform(InstrumentationImpl.java:610)
	at java.base/java.lang.ClassLoader.defineClass2(Native Method)
	at java.base/java.lang.ClassLoader.defineClass(ClassLoader.java:1118)
	at java.base/java.security.SecureClassLoader.defineClass(SecureClassLoader.java:182)
	at java.base/jdk.internal.loader.BuiltinClassLoader.defineClass(BuiltinClassLoader.java:821)
	at java.base/jdk.internal.loader.BuiltinClassLoader.findClassInModuleOrNull(BuiltinClassLoader.java:741)
	at java.base/jdk.internal.loader.BuiltinClassLoader.loadClassOrNull(BuiltinClassLoader.java:665)
	at java.base/jdk.internal.loader.BuiltinClassLoader.loadClass(BuiltinClassLoader.java:639)
	at java.base/java.lang.ClassLoader.loadClass(ClassLoader.java:526)
	at java.base/java.lang.Class.forName0(Native Method)
	at java.base/java.lang.Class.forName(Class.java:534)
	at java.base/java.lang.Class.forName(Class.java:513)
	at jdk.charsets/sun.nio.cs.ext.AbstractCharsetProvider.lookup(AbstractCharsetProvider.java:138)
	at jdk.charsets/sun.nio.cs.ext.AbstractCharsetProvider.charsetForName(AbstractCharsetProvider.java:158)
	at java.base/java.nio.charset.Charset.lookupExtendedCharset(Charset.java:460)
	at java.base/java.nio.charset.Charset.lookup2(Charset.java:488)
	at java.base/java.nio.charset.Charset.lookup(Charset.java:476)
	at java.base/java.nio.charset.Charset.forName(Charset.java:540)
	at com.mysql.cj.MysqlCharset.<init>(CharsetMapping.java:736)
	at com.mysql.cj.MysqlCharset.<init>(CharsetMapping.java:708)
	at com.mysql.cj.CharsetMapping.<clinit>(CharsetMapping.java:116)
	at com.mysql.cj.protocol.a.NativeProtocol.beforeHandshake(NativeProtocol.java:421)
	at com.mysql.cj.protocol.a.NativeProtocol.connect(NativeProtocol.java:1428)
	at com.mysql.cj.NativeSession.connect(NativeSession.java:134)
	at com.mysql.cj.jdbc.ConnectionImpl.connectOneTryOnly(ConnectionImpl.java:945)
	at com.mysql.cj.jdbc.ConnectionImpl.createNewIO(ConnectionImpl.java:815)
	at com.mysql.cj.jdbc.ConnectionImpl.<init>(ConnectionImpl.java:446)
	at com.mysql.cj.jdbc.ConnectionImpl.getInstance(ConnectionImpl.java:239)
	at com.mysql.cj.jdbc.NonRegisteringDriver.connect(NonRegisteringDriver.java:188)
	at java.sql/java.sql.DriverManager.getConnection(DriverManager.java:683)
	at java.sql/java.sql.DriverManager.getConnection(DriverManager.java:230)
	at dao.DBConnection.<init>(DBConnection.java:29)
	at dao.DBConnection.getInstance(DBConnection.java:43)
	at JUnit.TesteAplicacao.testReaberturaConexao(TesteAplicacao.java:59)
	at java.base/jdk.internal.reflect.DirectMethodHandleAccessor.invoke(DirectMethodHandleAccessor.java:103)
	at java.base/java.lang.reflect.Method.invoke(Method.java:580)
	at org.junit.runners.model.FrameworkMethod$1.runReflectiveCall(FrameworkMethod.java:59)
	at org.junit.internal.runners.model.ReflectiveCallable.run(ReflectiveCallable.java:12)
	at org.junit.runners.model.FrameworkMethod.invokeExplosively(FrameworkMethod.java:56)
	at org.junit.internal.runners.statements.InvokeMethod.evaluate(InvokeMethod.java:17)
	at org.junit.runners.ParentRunner$3.evaluate(ParentRunner.java:306)
	at org.junit.runners.BlockJUnit4ClassRunner$1.evaluate(BlockJUnit4ClassRunner.java:100)
	at org.junit.runners.ParentRunner.runLeaf(ParentRunner.java:366)
	at org.junit.runners.BlockJUnit4ClassRunner.runChild(BlockJUnit4ClassRunner.java:103)
	at org.junit.runners.BlockJUnit4ClassRunner.runChild(BlockJUnit4ClassRunner.java:63)
	at org.junit.runners.ParentRunner$4.run(ParentRunner.java:331)
	at org.junit.runners.ParentRunner$1.schedule(ParentRunner.java:79)
	at org.junit.runners.ParentRunner.runChildren(ParentRunner.java:329)
	at org.junit.runners.ParentRunner.access$100(ParentRunner.java:66)
	at org.junit.runners.ParentRunner$2.evaluate(ParentRunner.java:293)
	at org.junit.runners.ParentRunner$3.evaluate(ParentRunner.java:306)
	at org.junit.runners.ParentRunner.run(ParentRunner.java:413)
	at org.apache.maven.surefire.junit4.JUnit4Provider.execute(JUnit4Provider.java:316)
	at org.apache.maven.surefire.junit4.JUnit4Provider.executeWithRerun(JUnit4Provider.java:240)
	at org.apache.maven.surefire.junit4.JUnit4Provider.executeTestSet(JUnit4Provider.java:214)
	at org.apache.maven.surefire.junit4.JUnit4Provider.invoke(JUnit4Provider.java:155)
	at org.apache.maven.surefire.booter.ForkedBooter.runSuitesInProcess(ForkedBooter.java:385)
	at org.apache.maven.surefire.booter.ForkedBooter.execute(ForkedBooter.java:162)
	at org.apache.maven.surefire.booter.ForkedBooter.run(ForkedBooter.java:507)
	at org.apache.maven.surefire.booter.ForkedBooter.main(ForkedBooter.java:495)
Caused by: java.io.IOException: Error while instrumenting sun/nio/cs/ext/EUC_JP.
	at org.jacoco.agent.rt.internal_f3994fa.core.instr.Instrumenter.instrumentError(Instrumenter.java:160)
	at org.jacoco.agent.rt.internal_f3994fa.core.instr.Instrumenter.instrument(Instrumenter.java:110)
	at org.jacoco.agent.rt.internal_f3994fa.CoverageTransformer.transform(CoverageTransformer.java:92)
	... 62 more
Caused by: java.lang.IllegalArgumentException: Unsupported class file major version 65
	at org.jacoco.agent.rt.internal_f3994fa.asm.ClassReader.<init>(ClassReader.java:196)
	at org.jacoco.agent.rt.internal_f3994fa.asm.ClassReader.<init>(ClassReader.java:177)
	at org.jacoco.agent.rt.internal_f3994fa.asm.ClassReader.<init>(ClassReader.java:163)
	at org.jacoco.agent.rt.internal_f3994fa.core.internal.instr.InstrSupport.classReaderFor(InstrSupport.java:280)
	at org.jacoco.agent.rt.internal_f3994fa.core.instr.Instrumenter.instrument(Instrumenter.java:76)
	at org.jacoco.agent.rt.internal_f3994fa.core.instr.Instrumenter.instrument(Instrumenter.java:108)
	... 63 more
java.lang.instrument.IllegalClassFormatException: Error while instrumenting sun/nio/cs/ext/EUC_JP$Decoder.
	at org.jacoco.agent.rt.internal_f3994fa.CoverageTransformer.transform(CoverageTransformer.java:94)
	at java.instrument/java.lang.instrument.ClassFileTransformer.transform(ClassFileTransformer.java:244)
	at java.instrument/sun.instrument.TransformerManager.transform(TransformerManager.java:188)
	at java.instrument/sun.instrument.InstrumentationImpl.transform(InstrumentationImpl.java:610)
	at java.base/java.lang.ClassLoader.defineClass2(Native Method)
	at java.base/java.lang.ClassLoader.defineClass(ClassLoader.java:1118)
	at java.base/java.security.SecureClassLoader.defineClass(SecureClassLoader.java:182)
	at java.base/jdk.internal.loader.BuiltinClassLoader.defineClass(BuiltinClassLoader.java:821)
	at java.base/jdk.internal.loader.BuiltinClassLoader.findClassInModuleOrNull(BuiltinClassLoader.java:741)
	at java.base/jdk.internal.loader.BuiltinClassLoader.loadClassOrNull(BuiltinClassLoader.java:665)
	at java.base/jdk.internal.loader.BuiltinClassLoader.loadClass(BuiltinClassLoader.java:639)
	at java.base/java.lang.ClassLoader.loadClass(ClassLoader.java:526)
	at java.base/java.lang.Class.forName0(Native Method)
	at java.base/java.lang.Class.forName(Class.java:534)
	at java.base/java.lang.Class.forName(Class.java:513)
	at jdk.charsets/sun.nio.cs.ext.AbstractCharsetProvider.lookup(AbstractCharsetProvider.java:138)
	at jdk.charsets/sun.nio.cs.ext.AbstractCharsetProvider.charsetForName(AbstractCharsetProvider.java:158)
	at java.base/java.nio.charset.Charset.lookupExtendedCharset(Charset.java:460)
	at java.base/java.nio.charset.Charset.lookup2(Charset.java:488)
	at java.base/java.nio.charset.Charset.lookup(Charset.java:476)
	at java.base/java.nio.charset.Charset.forName(Charset.java:540)
	at com.mysql.cj.MysqlCharset.<init>(CharsetMapping.java:736)
	at com.mysql.cj.MysqlCharset.<init>(CharsetMapping.java:708)
	at com.mysql.cj.CharsetMapping.<clinit>(CharsetMapping.java:116)
	at com.mysql.cj.protocol.a.NativeProtocol.beforeHandshake(NativeProtocol.java:421)
	at com.mysql.cj.protocol.a.NativeProtocol.connect(NativeProtocol.java:1428)
	at com.mysql.cj.NativeSession.connect(NativeSession.java:134)
	at com.mysql.cj.jdbc.ConnectionImpl.connectOneTryOnly(ConnectionImpl.java:945)
	at com.mysql.cj.jdbc.ConnectionImpl.createNewIO(ConnectionImpl.java:815)
	at com.mysql.cj.jdbc.ConnectionImpl.<init>(ConnectionImpl.java:446)
	at com.mysql.cj.jdbc.ConnectionImpl.getInstance(ConnectionImpl.java:239)
	at com.mysql.cj.jdbc.NonRegisteringDriver.connect(NonRegisteringDriver.java:188)
	at java.sql/java.sql.DriverManager.getConnection(DriverManager.java:683)
	at java.sql/java.sql.DriverManager.getConnection(DriverManager.java:230)
	at dao.DBConnection.<init>(DBConnection.java:29)
	at dao.DBConnection.getInstance(DBConnection.java:43)
	at JUnit.TesteAplicacao.testReaberturaConexao(TesteAplicacao.java:59)
	at java.base/jdk.internal.reflect.DirectMethodHandleAccessor.invoke(DirectMethodHandleAccessor.java:103)
	at java.base/java.lang.reflect.Method.invoke(Method.java:580)
	at org.junit.runners.model.FrameworkMethod$1.runReflectiveCall(FrameworkMethod.java:59)
	at org.junit.internal.runners.model.ReflectiveCallable.run(ReflectiveCallable.java:12)
	at org.junit.runners.model.FrameworkMethod.invokeExplosively(FrameworkMethod.java:56)
	at org.junit.internal.runners.statements.InvokeMethod.evaluate(InvokeMethod.java:17)
	at org.junit.runners.ParentRunner$3.evaluate(ParentRunner.java:306)
	at org.junit.runners.BlockJUnit4ClassRunner$1.evaluate(BlockJUnit4ClassRunner.java:100)
	at org.junit.runners.ParentRunner.runLeaf(ParentRunner.java:366)
	at org.junit.runners.BlockJUnit4ClassRunner.runChild(BlockJUnit4ClassRunner.java:103)
	at org.junit.runners.BlockJUnit4ClassRunner.runChild(BlockJUnit4ClassRunner.java:63)
	at org.junit.runners.ParentRunner$4.run(ParentRunner.java:331)
	at org.junit.runners.ParentRunner$1.schedule(ParentRunner.java:79)
	at org.junit.runners.ParentRunner.runChildren(ParentRunner.java:329)
	at org.junit.runners.ParentRunner.access$100(ParentRunner.java:66)
	at org.junit.runners.ParentRunner$2.evaluate(ParentRunner.java:293)
	at org.junit.runners.ParentRunner$3.evaluate(ParentRunner.java:306)
	at org.junit.runners.ParentRunner.run(ParentRunner.java:413)
	at org.apache.maven.surefire.junit4.JUnit4Provider.execute(JUnit4Provider.java:316)
	at org.apache.maven.surefire.junit4.JUnit4Provider.executeWithRerun(JUnit4Provider.java:240)
	at org.apache.maven.surefire.junit4.JUnit4Provider.executeTestSet(JUnit4Provider.java:214)
	at org.apache.maven.surefire.junit4.JUnit4Provider.invoke(JUnit4Provider.java:155)
	at org.apache.maven.surefire.booter.ForkedBooter.runSuitesInProcess(ForkedBooter.java:385)
	at org.apache.maven.surefire.booter.ForkedBooter.execute(ForkedBooter.java:162)
	at org.apache.maven.surefire.booter.ForkedBooter.run(ForkedBooter.java:507)
	at org.apache.maven.surefire.booter.ForkedBooter.main(ForkedBooter.java:495)
Caused by: java.io.IOException: Error while instrumenting sun/nio/cs/ext/EUC_JP$Decoder.
	at org.jacoco.agent.rt.internal_f3994fa.core.instr.Instrumenter.instrumentError(Instrumenter.java:160)
	at org.jacoco.agent.rt.internal_f3994fa.core.instr.Instrumenter.instrument(Instrumenter.java:110)
	at org.jacoco.agent.rt.internal_f3994fa.CoverageTransformer.transform(CoverageTransformer.java:92)
	... 62 more
Caused by: java.lang.IllegalArgumentException: Unsupported class file major version 65
	at org.jacoco.agent.rt.internal_f3994fa.asm.ClassReader.<init>(ClassReader.java:196)
	at org.jacoco.agent.rt.internal_f3994fa.asm.ClassReader.<init>(ClassReader.java:177)
	at org.jacoco.agent.rt.internal_f3994fa.asm.ClassReader.<init>(ClassReader.java:163)
	at org.jacoco.agent.rt.internal_f3994fa.core.internal.instr.InstrSupport.classReaderFor(InstrSupport.java:280)
	at org.jacoco.agent.rt.internal_f3994fa.core.instr.Instrumenter.instrument(Instrumenter.java:76)
	at org.jacoco.agent.rt.internal_f3994fa.core.instr.Instrumenter.instrument(Instrumenter.java:108)
	... 63 more
java.lang.instrument.IllegalClassFormatException: Error while instrumenting sun/nio/cs/ext/EUC_JP$Encoder.
	at org.jacoco.agent.rt.internal_f3994fa.CoverageTransformer.transform(CoverageTransformer.java:94)
	at java.instrument/java.lang.instrument.ClassFileTransformer.transform(ClassFileTransformer.java:244)
	at java.instrument/sun.instrument.TransformerManager.transform(TransformerManager.java:188)
	at java.instrument/sun.instrument.InstrumentationImpl.transform(InstrumentationImpl.java:610)
	at java.base/java.lang.ClassLoader.defineClass2(Native Method)
	at java.base/java.lang.ClassLoader.defineClass(ClassLoader.java:1118)
	at java.base/java.security.SecureClassLoader.defineClass(SecureClassLoader.java:182)
	at java.base/jdk.internal.loader.BuiltinClassLoader.defineClass(BuiltinClassLoader.java:821)
	at java.base/jdk.internal.loader.BuiltinClassLoader.findClassInModuleOrNull(BuiltinClassLoader.java:741)
	at java.base/jdk.internal.loader.BuiltinClassLoader.loadClassOrNull(BuiltinClassLoader.java:665)
	at java.base/jdk.internal.loader.BuiltinClassLoader.loadClass(BuiltinClassLoader.java:639)
	at java.base/java.lang.ClassLoader.loadClass(ClassLoader.java:526)
	at java.base/java.lang.Class.forName0(Native Method)
	at java.base/java.lang.Class.forName(Class.java:534)
	at java.base/java.lang.Class.forName(Class.java:513)
	at jdk.charsets/sun.nio.cs.ext.AbstractCharsetProvider.lookup(AbstractCharsetProvider.java:138)
	at jdk.charsets/sun.nio.cs.ext.AbstractCharsetProvider.charsetForName(AbstractCharsetProvider.java:158)
	at java.base/java.nio.charset.Charset.lookupExtendedCharset(Charset.java:460)
	at java.base/java.nio.charset.Charset.lookup2(Charset.java:488)
	at java.base/java.nio.charset.Charset.lookup(Charset.java:476)
	at java.base/java.nio.charset.Charset.forName(Charset.java:540)
	at com.mysql.cj.MysqlCharset.<init>(CharsetMapping.java:736)
	at com.mysql.cj.MysqlCharset.<init>(CharsetMapping.java:708)
	at com.mysql.cj.CharsetMapping.<clinit>(CharsetMapping.java:116)
	at com.mysql.cj.protocol.a.NativeProtocol.beforeHandshake(NativeProtocol.java:421)
	at com.mysql.cj.protocol.a.NativeProtocol.connect(NativeProtocol.java:1428)
	at com.mysql.cj.NativeSession.connect(NativeSession.java:134)
	at com.mysql.cj.jdbc.ConnectionImpl.connectOneTryOnly(ConnectionImpl.java:945)
	at com.mysql.cj.jdbc.ConnectionImpl.createNewIO(ConnectionImpl.java:815)
	at com.mysql.cj.jdbc.ConnectionImpl.<init>(ConnectionImpl.java:446)
	at com.mysql.cj.jdbc.ConnectionImpl.getInstance(ConnectionImpl.java:239)
	at com.mysql.cj.jdbc.NonRegisteringDriver.connect(NonRegisteringDriver.java:188)
	at java.sql/java.sql.DriverManager.getConnection(DriverManager.java:683)
	at java.sql/java.sql.DriverManager.getConnection(DriverManager.java:230)
	at dao.DBConnection.<init>(DBConnection.java:29)
	at dao.DBConnection.getInstance(DBConnection.java:43)
	at JUnit.TesteAplicacao.testReaberturaConexao(TesteAplicacao.java:59)
	at java.base/jdk.internal.reflect.DirectMethodHandleAccessor.invoke(DirectMethodHandleAccessor.java:103)
	at java.base/java.lang.reflect.Method.invoke(Method.java:580)
	at org.junit.runners.model.FrameworkMethod$1.runReflectiveCall(FrameworkMethod.java:59)
	at org.junit.internal.runners.model.ReflectiveCallable.run(ReflectiveCallable.java:12)
	at org.junit.runners.model.FrameworkMethod.invokeExplosively(FrameworkMethod.java:56)
	at org.junit.internal.runners.statements.InvokeMethod.evaluate(InvokeMethod.java:17)
	at org.junit.runners.ParentRunner$3.evaluate(ParentRunner.java:306)
	at org.junit.runners.BlockJUnit4ClassRunner$1.evaluate(BlockJUnit4ClassRunner.java:100)
	at org.junit.runners.ParentRunner.runLeaf(ParentRunner.java:366)
	at org.junit.runners.BlockJUnit4ClassRunner.runChild(BlockJUnit4ClassRunner.java:103)
	at org.junit.runners.BlockJUnit4ClassRunner.runChild(BlockJUnit4ClassRunner.java:63)
	at org.junit.runners.ParentRunner$4.run(ParentRunner.java:331)
	at org.junit.runners.ParentRunner$1.schedule(ParentRunner.java:79)
	at org.junit.runners.ParentRunner.runChildren(ParentRunner.java:329)
	at org.junit.runners.ParentRunner.access$100(ParentRunner.java:66)
	at org.junit.runners.ParentRunner$2.evaluate(ParentRunner.java:293)
	at org.junit.runners.ParentRunner$3.evaluate(ParentRunner.java:306)
	at org.junit.runners.ParentRunner.run(ParentRunner.java:413)
	at org.apache.maven.surefire.junit4.JUnit4Provider.execute(JUnit4Provider.java:316)
	at org.apache.maven.surefire.junit4.JUnit4Provider.executeWithRerun(JUnit4Provider.java:240)
	at org.apache.maven.surefire.junit4.JUnit4Provider.executeTestSet(JUnit4Provider.java:214)
	at org.apache.maven.surefire.junit4.JUnit4Provider.invoke(JUnit4Provider.java:155)
	at org.apache.maven.surefire.booter.ForkedBooter.runSuitesInProcess(ForkedBooter.java:385)
	at org.apache.maven.surefire.booter.ForkedBooter.execute(ForkedBooter.java:162)
	at org.apache.maven.surefire.booter.ForkedBooter.run(ForkedBooter.java:507)
	at org.apache.maven.surefire.booter.ForkedBooter.main(ForkedBooter.java:495)
Caused by: java.io.IOException: Error while instrumenting sun/nio/cs/ext/EUC_JP$Encoder.
	at org.jacoco.agent.rt.internal_f3994fa.core.instr.Instrumenter.instrumentError(Instrumenter.java:160)
	at org.jacoco.agent.rt.internal_f3994fa.core.instr.Instrumenter.instrument(Instrumenter.java:110)
	at org.jacoco.agent.rt.internal_f3994fa.CoverageTransformer.transform(CoverageTransformer.java:92)
	... 62 more
Caused by: java.lang.IllegalArgumentException: Unsupported class file major version 65
	at org.jacoco.agent.rt.internal_f3994fa.asm.ClassReader.<init>(ClassReader.java:196)
	at org.jacoco.agent.rt.internal_f3994fa.asm.ClassReader.<init>(ClassReader.java:177)
	at org.jacoco.agent.rt.internal_f3994fa.asm.ClassReader.<init>(ClassReader.java:163)
	at org.jacoco.agent.rt.internal_f3994fa.core.internal.instr.InstrSupport.classReaderFor(InstrSupport.java:280)
	at org.jacoco.agent.rt.internal_f3994fa.core.instr.Instrumenter.instrument(Instrumenter.java:76)
	at org.jacoco.agent.rt.internal_f3994fa.core.instr.Instrumenter.instrument(Instrumenter.java:108)
	... 63 more
java.lang.instrument.IllegalClassFormatException: Error while instrumenting sun/nio/cs/ext/EUC_JP_Open.
	at org.jacoco.agent.rt.internal_f3994fa.CoverageTransformer.transform(CoverageTransformer.java:94)
	at java.instrument/java.lang.instrument.ClassFileTransformer.transform(ClassFileTransformer.java:244)
	at java.instrument/sun.instrument.TransformerManager.transform(TransformerManager.java:188)
	at java.instrument/sun.instrument.InstrumentationImpl.transform(InstrumentationImpl.java:610)
	at java.base/java.lang.ClassLoader.defineClass2(Native Method)
	at java.base/java.lang.ClassLoader.defineClass(ClassLoader.java:1118)
	at java.base/java.security.SecureClassLoader.defineClass(SecureClassLoader.java:182)
	at java.base/jdk.internal.loader.BuiltinClassLoader.defineClass(BuiltinClassLoader.java:821)
	at java.base/jdk.internal.loader.BuiltinClassLoader.findClassInModuleOrNull(BuiltinClassLoader.java:741)
	at java.base/jdk.internal.loader.BuiltinClassLoader.loadClassOrNull(BuiltinClassLoader.java:665)
	at java.base/jdk.internal.loader.BuiltinClassLoader.loadClass(BuiltinClassLoader.java:639)
	at java.base/java.lang.ClassLoader.loadClass(ClassLoader.java:526)
	at java.base/java.lang.Class.forName0(Native Method)
	at java.base/java.lang.Class.forName(Class.java:534)
	at java.base/java.lang.Class.forName(Class.java:513)
	at jdk.charsets/sun.nio.cs.ext.AbstractCharsetProvider.lookup(AbstractCharsetProvider.java:138)
	at jdk.charsets/sun.nio.cs.ext.AbstractCharsetProvider.charsetForName(AbstractCharsetProvider.java:158)
	at java.base/java.nio.charset.Charset.lookupExtendedCharset(Charset.java:460)
	at java.base/java.nio.charset.Charset.lookup2(Charset.java:488)
	at java.base/java.nio.charset.Charset.lookup(Charset.java:476)
	at java.base/java.nio.charset.Charset.forName(Charset.java:540)
	at com.mysql.cj.MysqlCharset.<init>(CharsetMapping.java:736)
	at com.mysql.cj.CharsetMapping.<clinit>(CharsetMapping.java:116)
	at com.mysql.cj.protocol.a.NativeProtocol.beforeHandshake(NativeProtocol.java:421)
	at com.mysql.cj.protocol.a.NativeProtocol.connect(NativeProtocol.java:1428)
	at com.mysql.cj.NativeSession.connect(NativeSession.java:134)
	at com.mysql.cj.jdbc.ConnectionImpl.connectOneTryOnly(ConnectionImpl.java:945)
	at com.mysql.cj.jdbc.ConnectionImpl.createNewIO(ConnectionImpl.java:815)
	at com.mysql.cj.jdbc.ConnectionImpl.<init>(ConnectionImpl.java:446)
	at com.mysql.cj.jdbc.ConnectionImpl.getInstance(ConnectionImpl.java:239)
	at com.mysql.cj.jdbc.NonRegisteringDriver.connect(NonRegisteringDriver.java:188)
	at java.sql/java.sql.DriverManager.getConnection(DriverManager.java:683)
	at java.sql/java.sql.DriverManager.getConnection(DriverManager.java:230)
	at dao.DBConnection.<init>(DBConnection.java:29)
	at dao.DBConnection.getInstance(DBConnection.java:43)
	at JUnit.TesteAplicacao.testReaberturaConexao(TesteAplicacao.java:59)
	at java.base/jdk.internal.reflect.DirectMethodHandleAccessor.invoke(DirectMethodHandleAccessor.java:103)
	at java.base/java.lang.reflect.Method.invoke(Method.java:580)
	at org.junit.runners.model.FrameworkMethod$1.runReflectiveCall(FrameworkMethod.java:59)
	at org.junit.internal.runners.model.ReflectiveCallable.run(ReflectiveCallable.java:12)
	at org.junit.runners.model.FrameworkMethod.invokeExplosively(FrameworkMethod.java:56)
	at org.junit.internal.runners.statements.InvokeMethod.evaluate(InvokeMethod.java:17)
	at org.junit.runners.ParentRunner$3.evaluate(ParentRunner.java:306)
	at org.junit.runners.BlockJUnit4ClassRunner$1.evaluate(BlockJUnit4ClassRunner.java:100)
	at org.junit.runners.ParentRunner.runLeaf(ParentRunner.java:366)
	at org.junit.runners.BlockJUnit4ClassRunner.runChild(BlockJUnit4ClassRunner.java:103)
	at org.junit.runners.BlockJUnit4ClassRunner.runChild(BlockJUnit4ClassRunner.java:63)
	at org.junit.runners.ParentRunner$4.run(ParentRunner.java:331)
	at org.junit.runners.ParentRunner$1.schedule(ParentRunner.java:79)
	at org.junit.runners.ParentRunner.runChildren(ParentRunner.java:329)
	at org.junit.runners.ParentRunner.access$100(ParentRunner.java:66)
	at org.junit.runners.ParentRunner$2.evaluate(ParentRunner.java:293)
	at org.junit.runners.ParentRunner$3.evaluate(ParentRunner.java:306)
	at org.junit.runners.ParentRunner.run(ParentRunner.java:413)
	at org.apache.maven.surefire.junit4.JUnit4Provider.execute(JUnit4Provider.java:316)
	at org.apache.maven.surefire.junit4.JUnit4Provider.executeWithRerun(JUnit4Provider.java:240)
	at org.apache.maven.surefire.junit4.JUnit4Provider.executeTestSet(JUnit4Provider.java:214)
	at org.apache.maven.surefire.junit4.JUnit4Provider.invoke(JUnit4Provider.java:155)
	at org.apache.maven.surefire.booter.ForkedBooter.runSuitesInProcess(ForkedBooter.java:385)
	at org.apache.maven.surefire.booter.ForkedBooter.execute(ForkedBooter.java:162)
	at org.apache.maven.surefire.booter.ForkedBooter.run(ForkedBooter.java:507)
	at org.apache.maven.surefire.booter.ForkedBooter.main(ForkedBooter.java:495)
Caused by: java.io.IOException: Error while instrumenting sun/nio/cs/ext/EUC_JP_Open.
	at org.jacoco.agent.rt.internal_f3994fa.core.instr.Instrumenter.instrumentError(Instrumenter.java:160)
	at org.jacoco.agent.rt.internal_f3994fa.core.instr.Instrumenter.instrument(Instrumenter.java:110)
	at org.jacoco.agent.rt.internal_f3994fa.CoverageTransformer.transform(CoverageTransformer.java:92)
	... 61 more
Caused by: java.lang.IllegalArgumentException: Unsupported class file major version 65
	at org.jacoco.agent.rt.internal_f3994fa.asm.ClassReader.<init>(ClassReader.java:196)
	at org.jacoco.agent.rt.internal_f3994fa.asm.ClassReader.<init>(ClassReader.java:177)
	at org.jacoco.agent.rt.internal_f3994fa.asm.ClassReader.<init>(ClassReader.java:163)
	at org.jacoco.agent.rt.internal_f3994fa.core.internal.instr.InstrSupport.classReaderFor(InstrSupport.java:280)
	at org.jacoco.agent.rt.internal_f3994fa.core.instr.Instrumenter.instrument(Instrumenter.java:76)
	at org.jacoco.agent.rt.internal_f3994fa.core.instr.Instrumenter.instrument(Instrumenter.java:108)
	... 62 more
java.lang.instrument.IllegalClassFormatException: Error while instrumenting sun/nio/cs/ext/EUC_JP_Open$Decoder.
	at org.jacoco.agent.rt.internal_f3994fa.CoverageTransformer.transform(CoverageTransformer.java:94)
	at java.instrument/java.lang.instrument.ClassFileTransformer.transform(ClassFileTransformer.java:244)
	at java.instrument/sun.instrument.TransformerManager.transform(TransformerManager.java:188)
	at java.instrument/sun.instrument.InstrumentationImpl.transform(InstrumentationImpl.java:610)
	at java.base/java.lang.ClassLoader.defineClass2(Native Method)
	at java.base/java.lang.ClassLoader.defineClass(ClassLoader.java:1118)
	at java.base/java.security.SecureClassLoader.defineClass(SecureClassLoader.java:182)
	at java.base/jdk.internal.loader.BuiltinClassLoader.defineClass(BuiltinClassLoader.java:821)
	at java.base/jdk.internal.loader.BuiltinClassLoader.findClassInModuleOrNull(BuiltinClassLoader.java:741)
	at java.base/jdk.internal.loader.BuiltinClassLoader.loadClassOrNull(BuiltinClassLoader.java:665)
	at java.base/jdk.internal.loader.BuiltinClassLoader.loadClass(BuiltinClassLoader.java:639)
	at java.base/java.lang.ClassLoader.loadClass(ClassLoader.java:526)
	at java.base/java.lang.Class.forName0(Native Method)
	at java.base/java.lang.Class.forName(Class.java:534)
	at java.base/java.lang.Class.forName(Class.java:513)
	at jdk.charsets/sun.nio.cs.ext.AbstractCharsetProvider.lookup(AbstractCharsetProvider.java:138)
	at jdk.charsets/sun.nio.cs.ext.AbstractCharsetProvider.charsetForName(AbstractCharsetProvider.java:158)
	at java.base/java.nio.charset.Charset.lookupExtendedCharset(Charset.java:460)
	at java.base/java.nio.charset.Charset.lookup2(Charset.java:488)
	at java.base/java.nio.charset.Charset.lookup(Charset.java:476)
	at java.base/java.nio.charset.Charset.forName(Charset.java:540)
	at com.mysql.cj.MysqlCharset.<init>(CharsetMapping.java:736)
	at com.mysql.cj.CharsetMapping.<clinit>(CharsetMapping.java:116)
	at com.mysql.cj.protocol.a.NativeProtocol.beforeHandshake(NativeProtocol.java:421)
	at com.mysql.cj.protocol.a.NativeProtocol.connect(NativeProtocol.java:1428)
	at com.mysql.cj.NativeSession.connect(NativeSession.java:134)
	at com.mysql.cj.jdbc.ConnectionImpl.connectOneTryOnly(ConnectionImpl.java:945)
	at com.mysql.cj.jdbc.ConnectionImpl.createNewIO(ConnectionImpl.java:815)
	at com.mysql.cj.jdbc.ConnectionImpl.<init>(ConnectionImpl.java:446)
	at com.mysql.cj.jdbc.ConnectionImpl.getInstance(ConnectionImpl.java:239)
	at com.mysql.cj.jdbc.NonRegisteringDriver.connect(NonRegisteringDriver.java:188)
	at java.sql/java.sql.DriverManager.getConnection(DriverManager.java:683)
	at java.sql/java.sql.DriverManager.getConnection(DriverManager.java:230)
	at dao.DBConnection.<init>(DBConnection.java:29)
	at dao.DBConnection.getInstance(DBConnection.java:43)
	at JUnit.TesteAplicacao.testReaberturaConexao(TesteAplicacao.java:59)
	at java.base/jdk.internal.reflect.DirectMethodHandleAccessor.invoke(DirectMethodHandleAccessor.java:103)
	at java.base/java.lang.reflect.Method.invoke(Method.java:580)
	at org.junit.runners.model.FrameworkMethod$1.runReflectiveCall(FrameworkMethod.java:59)
	at org.junit.internal.runners.model.ReflectiveCallable.run(ReflectiveCallable.java:12)
	at org.junit.runners.model.FrameworkMethod.invokeExplosively(FrameworkMethod.java:56)
	at org.junit.internal.runners.statements.InvokeMethod.evaluate(InvokeMethod.java:17)
	at org.junit.runners.ParentRunner$3.evaluate(ParentRunner.java:306)
	at org.junit.runners.BlockJUnit4ClassRunner$1.evaluate(BlockJUnit4ClassRunner.java:100)
	at org.junit.runners.ParentRunner.runLeaf(ParentRunner.java:366)
	at org.junit.runners.BlockJUnit4ClassRunner.runChild(BlockJUnit4ClassRunner.java:103)
	at org.junit.runners.BlockJUnit4ClassRunner.runChild(BlockJUnit4ClassRunner.java:63)
	at org.junit.runners.ParentRunner$4.run(ParentRunner.java:331)
	at org.junit.runners.ParentRunner$1.schedule(ParentRunner.java:79)
	at org.junit.runners.ParentRunner.runChildren(ParentRunner.java:329)
	at org.junit.runners.ParentRunner.access$100(ParentRunner.java:66)
	at org.junit.runners.ParentRunner$2.evaluate(ParentRunner.java:293)
	at org.junit.runners.ParentRunner$3.evaluate(ParentRunner.java:306)
	at org.junit.runners.ParentRunner.run(ParentRunner.java:413)
	at org.apache.maven.surefire.junit4.JUnit4Provider.execute(JUnit4Provider.java:316)
	at org.apache.maven.surefire.junit4.JUnit4Provider.executeWithRerun(JUnit4Provider.java:240)
	at org.apache.maven.surefire.junit4.JUnit4Provider.executeTestSet(JUnit4Provider.java:214)
	at org.apache.maven.surefire.junit4.JUnit4Provider.invoke(JUnit4Provider.java:155)
	at org.apache.maven.surefire.booter.ForkedBooter.runSuitesInProcess(ForkedBooter.java:385)
	at org.apache.maven.surefire.booter.ForkedBooter.execute(ForkedBooter.java:162)
	at org.apache.maven.surefire.booter.ForkedBooter.run(ForkedBooter.java:507)
	at org.apache.maven.surefire.booter.ForkedBooter.main(ForkedBooter.java:495)
Caused by: java.io.IOException: Error while instrumenting sun/nio/cs/ext/EUC_JP_Open$Decoder.
	at org.jacoco.agent.rt.internal_f3994fa.core.instr.Instrumenter.instrumentError(Instrumenter.java:160)
	at org.jacoco.agent.rt.internal_f3994fa.core.instr.Instrumenter.instrument(Instrumenter.java:110)
	at org.jacoco.agent.rt.internal_f3994fa.CoverageTransformer.transform(CoverageTransformer.java:92)
	... 61 more
Caused by: java.lang.IllegalArgumentException: Unsupported class file major version 65
	at org.jacoco.agent.rt.internal_f3994fa.asm.ClassReader.<init>(ClassReader.java:196)
	at org.jacoco.agent.rt.internal_f3994fa.asm.ClassReader.<init>(ClassReader.java:177)
	at org.jacoco.agent.rt.internal_f3994fa.asm.ClassReader.<init>(ClassReader.java:163)
	at org.jacoco.agent.rt.internal_f3994fa.core.internal.instr.InstrSupport.classReaderFor(InstrSupport.java:280)
	at org.jacoco.agent.rt.internal_f3994fa.core.instr.Instrumenter.instrument(Instrumenter.java:76)
	at org.jacoco.agent.rt.internal_f3994fa.core.instr.Instrumenter.instrument(Instrumenter.java:108)
	... 62 more
java.lang.instrument.IllegalClassFormatException: Error while instrumenting sun/nio/cs/ext/EUC_JP_Open$Encoder.
	at org.jacoco.agent.rt.internal_f3994fa.CoverageTransformer.transform(CoverageTransformer.java:94)
	at java.instrument/java.lang.instrument.ClassFileTransformer.transform(ClassFileTransformer.java:244)
	at java.instrument/sun.instrument.TransformerManager.transform(TransformerManager.java:188)
	at java.instrument/sun.instrument.InstrumentationImpl.transform(InstrumentationImpl.java:610)
	at java.base/java.lang.ClassLoader.defineClass2(Native Method)
	at java.base/java.lang.ClassLoader.defineClass(ClassLoader.java:1118)
	at java.base/java.security.SecureClassLoader.defineClass(SecureClassLoader.java:182)
	at java.base/jdk.internal.loader.BuiltinClassLoader.defineClass(BuiltinClassLoader.java:821)
	at java.base/jdk.internal.loader.BuiltinClassLoader.findClassInModuleOrNull(BuiltinClassLoader.java:741)
	at java.base/jdk.internal.loader.BuiltinClassLoader.loadClassOrNull(BuiltinClassLoader.java:665)
	at java.base/jdk.internal.loader.BuiltinClassLoader.loadClass(BuiltinClassLoader.java:639)
	at java.base/java.lang.ClassLoader.loadClass(ClassLoader.java:526)
	at java.base/java.lang.Class.forName0(Native Method)
	at java.base/java.lang.Class.forName(Class.java:534)
	at java.base/java.lang.Class.forName(Class.java:513)
	at jdk.charsets/sun.nio.cs.ext.AbstractCharsetProvider.lookup(AbstractCharsetProvider.java:138)
	at jdk.charsets/sun.nio.cs.ext.AbstractCharsetProvider.charsetForName(AbstractCharsetProvider.java:158)
	at java.base/java.nio.charset.Charset.lookupExtendedCharset(Charset.java:460)
	at java.base/java.nio.charset.Charset.lookup2(Charset.java:488)
	at java.base/java.nio.charset.Charset.lookup(Charset.java:476)
	at java.base/java.nio.charset.Charset.forName(Charset.java:540)
	at com.mysql.cj.MysqlCharset.<init>(CharsetMapping.java:736)
	at com.mysql.cj.CharsetMapping.<clinit>(CharsetMapping.java:116)
	at com.mysql.cj.protocol.a.NativeProtocol.beforeHandshake(NativeProtocol.java:421)
	at com.mysql.cj.protocol.a.NativeProtocol.connect(NativeProtocol.java:1428)
	at com.mysql.cj.NativeSession.connect(NativeSession.java:134)
	at com.mysql.cj.jdbc.ConnectionImpl.connectOneTryOnly(ConnectionImpl.java:945)
	at com.mysql.cj.jdbc.ConnectionImpl.createNewIO(ConnectionImpl.java:815)
	at com.mysql.cj.jdbc.ConnectionImpl.<init>(ConnectionImpl.java:446)
	at com.mysql.cj.jdbc.ConnectionImpl.getInstance(ConnectionImpl.java:239)
	at com.mysql.cj.jdbc.NonRegisteringDriver.connect(NonRegisteringDriver.java:188)
	at java.sql/java.sql.DriverManager.getConnection(DriverManager.java:683)
	at java.sql/java.sql.DriverManager.getConnection(DriverManager.java:230)
	at dao.DBConnection.<init>(DBConnection.java:29)
	at dao.DBConnection.getInstance(DBConnection.java:43)
	at JUnit.TesteAplicacao.testReaberturaConexao(TesteAplicacao.java:59)
	at java.base/jdk.internal.reflect.DirectMethodHandleAccessor.invoke(DirectMethodHandleAccessor.java:103)
	at java.base/java.lang.reflect.Method.invoke(Method.java:580)
	at org.junit.runners.model.FrameworkMethod$1.runReflectiveCall(FrameworkMethod.java:59)
	at org.junit.internal.runners.model.ReflectiveCallable.run(ReflectiveCallable.java:12)
	at org.junit.runners.model.FrameworkMethod.invokeExplosively(FrameworkMethod.java:56)
	at org.junit.internal.runners.statements.InvokeMethod.evaluate(InvokeMethod.java:17)
	at org.junit.runners.ParentRunner$3.evaluate(ParentRunner.java:306)
	at org.junit.runners.BlockJUnit4ClassRunner$1.evaluate(BlockJUnit4ClassRunner.java:100)
	at org.junit.runners.ParentRunner.runLeaf(ParentRunner.java:366)
	at org.junit.runners.BlockJUnit4ClassRunner.runChild(BlockJUnit4ClassRunner.java:103)
	at org.junit.runners.BlockJUnit4ClassRunner.runChild(BlockJUnit4ClassRunner.java:63)
	at org.junit.runners.ParentRunner$4.run(ParentRunner.java:331)
	at org.junit.runners.ParentRunner$1.schedule(ParentRunner.java:79)
	at org.junit.runners.ParentRunner.runChildren(ParentRunner.java:329)
	at org.junit.runners.ParentRunner.access$100(ParentRunner.java:66)
	at org.junit.runners.ParentRunner$2.evaluate(ParentRunner.java:293)
	at org.junit.runners.ParentRunner$3.evaluate(ParentRunner.java:306)
	at org.junit.runners.ParentRunner.run(ParentRunner.java:413)
	at org.apache.maven.surefire.junit4.JUnit4Provider.execute(JUnit4Provider.java:316)
	at org.apache.maven.surefire.junit4.JUnit4Provider.executeWithRerun(JUnit4Provider.java:240)
	at org.apache.maven.surefire.junit4.JUnit4Provider.executeTestSet(JUnit4Provider.java:214)
	at org.apache.maven.surefire.junit4.JUnit4Provider.invoke(JUnit4Provider.java:155)
	at org.apache.maven.surefire.booter.ForkedBooter.runSuitesInProcess(ForkedBooter.java:385)
	at org.apache.maven.surefire.booter.ForkedBooter.execute(ForkedBooter.java:162)
	at org.apache.maven.surefire.booter.ForkedBooter.run(ForkedBooter.java:507)
	at org.apache.maven.surefire.booter.ForkedBooter.main(ForkedBooter.java:495)
Caused by: java.io.IOException: Error while instrumenting sun/nio/cs/ext/EUC_JP_Open$Encoder.
	at org.jacoco.agent.rt.internal_f3994fa.core.instr.Instrumenter.instrumentError(Instrumenter.java:160)
	at org.jacoco.agent.rt.internal_f3994fa.core.instr.Instrumenter.instrument(Instrumenter.java:110)
	at org.jacoco.agent.rt.internal_f3994fa.CoverageTransformer.transform(CoverageTransformer.java:92)
	... 61 more
Caused by: java.lang.IllegalArgumentException: Unsupported class file major version 65
	at org.jacoco.agent.rt.internal_f3994fa.asm.ClassReader.<init>(ClassReader.java:196)
	at org.jacoco.agent.rt.internal_f3994fa.asm.ClassReader.<init>(ClassReader.java:177)
	at org.jacoco.agent.rt.internal_f3994fa.asm.ClassReader.<init>(ClassReader.java:163)
	at org.jacoco.agent.rt.internal_f3994fa.core.internal.instr.InstrSupport.classReaderFor(InstrSupport.java:280)
	at org.jacoco.agent.rt.internal_f3994fa.core.instr.Instrumenter.instrument(Instrumenter.java:76)
	at org.jacoco.agent.rt.internal_f3994fa.core.instr.Instrumenter.instrument(Instrumenter.java:108)
	... 62 more
java.lang.instrument.IllegalClassFormatException: Error while instrumenting sun/nio/cs/ext/EUC_KR.
	at org.jacoco.agent.rt.internal_f3994fa.CoverageTransformer.transform(CoverageTransformer.java:94)
	at java.instrument/java.lang.instrument.ClassFileTransformer.transform(ClassFileTransformer.java:244)
	at java.instrument/sun.instrument.TransformerManager.transform(TransformerManager.java:188)
	at java.instrument/sun.instrument.InstrumentationImpl.transform(InstrumentationImpl.java:610)
	at java.base/java.lang.ClassLoader.defineClass2(Native Method)
	at java.base/java.lang.ClassLoader.defineClass(ClassLoader.java:1118)
	at java.base/java.security.SecureClassLoader.defineClass(SecureClassLoader.java:182)
	at java.base/jdk.internal.loader.BuiltinClassLoader.defineClass(BuiltinClassLoader.java:821)
	at java.base/jdk.internal.loader.BuiltinClassLoader.findClassInModuleOrNull(BuiltinClassLoader.java:741)
	at java.base/jdk.internal.loader.BuiltinClassLoader.loadClassOrNull(BuiltinClassLoader.java:665)
	at java.base/jdk.internal.loader.BuiltinClassLoader.loadClass(BuiltinClassLoader.java:639)
	at java.base/java.lang.ClassLoader.loadClass(ClassLoader.java:526)
	at java.base/java.lang.Class.forName0(Native Method)
	at java.base/java.lang.Class.forName(Class.java:534)
	at java.base/java.lang.Class.forName(Class.java:513)
	at jdk.charsets/sun.nio.cs.ext.AbstractCharsetProvider.lookup(AbstractCharsetProvider.java:138)
	at jdk.charsets/sun.nio.cs.ext.AbstractCharsetProvider.charsetForName(AbstractCharsetProvider.java:158)
	at java.base/java.nio.charset.Charset.lookupExtendedCharset(Charset.java:460)
	at java.base/java.nio.charset.Charset.lookup2(Charset.java:488)
	at java.base/java.nio.charset.Charset.lookup(Charset.java:476)
	at java.base/java.nio.charset.Charset.forName(Charset.java:540)
	at com.mysql.cj.MysqlCharset.<init>(CharsetMapping.java:736)
	at com.mysql.cj.MysqlCharset.<init>(CharsetMapping.java:708)
	at com.mysql.cj.CharsetMapping.<clinit>(CharsetMapping.java:116)
	at com.mysql.cj.protocol.a.NativeProtocol.beforeHandshake(NativeProtocol.java:421)
	at com.mysql.cj.protocol.a.NativeProtocol.connect(NativeProtocol.java:1428)
	at com.mysql.cj.NativeSession.connect(NativeSession.java:134)
	at com.mysql.cj.jdbc.ConnectionImpl.connectOneTryOnly(ConnectionImpl.java:945)
	at com.mysql.cj.jdbc.ConnectionImpl.createNewIO(ConnectionImpl.java:815)
	at com.mysql.cj.jdbc.ConnectionImpl.<init>(ConnectionImpl.java:446)
	at com.mysql.cj.jdbc.ConnectionImpl.getInstance(ConnectionImpl.java:239)
	at com.mysql.cj.jdbc.NonRegisteringDriver.connect(NonRegisteringDriver.java:188)
	at java.sql/java.sql.DriverManager.getConnection(DriverManager.java:683)
	at java.sql/java.sql.DriverManager.getConnection(DriverManager.java:230)
	at dao.DBConnection.<init>(DBConnection.java:29)
	at dao.DBConnection.getInstance(DBConnection.java:43)
	at JUnit.TesteAplicacao.testReaberturaConexao(TesteAplicacao.java:59)
	at java.base/jdk.internal.reflect.DirectMethodHandleAccessor.invoke(DirectMethodHandleAccessor.java:103)
	at java.base/java.lang.reflect.Method.invoke(Method.java:580)
	at org.junit.runners.model.FrameworkMethod$1.runReflectiveCall(FrameworkMethod.java:59)
	at org.junit.internal.runners.model.ReflectiveCallable.run(ReflectiveCallable.java:12)
	at org.junit.runners.model.FrameworkMethod.invokeExplosively(FrameworkMethod.java:56)
	at org.junit.internal.runners.statements.InvokeMethod.evaluate(InvokeMethod.java:17)
	at org.junit.runners.ParentRunner$3.evaluate(ParentRunner.java:306)
	at org.junit.runners.BlockJUnit4ClassRunner$1.evaluate(BlockJUnit4ClassRunner.java:100)
	at org.junit.runners.ParentRunner.runLeaf(ParentRunner.java:366)
	at org.junit.runners.BlockJUnit4ClassRunner.runChild(BlockJUnit4ClassRunner.java:103)
	at org.junit.runners.BlockJUnit4ClassRunner.runChild(BlockJUnit4ClassRunner.java:63)
	at org.junit.runners.ParentRunner$4.run(ParentRunner.java:331)
	at org.junit.runners.ParentRunner$1.schedule(ParentRunner.java:79)
	at org.junit.runners.ParentRunner.runChildren(ParentRunner.java:329)
	at org.junit.runners.ParentRunner.access$100(ParentRunner.java:66)
	at org.junit.runners.ParentRunner$2.evaluate(ParentRunner.java:293)
	at org.junit.runners.ParentRunner$3.evaluate(ParentRunner.java:306)
	at org.junit.runners.ParentRunner.run(ParentRunner.java:413)
	at org.apache.maven.surefire.junit4.JUnit4Provider.execute(JUnit4Provider.java:316)
	at org.apache.maven.surefire.junit4.JUnit4Provider.executeWithRerun(JUnit4Provider.java:240)
	at org.apache.maven.surefire.junit4.JUnit4Provider.executeTestSet(JUnit4Provider.java:214)
	at org.apache.maven.surefire.junit4.JUnit4Provider.invoke(JUnit4Provider.java:155)
	at org.apache.maven.surefire.booter.ForkedBooter.runSuitesInProcess(ForkedBooter.java:385)
	at org.apache.maven.surefire.booter.ForkedBooter.execute(ForkedBooter.java:162)
	at org.apache.maven.surefire.booter.ForkedBooter.run(ForkedBooter.java:507)
	at org.apache.maven.surefire.booter.ForkedBooter.main(ForkedBooter.java:495)
Caused by: java.io.IOException: Error while instrumenting sun/nio/cs/ext/EUC_KR.
	at org.jacoco.agent.rt.internal_f3994fa.core.instr.Instrumenter.instrumentError(Instrumenter.java:160)
	at org.jacoco.agent.rt.internal_f3994fa.core.instr.Instrumenter.instrument(Instrumenter.java:110)
	at org.jacoco.agent.rt.internal_f3994fa.CoverageTransformer.transform(CoverageTransformer.java:92)
	... 62 more
Caused by: java.lang.IllegalArgumentException: Unsupported class file major version 65
	at org.jacoco.agent.rt.internal_f3994fa.asm.ClassReader.<init>(ClassReader.java:196)
	at org.jacoco.agent.rt.internal_f3994fa.asm.ClassReader.<init>(ClassReader.java:177)
	at org.jacoco.agent.rt.internal_f3994fa.asm.ClassReader.<init>(ClassReader.java:163)
	at org.jacoco.agent.rt.internal_f3994fa.core.internal.instr.InstrSupport.classReaderFor(InstrSupport.java:280)
	at org.jacoco.agent.rt.internal_f3994fa.core.instr.Instrumenter.instrument(Instrumenter.java:76)
	at org.jacoco.agent.rt.internal_f3994fa.core.instr.Instrumenter.instrument(Instrumenter.java:108)
	... 63 more
java.lang.instrument.IllegalClassFormatException: Error while instrumenting sun/nio/cs/ext/ISO_8859_8.
	at org.jacoco.agent.rt.internal_f3994fa.CoverageTransformer.transform(CoverageTransformer.java:94)
	at java.instrument/java.lang.instrument.ClassFileTransformer.transform(ClassFileTransformer.java:244)
	at java.instrument/sun.instrument.TransformerManager.transform(TransformerManager.java:188)
	at java.instrument/sun.instrument.InstrumentationImpl.transform(InstrumentationImpl.java:610)
	at java.base/java.lang.ClassLoader.defineClass2(Native Method)
	at java.base/java.lang.ClassLoader.defineClass(ClassLoader.java:1118)
	at java.base/java.security.SecureClassLoader.defineClass(SecureClassLoader.java:182)
	at java.base/jdk.internal.loader.BuiltinClassLoader.defineClass(BuiltinClassLoader.java:821)
	at java.base/jdk.internal.loader.BuiltinClassLoader.findClassInModuleOrNull(BuiltinClassLoader.java:741)
	at java.base/jdk.internal.loader.BuiltinClassLoader.loadClassOrNull(BuiltinClassLoader.java:665)
	at java.base/jdk.internal.loader.BuiltinClassLoader.loadClass(BuiltinClassLoader.java:639)
	at java.base/java.lang.ClassLoader.loadClass(ClassLoader.java:526)
	at java.base/java.lang.Class.forName0(Native Method)
	at java.base/java.lang.Class.forName(Class.java:534)
	at java.base/java.lang.Class.forName(Class.java:513)
	at jdk.charsets/sun.nio.cs.ext.AbstractCharsetProvider.lookup(AbstractCharsetProvider.java:138)
	at jdk.charsets/sun.nio.cs.ext.AbstractCharsetProvider.charsetForName(AbstractCharsetProvider.java:158)
	at java.base/java.nio.charset.Charset.lookupExtendedCharset(Charset.java:460)
	at java.base/java.nio.charset.Charset.lookup2(Charset.java:488)
	at java.base/java.nio.charset.Charset.lookup(Charset.java:476)
	at java.base/java.nio.charset.Charset.forName(Charset.java:540)
	at com.mysql.cj.MysqlCharset.<init>(CharsetMapping.java:736)
	at com.mysql.cj.MysqlCharset.<init>(CharsetMapping.java:708)
	at com.mysql.cj.CharsetMapping.<clinit>(CharsetMapping.java:116)
	at com.mysql.cj.protocol.a.NativeProtocol.beforeHandshake(NativeProtocol.java:421)
	at com.mysql.cj.protocol.a.NativeProtocol.connect(NativeProtocol.java:1428)
	at com.mysql.cj.NativeSession.connect(NativeSession.java:134)
	at com.mysql.cj.jdbc.ConnectionImpl.connectOneTryOnly(ConnectionImpl.java:945)
	at com.mysql.cj.jdbc.ConnectionImpl.createNewIO(ConnectionImpl.java:815)
	at com.mysql.cj.jdbc.ConnectionImpl.<init>(ConnectionImpl.java:446)
	at com.mysql.cj.jdbc.ConnectionImpl.getInstance(ConnectionImpl.java:239)
	at com.mysql.cj.jdbc.NonRegisteringDriver.connect(NonRegisteringDriver.java:188)
	at java.sql/java.sql.DriverManager.getConnection(DriverManager.java:683)
	at java.sql/java.sql.DriverManager.getConnection(DriverManager.java:230)
	at dao.DBConnection.<init>(DBConnection.java:29)
	at dao.DBConnection.getInstance(DBConnection.java:43)
	at JUnit.TesteAplicacao.testReaberturaConexao(TesteAplicacao.java:59)
	at java.base/jdk.internal.reflect.DirectMethodHandleAccessor.invoke(DirectMethodHandleAccessor.java:103)
	at java.base/java.lang.reflect.Method.invoke(Method.java:580)
	at org.junit.runners.model.FrameworkMethod$1.runReflectiveCall(FrameworkMethod.java:59)
	at org.junit.internal.runners.model.ReflectiveCallable.run(ReflectiveCallable.java:12)
	at org.junit.runners.model.FrameworkMethod.invokeExplosively(FrameworkMethod.java:56)
	at org.junit.internal.runners.statements.InvokeMethod.evaluate(InvokeMethod.java:17)
	at org.junit.runners.ParentRunner$3.evaluate(ParentRunner.java:306)
	at org.junit.runners.BlockJUnit4ClassRunner$1.evaluate(BlockJUnit4ClassRunner.java:100)
	at org.junit.runners.ParentRunner.runLeaf(ParentRunner.java:366)
	at org.junit.runners.BlockJUnit4ClassRunner.runChild(BlockJUnit4ClassRunner.java:103)
	at org.junit.runners.BlockJUnit4ClassRunner.runChild(BlockJUnit4ClassRunner.java:63)
	at org.junit.runners.ParentRunner$4.run(ParentRunner.java:331)
	at org.junit.runners.ParentRunner$1.schedule(ParentRunner.java:79)
	at org.junit.runners.ParentRunner.runChildren(ParentRunner.java:329)
	at org.junit.runners.ParentRunner.access$100(ParentRunner.java:66)
	at org.junit.runners.ParentRunner$2.evaluate(ParentRunner.java:293)
	at org.junit.runners.ParentRunner$3.evaluate(ParentRunner.java:306)
	at org.junit.runners.ParentRunner.run(ParentRunner.java:413)
	at org.apache.maven.surefire.junit4.JUnit4Provider.execute(JUnit4Provider.java:316)
	at org.apache.maven.surefire.junit4.JUnit4Provider.executeWithRerun(JUnit4Provider.java:240)
	at org.apache.maven.surefire.junit4.JUnit4Provider.executeTestSet(JUnit4Provider.java:214)
	at org.apache.maven.surefire.junit4.JUnit4Provider.invoke(JUnit4Provider.java:155)
	at org.apache.maven.surefire.booter.ForkedBooter.runSuitesInProcess(ForkedBooter.java:385)
	at org.apache.maven.surefire.booter.ForkedBooter.execute(ForkedBooter.java:162)
	at org.apache.maven.surefire.booter.ForkedBooter.run(ForkedBooter.java:507)
	at org.apache.maven.surefire.booter.ForkedBooter.main(ForkedBooter.java:495)
Caused by: java.io.IOException: Error while instrumenting sun/nio/cs/ext/ISO_8859_8.
	at org.jacoco.agent.rt.internal_f3994fa.core.instr.Instrumenter.instrumentError(Instrumenter.java:160)
	at org.jacoco.agent.rt.internal_f3994fa.core.instr.Instrumenter.instrument(Instrumenter.java:110)
	at org.jacoco.agent.rt.internal_f3994fa.CoverageTransformer.transform(CoverageTransformer.java:92)
	... 62 more
Caused by: java.lang.IllegalArgumentException: Unsupported class file major version 65
	at org.jacoco.agent.rt.internal_f3994fa.asm.ClassReader.<init>(ClassReader.java:196)
	at org.jacoco.agent.rt.internal_f3994fa.asm.ClassReader.<init>(ClassReader.java:177)
	at org.jacoco.agent.rt.internal_f3994fa.asm.ClassReader.<init>(ClassReader.java:163)
	at org.jacoco.agent.rt.internal_f3994fa.core.internal.instr.InstrSupport.classReaderFor(InstrSupport.java:280)
	at org.jacoco.agent.rt.internal_f3994fa.core.instr.Instrumenter.instrument(Instrumenter.java:76)
	at org.jacoco.agent.rt.internal_f3994fa.core.instr.Instrumenter.instrument(Instrumenter.java:108)
	... 63 more
java.lang.instrument.IllegalClassFormatException: Error while instrumenting sun/nio/cs/ext/TIS_620.
	at org.jacoco.agent.rt.internal_f3994fa.CoverageTransformer.transform(CoverageTransformer.java:94)
	at java.instrument/java.lang.instrument.ClassFileTransformer.transform(ClassFileTransformer.java:244)
	at java.instrument/sun.instrument.TransformerManager.transform(TransformerManager.java:188)
	at java.instrument/sun.instrument.InstrumentationImpl.transform(InstrumentationImpl.java:610)
	at java.base/java.lang.ClassLoader.defineClass2(Native Method)
	at java.base/java.lang.ClassLoader.defineClass(ClassLoader.java:1118)
	at java.base/java.security.SecureClassLoader.defineClass(SecureClassLoader.java:182)
	at java.base/jdk.internal.loader.BuiltinClassLoader.defineClass(BuiltinClassLoader.java:821)
	at java.base/jdk.internal.loader.BuiltinClassLoader.findClassInModuleOrNull(BuiltinClassLoader.java:741)
	at java.base/jdk.internal.loader.BuiltinClassLoader.loadClassOrNull(BuiltinClassLoader.java:665)
	at java.base/jdk.internal.loader.BuiltinClassLoader.loadClass(BuiltinClassLoader.java:639)
	at java.base/java.lang.ClassLoader.loadClass(ClassLoader.java:526)
	at java.base/java.lang.Class.forName0(Native Method)
	at java.base/java.lang.Class.forName(Class.java:534)
	at java.base/java.lang.Class.forName(Class.java:513)
	at jdk.charsets/sun.nio.cs.ext.AbstractCharsetProvider.lookup(AbstractCharsetProvider.java:138)
	at jdk.charsets/sun.nio.cs.ext.AbstractCharsetProvider.charsetForName(AbstractCharsetProvider.java:158)
	at java.base/java.nio.charset.Charset.lookupExtendedCharset(Charset.java:460)
	at java.base/java.nio.charset.Charset.lookup2(Charset.java:488)
	at java.base/java.nio.charset.Charset.lookup(Charset.java:476)
	at java.base/java.nio.charset.Charset.forName(Charset.java:540)
	at com.mysql.cj.MysqlCharset.<init>(CharsetMapping.java:736)
	at com.mysql.cj.MysqlCharset.<init>(CharsetMapping.java:708)
	at com.mysql.cj.CharsetMapping.<clinit>(CharsetMapping.java:116)
	at com.mysql.cj.protocol.a.NativeProtocol.beforeHandshake(NativeProtocol.java:421)
	at com.mysql.cj.protocol.a.NativeProtocol.connect(NativeProtocol.java:1428)
	at com.mysql.cj.NativeSession.connect(NativeSession.java:134)
	at com.mysql.cj.jdbc.ConnectionImpl.connectOneTryOnly(ConnectionImpl.java:945)
	at com.mysql.cj.jdbc.ConnectionImpl.createNewIO(ConnectionImpl.java:815)
	at com.mysql.cj.jdbc.ConnectionImpl.<init>(ConnectionImpl.java:446)
	at com.mysql.cj.jdbc.ConnectionImpl.getInstance(ConnectionImpl.java:239)
	at com.mysql.cj.jdbc.NonRegisteringDriver.connect(NonRegisteringDriver.java:188)
	at java.sql/java.sql.DriverManager.getConnection(DriverManager.java:683)
	at java.sql/java.sql.DriverManager.getConnection(DriverManager.java:230)
	at dao.DBConnection.<init>(DBConnection.java:29)
	at dao.DBConnection.getInstance(DBConnection.java:43)
	at JUnit.TesteAplicacao.testReaberturaConexao(TesteAplicacao.java:59)
	at java.base/jdk.internal.reflect.DirectMethodHandleAccessor.invoke(DirectMethodHandleAccessor.java:103)
	at java.base/java.lang.reflect.Method.invoke(Method.java:580)
	at org.junit.runners.model.FrameworkMethod$1.runReflectiveCall(FrameworkMethod.java:59)
	at org.junit.internal.runners.model.ReflectiveCallable.run(ReflectiveCallable.java:12)
	at org.junit.runners.model.FrameworkMethod.invokeExplosively(FrameworkMethod.java:56)
	at org.junit.internal.runners.statements.InvokeMethod.evaluate(InvokeMethod.java:17)
	at org.junit.runners.ParentRunner$3.evaluate(ParentRunner.java:306)
	at org.junit.runners.BlockJUnit4ClassRunner$1.evaluate(BlockJUnit4ClassRunner.java:100)
	at org.junit.runners.ParentRunner.runLeaf(ParentRunner.java:366)
	at org.junit.runners.BlockJUnit4ClassRunner.runChild(BlockJUnit4ClassRunner.java:103)
	at org.junit.runners.BlockJUnit4ClassRunner.runChild(BlockJUnit4ClassRunner.java:63)
	at org.junit.runners.ParentRunner$4.run(ParentRunner.java:331)
	at org.junit.runners.ParentRunner$1.schedule(ParentRunner.java:79)
	at org.junit.runners.ParentRunner.runChildren(ParentRunner.java:329)
	at org.junit.runners.ParentRunner.access$100(ParentRunner.java:66)
	at org.junit.runners.ParentRunner$2.evaluate(ParentRunner.java:293)
	at org.junit.runners.ParentRunner$3.evaluate(ParentRunner.java:306)
	at org.junit.runners.ParentRunner.run(ParentRunner.java:413)
	at org.apache.maven.surefire.junit4.JUnit4Provider.execute(JUnit4Provider.java:316)
	at org.apache.maven.surefire.junit4.JUnit4Provider.executeWithRerun(JUnit4Provider.java:240)
	at org.apache.maven.surefire.junit4.JUnit4Provider.executeTestSet(JUnit4Provider.java:214)
	at org.apache.maven.surefire.junit4.JUnit4Provider.invoke(JUnit4Provider.java:155)
	at org.apache.maven.surefire.booter.ForkedBooter.runSuitesInProcess(ForkedBooter.java:385)
	at org.apache.maven.surefire.booter.ForkedBooter.execute(ForkedBooter.java:162)
	at org.apache.maven.surefire.booter.ForkedBooter.run(ForkedBooter.java:507)
	at org.apache.maven.surefire.booter.ForkedBooter.main(ForkedBooter.java:495)
Caused by: java.io.IOException: Error while instrumenting sun/nio/cs/ext/TIS_620.
	at org.jacoco.agent.rt.internal_f3994fa.core.instr.Instrumenter.instrumentError(Instrumenter.java:160)
	at org.jacoco.agent.rt.internal_f3994fa.core.instr.Instrumenter.instrument(Instrumenter.java:110)
	at org.jacoco.agent.rt.internal_f3994fa.CoverageTransformer.transform(CoverageTransformer.java:92)
	... 62 more
Caused by: java.lang.IllegalArgumentException: Unsupported class file major version 65
	at org.jacoco.agent.rt.internal_f3994fa.asm.ClassReader.<init>(ClassReader.java:196)
	at org.jacoco.agent.rt.internal_f3994fa.asm.ClassReader.<init>(ClassReader.java:177)
	at org.jacoco.agent.rt.internal_f3994fa.asm.ClassReader.<init>(ClassReader.java:163)
	at org.jacoco.agent.rt.internal_f3994fa.core.internal.instr.InstrSupport.classReaderFor(InstrSupport.java:280)
	at org.jacoco.agent.rt.internal_f3994fa.core.instr.Instrumenter.instrument(Instrumenter.java:76)
	at org.jacoco.agent.rt.internal_f3994fa.core.instr.Instrumenter.instrument(Instrumenter.java:108)
	... 63 more
java.lang.instrument.IllegalClassFormatException: Error while instrumenting sun/nio/cs/ext/MacRoman.
	at org.jacoco.agent.rt.internal_f3994fa.CoverageTransformer.transform(CoverageTransformer.java:94)
	at java.instrument/java.lang.instrument.ClassFileTransformer.transform(ClassFileTransformer.java:244)
	at java.instrument/sun.instrument.TransformerManager.transform(TransformerManager.java:188)
	at java.instrument/sun.instrument.InstrumentationImpl.transform(InstrumentationImpl.java:610)
	at java.base/java.lang.ClassLoader.defineClass2(Native Method)
	at java.base/java.lang.ClassLoader.defineClass(ClassLoader.java:1118)
	at java.base/java.security.SecureClassLoader.defineClass(SecureClassLoader.java:182)
	at java.base/jdk.internal.loader.BuiltinClassLoader.defineClass(BuiltinClassLoader.java:821)
	at java.base/jdk.internal.loader.BuiltinClassLoader.findClassInModuleOrNull(BuiltinClassLoader.java:741)
	at java.base/jdk.internal.loader.BuiltinClassLoader.loadClassOrNull(BuiltinClassLoader.java:665)
	at java.base/jdk.internal.loader.BuiltinClassLoader.loadClass(BuiltinClassLoader.java:639)
	at java.base/java.lang.ClassLoader.loadClass(ClassLoader.java:526)
	at java.base/java.lang.Class.forName0(Native Method)
	at java.base/java.lang.Class.forName(Class.java:534)
	at java.base/java.lang.Class.forName(Class.java:513)
	at jdk.charsets/sun.nio.cs.ext.AbstractCharsetProvider.lookup(AbstractCharsetProvider.java:138)
	at jdk.charsets/sun.nio.cs.ext.AbstractCharsetProvider.charsetForName(AbstractCharsetProvider.java:158)
	at java.base/java.nio.charset.Charset.lookupExtendedCharset(Charset.java:460)
	at java.base/java.nio.charset.Charset.lookup2(Charset.java:488)
	at java.base/java.nio.charset.Charset.lookup(Charset.java:476)
	at java.base/java.nio.charset.Charset.forName(Charset.java:540)
	at com.mysql.cj.MysqlCharset.<init>(CharsetMapping.java:736)
	at com.mysql.cj.MysqlCharset.<init>(CharsetMapping.java:708)
	at com.mysql.cj.CharsetMapping.<clinit>(CharsetMapping.java:116)
	at com.mysql.cj.protocol.a.NativeProtocol.beforeHandshake(NativeProtocol.java:421)
	at com.mysql.cj.protocol.a.NativeProtocol.connect(NativeProtocol.java:1428)
	at com.mysql.cj.NativeSession.connect(NativeSession.java:134)
	at com.mysql.cj.jdbc.ConnectionImpl.connectOneTryOnly(ConnectionImpl.java:945)
	at com.mysql.cj.jdbc.ConnectionImpl.createNewIO(ConnectionImpl.java:815)
	at com.mysql.cj.jdbc.ConnectionImpl.<init>(ConnectionImpl.java:446)
	at com.mysql.cj.jdbc.ConnectionImpl.getInstance(ConnectionImpl.java:239)
	at com.mysql.cj.jdbc.NonRegisteringDriver.connect(NonRegisteringDriver.java:188)
	at java.sql/java.sql.DriverManager.getConnection(DriverManager.java:683)
	at java.sql/java.sql.DriverManager.getConnection(DriverManager.java:230)
	at dao.DBConnection.<init>(DBConnection.java:29)
	at dao.DBConnection.getInstance(DBConnection.java:43)
	at JUnit.TesteAplicacao.testReaberturaConexao(TesteAplicacao.java:59)
	at java.base/jdk.internal.reflect.DirectMethodHandleAccessor.invoke(DirectMethodHandleAccessor.java:103)
	at java.base/java.lang.reflect.Method.invoke(Method.java:580)
	at org.junit.runners.model.FrameworkMethod$1.runReflectiveCall(FrameworkMethod.java:59)
	at org.junit.internal.runners.model.ReflectiveCallable.run(ReflectiveCallable.java:12)
	at org.junit.runners.model.FrameworkMethod.invokeExplosively(FrameworkMethod.java:56)
	at org.junit.internal.runners.statements.InvokeMethod.evaluate(InvokeMethod.java:17)
	at org.junit.runners.ParentRunner$3.evaluate(ParentRunner.java:306)
	at org.junit.runners.BlockJUnit4ClassRunner$1.evaluate(BlockJUnit4ClassRunner.java:100)
	at org.junit.runners.ParentRunner.runLeaf(ParentRunner.java:366)
	at org.junit.runners.BlockJUnit4ClassRunner.runChild(BlockJUnit4ClassRunner.java:103)
	at org.junit.runners.BlockJUnit4ClassRunner.runChild(BlockJUnit4ClassRunner.java:63)
	at org.junit.runners.ParentRunner$4.run(ParentRunner.java:331)
	at org.junit.runners.ParentRunner$1.schedule(ParentRunner.java:79)
	at org.junit.runners.ParentRunner.runChildren(ParentRunner.java:329)
	at org.junit.runners.ParentRunner.access$100(ParentRunner.java:66)
	at org.junit.runners.ParentRunner$2.evaluate(ParentRunner.java:293)
	at org.junit.runners.ParentRunner$3.evaluate(ParentRunner.java:306)
	at org.junit.runners.ParentRunner.run(ParentRunner.java:413)
	at org.apache.maven.surefire.junit4.JUnit4Provider.execute(JUnit4Provider.java:316)
	at org.apache.maven.surefire.junit4.JUnit4Provider.executeWithRerun(JUnit4Provider.java:240)
	at org.apache.maven.surefire.junit4.JUnit4Provider.executeTestSet(JUnit4Provider.java:214)
	at org.apache.maven.surefire.junit4.JUnit4Provider.invoke(JUnit4Provider.java:155)
	at org.apache.maven.surefire.booter.ForkedBooter.runSuitesInProcess(ForkedBooter.java:385)
	at org.apache.maven.surefire.booter.ForkedBooter.execute(ForkedBooter.java:162)
	at org.apache.maven.surefire.booter.ForkedBooter.run(ForkedBooter.java:507)
	at org.apache.maven.surefire.booter.ForkedBooter.main(ForkedBooter.java:495)
Caused by: java.io.IOException: Error while instrumenting sun/nio/cs/ext/MacRoman.
	at org.jacoco.agent.rt.internal_f3994fa.core.instr.Instrumenter.instrumentError(Instrumenter.java:160)
	at org.jacoco.agent.rt.internal_f3994fa.core.instr.Instrumenter.instrument(Instrumenter.java:110)
	at org.jacoco.agent.rt.internal_f3994fa.CoverageTransformer.transform(CoverageTransformer.java:92)
	... 62 more
Caused by: java.lang.IllegalArgumentException: Unsupported class file major version 65
	at org.jacoco.agent.rt.internal_f3994fa.asm.ClassReader.<init>(ClassReader.java:196)
	at org.jacoco.agent.rt.internal_f3994fa.asm.ClassReader.<init>(ClassReader.java:177)
	at org.jacoco.agent.rt.internal_f3994fa.asm.ClassReader.<init>(ClassReader.java:163)
	at org.jacoco.agent.rt.internal_f3994fa.core.internal.instr.InstrSupport.classReaderFor(InstrSupport.java:280)
	at org.jacoco.agent.rt.internal_f3994fa.core.instr.Instrumenter.instrument(Instrumenter.java:76)
	at org.jacoco.agent.rt.internal_f3994fa.core.instr.Instrumenter.instrument(Instrumenter.java:108)
	... 63 more
java.lang.instrument.IllegalClassFormatException: Error while instrumenting sun/nio/cs/ext/MacCentralEurope.
	at org.jacoco.agent.rt.internal_f3994fa.CoverageTransformer.transform(CoverageTransformer.java:94)
	at java.instrument/java.lang.instrument.ClassFileTransformer.transform(ClassFileTransformer.java:244)
	at java.instrument/sun.instrument.TransformerManager.transform(TransformerManager.java:188)
	at java.instrument/sun.instrument.InstrumentationImpl.transform(InstrumentationImpl.java:610)
	at java.base/java.lang.ClassLoader.defineClass2(Native Method)
	at java.base/java.lang.ClassLoader.defineClass(ClassLoader.java:1118)
	at java.base/java.security.SecureClassLoader.defineClass(SecureClassLoader.java:182)
	at java.base/jdk.internal.loader.BuiltinClassLoader.defineClass(BuiltinClassLoader.java:821)
	at java.base/jdk.internal.loader.BuiltinClassLoader.findClassInModuleOrNull(BuiltinClassLoader.java:741)
	at java.base/jdk.internal.loader.BuiltinClassLoader.loadClassOrNull(BuiltinClassLoader.java:665)
	at java.base/jdk.internal.loader.BuiltinClassLoader.loadClass(BuiltinClassLoader.java:639)
	at java.base/java.lang.ClassLoader.loadClass(ClassLoader.java:526)
	at java.base/java.lang.Class.forName0(Native Method)
	at java.base/java.lang.Class.forName(Class.java:534)
	at java.base/java.lang.Class.forName(Class.java:513)
	at jdk.charsets/sun.nio.cs.ext.AbstractCharsetProvider.lookup(AbstractCharsetProvider.java:138)
	at jdk.charsets/sun.nio.cs.ext.AbstractCharsetProvider.charsetForName(AbstractCharsetProvider.java:158)
	at java.base/java.nio.charset.Charset.lookupExtendedCharset(Charset.java:460)
	at java.base/java.nio.charset.Charset.lookup2(Charset.java:488)
	at java.base/java.nio.charset.Charset.lookup(Charset.java:476)
	at java.base/java.nio.charset.Charset.forName(Charset.java:540)
	at com.mysql.cj.MysqlCharset.<init>(CharsetMapping.java:736)
	at com.mysql.cj.MysqlCharset.<init>(CharsetMapping.java:708)
	at com.mysql.cj.CharsetMapping.<clinit>(CharsetMapping.java:116)
	at com.mysql.cj.protocol.a.NativeProtocol.beforeHandshake(NativeProtocol.java:421)
	at com.mysql.cj.protocol.a.NativeProtocol.connect(NativeProtocol.java:1428)
	at com.mysql.cj.NativeSession.connect(NativeSession.java:134)
	at com.mysql.cj.jdbc.ConnectionImpl.connectOneTryOnly(ConnectionImpl.java:945)
	at com.mysql.cj.jdbc.ConnectionImpl.createNewIO(ConnectionImpl.java:815)
	at com.mysql.cj.jdbc.ConnectionImpl.<init>(ConnectionImpl.java:446)
	at com.mysql.cj.jdbc.ConnectionImpl.getInstance(ConnectionImpl.java:239)
	at com.mysql.cj.jdbc.NonRegisteringDriver.connect(NonRegisteringDriver.java:188)
	at java.sql/java.sql.DriverManager.getConnection(DriverManager.java:683)
	at java.sql/java.sql.DriverManager.getConnection(DriverManager.java:230)
	at dao.DBConnection.<init>(DBConnection.java:29)
	at dao.DBConnection.getInstance(DBConnection.java:43)
	at JUnit.TesteAplicacao.testReaberturaConexao(TesteAplicacao.java:59)
	at java.base/jdk.internal.reflect.DirectMethodHandleAccessor.invoke(DirectMethodHandleAccessor.java:103)
	at java.base/java.lang.reflect.Method.invoke(Method.java:580)
	at org.junit.runners.model.FrameworkMethod$1.runReflectiveCall(FrameworkMethod.java:59)
	at org.junit.internal.runners.model.ReflectiveCallable.run(ReflectiveCallable.java:12)
	at org.junit.runners.model.FrameworkMethod.invokeExplosively(FrameworkMethod.java:56)
	at org.junit.internal.runners.statements.InvokeMethod.evaluate(InvokeMethod.java:17)
	at org.junit.runners.ParentRunner$3.evaluate(ParentRunner.java:306)
	at org.junit.runners.BlockJUnit4ClassRunner$1.evaluate(BlockJUnit4ClassRunner.java:100)
	at org.junit.runners.ParentRunner.runLeaf(ParentRunner.java:366)
	at org.junit.runners.BlockJUnit4ClassRunner.runChild(BlockJUnit4ClassRunner.java:103)
	at org.junit.runners.BlockJUnit4ClassRunner.runChild(BlockJUnit4ClassRunner.java:63)
	at org.junit.runners.ParentRunner$4.run(ParentRunner.java:331)
	at org.junit.runners.ParentRunner$1.schedule(ParentRunner.java:79)
	at org.junit.runners.ParentRunner.runChildren(ParentRunner.java:329)
	at org.junit.runners.ParentRunner.access$100(ParentRunner.java:66)
	at org.junit.runners.ParentRunner$2.evaluate(ParentRunner.java:293)
	at org.junit.runners.ParentRunner$3.evaluate(ParentRunner.java:306)
	at org.junit.runners.ParentRunner.run(ParentRunner.java:413)
	at org.apache.maven.surefire.junit4.JUnit4Provider.execute(JUnit4Provider.java:316)
	at org.apache.maven.surefire.junit4.JUnit4Provider.executeWithRerun(JUnit4Provider.java:240)
	at org.apache.maven.surefire.junit4.JUnit4Provider.executeTestSet(JUnit4Provider.java:214)
	at org.apache.maven.surefire.junit4.JUnit4Provider.invoke(JUnit4Provider.java:155)
	at org.apache.maven.surefire.booter.ForkedBooter.runSuitesInProcess(ForkedBooter.java:385)
	at org.apache.maven.surefire.booter.ForkedBooter.execute(ForkedBooter.java:162)
	at org.apache.maven.surefire.booter.ForkedBooter.run(ForkedBooter.java:507)
	at org.apache.maven.surefire.booter.ForkedBooter.main(ForkedBooter.java:495)
Caused by: java.io.IOException: Error while instrumenting sun/nio/cs/ext/MacCentralEurope.
	at org.jacoco.agent.rt.internal_f3994fa.core.instr.Instrumenter.instrumentError(Instrumenter.java:160)
	at org.jacoco.agent.rt.internal_f3994fa.core.instr.Instrumenter.instrument(Instrumenter.java:110)
	at org.jacoco.agent.rt.internal_f3994fa.CoverageTransformer.transform(CoverageTransformer.java:92)
	... 62 more
Caused by: java.lang.IllegalArgumentException: Unsupported class file major version 65
	at org.jacoco.agent.rt.internal_f3994fa.asm.ClassReader.<init>(ClassReader.java:196)
	at org.jacoco.agent.rt.internal_f3994fa.asm.ClassReader.<init>(ClassReader.java:177)
	at org.jacoco.agent.rt.internal_f3994fa.asm.ClassReader.<init>(ClassReader.java:163)
	at org.jacoco.agent.rt.internal_f3994fa.core.internal.instr.InstrSupport.classReaderFor(InstrSupport.java:280)
	at org.jacoco.agent.rt.internal_f3994fa.core.instr.Instrumenter.instrument(Instrumenter.java:76)
	at org.jacoco.agent.rt.internal_f3994fa.core.instr.Instrumenter.instrument(Instrumenter.java:108)
	... 63 more
java.lang.instrument.IllegalClassFormatException: Error while instrumenting sun/security/smartcardio/SunPCSC.
	at org.jacoco.agent.rt.internal_f3994fa.CoverageTransformer.transform(CoverageTransformer.java:94)
	at java.instrument/java.lang.instrument.ClassFileTransformer.transform(ClassFileTransformer.java:244)
	at java.instrument/sun.instrument.TransformerManager.transform(TransformerManager.java:188)
	at java.instrument/sun.instrument.InstrumentationImpl.transform(InstrumentationImpl.java:610)
	at java.base/java.lang.ClassLoader.defineClass2(Native Method)
	at java.base/java.lang.ClassLoader.defineClass(ClassLoader.java:1118)
	at java.base/java.security.SecureClassLoader.defineClass(SecureClassLoader.java:182)
	at java.base/jdk.internal.loader.BuiltinClassLoader.defineClass(BuiltinClassLoader.java:821)
	at java.base/jdk.internal.loader.BuiltinClassLoader.findClassInModuleOrNull(BuiltinClassLoader.java:741)
	at java.base/jdk.internal.loader.BuiltinClassLoader.findClass(BuiltinClassLoader.java:621)
	at java.base/java.lang.ClassLoader.loadClass(ClassLoader.java:638)
	at java.base/java.lang.Class.forName(Class.java:625)
	at java.base/java.lang.Class.forName(Class.java:600)
	at java.base/java.util.ServiceLoader.loadProvider(ServiceLoader.java:859)
	at java.base/java.util.ServiceLoader$ModuleServicesLookupIterator.hasNext(ServiceLoader.java:1084)
	at java.base/java.util.ServiceLoader$2.hasNext(ServiceLoader.java:1309)
	at java.base/java.util.ServiceLoader$3.hasNext(ServiceLoader.java:1393)
	at java.base/sun.security.jca.ProviderConfig$ProviderLoader.load(ProviderConfig.java:344)
	at java.base/sun.security.jca.ProviderConfig$3.run(ProviderConfig.java:253)
	at java.base/sun.security.jca.ProviderConfig$3.run(ProviderConfig.java:247)
	at java.base/java.security.AccessController.doPrivileged(AccessController.java:319)
	at java.base/sun.security.jca.ProviderConfig.doLoadProvider(ProviderConfig.java:247)
	at java.base/sun.security.jca.ProviderConfig.getProvider(ProviderConfig.java:225)
	at java.base/sun.security.jca.ProviderList.getProvider(ProviderList.java:271)
	at java.base/sun.security.jca.ProviderList.getService(ProviderList.java:384)
	at java.base/sun.security.jca.GetInstance.getInstance(GetInstance.java:157)
	at java.base/javax.net.ssl.TrustManagerFactory.getInstance(TrustManagerFactory.java:159)
	at com.mysql.cj.protocol.ExportControlled.getSSLContext(ExportControlled.java:543)
	at com.mysql.cj.protocol.ExportControlled.performTlsHandshake(ExportControlled.java:333)
	at com.mysql.cj.protocol.StandardSocketFactory.performTlsHandshake(StandardSocketFactory.java:191)
	at com.mysql.cj.protocol.a.NativeSocketConnection.performTlsHandshake(NativeSocketConnection.java:101)
	at com.mysql.cj.protocol.a.NativeProtocol.negotiateSSLConnection(NativeProtocol.java:370)
	at com.mysql.cj.protocol.a.NativeAuthenticationProvider.connect(NativeAuthenticationProvider.java:206)
	at com.mysql.cj.protocol.a.NativeProtocol.connect(NativeProtocol.java:1430)
	at com.mysql.cj.NativeSession.connect(NativeSession.java:134)
	at com.mysql.cj.jdbc.ConnectionImpl.connectOneTryOnly(ConnectionImpl.java:945)
	at com.mysql.cj.jdbc.ConnectionImpl.createNewIO(ConnectionImpl.java:815)
	at com.mysql.cj.jdbc.ConnectionImpl.<init>(ConnectionImpl.java:446)
	at com.mysql.cj.jdbc.ConnectionImpl.getInstance(ConnectionImpl.java:239)
	at com.mysql.cj.jdbc.NonRegisteringDriver.connect(NonRegisteringDriver.java:188)
	at java.sql/java.sql.DriverManager.getConnection(DriverManager.java:683)
	at java.sql/java.sql.DriverManager.getConnection(DriverManager.java:230)
	at dao.DBConnection.<init>(DBConnection.java:29)
	at dao.DBConnection.getInstance(DBConnection.java:43)
	at JUnit.TesteAplicacao.testReaberturaConexao(TesteAplicacao.java:59)
	at java.base/jdk.internal.reflect.DirectMethodHandleAccessor.invoke(DirectMethodHandleAccessor.java:103)
	at java.base/java.lang.reflect.Method.invoke(Method.java:580)
	at org.junit.runners.model.FrameworkMethod$1.runReflectiveCall(FrameworkMethod.java:59)
	at org.junit.internal.runners.model.ReflectiveCallable.run(ReflectiveCallable.java:12)
	at org.junit.runners.model.FrameworkMethod.invokeExplosively(FrameworkMethod.java:56)
	at org.junit.internal.runners.statements.InvokeMethod.evaluate(InvokeMethod.java:17)
	at org.junit.runners.ParentRunner$3.evaluate(ParentRunner.java:306)
	at org.junit.runners.BlockJUnit4ClassRunner$1.evaluate(BlockJUnit4ClassRunner.java:100)
	at org.junit.runners.ParentRunner.runLeaf(ParentRunner.java:366)
	at org.junit.runners.BlockJUnit4ClassRunner.runChild(BlockJUnit4ClassRunner.java:103)
	at org.junit.runners.BlockJUnit4ClassRunner.runChild(BlockJUnit4ClassRunner.java:63)
	at org.junit.runners.ParentRunner$4.run(ParentRunner.java:331)
	at org.junit.runners.ParentRunner$1.schedule(ParentRunner.java:79)
	at org.junit.runners.ParentRunner.runChildren(ParentRunner.java:329)
	at org.junit.runners.ParentRunner.access$100(ParentRunner.java:66)
	at org.junit.runners.ParentRunner$2.evaluate(ParentRunner.java:293)
	at org.junit.runners.ParentRunner$3.evaluate(ParentRunner.java:306)
	at org.junit.runners.ParentRunner.run(ParentRunner.java:413)
	at org.apache.maven.surefire.junit4.JUnit4Provider.execute(JUnit4Provider.java:316)
	at org.apache.maven.surefire.junit4.JUnit4Provider.executeWithRerun(JUnit4Provider.java:240)
	at org.apache.maven.surefire.junit4.JUnit4Provider.executeTestSet(JUnit4Provider.java:214)
	at org.apache.maven.surefire.junit4.JUnit4Provider.invoke(JUnit4Provider.java:155)
	at org.apache.maven.surefire.booter.ForkedBooter.runSuitesInProcess(ForkedBooter.java:385)
	at org.apache.maven.surefire.booter.ForkedBooter.execute(ForkedBooter.java:162)
	at org.apache.maven.surefire.booter.ForkedBooter.run(ForkedBooter.java:507)
	at org.apache.maven.surefire.booter.ForkedBooter.main(ForkedBooter.java:495)
Caused by: java.io.IOException: Error while instrumenting sun/security/smartcardio/SunPCSC.
	at org.jacoco.agent.rt.internal_f3994fa.core.instr.Instrumenter.instrumentError(Instrumenter.java:160)
	at org.jacoco.agent.rt.internal_f3994fa.core.instr.Instrumenter.instrument(Instrumenter.java:110)
	at org.jacoco.agent.rt.internal_f3994fa.CoverageTransformer.transform(CoverageTransformer.java:92)
	... 70 more
Caused by: java.lang.IllegalArgumentException: Unsupported class file major version 65
	at org.jacoco.agent.rt.internal_f3994fa.asm.ClassReader.<init>(ClassReader.java:196)
	at org.jacoco.agent.rt.internal_f3994fa.asm.ClassReader.<init>(ClassReader.java:177)
	at org.jacoco.agent.rt.internal_f3994fa.asm.ClassReader.<init>(ClassReader.java:163)
	at org.jacoco.agent.rt.internal_f3994fa.core.internal.instr.InstrSupport.classReaderFor(InstrSupport.java:280)
	at org.jacoco.agent.rt.internal_f3994fa.core.instr.Instrumenter.instrument(Instrumenter.java:76)
	at org.jacoco.agent.rt.internal_f3994fa.core.instr.Instrumenter.instrument(Instrumenter.java:108)
	... 71 more
java.lang.instrument.IllegalClassFormatException: Error while instrumenting sun/security/smartcardio/SunPCSC$1.
	at org.jacoco.agent.rt.internal_f3994fa.CoverageTransformer.transform(CoverageTransformer.java:94)
	at java.instrument/java.lang.instrument.ClassFileTransformer.transform(ClassFileTransformer.java:244)
	at java.instrument/sun.instrument.TransformerManager.transform(TransformerManager.java:188)
	at java.instrument/sun.instrument.InstrumentationImpl.transform(InstrumentationImpl.java:610)
	at java.base/java.lang.ClassLoader.defineClass2(Native Method)
	at java.base/java.lang.ClassLoader.defineClass(ClassLoader.java:1118)
	at java.base/java.security.SecureClassLoader.defineClass(SecureClassLoader.java:182)
	at java.base/jdk.internal.loader.BuiltinClassLoader.defineClass(BuiltinClassLoader.java:821)
	at java.base/jdk.internal.loader.BuiltinClassLoader.findClassInModuleOrNull(BuiltinClassLoader.java:741)
	at java.base/jdk.internal.loader.BuiltinClassLoader.loadClassOrNull(BuiltinClassLoader.java:665)
	at java.base/jdk.internal.loader.BuiltinClassLoader.loadClass(BuiltinClassLoader.java:639)
	at java.base/java.lang.ClassLoader.loadClass(ClassLoader.java:526)
	at java.smartcardio/sun.security.smartcardio.SunPCSC.<init>(SunPCSC.java:73)
	at java.base/jdk.internal.reflect.DirectConstructorHandleAccessor.newInstance(DirectConstructorHandleAccessor.java:62)
	at java.base/java.lang.reflect.Constructor.newInstanceWithCaller(Constructor.java:502)
	at java.base/java.lang.reflect.Constructor.newInstance(Constructor.java:486)
	at java.base/java.util.ServiceLoader$ProviderImpl.newInstance(ServiceLoader.java:789)
	at java.base/java.util.ServiceLoader$ProviderImpl.get(ServiceLoader.java:729)
	at java.base/java.util.ServiceLoader$3.next(ServiceLoader.java:1403)
	at java.base/sun.security.jca.ProviderConfig$ProviderLoader.load(ProviderConfig.java:346)
	at java.base/sun.security.jca.ProviderConfig$3.run(ProviderConfig.java:253)
	at java.base/sun.security.jca.ProviderConfig$3.run(ProviderConfig.java:247)
	at java.base/java.security.AccessController.doPrivileged(AccessController.java:319)
	at java.base/sun.security.jca.ProviderConfig.doLoadProvider(ProviderConfig.java:247)
	at java.base/sun.security.jca.ProviderConfig.getProvider(ProviderConfig.java:225)
	at java.base/sun.security.jca.ProviderList.getProvider(ProviderList.java:271)
	at java.base/sun.security.jca.ProviderList.getService(ProviderList.java:384)
	at java.base/sun.security.jca.GetInstance.getInstance(GetInstance.java:157)
	at java.base/javax.net.ssl.TrustManagerFactory.getInstance(TrustManagerFactory.java:159)
	at com.mysql.cj.protocol.ExportControlled.getSSLContext(ExportControlled.java:543)
	at com.mysql.cj.protocol.ExportControlled.performTlsHandshake(ExportControlled.java:333)
	at com.mysql.cj.protocol.StandardSocketFactory.performTlsHandshake(StandardSocketFactory.java:191)
	at com.mysql.cj.protocol.a.NativeSocketConnection.performTlsHandshake(NativeSocketConnection.java:101)
	at com.mysql.cj.protocol.a.NativeProtocol.negotiateSSLConnection(NativeProtocol.java:370)
	at com.mysql.cj.protocol.a.NativeAuthenticationProvider.connect(NativeAuthenticationProvider.java:206)
	at com.mysql.cj.protocol.a.NativeProtocol.connect(NativeProtocol.java:1430)
	at com.mysql.cj.NativeSession.connect(NativeSession.java:134)
	at com.mysql.cj.jdbc.ConnectionImpl.connectOneTryOnly(ConnectionImpl.java:945)
	at com.mysql.cj.jdbc.ConnectionImpl.createNewIO(ConnectionImpl.java:815)
	at com.mysql.cj.jdbc.ConnectionImpl.<init>(ConnectionImpl.java:446)
	at com.mysql.cj.jdbc.ConnectionImpl.getInstance(ConnectionImpl.java:239)
	at com.mysql.cj.jdbc.NonRegisteringDriver.connect(NonRegisteringDriver.java:188)
	at java.sql/java.sql.DriverManager.getConnection(DriverManager.java:683)
	at java.sql/java.sql.DriverManager.getConnection(DriverManager.java:230)
	at dao.DBConnection.<init>(DBConnection.java:29)
	at dao.DBConnection.getInstance(DBConnection.java:43)
	at JUnit.TesteAplicacao.testReaberturaConexao(TesteAplicacao.java:59)
	at java.base/jdk.internal.reflect.DirectMethodHandleAccessor.invoke(DirectMethodHandleAccessor.java:103)
	at java.base/java.lang.reflect.Method.invoke(Method.java:580)
	at org.junit.runners.model.FrameworkMethod$1.runReflectiveCall(FrameworkMethod.java:59)
	at org.junit.internal.runners.model.ReflectiveCallable.run(ReflectiveCallable.java:12)
	at org.junit.runners.model.FrameworkMethod.invokeExplosively(FrameworkMethod.java:56)
	at org.junit.internal.runners.statements.InvokeMethod.evaluate(InvokeMethod.java:17)
	at org.junit.runners.ParentRunner$3.evaluate(ParentRunner.java:306)
	at org.junit.runners.BlockJUnit4ClassRunner$1.evaluate(BlockJUnit4ClassRunner.java:100)
	at org.junit.runners.ParentRunner.runLeaf(ParentRunner.java:366)
	at org.junit.runners.BlockJUnit4ClassRunner.runChild(BlockJUnit4ClassRunner.java:103)
	at org.junit.runners.BlockJUnit4ClassRunner.runChild(BlockJUnit4ClassRunner.java:63)
	at org.junit.runners.ParentRunner$4.run(ParentRunner.java:331)
	at org.junit.runners.ParentRunner$1.schedule(ParentRunner.java:79)
	at org.junit.runners.ParentRunner.runChildren(ParentRunner.java:329)
	at org.junit.runners.ParentRunner.access$100(ParentRunner.java:66)
	at org.junit.runners.ParentRunner$2.evaluate(ParentRunner.java:293)
	at org.junit.runners.ParentRunner$3.evaluate(ParentRunner.java:306)
	at org.junit.runners.ParentRunner.run(ParentRunner.java:413)
	at org.apache.maven.surefire.junit4.JUnit4Provider.execute(JUnit4Provider.java:316)
	at org.apache.maven.surefire.junit4.JUnit4Provider.executeWithRerun(JUnit4Provider.java:240)
	at org.apache.maven.surefire.junit4.JUnit4Provider.executeTestSet(JUnit4Provider.java:214)
	at org.apache.maven.surefire.junit4.JUnit4Provider.invoke(JUnit4Provider.java:155)
	at org.apache.maven.surefire.booter.ForkedBooter.runSuitesInProcess(ForkedBooter.java:385)
	at org.apache.maven.surefire.booter.ForkedBooter.execute(ForkedBooter.java:162)
	at org.apache.maven.surefire.booter.ForkedBooter.run(ForkedBooter.java:507)
	at org.apache.maven.surefire.booter.ForkedBooter.main(ForkedBooter.java:495)
Caused by: java.io.IOException: Error while instrumenting sun/security/smartcardio/SunPCSC$1.
	at org.jacoco.agent.rt.internal_f3994fa.core.instr.Instrumenter.instrumentError(Instrumenter.java:160)
	at org.jacoco.agent.rt.internal_f3994fa.core.instr.Instrumenter.instrument(Instrumenter.java:110)
	at org.jacoco.agent.rt.internal_f3994fa.CoverageTransformer.transform(CoverageTransformer.java:92)
	... 72 more
Caused by: java.lang.IllegalArgumentException: Unsupported class file major version 65
	at org.jacoco.agent.rt.internal_f3994fa.asm.ClassReader.<init>(ClassReader.java:196)
	at org.jacoco.agent.rt.internal_f3994fa.asm.ClassReader.<init>(ClassReader.java:177)
	at org.jacoco.agent.rt.internal_f3994fa.asm.ClassReader.<init>(ClassReader.java:163)
	at org.jacoco.agent.rt.internal_f3994fa.core.internal.instr.InstrSupport.classReaderFor(InstrSupport.java:280)
	at org.jacoco.agent.rt.internal_f3994fa.core.instr.Instrumenter.instrument(Instrumenter.java:76)
	at org.jacoco.agent.rt.internal_f3994fa.core.instr.Instrumenter.instrument(Instrumenter.java:108)
	... 73 more
java.lang.instrument.IllegalClassFormatException: Error while instrumenting sun/security/smartcardio/SunPCSC$ProviderService.
	at org.jacoco.agent.rt.internal_f3994fa.CoverageTransformer.transform(CoverageTransformer.java:94)
	at java.instrument/java.lang.instrument.ClassFileTransformer.transform(ClassFileTransformer.java:244)
	at java.instrument/sun.instrument.TransformerManager.transform(TransformerManager.java:188)
	at java.instrument/sun.instrument.InstrumentationImpl.transform(InstrumentationImpl.java:610)
	at java.base/java.lang.ClassLoader.defineClass2(Native Method)
	at java.base/java.lang.ClassLoader.defineClass(ClassLoader.java:1118)
	at java.base/java.security.SecureClassLoader.defineClass(SecureClassLoader.java:182)
	at java.base/jdk.internal.loader.BuiltinClassLoader.defineClass(BuiltinClassLoader.java:821)
	at java.base/jdk.internal.loader.BuiltinClassLoader.findClassInModuleOrNull(BuiltinClassLoader.java:741)
	at java.base/jdk.internal.loader.BuiltinClassLoader.loadClassOrNull(BuiltinClassLoader.java:665)
	at java.base/jdk.internal.loader.BuiltinClassLoader.loadClass(BuiltinClassLoader.java:639)
	at java.base/java.lang.ClassLoader.loadClass(ClassLoader.java:526)
	at java.smartcardio/sun.security.smartcardio.SunPCSC.<init>(SunPCSC.java:73)
	at java.base/jdk.internal.reflect.DirectConstructorHandleAccessor.newInstance(DirectConstructorHandleAccessor.java:62)
	at java.base/java.lang.reflect.Constructor.newInstanceWithCaller(Constructor.java:502)
	at java.base/java.lang.reflect.Constructor.newInstance(Constructor.java:486)
	at java.base/java.util.ServiceLoader$ProviderImpl.newInstance(ServiceLoader.java:789)
	at java.base/java.util.ServiceLoader$ProviderImpl.get(ServiceLoader.java:729)
	at java.base/java.util.ServiceLoader$3.next(ServiceLoader.java:1403)
	at java.base/sun.security.jca.ProviderConfig$ProviderLoader.load(ProviderConfig.java:346)
	at java.base/sun.security.jca.ProviderConfig$3.run(ProviderConfig.java:253)
	at java.base/sun.security.jca.ProviderConfig$3.run(ProviderConfig.java:247)
	at java.base/java.security.AccessController.doPrivileged(AccessController.java:319)
	at java.base/sun.security.jca.ProviderConfig.doLoadProvider(ProviderConfig.java:247)
	at java.base/sun.security.jca.ProviderConfig.getProvider(ProviderConfig.java:225)
	at java.base/sun.security.jca.ProviderList.getProvider(ProviderList.java:271)
	at java.base/sun.security.jca.ProviderList.getService(ProviderList.java:384)
	at java.base/sun.security.jca.GetInstance.getInstance(GetInstance.java:157)
	at java.base/javax.net.ssl.TrustManagerFactory.getInstance(TrustManagerFactory.java:159)
	at com.mysql.cj.protocol.ExportControlled.getSSLContext(ExportControlled.java:543)
	at com.mysql.cj.protocol.ExportControlled.performTlsHandshake(ExportControlled.java:333)
	at com.mysql.cj.protocol.StandardSocketFactory.performTlsHandshake(StandardSocketFactory.java:191)
	at com.mysql.cj.protocol.a.NativeSocketConnection.performTlsHandshake(NativeSocketConnection.java:101)
	at com.mysql.cj.protocol.a.NativeProtocol.negotiateSSLConnection(NativeProtocol.java:370)
	at com.mysql.cj.protocol.a.NativeAuthenticationProvider.connect(NativeAuthenticationProvider.java:206)
	at com.mysql.cj.protocol.a.NativeProtocol.connect(NativeProtocol.java:1430)
	at com.mysql.cj.NativeSession.connect(NativeSession.java:134)
	at com.mysql.cj.jdbc.ConnectionImpl.connectOneTryOnly(ConnectionImpl.java:945)
	at com.mysql.cj.jdbc.ConnectionImpl.createNewIO(ConnectionImpl.java:815)
	at com.mysql.cj.jdbc.ConnectionImpl.<init>(ConnectionImpl.java:446)
	at com.mysql.cj.jdbc.ConnectionImpl.getInstance(ConnectionImpl.java:239)
	at com.mysql.cj.jdbc.NonRegisteringDriver.connect(NonRegisteringDriver.java:188)
	at java.sql/java.sql.DriverManager.getConnection(DriverManager.java:683)
	at java.sql/java.sql.DriverManager.getConnection(DriverManager.java:230)
	at dao.DBConnection.<init>(DBConnection.java:29)
	at dao.DBConnection.getInstance(DBConnection.java:43)
	at JUnit.TesteAplicacao.testReaberturaConexao(TesteAplicacao.java:59)
	at java.base/jdk.internal.reflect.DirectMethodHandleAccessor.invoke(DirectMethodHandleAccessor.java:103)
	at java.base/java.lang.reflect.Method.invoke(Method.java:580)
	at org.junit.runners.model.FrameworkMethod$1.runReflectiveCall(FrameworkMethod.java:59)
	at org.junit.internal.runners.model.ReflectiveCallable.run(ReflectiveCallable.java:12)
	at org.junit.runners.model.FrameworkMethod.invokeExplosively(FrameworkMethod.java:56)
	at org.junit.internal.runners.statements.InvokeMethod.evaluate(InvokeMethod.java:17)
	at org.junit.runners.ParentRunner$3.evaluate(ParentRunner.java:306)
	at org.junit.runners.BlockJUnit4ClassRunner$1.evaluate(BlockJUnit4ClassRunner.java:100)
	at org.junit.runners.ParentRunner.runLeaf(ParentRunner.java:366)
	at org.junit.runners.BlockJUnit4ClassRunner.runChild(BlockJUnit4ClassRunner.java:103)
	at org.junit.runners.BlockJUnit4ClassRunner.runChild(BlockJUnit4ClassRunner.java:63)
	at org.junit.runners.ParentRunner$4.run(ParentRunner.java:331)
	at org.junit.runners.ParentRunner$1.schedule(ParentRunner.java:79)
	at org.junit.runners.ParentRunner.runChildren(ParentRunner.java:329)
	at org.junit.runners.ParentRunner.access$100(ParentRunner.java:66)
	at org.junit.runners.ParentRunner$2.evaluate(ParentRunner.java:293)
	at org.junit.runners.ParentRunner$3.evaluate(ParentRunner.java:306)
	at org.junit.runners.ParentRunner.run(ParentRunner.java:413)
	at org.apache.maven.surefire.junit4.JUnit4Provider.execute(JUnit4Provider.java:316)
	at org.apache.maven.surefire.junit4.JUnit4Provider.executeWithRerun(JUnit4Provider.java:240)
	at org.apache.maven.surefire.junit4.JUnit4Provider.executeTestSet(JUnit4Provider.java:214)
	at org.apache.maven.surefire.junit4.JUnit4Provider.invoke(JUnit4Provider.java:155)
	at org.apache.maven.surefire.booter.ForkedBooter.runSuitesInProcess(ForkedBooter.java:385)
	at org.apache.maven.surefire.booter.ForkedBooter.execute(ForkedBooter.java:162)
	at org.apache.maven.surefire.booter.ForkedBooter.run(ForkedBooter.java:507)
	at org.apache.maven.surefire.booter.ForkedBooter.main(ForkedBooter.java:495)
Caused by: java.io.IOException: Error while instrumenting sun/security/smartcardio/SunPCSC$ProviderService.
	at org.jacoco.agent.rt.internal_f3994fa.core.instr.Instrumenter.instrumentError(Instrumenter.java:160)
	at org.jacoco.agent.rt.internal_f3994fa.core.instr.Instrumenter.instrument(Instrumenter.java:110)
	at org.jacoco.agent.rt.internal_f3994fa.CoverageTransformer.transform(CoverageTransformer.java:92)
	... 72 more
Caused by: java.lang.IllegalArgumentException: Unsupported class file major version 65
	at org.jacoco.agent.rt.internal_f3994fa.asm.ClassReader.<init>(ClassReader.java:196)
	at org.jacoco.agent.rt.internal_f3994fa.asm.ClassReader.<init>(ClassReader.java:177)
	at org.jacoco.agent.rt.internal_f3994fa.asm.ClassReader.<init>(ClassReader.java:163)
	at org.jacoco.agent.rt.internal_f3994fa.core.internal.instr.InstrSupport.classReaderFor(InstrSupport.java:280)
	at org.jacoco.agent.rt.internal_f3994fa.core.instr.Instrumenter.instrument(Instrumenter.java:76)
	at org.jacoco.agent.rt.internal_f3994fa.core.instr.Instrumenter.instrument(Instrumenter.java:108)
	... 73 more
java.lang.instrument.IllegalClassFormatException: Error while instrumenting sun/security/ec/SunEC.
	at org.jacoco.agent.rt.internal_f3994fa.CoverageTransformer.transform(CoverageTransformer.java:94)
	at java.instrument/java.lang.instrument.ClassFileTransformer.transform(ClassFileTransformer.java:244)
	at java.instrument/sun.instrument.TransformerManager.transform(TransformerManager.java:188)
	at java.instrument/sun.instrument.InstrumentationImpl.transform(InstrumentationImpl.java:610)
	at java.base/java.lang.ClassLoader.defineClass2(Native Method)
	at java.base/java.lang.ClassLoader.defineClass(ClassLoader.java:1118)
	at java.base/java.security.SecureClassLoader.defineClass(SecureClassLoader.java:182)
	at java.base/jdk.internal.loader.BuiltinClassLoader.defineClass(BuiltinClassLoader.java:821)
	at java.base/jdk.internal.loader.BuiltinClassLoader.findClassInModuleOrNull(BuiltinClassLoader.java:741)
	at java.base/jdk.internal.loader.BuiltinClassLoader.findClass(BuiltinClassLoader.java:621)
	at java.base/java.lang.ClassLoader.loadClass(ClassLoader.java:638)
	at java.base/java.lang.Class.forName(Class.java:625)
	at java.base/java.lang.Class.forName(Class.java:600)
	at java.base/java.util.ServiceLoader.loadProvider(ServiceLoader.java:859)
	at java.base/java.util.ServiceLoader$ModuleServicesLookupIterator.hasNext(ServiceLoader.java:1084)
	at java.base/java.util.ServiceLoader$2.hasNext(ServiceLoader.java:1309)
	at java.base/java.util.ServiceLoader$3.hasNext(ServiceLoader.java:1393)
	at java.base/sun.security.jca.ProviderConfig$ProviderLoader.load(ProviderConfig.java:344)
	at java.base/sun.security.jca.ProviderConfig$3.run(ProviderConfig.java:253)
	at java.base/sun.security.jca.ProviderConfig$3.run(ProviderConfig.java:247)
	at java.base/java.security.AccessController.doPrivileged(AccessController.java:319)
	at java.base/sun.security.jca.ProviderConfig.doLoadProvider(ProviderConfig.java:247)
	at java.base/sun.security.jca.ProviderConfig.getProvider(ProviderConfig.java:225)
	at java.base/sun.security.jca.ProviderList.getProvider(ProviderList.java:271)
	at java.base/sun.security.jca.ProviderList.getService(ProviderList.java:384)
	at java.base/sun.security.jca.GetInstance.getInstance(GetInstance.java:157)
	at java.base/javax.net.ssl.TrustManagerFactory.getInstance(TrustManagerFactory.java:159)
	at com.mysql.cj.protocol.ExportControlled.getSSLContext(ExportControlled.java:543)
	at com.mysql.cj.protocol.ExportControlled.performTlsHandshake(ExportControlled.java:333)
	at com.mysql.cj.protocol.StandardSocketFactory.performTlsHandshake(StandardSocketFactory.java:191)
	at com.mysql.cj.protocol.a.NativeSocketConnection.performTlsHandshake(NativeSocketConnection.java:101)
	at com.mysql.cj.protocol.a.NativeProtocol.negotiateSSLConnection(NativeProtocol.java:370)
	at com.mysql.cj.protocol.a.NativeAuthenticationProvider.connect(NativeAuthenticationProvider.java:206)
	at com.mysql.cj.protocol.a.NativeProtocol.connect(NativeProtocol.java:1430)
	at com.mysql.cj.NativeSession.connect(NativeSession.java:134)
	at com.mysql.cj.jdbc.ConnectionImpl.connectOneTryOnly(ConnectionImpl.java:945)
	at com.mysql.cj.jdbc.ConnectionImpl.createNewIO(ConnectionImpl.java:815)
	at com.mysql.cj.jdbc.ConnectionImpl.<init>(ConnectionImpl.java:446)
	at com.mysql.cj.jdbc.ConnectionImpl.getInstance(ConnectionImpl.java:239)
	at com.mysql.cj.jdbc.NonRegisteringDriver.connect(NonRegisteringDriver.java:188)
	at java.sql/java.sql.DriverManager.getConnection(DriverManager.java:683)
	at java.sql/java.sql.DriverManager.getConnection(DriverManager.java:230)
	at dao.DBConnection.<init>(DBConnection.java:29)
	at dao.DBConnection.getInstance(DBConnection.java:43)
	at JUnit.TesteAplicacao.testReaberturaConexao(TesteAplicacao.java:59)
	at java.base/jdk.internal.reflect.DirectMethodHandleAccessor.invoke(DirectMethodHandleAccessor.java:103)
	at java.base/java.lang.reflect.Method.invoke(Method.java:580)
	at org.junit.runners.model.FrameworkMethod$1.runReflectiveCall(FrameworkMethod.java:59)
	at org.junit.internal.runners.model.ReflectiveCallable.run(ReflectiveCallable.java:12)
	at org.junit.runners.model.FrameworkMethod.invokeExplosively(FrameworkMethod.java:56)
	at org.junit.internal.runners.statements.InvokeMethod.evaluate(InvokeMethod.java:17)
	at org.junit.runners.ParentRunner$3.evaluate(ParentRunner.java:306)
	at org.junit.runners.BlockJUnit4ClassRunner$1.evaluate(BlockJUnit4ClassRunner.java:100)
	at org.junit.runners.ParentRunner.runLeaf(ParentRunner.java:366)
	at org.junit.runners.BlockJUnit4ClassRunner.runChild(BlockJUnit4ClassRunner.java:103)
	at org.junit.runners.BlockJUnit4ClassRunner.runChild(BlockJUnit4ClassRunner.java:63)
	at org.junit.runners.ParentRunner$4.run(ParentRunner.java:331)
	at org.junit.runners.ParentRunner$1.schedule(ParentRunner.java:79)
	at org.junit.runners.ParentRunner.runChildren(ParentRunner.java:329)
	at org.junit.runners.ParentRunner.access$100(ParentRunner.java:66)
	at org.junit.runners.ParentRunner$2.evaluate(ParentRunner.java:293)
	at org.junit.runners.ParentRunner$3.evaluate(ParentRunner.java:306)
	at org.junit.runners.ParentRunner.run(ParentRunner.java:413)
	at org.apache.maven.surefire.junit4.JUnit4Provider.execute(JUnit4Provider.java:316)
	at org.apache.maven.surefire.junit4.JUnit4Provider.executeWithRerun(JUnit4Provider.java:240)
	at org.apache.maven.surefire.junit4.JUnit4Provider.executeTestSet(JUnit4Provider.java:214)
	at org.apache.maven.surefire.junit4.JUnit4Provider.invoke(JUnit4Provider.java:155)
	at org.apache.maven.surefire.booter.ForkedBooter.runSuitesInProcess(ForkedBooter.java:385)
	at org.apache.maven.surefire.booter.ForkedBooter.execute(ForkedBooter.java:162)
	at org.apache.maven.surefire.booter.ForkedBooter.run(ForkedBooter.java:507)
	at org.apache.maven.surefire.booter.ForkedBooter.main(ForkedBooter.java:495)
Caused by: java.io.IOException: Error while instrumenting sun/security/ec/SunEC.
	at org.jacoco.agent.rt.internal_f3994fa.core.instr.Instrumenter.instrumentError(Instrumenter.java:160)
	at org.jacoco.agent.rt.internal_f3994fa.core.instr.Instrumenter.instrument(Instrumenter.java:110)
	at org.jacoco.agent.rt.internal_f3994fa.CoverageTransformer.transform(CoverageTransformer.java:92)
	... 70 more
Caused by: java.lang.IllegalArgumentException: Unsupported class file major version 65
	at org.jacoco.agent.rt.internal_f3994fa.asm.ClassReader.<init>(ClassReader.java:196)
	at org.jacoco.agent.rt.internal_f3994fa.asm.ClassReader.<init>(ClassReader.java:177)
	at org.jacoco.agent.rt.internal_f3994fa.asm.ClassReader.<init>(ClassReader.java:163)
	at org.jacoco.agent.rt.internal_f3994fa.core.internal.instr.InstrSupport.classReaderFor(InstrSupport.java:280)
	at org.jacoco.agent.rt.internal_f3994fa.core.instr.Instrumenter.instrument(Instrumenter.java:76)
	at org.jacoco.agent.rt.internal_f3994fa.core.instr.Instrumenter.instrument(Instrumenter.java:108)
	... 71 more
java.lang.instrument.IllegalClassFormatException: Error while instrumenting sun/security/ec/SunEC$ProviderServiceA.
	at org.jacoco.agent.rt.internal_f3994fa.CoverageTransformer.transform(CoverageTransformer.java:94)
	at java.instrument/java.lang.instrument.ClassFileTransformer.transform(ClassFileTransformer.java:244)
	at java.instrument/sun.instrument.TransformerManager.transform(TransformerManager.java:188)
	at java.instrument/sun.instrument.InstrumentationImpl.transform(InstrumentationImpl.java:610)
	at java.base/java.lang.ClassLoader.defineClass2(Native Method)
	at java.base/java.lang.ClassLoader.defineClass(ClassLoader.java:1118)
	at java.base/java.security.SecureClassLoader.defineClass(SecureClassLoader.java:182)
	at java.base/jdk.internal.loader.BuiltinClassLoader.defineClass(BuiltinClassLoader.java:821)
	at java.base/jdk.internal.loader.BuiltinClassLoader.findClassInModuleOrNull(BuiltinClassLoader.java:741)
	at java.base/jdk.internal.loader.BuiltinClassLoader.loadClassOrNull(BuiltinClassLoader.java:665)
	at java.base/jdk.internal.loader.BuiltinClassLoader.loadClass(BuiltinClassLoader.java:639)
	at java.base/java.lang.ClassLoader.loadClass(ClassLoader.java:526)
	at java.base/java.lang.Class.getDeclaredMethods0(Native Method)
	at java.base/java.lang.Class.privateGetDeclaredMethods(Class.java:3578)
	at java.base/java.lang.Class.getDeclaredPublicMethods(Class.java:2864)
	at java.base/java.lang.System$2.getDeclaredPublicMethods(System.java:2342)
	at java.base/java.util.ServiceLoader.findStaticProviderMethod(ServiceLoader.java:621)
	at java.base/java.util.ServiceLoader.loadProvider(ServiceLoader.java:885)
	at java.base/java.util.ServiceLoader$ModuleServicesLookupIterator.hasNext(ServiceLoader.java:1084)
	at java.base/java.util.ServiceLoader$2.hasNext(ServiceLoader.java:1309)
	at java.base/java.util.ServiceLoader$3.hasNext(ServiceLoader.java:1393)
	at java.base/sun.security.jca.ProviderConfig$ProviderLoader.load(ProviderConfig.java:344)
	at java.base/sun.security.jca.ProviderConfig$3.run(ProviderConfig.java:253)
	at java.base/sun.security.jca.ProviderConfig$3.run(ProviderConfig.java:247)
	at java.base/java.security.AccessController.doPrivileged(AccessController.java:319)
	at java.base/sun.security.jca.ProviderConfig.doLoadProvider(ProviderConfig.java:247)
	at java.base/sun.security.jca.ProviderConfig.getProvider(ProviderConfig.java:225)
	at java.base/sun.security.jca.ProviderList.getProvider(ProviderList.java:271)
	at java.base/sun.security.jca.ProviderList.getService(ProviderList.java:384)
	at java.base/sun.security.jca.GetInstance.getInstance(GetInstance.java:157)
	at java.base/javax.net.ssl.TrustManagerFactory.getInstance(TrustManagerFactory.java:159)
	at com.mysql.cj.protocol.ExportControlled.getSSLContext(ExportControlled.java:543)
	at com.mysql.cj.protocol.ExportControlled.performTlsHandshake(ExportControlled.java:333)
	at com.mysql.cj.protocol.StandardSocketFactory.performTlsHandshake(StandardSocketFactory.java:191)
	at com.mysql.cj.protocol.a.NativeSocketConnection.performTlsHandshake(NativeSocketConnection.java:101)
	at com.mysql.cj.protocol.a.NativeProtocol.negotiateSSLConnection(NativeProtocol.java:370)
	at com.mysql.cj.protocol.a.NativeAuthenticationProvider.connect(NativeAuthenticationProvider.java:206)
	at com.mysql.cj.protocol.a.NativeProtocol.connect(NativeProtocol.java:1430)
	at com.mysql.cj.NativeSession.connect(NativeSession.java:134)
	at com.mysql.cj.jdbc.ConnectionImpl.connectOneTryOnly(ConnectionImpl.java:945)
	at com.mysql.cj.jdbc.ConnectionImpl.createNewIO(ConnectionImpl.java:815)
	at com.mysql.cj.jdbc.ConnectionImpl.<init>(ConnectionImpl.java:446)
	at com.mysql.cj.jdbc.ConnectionImpl.getInstance(ConnectionImpl.java:239)
	at com.mysql.cj.jdbc.NonRegisteringDriver.connect(NonRegisteringDriver.java:188)
	at java.sql/java.sql.DriverManager.getConnection(DriverManager.java:683)
	at java.sql/java.sql.DriverManager.getConnection(DriverManager.java:230)
	at dao.DBConnection.<init>(DBConnection.java:29)
	at dao.DBConnection.getInstance(DBConnection.java:43)
	at JUnit.TesteAplicacao.testReaberturaConexao(TesteAplicacao.java:59)
	at java.base/jdk.internal.reflect.DirectMethodHandleAccessor.invoke(DirectMethodHandleAccessor.java:103)
	at java.base/java.lang.reflect.Method.invoke(Method.java:580)
	at org.junit.runners.model.FrameworkMethod$1.runReflectiveCall(FrameworkMethod.java:59)
	at org.junit.internal.runners.model.ReflectiveCallable.run(ReflectiveCallable.java:12)
	at org.junit.runners.model.FrameworkMethod.invokeExplosively(FrameworkMethod.java:56)
	at org.junit.internal.runners.statements.InvokeMethod.evaluate(InvokeMethod.java:17)
	at org.junit.runners.ParentRunner$3.evaluate(ParentRunner.java:306)
	at org.junit.runners.BlockJUnit4ClassRunner$1.evaluate(BlockJUnit4ClassRunner.java:100)
	at org.junit.runners.ParentRunner.runLeaf(ParentRunner.java:366)
	at org.junit.runners.BlockJUnit4ClassRunner.runChild(BlockJUnit4ClassRunner.java:103)
	at org.junit.runners.BlockJUnit4ClassRunner.runChild(BlockJUnit4ClassRunner.java:63)
	at org.junit.runners.ParentRunner$4.run(ParentRunner.java:331)
	at org.junit.runners.ParentRunner$1.schedule(ParentRunner.java:79)
	at org.junit.runners.ParentRunner.runChildren(ParentRunner.java:329)
	at org.junit.runners.ParentRunner.access$100(ParentRunner.java:66)
	at org.junit.runners.ParentRunner$2.evaluate(ParentRunner.java:293)
	at org.junit.runners.ParentRunner$3.evaluate(ParentRunner.java:306)
	at org.junit.runners.ParentRunner.run(ParentRunner.java:413)
	at org.apache.maven.surefire.junit4.JUnit4Provider.execute(JUnit4Provider.java:316)
	at org.apache.maven.surefire.junit4.JUnit4Provider.executeWithRerun(JUnit4Provider.java:240)
	at org.apache.maven.surefire.junit4.JUnit4Provider.executeTestSet(JUnit4Provider.java:214)
	at org.apache.maven.surefire.junit4.JUnit4Provider.invoke(JUnit4Provider.java:155)
	at org.apache.maven.surefire.booter.ForkedBooter.runSuitesInProcess(ForkedBooter.java:385)
	at org.apache.maven.surefire.booter.ForkedBooter.execute(ForkedBooter.java:162)
	at org.apache.maven.surefire.booter.ForkedBooter.run(ForkedBooter.java:507)
	at org.apache.maven.surefire.booter.ForkedBooter.main(ForkedBooter.java:495)
Caused by: java.io.IOException: Error while instrumenting sun/security/ec/SunEC$ProviderServiceA.
	at org.jacoco.agent.rt.internal_f3994fa.core.instr.Instrumenter.instrumentError(Instrumenter.java:160)
	at org.jacoco.agent.rt.internal_f3994fa.core.instr.Instrumenter.instrument(Instrumenter.java:110)
	at org.jacoco.agent.rt.internal_f3994fa.CoverageTransformer.transform(CoverageTransformer.java:92)
	... 74 more
Caused by: java.lang.IllegalArgumentException: Unsupported class file major version 65
	at org.jacoco.agent.rt.internal_f3994fa.asm.ClassReader.<init>(ClassReader.java:196)
	at org.jacoco.agent.rt.internal_f3994fa.asm.ClassReader.<init>(ClassReader.java:177)
	at org.jacoco.agent.rt.internal_f3994fa.asm.ClassReader.<init>(ClassReader.java:163)
	at org.jacoco.agent.rt.internal_f3994fa.core.internal.instr.InstrSupport.classReaderFor(InstrSupport.java:280)
	at org.jacoco.agent.rt.internal_f3994fa.core.instr.Instrumenter.instrument(Instrumenter.java:76)
	at org.jacoco.agent.rt.internal_f3994fa.core.instr.Instrumenter.instrument(Instrumenter.java:108)
	... 75 more
java.lang.instrument.IllegalClassFormatException: Error while instrumenting sun/security/ec/SunEC$ProviderService.
	at org.jacoco.agent.rt.internal_f3994fa.CoverageTransformer.transform(CoverageTransformer.java:94)
	at java.instrument/java.lang.instrument.ClassFileTransformer.transform(ClassFileTransformer.java:244)
	at java.instrument/sun.instrument.TransformerManager.transform(TransformerManager.java:188)
	at java.instrument/sun.instrument.InstrumentationImpl.transform(InstrumentationImpl.java:610)
	at java.base/java.lang.ClassLoader.defineClass2(Native Method)
	at java.base/java.lang.ClassLoader.defineClass(ClassLoader.java:1118)
	at java.base/java.security.SecureClassLoader.defineClass(SecureClassLoader.java:182)
	at java.base/jdk.internal.loader.BuiltinClassLoader.defineClass(BuiltinClassLoader.java:821)
	at java.base/jdk.internal.loader.BuiltinClassLoader.findClassInModuleOrNull(BuiltinClassLoader.java:741)
	at java.base/jdk.internal.loader.BuiltinClassLoader.loadClassOrNull(BuiltinClassLoader.java:665)
	at java.base/jdk.internal.loader.BuiltinClassLoader.loadClass(BuiltinClassLoader.java:639)
	at java.base/java.lang.ClassLoader.loadClass(ClassLoader.java:526)
	at java.base/java.lang.ClassLoader.defineClass2(Native Method)
	at java.base/java.lang.ClassLoader.defineClass(ClassLoader.java:1118)
	at java.base/java.security.SecureClassLoader.defineClass(SecureClassLoader.java:182)
	at java.base/jdk.internal.loader.BuiltinClassLoader.defineClass(BuiltinClassLoader.java:821)
	at java.base/jdk.internal.loader.BuiltinClassLoader.findClassInModuleOrNull(BuiltinClassLoader.java:741)
	at java.base/jdk.internal.loader.BuiltinClassLoader.loadClassOrNull(BuiltinClassLoader.java:665)
	at java.base/jdk.internal.loader.BuiltinClassLoader.loadClass(BuiltinClassLoader.java:639)
	at java.base/java.lang.ClassLoader.loadClass(ClassLoader.java:526)
	at java.base/java.lang.Class.getDeclaredMethods0(Native Method)
	at java.base/java.lang.Class.privateGetDeclaredMethods(Class.java:3578)
	at java.base/java.lang.Class.getDeclaredPublicMethods(Class.java:2864)
	at java.base/java.lang.System$2.getDeclaredPublicMethods(System.java:2342)
	at java.base/java.util.ServiceLoader.findStaticProviderMethod(ServiceLoader.java:621)
	at java.base/java.util.ServiceLoader.loadProvider(ServiceLoader.java:885)
	at java.base/java.util.ServiceLoader$ModuleServicesLookupIterator.hasNext(ServiceLoader.java:1084)
	at java.base/java.util.ServiceLoader$2.hasNext(ServiceLoader.java:1309)
	at java.base/java.util.ServiceLoader$3.hasNext(ServiceLoader.java:1393)
	at java.base/sun.security.jca.ProviderConfig$ProviderLoader.load(ProviderConfig.java:344)
	at java.base/sun.security.jca.ProviderConfig$3.run(ProviderConfig.java:253)
	at java.base/sun.security.jca.ProviderConfig$3.run(ProviderConfig.java:247)
	at java.base/java.security.AccessController.doPrivileged(AccessController.java:319)
	at java.base/sun.security.jca.ProviderConfig.doLoadProvider(ProviderConfig.java:247)
	at java.base/sun.security.jca.ProviderConfig.getProvider(ProviderConfig.java:225)
	at java.base/sun.security.jca.ProviderList.getProvider(ProviderList.java:271)
	at java.base/sun.security.jca.ProviderList.getService(ProviderList.java:384)
	at java.base/sun.security.jca.GetInstance.getInstance(GetInstance.java:157)
	at java.base/javax.net.ssl.TrustManagerFactory.getInstance(TrustManagerFactory.java:159)
	at com.mysql.cj.protocol.ExportControlled.getSSLContext(ExportControlled.java:543)
	at com.mysql.cj.protocol.ExportControlled.performTlsHandshake(ExportControlled.java:333)
	at com.mysql.cj.protocol.StandardSocketFactory.performTlsHandshake(StandardSocketFactory.java:191)
	at com.mysql.cj.protocol.a.NativeSocketConnection.performTlsHandshake(NativeSocketConnection.java:101)
	at com.mysql.cj.protocol.a.NativeProtocol.negotiateSSLConnection(NativeProtocol.java:370)
	at com.mysql.cj.protocol.a.NativeAuthenticationProvider.connect(NativeAuthenticationProvider.java:206)
	at com.mysql.cj.protocol.a.NativeProtocol.connect(NativeProtocol.java:1430)
	at com.mysql.cj.NativeSession.connect(NativeSession.java:134)
	at com.mysql.cj.jdbc.ConnectionImpl.connectOneTryOnly(ConnectionImpl.java:945)
	at com.mysql.cj.jdbc.ConnectionImpl.createNewIO(ConnectionImpl.java:815)
	at com.mysql.cj.jdbc.ConnectionImpl.<init>(ConnectionImpl.java:446)
	at com.mysql.cj.jdbc.ConnectionImpl.getInstance(ConnectionImpl.java:239)
	at com.mysql.cj.jdbc.NonRegisteringDriver.connect(NonRegisteringDriver.java:188)
	at java.sql/java.sql.DriverManager.getConnection(DriverManager.java:683)
	at java.sql/java.sql.DriverManager.getConnection(DriverManager.java:230)
	at dao.DBConnection.<init>(DBConnection.java:29)
	at dao.DBConnection.getInstance(DBConnection.java:43)
	at JUnit.TesteAplicacao.testReaberturaConexao(TesteAplicacao.java:59)
	at java.base/jdk.internal.reflect.DirectMethodHandleAccessor.invoke(DirectMethodHandleAccessor.java:103)
	at java.base/java.lang.reflect.Method.invoke(Method.java:580)
	at org.junit.runners.model.FrameworkMethod$1.runReflectiveCall(FrameworkMethod.java:59)
	at org.junit.internal.runners.model.ReflectiveCallable.run(ReflectiveCallable.java:12)
	at org.junit.runners.model.FrameworkMethod.invokeExplosively(FrameworkMethod.java:56)
	at org.junit.internal.runners.statements.InvokeMethod.evaluate(InvokeMethod.java:17)
	at org.junit.runners.ParentRunner$3.evaluate(ParentRunner.java:306)
	at org.junit.runners.BlockJUnit4ClassRunner$1.evaluate(BlockJUnit4ClassRunner.java:100)
	at org.junit.runners.ParentRunner.runLeaf(ParentRunner.java:366)
	at org.junit.runners.BlockJUnit4ClassRunner.runChild(BlockJUnit4ClassRunner.java:103)
	at org.junit.runners.BlockJUnit4ClassRunner.runChild(BlockJUnit4ClassRunner.java:63)
	at org.junit.runners.ParentRunner$4.run(ParentRunner.java:331)
	at org.junit.runners.ParentRunner$1.schedule(ParentRunner.java:79)
	at org.junit.runners.ParentRunner.runChildren(ParentRunner.java:329)
	at org.junit.runners.ParentRunner.access$100(ParentRunner.java:66)
	at org.junit.runners.ParentRunner$2.evaluate(ParentRunner.java:293)
	at org.junit.runners.ParentRunner$3.evaluate(ParentRunner.java:306)
	at org.junit.runners.ParentRunner.run(ParentRunner.java:413)
	at org.apache.maven.surefire.junit4.JUnit4Provider.execute(JUnit4Provider.java:316)
	at org.apache.maven.surefire.junit4.JUnit4Provider.executeWithRerun(JUnit4Provider.java:240)
	at org.apache.maven.surefire.junit4.JUnit4Provider.executeTestSet(JUnit4Provider.java:214)
	at org.apache.maven.surefire.junit4.JUnit4Provider.invoke(JUnit4Provider.java:155)
	at org.apache.maven.surefire.booter.ForkedBooter.runSuitesInProcess(ForkedBooter.java:385)
	at org.apache.maven.surefire.booter.ForkedBooter.execute(ForkedBooter.java:162)
	at org.apache.maven.surefire.booter.ForkedBooter.run(ForkedBooter.java:507)
	at org.apache.maven.surefire.booter.ForkedBooter.main(ForkedBooter.java:495)
Caused by: java.io.IOException: Error while instrumenting sun/security/ec/SunEC$ProviderService.
	at org.jacoco.agent.rt.internal_f3994fa.core.instr.Instrumenter.instrumentError(Instrumenter.java:160)
	at org.jacoco.agent.rt.internal_f3994fa.core.instr.Instrumenter.instrument(Instrumenter.java:110)
	at org.jacoco.agent.rt.internal_f3994fa.CoverageTransformer.transform(CoverageTransformer.java:92)
	... 82 more
Caused by: java.lang.IllegalArgumentException: Unsupported class file major version 65
	at org.jacoco.agent.rt.internal_f3994fa.asm.ClassReader.<init>(ClassReader.java:196)
	at org.jacoco.agent.rt.internal_f3994fa.asm.ClassReader.<init>(ClassReader.java:177)
	at org.jacoco.agent.rt.internal_f3994fa.asm.ClassReader.<init>(ClassReader.java:163)
	at org.jacoco.agent.rt.internal_f3994fa.core.internal.instr.InstrSupport.classReaderFor(InstrSupport.java:280)
	at org.jacoco.agent.rt.internal_f3994fa.core.instr.Instrumenter.instrument(Instrumenter.java:76)
	at org.jacoco.agent.rt.internal_f3994fa.core.instr.Instrumenter.instrument(Instrumenter.java:108)
	... 83 more
java.lang.instrument.IllegalClassFormatException: Error while instrumenting sun/security/ec/SunEC$1.
	at org.jacoco.agent.rt.internal_f3994fa.CoverageTransformer.transform(CoverageTransformer.java:94)
	at java.instrument/java.lang.instrument.ClassFileTransformer.transform(ClassFileTransformer.java:244)
	at java.instrument/sun.instrument.TransformerManager.transform(TransformerManager.java:188)
	at java.instrument/sun.instrument.InstrumentationImpl.transform(InstrumentationImpl.java:610)
	at java.base/java.lang.ClassLoader.defineClass2(Native Method)
	at java.base/java.lang.ClassLoader.defineClass(ClassLoader.java:1118)
	at java.base/java.security.SecureClassLoader.defineClass(SecureClassLoader.java:182)
	at java.base/jdk.internal.loader.BuiltinClassLoader.defineClass(BuiltinClassLoader.java:821)
	at java.base/jdk.internal.loader.BuiltinClassLoader.findClassInModuleOrNull(BuiltinClassLoader.java:741)
	at java.base/jdk.internal.loader.BuiltinClassLoader.loadClassOrNull(BuiltinClassLoader.java:665)
	at java.base/jdk.internal.loader.BuiltinClassLoader.loadClass(BuiltinClassLoader.java:639)
	at java.base/java.lang.ClassLoader.loadClass(ClassLoader.java:526)
	at jdk.crypto.ec/sun.security.ec.SunEC.<init>(SunEC.java:186)
	at java.base/jdk.internal.reflect.DirectConstructorHandleAccessor.newInstance(DirectConstructorHandleAccessor.java:62)
	at java.base/java.lang.reflect.Constructor.newInstanceWithCaller(Constructor.java:502)
	at java.base/java.lang.reflect.Constructor.newInstance(Constructor.java:486)
	at java.base/java.util.ServiceLoader$ProviderImpl.newInstance(ServiceLoader.java:789)
	at java.base/java.util.ServiceLoader$ProviderImpl.get(ServiceLoader.java:729)
	at java.base/java.util.ServiceLoader$3.next(ServiceLoader.java:1403)
	at java.base/sun.security.jca.ProviderConfig$ProviderLoader.load(ProviderConfig.java:346)
	at java.base/sun.security.jca.ProviderConfig$3.run(ProviderConfig.java:253)
	at java.base/sun.security.jca.ProviderConfig$3.run(ProviderConfig.java:247)
	at java.base/java.security.AccessController.doPrivileged(AccessController.java:319)
	at java.base/sun.security.jca.ProviderConfig.doLoadProvider(ProviderConfig.java:247)
	at java.base/sun.security.jca.ProviderConfig.getProvider(ProviderConfig.java:225)
	at java.base/sun.security.jca.ProviderList.getProvider(ProviderList.java:271)
	at java.base/sun.security.jca.ProviderList.getService(ProviderList.java:384)
	at java.base/sun.security.jca.GetInstance.getInstance(GetInstance.java:157)
	at java.base/javax.net.ssl.TrustManagerFactory.getInstance(TrustManagerFactory.java:159)
	at com.mysql.cj.protocol.ExportControlled.getSSLContext(ExportControlled.java:543)
	at com.mysql.cj.protocol.ExportControlled.performTlsHandshake(ExportControlled.java:333)
	at com.mysql.cj.protocol.StandardSocketFactory.performTlsHandshake(StandardSocketFactory.java:191)
	at com.mysql.cj.protocol.a.NativeSocketConnection.performTlsHandshake(NativeSocketConnection.java:101)
	at com.mysql.cj.protocol.a.NativeProtocol.negotiateSSLConnection(NativeProtocol.java:370)
	at com.mysql.cj.protocol.a.NativeAuthenticationProvider.connect(NativeAuthenticationProvider.java:206)
	at com.mysql.cj.protocol.a.NativeProtocol.connect(NativeProtocol.java:1430)
	at com.mysql.cj.NativeSession.connect(NativeSession.java:134)
	at com.mysql.cj.jdbc.ConnectionImpl.connectOneTryOnly(ConnectionImpl.java:945)
	at com.mysql.cj.jdbc.ConnectionImpl.createNewIO(ConnectionImpl.java:815)
	at com.mysql.cj.jdbc.ConnectionImpl.<init>(ConnectionImpl.java:446)
	at com.mysql.cj.jdbc.ConnectionImpl.getInstance(ConnectionImpl.java:239)
	at com.mysql.cj.jdbc.NonRegisteringDriver.connect(NonRegisteringDriver.java:188)
	at java.sql/java.sql.DriverManager.getConnection(DriverManager.java:683)
	at java.sql/java.sql.DriverManager.getConnection(DriverManager.java:230)
	at dao.DBConnection.<init>(DBConnection.java:29)
	at dao.DBConnection.getInstance(DBConnection.java:43)
	at JUnit.TesteAplicacao.testReaberturaConexao(TesteAplicacao.java:59)
	at java.base/jdk.internal.reflect.DirectMethodHandleAccessor.invoke(DirectMethodHandleAccessor.java:103)
	at java.base/java.lang.reflect.Method.invoke(Method.java:580)
	at org.junit.runners.model.FrameworkMethod$1.runReflectiveCall(FrameworkMethod.java:59)
	at org.junit.internal.runners.model.ReflectiveCallable.run(ReflectiveCallable.java:12)
	at org.junit.runners.model.FrameworkMethod.invokeExplosively(FrameworkMethod.java:56)
	at org.junit.internal.runners.statements.InvokeMethod.evaluate(InvokeMethod.java:17)
	at org.junit.runners.ParentRunner$3.evaluate(ParentRunner.java:306)
	at org.junit.runners.BlockJUnit4ClassRunner$1.evaluate(BlockJUnit4ClassRunner.java:100)
	at org.junit.runners.ParentRunner.runLeaf(ParentRunner.java:366)
	at org.junit.runners.BlockJUnit4ClassRunner.runChild(BlockJUnit4ClassRunner.java:103)
	at org.junit.runners.BlockJUnit4ClassRunner.runChild(BlockJUnit4ClassRunner.java:63)
	at org.junit.runners.ParentRunner$4.run(ParentRunner.java:331)
	at org.junit.runners.ParentRunner$1.schedule(ParentRunner.java:79)
	at org.junit.runners.ParentRunner.runChildren(ParentRunner.java:329)
	at org.junit.runners.ParentRunner.access$100(ParentRunner.java:66)
	at org.junit.runners.ParentRunner$2.evaluate(ParentRunner.java:293)
	at org.junit.runners.ParentRunner$3.evaluate(ParentRunner.java:306)
	at org.junit.runners.ParentRunner.run(ParentRunner.java:413)
	at org.apache.maven.surefire.junit4.JUnit4Provider.execute(JUnit4Provider.java:316)
	at org.apache.maven.surefire.junit4.JUnit4Provider.executeWithRerun(JUnit4Provider.java:240)
	at org.apache.maven.surefire.junit4.JUnit4Provider.executeTestSet(JUnit4Provider.java:214)
	at org.apache.maven.surefire.junit4.JUnit4Provider.invoke(JUnit4Provider.java:155)
	at org.apache.maven.surefire.booter.ForkedBooter.runSuitesInProcess(ForkedBooter.java:385)
	at org.apache.maven.surefire.booter.ForkedBooter.execute(ForkedBooter.java:162)
	at org.apache.maven.surefire.booter.ForkedBooter.run(ForkedBooter.java:507)
	at org.apache.maven.surefire.booter.ForkedBooter.main(ForkedBooter.java:495)
Caused by: java.io.IOException: Error while instrumenting sun/security/ec/SunEC$1.
	at org.jacoco.agent.rt.internal_f3994fa.core.instr.Instrumenter.instrumentError(Instrumenter.java:160)
	at org.jacoco.agent.rt.internal_f3994fa.core.instr.Instrumenter.instrument(Instrumenter.java:110)
	at org.jacoco.agent.rt.internal_f3994fa.CoverageTransformer.transform(CoverageTransformer.java:92)
	... 72 more
Caused by: java.lang.IllegalArgumentException: Unsupported class file major version 65
	at org.jacoco.agent.rt.internal_f3994fa.asm.ClassReader.<init>(ClassReader.java:196)
	at org.jacoco.agent.rt.internal_f3994fa.asm.ClassReader.<init>(ClassReader.java:177)
	at org.jacoco.agent.rt.internal_f3994fa.asm.ClassReader.<init>(ClassReader.java:163)
	at org.jacoco.agent.rt.internal_f3994fa.core.internal.instr.InstrSupport.classReaderFor(InstrSupport.java:280)
	at org.jacoco.agent.rt.internal_f3994fa.core.instr.Instrumenter.instrument(Instrumenter.java:76)
	at org.jacoco.agent.rt.internal_f3994fa.core.instr.Instrumenter.instrument(Instrumenter.java:108)
	... 73 more
java.lang.instrument.IllegalClassFormatException: Error while instrumenting sun/security/ec/ECDSASignature$SHA1.
	at org.jacoco.agent.rt.internal_f3994fa.CoverageTransformer.transform(CoverageTransformer.java:94)
	at java.instrument/java.lang.instrument.ClassFileTransformer.transform(ClassFileTransformer.java:244)
	at java.instrument/sun.instrument.TransformerManager.transform(TransformerManager.java:188)
	at java.instrument/sun.instrument.InstrumentationImpl.transform(InstrumentationImpl.java:610)
	at java.base/java.lang.ClassLoader.defineClass2(Native Method)
	at java.base/java.lang.ClassLoader.defineClass(ClassLoader.java:1118)
	at java.base/java.security.SecureClassLoader.defineClass(SecureClassLoader.java:182)
	at java.base/jdk.internal.loader.BuiltinClassLoader.defineClass(BuiltinClassLoader.java:821)
	at java.base/jdk.internal.loader.BuiltinClassLoader.findClassInModuleOrNull(BuiltinClassLoader.java:741)
	at java.base/jdk.internal.loader.BuiltinClassLoader.loadClassOrNull(BuiltinClassLoader.java:665)
	at java.base/jdk.internal.loader.BuiltinClassLoader.loadClass(BuiltinClassLoader.java:639)
	at java.base/java.lang.ClassLoader.loadClass(ClassLoader.java:526)
	at jdk.crypto.ec/sun.security.ec.SunEC$ProviderService.newInstance(SunEC.java:98)
	at java.base/java.security.Signature.isSpi(Signature.java:330)
	at java.base/java.security.Signature.getInstance(Signature.java:275)
	at java.base/sun.security.ssl.JsseJce$EcAvailability.<clinit>(JsseJce.java:168)
	at java.base/sun.security.ssl.JsseJce.isEcAvailable(JsseJce.java:131)
	at java.base/sun.security.ssl.CipherSuite$KeyExchange.isAvailable(CipherSuite.java:1137)
	at java.base/sun.security.ssl.CipherSuite.isAvailable(CipherSuite.java:999)
	at java.base/sun.security.ssl.SSLContextImpl.getApplicableCipherSuites(SSLContextImpl.java:370)
	at java.base/sun.security.ssl.SSLContextImpl.getApplicableSupportedCipherSuites(SSLContextImpl.java:333)
	at java.base/sun.security.ssl.SSLContextImpl$AbstractTLSContext.<clinit>(SSLContextImpl.java:547)
	at java.base/java.lang.Class.forName0(Native Method)
	at java.base/java.lang.Class.forName(Class.java:421)
	at java.base/java.lang.Class.forName(Class.java:412)
	at java.base/java.security.Provider$Service.getImplClass(Provider.java:1989)
	at java.base/java.security.Provider$Service.getDefaultConstructor(Provider.java:2020)
	at java.base/java.security.Provider$Service.newInstanceOf(Provider.java:1934)
	at java.base/java.security.Provider$Service.newInstanceUtil(Provider.java:1942)
	at java.base/java.security.Provider$Service.newInstance(Provider.java:1917)
	at java.base/sun.security.jca.GetInstance.getInstance(GetInstance.java:236)
	at java.base/sun.security.jca.GetInstance.getInstance(GetInstance.java:164)
	at java.base/javax.net.ssl.SSLContext.getInstance(SSLContext.java:185)
	at com.mysql.cj.protocol.ExportControlled.getSSLContext(ExportControlled.java:649)
	at com.mysql.cj.protocol.ExportControlled.performTlsHandshake(ExportControlled.java:333)
	at com.mysql.cj.protocol.StandardSocketFactory.performTlsHandshake(StandardSocketFactory.java:191)
	at com.mysql.cj.protocol.a.NativeSocketConnection.performTlsHandshake(NativeSocketConnection.java:101)
	at com.mysql.cj.protocol.a.NativeProtocol.negotiateSSLConnection(NativeProtocol.java:370)
	at com.mysql.cj.protocol.a.NativeAuthenticationProvider.connect(NativeAuthenticationProvider.java:206)
	at com.mysql.cj.protocol.a.NativeProtocol.connect(NativeProtocol.java:1430)
	at com.mysql.cj.NativeSession.connect(NativeSession.java:134)
	at com.mysql.cj.jdbc.ConnectionImpl.connectOneTryOnly(ConnectionImpl.java:945)
	at com.mysql.cj.jdbc.ConnectionImpl.createNewIO(ConnectionImpl.java:815)
	at com.mysql.cj.jdbc.ConnectionImpl.<init>(ConnectionImpl.java:446)
	at com.mysql.cj.jdbc.ConnectionImpl.getInstance(ConnectionImpl.java:239)
	at com.mysql.cj.jdbc.NonRegisteringDriver.connect(NonRegisteringDriver.java:188)
	at java.sql/java.sql.DriverManager.getConnection(DriverManager.java:683)
	at java.sql/java.sql.DriverManager.getConnection(DriverManager.java:230)
	at dao.DBConnection.<init>(DBConnection.java:29)
	at dao.DBConnection.getInstance(DBConnection.java:43)
	at JUnit.TesteAplicacao.testReaberturaConexao(TesteAplicacao.java:59)
	at java.base/jdk.internal.reflect.DirectMethodHandleAccessor.invoke(DirectMethodHandleAccessor.java:103)
	at java.base/java.lang.reflect.Method.invoke(Method.java:580)
	at org.junit.runners.model.FrameworkMethod$1.runReflectiveCall(FrameworkMethod.java:59)
	at org.junit.internal.runners.model.ReflectiveCallable.run(ReflectiveCallable.java:12)
	at org.junit.runners.model.FrameworkMethod.invokeExplosively(FrameworkMethod.java:56)
	at org.junit.internal.runners.statements.InvokeMethod.evaluate(InvokeMethod.java:17)
	at org.junit.runners.ParentRunner$3.evaluate(ParentRunner.java:306)
	at org.junit.runners.BlockJUnit4ClassRunner$1.evaluate(BlockJUnit4ClassRunner.java:100)
	at org.junit.runners.ParentRunner.runLeaf(ParentRunner.java:366)
	at org.junit.runners.BlockJUnit4ClassRunner.runChild(BlockJUnit4ClassRunner.java:103)
	at org.junit.runners.BlockJUnit4ClassRunner.runChild(BlockJUnit4ClassRunner.java:63)
	at org.junit.runners.ParentRunner$4.run(ParentRunner.java:331)
	at org.junit.runners.ParentRunner$1.schedule(ParentRunner.java:79)
	at org.junit.runners.ParentRunner.runChildren(ParentRunner.java:329)
	at org.junit.runners.ParentRunner.access$100(ParentRunner.java:66)
	at org.junit.runners.ParentRunner$2.evaluate(ParentRunner.java:293)
	at org.junit.runners.ParentRunner$3.evaluate(ParentRunner.java:306)
	at org.junit.runners.ParentRunner.run(ParentRunner.java:413)
	at org.apache.maven.surefire.junit4.JUnit4Provider.execute(JUnit4Provider.java:316)
	at org.apache.maven.surefire.junit4.JUnit4Provider.executeWithRerun(JUnit4Provider.java:240)
	at org.apache.maven.surefire.junit4.JUnit4Provider.executeTestSet(JUnit4Provider.java:214)
	at org.apache.maven.surefire.junit4.JUnit4Provider.invoke(JUnit4Provider.java:155)
	at org.apache.maven.surefire.booter.ForkedBooter.runSuitesInProcess(ForkedBooter.java:385)
	at org.apache.maven.surefire.booter.ForkedBooter.execute(ForkedBooter.java:162)
	at org.apache.maven.surefire.booter.ForkedBooter.run(ForkedBooter.java:507)
	at org.apache.maven.surefire.booter.ForkedBooter.main(ForkedBooter.java:495)
Caused by: java.io.IOException: Error while instrumenting sun/security/ec/ECDSASignature$SHA1.
	at org.jacoco.agent.rt.internal_f3994fa.core.instr.Instrumenter.instrumentError(Instrumenter.java:160)
	at org.jacoco.agent.rt.internal_f3994fa.core.instr.Instrumenter.instrument(Instrumenter.java:110)
	at org.jacoco.agent.rt.internal_f3994fa.CoverageTransformer.transform(CoverageTransformer.java:92)
	... 76 more
Caused by: java.lang.IllegalArgumentException: Unsupported class file major version 65
	at org.jacoco.agent.rt.internal_f3994fa.asm.ClassReader.<init>(ClassReader.java:196)
	at org.jacoco.agent.rt.internal_f3994fa.asm.ClassReader.<init>(ClassReader.java:177)
	at org.jacoco.agent.rt.internal_f3994fa.asm.ClassReader.<init>(ClassReader.java:163)
	at org.jacoco.agent.rt.internal_f3994fa.core.internal.instr.InstrSupport.classReaderFor(InstrSupport.java:280)
	at org.jacoco.agent.rt.internal_f3994fa.core.instr.Instrumenter.instrument(Instrumenter.java:76)
	at org.jacoco.agent.rt.internal_f3994fa.core.instr.Instrumenter.instrument(Instrumenter.java:108)
	... 77 more
java.lang.instrument.IllegalClassFormatException: Error while instrumenting sun/security/ec/ECDSASignature.
	at org.jacoco.agent.rt.internal_f3994fa.CoverageTransformer.transform(CoverageTransformer.java:94)
	at java.instrument/java.lang.instrument.ClassFileTransformer.transform(ClassFileTransformer.java:244)
	at java.instrument/sun.instrument.TransformerManager.transform(TransformerManager.java:188)
	at java.instrument/sun.instrument.InstrumentationImpl.transform(InstrumentationImpl.java:610)
	at java.base/java.lang.ClassLoader.defineClass2(Native Method)
	at java.base/java.lang.ClassLoader.defineClass(ClassLoader.java:1118)
	at java.base/java.security.SecureClassLoader.defineClass(SecureClassLoader.java:182)
	at java.base/jdk.internal.loader.BuiltinClassLoader.defineClass(BuiltinClassLoader.java:821)
	at java.base/jdk.internal.loader.BuiltinClassLoader.findClassInModuleOrNull(BuiltinClassLoader.java:741)
	at java.base/jdk.internal.loader.BuiltinClassLoader.loadClassOrNull(BuiltinClassLoader.java:665)
	at java.base/jdk.internal.loader.BuiltinClassLoader.loadClass(BuiltinClassLoader.java:639)
	at java.base/java.lang.ClassLoader.loadClass(ClassLoader.java:526)
	at java.base/java.lang.ClassLoader.defineClass2(Native Method)
	at java.base/java.lang.ClassLoader.defineClass(ClassLoader.java:1118)
	at java.base/java.security.SecureClassLoader.defineClass(SecureClassLoader.java:182)
	at java.base/jdk.internal.loader.BuiltinClassLoader.defineClass(BuiltinClassLoader.java:821)
	at java.base/jdk.internal.loader.BuiltinClassLoader.findClassInModuleOrNull(BuiltinClassLoader.java:741)
	at java.base/jdk.internal.loader.BuiltinClassLoader.loadClassOrNull(BuiltinClassLoader.java:665)
	at java.base/jdk.internal.loader.BuiltinClassLoader.loadClass(BuiltinClassLoader.java:639)
	at java.base/java.lang.ClassLoader.loadClass(ClassLoader.java:526)
	at jdk.crypto.ec/sun.security.ec.SunEC$ProviderService.newInstance(SunEC.java:98)
	at java.base/java.security.Signature.isSpi(Signature.java:330)
	at java.base/java.security.Signature.getInstance(Signature.java:275)
	at java.base/sun.security.ssl.JsseJce$EcAvailability.<clinit>(JsseJce.java:168)
	at java.base/sun.security.ssl.JsseJce.isEcAvailable(JsseJce.java:131)
	at java.base/sun.security.ssl.CipherSuite$KeyExchange.isAvailable(CipherSuite.java:1137)
	at java.base/sun.security.ssl.CipherSuite.isAvailable(CipherSuite.java:999)
	at java.base/sun.security.ssl.SSLContextImpl.getApplicableCipherSuites(SSLContextImpl.java:370)
	at java.base/sun.security.ssl.SSLContextImpl.getApplicableSupportedCipherSuites(SSLContextImpl.java:333)
	at java.base/sun.security.ssl.SSLContextImpl$AbstractTLSContext.<clinit>(SSLContextImpl.java:547)
	at java.base/java.lang.Class.forName0(Native Method)
	at java.base/java.lang.Class.forName(Class.java:421)
	at java.base/java.lang.Class.forName(Class.java:412)
	at java.base/java.security.Provider$Service.getImplClass(Provider.java:1989)
	at java.base/java.security.Provider$Service.getDefaultConstructor(Provider.java:2020)
	at java.base/java.security.Provider$Service.newInstanceOf(Provider.java:1934)
	at java.base/java.security.Provider$Service.newInstanceUtil(Provider.java:1942)
	at java.base/java.security.Provider$Service.newInstance(Provider.java:1917)
	at java.base/sun.security.jca.GetInstance.getInstance(GetInstance.java:236)
	at java.base/sun.security.jca.GetInstance.getInstance(GetInstance.java:164)
	at java.base/javax.net.ssl.SSLContext.getInstance(SSLContext.java:185)
	at com.mysql.cj.protocol.ExportControlled.getSSLContext(ExportControlled.java:649)
	at com.mysql.cj.protocol.ExportControlled.performTlsHandshake(ExportControlled.java:333)
	at com.mysql.cj.protocol.StandardSocketFactory.performTlsHandshake(StandardSocketFactory.java:191)
	at com.mysql.cj.protocol.a.NativeSocketConnection.performTlsHandshake(NativeSocketConnection.java:101)
	at com.mysql.cj.protocol.a.NativeProtocol.negotiateSSLConnection(NativeProtocol.java:370)
	at com.mysql.cj.protocol.a.NativeAuthenticationProvider.connect(NativeAuthenticationProvider.java:206)
	at com.mysql.cj.protocol.a.NativeProtocol.connect(NativeProtocol.java:1430)
	at com.mysql.cj.NativeSession.connect(NativeSession.java:134)
	at com.mysql.cj.jdbc.ConnectionImpl.connectOneTryOnly(ConnectionImpl.java:945)
	at com.mysql.cj.jdbc.ConnectionImpl.createNewIO(ConnectionImpl.java:815)
	at com.mysql.cj.jdbc.ConnectionImpl.<init>(ConnectionImpl.java:446)
	at com.mysql.cj.jdbc.ConnectionImpl.getInstance(ConnectionImpl.java:239)
	at com.mysql.cj.jdbc.NonRegisteringDriver.connect(NonRegisteringDriver.java:188)
	at java.sql/java.sql.DriverManager.getConnection(DriverManager.java:683)
	at java.sql/java.sql.DriverManager.getConnection(DriverManager.java:230)
	at dao.DBConnection.<init>(DBConnection.java:29)
	at dao.DBConnection.getInstance(DBConnection.java:43)
	at JUnit.TesteAplicacao.testReaberturaConexao(TesteAplicacao.java:59)
	at java.base/jdk.internal.reflect.DirectMethodHandleAccessor.invoke(DirectMethodHandleAccessor.java:103)
	at java.base/java.lang.reflect.Method.invoke(Method.java:580)
	at org.junit.runners.model.FrameworkMethod$1.runReflectiveCall(FrameworkMethod.java:59)
	at org.junit.internal.runners.model.ReflectiveCallable.run(ReflectiveCallable.java:12)
	at org.junit.runners.model.FrameworkMethod.invokeExplosively(FrameworkMethod.java:56)
	at org.junit.internal.runners.statements.InvokeMethod.evaluate(InvokeMethod.java:17)
	at org.junit.runners.ParentRunner$3.evaluate(ParentRunner.java:306)
	at org.junit.runners.BlockJUnit4ClassRunner$1.evaluate(BlockJUnit4ClassRunner.java:100)
	at org.junit.runners.ParentRunner.runLeaf(ParentRunner.java:366)
	at org.junit.runners.BlockJUnit4ClassRunner.runChild(BlockJUnit4ClassRunner.java:103)
	at org.junit.runners.BlockJUnit4ClassRunner.runChild(BlockJUnit4ClassRunner.java:63)
	at org.junit.runners.ParentRunner$4.run(ParentRunner.java:331)
	at org.junit.runners.ParentRunner$1.schedule(ParentRunner.java:79)
	at org.junit.runners.ParentRunner.runChildren(ParentRunner.java:329)
	at org.junit.runners.ParentRunner.access$100(ParentRunner.java:66)
	at org.junit.runners.ParentRunner$2.evaluate(ParentRunner.java:293)
	at org.junit.runners.ParentRunner$3.evaluate(ParentRunner.java:306)
	at org.junit.runners.ParentRunner.run(ParentRunner.java:413)
	at org.apache.maven.surefire.junit4.JUnit4Provider.execute(JUnit4Provider.java:316)
	at org.apache.maven.surefire.junit4.JUnit4Provider.executeWithRerun(JUnit4Provider.java:240)
	at org.apache.maven.surefire.junit4.JUnit4Provider.executeTestSet(JUnit4Provider.java:214)
	at org.apache.maven.surefire.junit4.JUnit4Provider.invoke(JUnit4Provider.java:155)
	at org.apache.maven.surefire.booter.ForkedBooter.runSuitesInProcess(ForkedBooter.java:385)
	at org.apache.maven.surefire.booter.ForkedBooter.execute(ForkedBooter.java:162)
	at org.apache.maven.surefire.booter.ForkedBooter.run(ForkedBooter.java:507)
	at org.apache.maven.surefire.booter.ForkedBooter.main(ForkedBooter.java:495)
Caused by: java.io.IOException: Error while instrumenting sun/security/ec/ECDSASignature.
	at org.jacoco.agent.rt.internal_f3994fa.core.instr.Instrumenter.instrumentError(Instrumenter.java:160)
	at org.jacoco.agent.rt.internal_f3994fa.core.instr.Instrumenter.instrument(Instrumenter.java:110)
	at org.jacoco.agent.rt.internal_f3994fa.CoverageTransformer.transform(CoverageTransformer.java:92)
	... 84 more
Caused by: java.lang.IllegalArgumentException: Unsupported class file major version 65
	at org.jacoco.agent.rt.internal_f3994fa.asm.ClassReader.<init>(ClassReader.java:196)
	at org.jacoco.agent.rt.internal_f3994fa.asm.ClassReader.<init>(ClassReader.java:177)
	at org.jacoco.agent.rt.internal_f3994fa.asm.ClassReader.<init>(ClassReader.java:163)
	at org.jacoco.agent.rt.internal_f3994fa.core.internal.instr.InstrSupport.classReaderFor(InstrSupport.java:280)
	at org.jacoco.agent.rt.internal_f3994fa.core.instr.Instrumenter.instrument(Instrumenter.java:76)
	at org.jacoco.agent.rt.internal_f3994fa.core.instr.Instrumenter.instrument(Instrumenter.java:108)
	... 85 more
java.lang.instrument.IllegalClassFormatException: Error while instrumenting sun/security/ec/ECOperations$IntermediateValueException.
	at org.jacoco.agent.rt.internal_f3994fa.CoverageTransformer.transform(CoverageTransformer.java:94)
	at java.instrument/java.lang.instrument.ClassFileTransformer.transform(ClassFileTransformer.java:244)
	at java.instrument/sun.instrument.TransformerManager.transform(TransformerManager.java:188)
	at java.instrument/sun.instrument.InstrumentationImpl.transform(InstrumentationImpl.java:610)
	at java.base/java.lang.ClassLoader.defineClass2(Native Method)
	at java.base/java.lang.ClassLoader.defineClass(ClassLoader.java:1118)
	at java.base/java.security.SecureClassLoader.defineClass(SecureClassLoader.java:182)
	at java.base/jdk.internal.loader.BuiltinClassLoader.defineClass(BuiltinClassLoader.java:821)
	at java.base/jdk.internal.loader.BuiltinClassLoader.findClassInModuleOrNull(BuiltinClassLoader.java:741)
	at java.base/jdk.internal.loader.BuiltinClassLoader.loadClassOrNull(BuiltinClassLoader.java:665)
	at java.base/jdk.internal.loader.BuiltinClassLoader.loadClass(BuiltinClassLoader.java:639)
	at java.base/java.lang.ClassLoader.loadClass(ClassLoader.java:526)
	at jdk.crypto.ec/sun.security.ec.SunEC$ProviderService.newInstance(SunEC.java:98)
	at java.base/java.security.Signature.isSpi(Signature.java:330)
	at java.base/java.security.Signature.getInstance(Signature.java:275)
	at java.base/sun.security.ssl.JsseJce$EcAvailability.<clinit>(JsseJce.java:168)
	at java.base/sun.security.ssl.JsseJce.isEcAvailable(JsseJce.java:131)
	at java.base/sun.security.ssl.CipherSuite$KeyExchange.isAvailable(CipherSuite.java:1137)
	at java.base/sun.security.ssl.CipherSuite.isAvailable(CipherSuite.java:999)
	at java.base/sun.security.ssl.SSLContextImpl.getApplicableCipherSuites(SSLContextImpl.java:370)
	at java.base/sun.security.ssl.SSLContextImpl.getApplicableSupportedCipherSuites(SSLContextImpl.java:333)
	at java.base/sun.security.ssl.SSLContextImpl$AbstractTLSContext.<clinit>(SSLContextImpl.java:547)
	at java.base/java.lang.Class.forName0(Native Method)
	at java.base/java.lang.Class.forName(Class.java:421)
	at java.base/java.lang.Class.forName(Class.java:412)
	at java.base/java.security.Provider$Service.getImplClass(Provider.java:1989)
	at java.base/java.security.Provider$Service.getDefaultConstructor(Provider.java:2020)
	at java.base/java.security.Provider$Service.newInstanceOf(Provider.java:1934)
	at java.base/java.security.Provider$Service.newInstanceUtil(Provider.java:1942)
	at java.base/java.security.Provider$Service.newInstance(Provider.java:1917)
	at java.base/sun.security.jca.GetInstance.getInstance(GetInstance.java:236)
	at java.base/sun.security.jca.GetInstance.getInstance(GetInstance.java:164)
	at java.base/javax.net.ssl.SSLContext.getInstance(SSLContext.java:185)
	at com.mysql.cj.protocol.ExportControlled.getSSLContext(ExportControlled.java:649)
	at com.mysql.cj.protocol.ExportControlled.performTlsHandshake(ExportControlled.java:333)
	at com.mysql.cj.protocol.StandardSocketFactory.performTlsHandshake(StandardSocketFactory.java:191)
	at com.mysql.cj.protocol.a.NativeSocketConnection.performTlsHandshake(NativeSocketConnection.java:101)
	at com.mysql.cj.protocol.a.NativeProtocol.negotiateSSLConnection(NativeProtocol.java:370)
	at com.mysql.cj.protocol.a.NativeAuthenticationProvider.connect(NativeAuthenticationProvider.java:206)
	at com.mysql.cj.protocol.a.NativeProtocol.connect(NativeProtocol.java:1430)
	at com.mysql.cj.NativeSession.connect(NativeSession.java:134)
	at com.mysql.cj.jdbc.ConnectionImpl.connectOneTryOnly(ConnectionImpl.java:945)
	at com.mysql.cj.jdbc.ConnectionImpl.createNewIO(ConnectionImpl.java:815)
	at com.mysql.cj.jdbc.ConnectionImpl.<init>(ConnectionImpl.java:446)
	at com.mysql.cj.jdbc.ConnectionImpl.getInstance(ConnectionImpl.java:239)
	at com.mysql.cj.jdbc.NonRegisteringDriver.connect(NonRegisteringDriver.java:188)
	at java.sql/java.sql.DriverManager.getConnection(DriverManager.java:683)
	at java.sql/java.sql.DriverManager.getConnection(DriverManager.java:230)
	at dao.DBConnection.<init>(DBConnection.java:29)
	at dao.DBConnection.getInstance(DBConnection.java:43)
	at JUnit.TesteAplicacao.testReaberturaConexao(TesteAplicacao.java:59)
	at java.base/jdk.internal.reflect.DirectMethodHandleAccessor.invoke(DirectMethodHandleAccessor.java:103)
	at java.base/java.lang.reflect.Method.invoke(Method.java:580)
	at org.junit.runners.model.FrameworkMethod$1.runReflectiveCall(FrameworkMethod.java:59)
	at org.junit.internal.runners.model.ReflectiveCallable.run(ReflectiveCallable.java:12)
	at org.junit.runners.model.FrameworkMethod.invokeExplosively(FrameworkMethod.java:56)
	at org.junit.internal.runners.statements.InvokeMethod.evaluate(InvokeMethod.java:17)
	at org.junit.runners.ParentRunner$3.evaluate(ParentRunner.java:306)
	at org.junit.runners.BlockJUnit4ClassRunner$1.evaluate(BlockJUnit4ClassRunner.java:100)
	at org.junit.runners.ParentRunner.runLeaf(ParentRunner.java:366)
	at org.junit.runners.BlockJUnit4ClassRunner.runChild(BlockJUnit4ClassRunner.java:103)
	at org.junit.runners.BlockJUnit4ClassRunner.runChild(BlockJUnit4ClassRunner.java:63)
	at org.junit.runners.ParentRunner$4.run(ParentRunner.java:331)
	at org.junit.runners.ParentRunner$1.schedule(ParentRunner.java:79)
	at org.junit.runners.ParentRunner.runChildren(ParentRunner.java:329)
	at org.junit.runners.ParentRunner.access$100(ParentRunner.java:66)
	at org.junit.runners.ParentRunner$2.evaluate(ParentRunner.java:293)
	at org.junit.runners.ParentRunner$3.evaluate(ParentRunner.java:306)
	at org.junit.runners.ParentRunner.run(ParentRunner.java:413)
	at org.apache.maven.surefire.junit4.JUnit4Provider.execute(JUnit4Provider.java:316)
	at org.apache.maven.surefire.junit4.JUnit4Provider.executeWithRerun(JUnit4Provider.java:240)
	at org.apache.maven.surefire.junit4.JUnit4Provider.executeTestSet(JUnit4Provider.java:214)
	at org.apache.maven.surefire.junit4.JUnit4Provider.invoke(JUnit4Provider.java:155)
	at org.apache.maven.surefire.booter.ForkedBooter.runSuitesInProcess(ForkedBooter.java:385)
	at org.apache.maven.surefire.booter.ForkedBooter.execute(ForkedBooter.java:162)
	at org.apache.maven.surefire.booter.ForkedBooter.run(ForkedBooter.java:507)
	at org.apache.maven.surefire.booter.ForkedBooter.main(ForkedBooter.java:495)
Caused by: java.io.IOException: Error while instrumenting sun/security/ec/ECOperations$IntermediateValueException.
	at org.jacoco.agent.rt.internal_f3994fa.core.instr.Instrumenter.instrumentError(Instrumenter.java:160)
	at org.jacoco.agent.rt.internal_f3994fa.core.instr.Instrumenter.instrument(Instrumenter.java:110)
	at org.jacoco.agent.rt.internal_f3994fa.CoverageTransformer.transform(CoverageTransformer.java:92)
	... 76 more
Caused by: java.lang.IllegalArgumentException: Unsupported class file major version 65
	at org.jacoco.agent.rt.internal_f3994fa.asm.ClassReader.<init>(ClassReader.java:196)
	at org.jacoco.agent.rt.internal_f3994fa.asm.ClassReader.<init>(ClassReader.java:177)
	at org.jacoco.agent.rt.internal_f3994fa.asm.ClassReader.<init>(ClassReader.java:163)
	at org.jacoco.agent.rt.internal_f3994fa.core.internal.instr.InstrSupport.classReaderFor(InstrSupport.java:280)
	at org.jacoco.agent.rt.internal_f3994fa.core.instr.Instrumenter.instrument(Instrumenter.java:76)
	at org.jacoco.agent.rt.internal_f3994fa.core.instr.Instrumenter.instrument(Instrumenter.java:108)
	... 77 more
java.lang.instrument.IllegalClassFormatException: Error while instrumenting sun/security/ec/ECDSASignature$Raw.
	at org.jacoco.agent.rt.internal_f3994fa.CoverageTransformer.transform(CoverageTransformer.java:94)
	at java.instrument/java.lang.instrument.ClassFileTransformer.transform(ClassFileTransformer.java:244)
	at java.instrument/sun.instrument.TransformerManager.transform(TransformerManager.java:188)
	at java.instrument/sun.instrument.InstrumentationImpl.transform(InstrumentationImpl.java:610)
	at java.base/java.lang.ClassLoader.defineClass2(Native Method)
	at java.base/java.lang.ClassLoader.defineClass(ClassLoader.java:1118)
	at java.base/java.security.SecureClassLoader.defineClass(SecureClassLoader.java:182)
	at java.base/jdk.internal.loader.BuiltinClassLoader.defineClass(BuiltinClassLoader.java:821)
	at java.base/jdk.internal.loader.BuiltinClassLoader.findClassInModuleOrNull(BuiltinClassLoader.java:741)
	at java.base/jdk.internal.loader.BuiltinClassLoader.loadClassOrNull(BuiltinClassLoader.java:665)
	at java.base/jdk.internal.loader.BuiltinClassLoader.loadClass(BuiltinClassLoader.java:639)
	at java.base/java.lang.ClassLoader.loadClass(ClassLoader.java:526)
	at jdk.crypto.ec/sun.security.ec.SunEC$ProviderService.newInstance(SunEC.java:113)
	at java.base/java.security.Signature.isSpi(Signature.java:330)
	at java.base/java.security.Signature.getInstance(Signature.java:275)
	at java.base/sun.security.ssl.JsseJce$EcAvailability.<clinit>(JsseJce.java:169)
	at java.base/sun.security.ssl.JsseJce.isEcAvailable(JsseJce.java:131)
	at java.base/sun.security.ssl.CipherSuite$KeyExchange.isAvailable(CipherSuite.java:1137)
	at java.base/sun.security.ssl.CipherSuite.isAvailable(CipherSuite.java:999)
	at java.base/sun.security.ssl.SSLContextImpl.getApplicableCipherSuites(SSLContextImpl.java:370)
	at java.base/sun.security.ssl.SSLContextImpl.getApplicableSupportedCipherSuites(SSLContextImpl.java:333)
	at java.base/sun.security.ssl.SSLContextImpl$AbstractTLSContext.<clinit>(SSLContextImpl.java:547)
	at java.base/java.lang.Class.forName0(Native Method)
	at java.base/java.lang.Class.forName(Class.java:421)
	at java.base/java.lang.Class.forName(Class.java:412)
	at java.base/java.security.Provider$Service.getImplClass(Provider.java:1989)
	at java.base/java.security.Provider$Service.getDefaultConstructor(Provider.java:2020)
	at java.base/java.security.Provider$Service.newInstanceOf(Provider.java:1934)
	at java.base/java.security.Provider$Service.newInstanceUtil(Provider.java:1942)
	at java.base/java.security.Provider$Service.newInstance(Provider.java:1917)
	at java.base/sun.security.jca.GetInstance.getInstance(GetInstance.java:236)
	at java.base/sun.security.jca.GetInstance.getInstance(GetInstance.java:164)
	at java.base/javax.net.ssl.SSLContext.getInstance(SSLContext.java:185)
	at com.mysql.cj.protocol.ExportControlled.getSSLContext(ExportControlled.java:649)
	at com.mysql.cj.protocol.ExportControlled.performTlsHandshake(ExportControlled.java:333)
	at com.mysql.cj.protocol.StandardSocketFactory.performTlsHandshake(StandardSocketFactory.java:191)
	at com.mysql.cj.protocol.a.NativeSocketConnection.performTlsHandshake(NativeSocketConnection.java:101)
	at com.mysql.cj.protocol.a.NativeProtocol.negotiateSSLConnection(NativeProtocol.java:370)
	at com.mysql.cj.protocol.a.NativeAuthenticationProvider.connect(NativeAuthenticationProvider.java:206)
	at com.mysql.cj.protocol.a.NativeProtocol.connect(NativeProtocol.java:1430)
	at com.mysql.cj.NativeSession.connect(NativeSession.java:134)
	at com.mysql.cj.jdbc.ConnectionImpl.connectOneTryOnly(ConnectionImpl.java:945)
	at com.mysql.cj.jdbc.ConnectionImpl.createNewIO(ConnectionImpl.java:815)
	at com.mysql.cj.jdbc.ConnectionImpl.<init>(ConnectionImpl.java:446)
	at com.mysql.cj.jdbc.ConnectionImpl.getInstance(ConnectionImpl.java:239)
	at com.mysql.cj.jdbc.NonRegisteringDriver.connect(NonRegisteringDriver.java:188)
	at java.sql/java.sql.DriverManager.getConnection(DriverManager.java:683)
	at java.sql/java.sql.DriverManager.getConnection(DriverManager.java:230)
	at dao.DBConnection.<init>(DBConnection.java:29)
	at dao.DBConnection.getInstance(DBConnection.java:43)
	at JUnit.TesteAplicacao.testReaberturaConexao(TesteAplicacao.java:59)
	at java.base/jdk.internal.reflect.DirectMethodHandleAccessor.invoke(DirectMethodHandleAccessor.java:103)
	at java.base/java.lang.reflect.Method.invoke(Method.java:580)
	at org.junit.runners.model.FrameworkMethod$1.runReflectiveCall(FrameworkMethod.java:59)
	at org.junit.internal.runners.model.ReflectiveCallable.run(ReflectiveCallable.java:12)
	at org.junit.runners.model.FrameworkMethod.invokeExplosively(FrameworkMethod.java:56)
	at org.junit.internal.runners.statements.InvokeMethod.evaluate(InvokeMethod.java:17)
	at org.junit.runners.ParentRunner$3.evaluate(ParentRunner.java:306)
	at org.junit.runners.BlockJUnit4ClassRunner$1.evaluate(BlockJUnit4ClassRunner.java:100)
	at org.junit.runners.ParentRunner.runLeaf(ParentRunner.java:366)
	at org.junit.runners.BlockJUnit4ClassRunner.runChild(BlockJUnit4ClassRunner.java:103)
	at org.junit.runners.BlockJUnit4ClassRunner.runChild(BlockJUnit4ClassRunner.java:63)
	at org.junit.runners.ParentRunner$4.run(ParentRunner.java:331)
	at org.junit.runners.ParentRunner$1.schedule(ParentRunner.java:79)
	at org.junit.runners.ParentRunner.runChildren(ParentRunner.java:329)
	at org.junit.runners.ParentRunner.access$100(ParentRunner.java:66)
	at org.junit.runners.ParentRunner$2.evaluate(ParentRunner.java:293)
	at org.junit.runners.ParentRunner$3.evaluate(ParentRunner.java:306)
	at org.junit.runners.ParentRunner.run(ParentRunner.java:413)
	at org.apache.maven.surefire.junit4.JUnit4Provider.execute(JUnit4Provider.java:316)
	at org.apache.maven.surefire.junit4.JUnit4Provider.executeWithRerun(JUnit4Provider.java:240)
	at org.apache.maven.surefire.junit4.JUnit4Provider.executeTestSet(JUnit4Provider.java:214)
	at org.apache.maven.surefire.junit4.JUnit4Provider.invoke(JUnit4Provider.java:155)
	at org.apache.maven.surefire.booter.ForkedBooter.runSuitesInProcess(ForkedBooter.java:385)
	at org.apache.maven.surefire.booter.ForkedBooter.execute(ForkedBooter.java:162)
	at org.apache.maven.surefire.booter.ForkedBooter.run(ForkedBooter.java:507)
	at org.apache.maven.surefire.booter.ForkedBooter.main(ForkedBooter.java:495)
Caused by: java.io.IOException: Error while instrumenting sun/security/ec/ECDSASignature$Raw.
	at org.jacoco.agent.rt.internal_f3994fa.core.instr.Instrumenter.instrumentError(Instrumenter.java:160)
	at org.jacoco.agent.rt.internal_f3994fa.core.instr.Instrumenter.instrument(Instrumenter.java:110)
	at org.jacoco.agent.rt.internal_f3994fa.CoverageTransformer.transform(CoverageTransformer.java:92)
	... 76 more
Caused by: java.lang.IllegalArgumentException: Unsupported class file major version 65
	at org.jacoco.agent.rt.internal_f3994fa.asm.ClassReader.<init>(ClassReader.java:196)
	at org.jacoco.agent.rt.internal_f3994fa.asm.ClassReader.<init>(ClassReader.java:177)
	at org.jacoco.agent.rt.internal_f3994fa.asm.ClassReader.<init>(ClassReader.java:163)
	at org.jacoco.agent.rt.internal_f3994fa.core.internal.instr.InstrSupport.classReaderFor(InstrSupport.java:280)
	at org.jacoco.agent.rt.internal_f3994fa.core.instr.Instrumenter.instrument(Instrumenter.java:76)
	at org.jacoco.agent.rt.internal_f3994fa.core.instr.Instrumenter.instrument(Instrumenter.java:108)
	... 77 more
java.lang.instrument.IllegalClassFormatException: Error while instrumenting sun/security/ec/ECDSASignature$RawECDSA.
	at org.jacoco.agent.rt.internal_f3994fa.CoverageTransformer.transform(CoverageTransformer.java:94)
	at java.instrument/java.lang.instrument.ClassFileTransformer.transform(ClassFileTransformer.java:244)
	at java.instrument/sun.instrument.TransformerManager.transform(TransformerManager.java:188)
	at java.instrument/sun.instrument.InstrumentationImpl.transform(InstrumentationImpl.java:610)
	at java.base/java.lang.ClassLoader.defineClass2(Native Method)
	at java.base/java.lang.ClassLoader.defineClass(ClassLoader.java:1118)
	at java.base/java.security.SecureClassLoader.defineClass(SecureClassLoader.java:182)
	at java.base/jdk.internal.loader.BuiltinClassLoader.defineClass(BuiltinClassLoader.java:821)
	at java.base/jdk.internal.loader.BuiltinClassLoader.findClassInModuleOrNull(BuiltinClassLoader.java:741)
	at java.base/jdk.internal.loader.BuiltinClassLoader.loadClassOrNull(BuiltinClassLoader.java:665)
	at java.base/jdk.internal.loader.BuiltinClassLoader.loadClass(BuiltinClassLoader.java:639)
	at java.base/java.lang.ClassLoader.loadClass(ClassLoader.java:526)
	at java.base/java.lang.ClassLoader.defineClass2(Native Method)
	at java.base/java.lang.ClassLoader.defineClass(ClassLoader.java:1118)
	at java.base/java.security.SecureClassLoader.defineClass(SecureClassLoader.java:182)
	at java.base/jdk.internal.loader.BuiltinClassLoader.defineClass(BuiltinClassLoader.java:821)
	at java.base/jdk.internal.loader.BuiltinClassLoader.findClassInModuleOrNull(BuiltinClassLoader.java:741)
	at java.base/jdk.internal.loader.BuiltinClassLoader.loadClassOrNull(BuiltinClassLoader.java:665)
	at java.base/jdk.internal.loader.BuiltinClassLoader.loadClass(BuiltinClassLoader.java:639)
	at java.base/java.lang.ClassLoader.loadClass(ClassLoader.java:526)
	at jdk.crypto.ec/sun.security.ec.SunEC$ProviderService.newInstance(SunEC.java:113)
	at java.base/java.security.Signature.isSpi(Signature.java:330)
	at java.base/java.security.Signature.getInstance(Signature.java:275)
	at java.base/sun.security.ssl.JsseJce$EcAvailability.<clinit>(JsseJce.java:169)
	at java.base/sun.security.ssl.JsseJce.isEcAvailable(JsseJce.java:131)
	at java.base/sun.security.ssl.CipherSuite$KeyExchange.isAvailable(CipherSuite.java:1137)
	at java.base/sun.security.ssl.CipherSuite.isAvailable(CipherSuite.java:999)
	at java.base/sun.security.ssl.SSLContextImpl.getApplicableCipherSuites(SSLContextImpl.java:370)
	at java.base/sun.security.ssl.SSLContextImpl.getApplicableSupportedCipherSuites(SSLContextImpl.java:333)
	at java.base/sun.security.ssl.SSLContextImpl$AbstractTLSContext.<clinit>(SSLContextImpl.java:547)
	at java.base/java.lang.Class.forName0(Native Method)
	at java.base/java.lang.Class.forName(Class.java:421)
	at java.base/java.lang.Class.forName(Class.java:412)
	at java.base/java.security.Provider$Service.getImplClass(Provider.java:1989)
	at java.base/java.security.Provider$Service.getDefaultConstructor(Provider.java:2020)
	at java.base/java.security.Provider$Service.newInstanceOf(Provider.java:1934)
	at java.base/java.security.Provider$Service.newInstanceUtil(Provider.java:1942)
	at java.base/java.security.Provider$Service.newInstance(Provider.java:1917)
	at java.base/sun.security.jca.GetInstance.getInstance(GetInstance.java:236)
	at java.base/sun.security.jca.GetInstance.getInstance(GetInstance.java:164)
	at java.base/javax.net.ssl.SSLContext.getInstance(SSLContext.java:185)
	at com.mysql.cj.protocol.ExportControlled.getSSLContext(ExportControlled.java:649)
	at com.mysql.cj.protocol.ExportControlled.performTlsHandshake(ExportControlled.java:333)
	at com.mysql.cj.protocol.StandardSocketFactory.performTlsHandshake(StandardSocketFactory.java:191)
	at com.mysql.cj.protocol.a.NativeSocketConnection.performTlsHandshake(NativeSocketConnection.java:101)
	at com.mysql.cj.protocol.a.NativeProtocol.negotiateSSLConnection(NativeProtocol.java:370)
	at com.mysql.cj.protocol.a.NativeAuthenticationProvider.connect(NativeAuthenticationProvider.java:206)
	at com.mysql.cj.protocol.a.NativeProtocol.connect(NativeProtocol.java:1430)
	at com.mysql.cj.NativeSession.connect(NativeSession.java:134)
	at com.mysql.cj.jdbc.ConnectionImpl.connectOneTryOnly(ConnectionImpl.java:945)
	at com.mysql.cj.jdbc.ConnectionImpl.createNewIO(ConnectionImpl.java:815)
	at com.mysql.cj.jdbc.ConnectionImpl.<init>(ConnectionImpl.java:446)
	at com.mysql.cj.jdbc.ConnectionImpl.getInstance(ConnectionImpl.java:239)
	at com.mysql.cj.jdbc.NonRegisteringDriver.connect(NonRegisteringDriver.java:188)
	at java.sql/java.sql.DriverManager.getConnection(DriverManager.java:683)
	at java.sql/java.sql.DriverManager.getConnection(DriverManager.java:230)
	at dao.DBConnection.<init>(DBConnection.java:29)
	at dao.DBConnection.getInstance(DBConnection.java:43)
	at JUnit.TesteAplicacao.testReaberturaConexao(TesteAplicacao.java:59)
	at java.base/jdk.internal.reflect.DirectMethodHandleAccessor.invoke(DirectMethodHandleAccessor.java:103)
	at java.base/java.lang.reflect.Method.invoke(Method.java:580)
	at org.junit.runners.model.FrameworkMethod$1.runReflectiveCall(FrameworkMethod.java:59)
	at org.junit.internal.runners.model.ReflectiveCallable.run(ReflectiveCallable.java:12)
	at org.junit.runners.model.FrameworkMethod.invokeExplosively(FrameworkMethod.java:56)
	at org.junit.internal.runners.statements.InvokeMethod.evaluate(InvokeMethod.java:17)
	at org.junit.runners.ParentRunner$3.evaluate(ParentRunner.java:306)
	at org.junit.runners.BlockJUnit4ClassRunner$1.evaluate(BlockJUnit4ClassRunner.java:100)
	at org.junit.runners.ParentRunner.runLeaf(ParentRunner.java:366)
	at org.junit.runners.BlockJUnit4ClassRunner.runChild(BlockJUnit4ClassRunner.java:103)
	at org.junit.runners.BlockJUnit4ClassRunner.runChild(BlockJUnit4ClassRunner.java:63)
	at org.junit.runners.ParentRunner$4.run(ParentRunner.java:331)
	at org.junit.runners.ParentRunner$1.schedule(ParentRunner.java:79)
	at org.junit.runners.ParentRunner.runChildren(ParentRunner.java:329)
	at org.junit.runners.ParentRunner.access$100(ParentRunner.java:66)
	at org.junit.runners.ParentRunner$2.evaluate(ParentRunner.java:293)
	at org.junit.runners.ParentRunner$3.evaluate(ParentRunner.java:306)
	at org.junit.runners.ParentRunner.run(ParentRunner.java:413)
	at org.apache.maven.surefire.junit4.JUnit4Provider.execute(JUnit4Provider.java:316)
	at org.apache.maven.surefire.junit4.JUnit4Provider.executeWithRerun(JUnit4Provider.java:240)
	at org.apache.maven.surefire.junit4.JUnit4Provider.executeTestSet(JUnit4Provider.java:214)
	at org.apache.maven.surefire.junit4.JUnit4Provider.invoke(JUnit4Provider.java:155)
	at org.apache.maven.surefire.booter.ForkedBooter.runSuitesInProcess(ForkedBooter.java:385)
	at org.apache.maven.surefire.booter.ForkedBooter.execute(ForkedBooter.java:162)
	at org.apache.maven.surefire.booter.ForkedBooter.run(ForkedBooter.java:507)
	at org.apache.maven.surefire.booter.ForkedBooter.main(ForkedBooter.java:495)
Caused by: java.io.IOException: Error while instrumenting sun/security/ec/ECDSASignature$RawECDSA.
	at org.jacoco.agent.rt.internal_f3994fa.core.instr.Instrumenter.instrumentError(Instrumenter.java:160)
	at org.jacoco.agent.rt.internal_f3994fa.core.instr.Instrumenter.instrument(Instrumenter.java:110)
	at org.jacoco.agent.rt.internal_f3994fa.CoverageTransformer.transform(CoverageTransformer.java:92)
	... 84 more
Caused by: java.lang.IllegalArgumentException: Unsupported class file major version 65
	at org.jacoco.agent.rt.internal_f3994fa.asm.ClassReader.<init>(ClassReader.java:196)
	at org.jacoco.agent.rt.internal_f3994fa.asm.ClassReader.<init>(ClassReader.java:177)
	at org.jacoco.agent.rt.internal_f3994fa.asm.ClassReader.<init>(ClassReader.java:163)
	at org.jacoco.agent.rt.internal_f3994fa.core.internal.instr.InstrSupport.classReaderFor(InstrSupport.java:280)
	at org.jacoco.agent.rt.internal_f3994fa.core.instr.Instrumenter.instrument(Instrumenter.java:76)
	at org.jacoco.agent.rt.internal_f3994fa.core.instr.Instrumenter.instrument(Instrumenter.java:108)
	... 85 more
java.lang.instrument.IllegalClassFormatException: Error while instrumenting sun/security/ec/ECKeyFactory.
	at org.jacoco.agent.rt.internal_f3994fa.CoverageTransformer.transform(CoverageTransformer.java:94)
	at java.instrument/java.lang.instrument.ClassFileTransformer.transform(ClassFileTransformer.java:244)
	at java.instrument/sun.instrument.TransformerManager.transform(TransformerManager.java:188)
	at java.instrument/sun.instrument.InstrumentationImpl.transform(InstrumentationImpl.java:610)
	at java.base/java.lang.ClassLoader.defineClass2(Native Method)
	at java.base/java.lang.ClassLoader.defineClass(ClassLoader.java:1118)
	at java.base/java.security.SecureClassLoader.defineClass(SecureClassLoader.java:182)
	at java.base/jdk.internal.loader.BuiltinClassLoader.defineClass(BuiltinClassLoader.java:821)
	at java.base/jdk.internal.loader.BuiltinClassLoader.findClassInModuleOrNull(BuiltinClassLoader.java:741)
	at java.base/jdk.internal.loader.BuiltinClassLoader.loadClassOrNull(BuiltinClassLoader.java:665)
	at java.base/jdk.internal.loader.BuiltinClassLoader.loadClass(BuiltinClassLoader.java:639)
	at java.base/java.lang.ClassLoader.loadClass(ClassLoader.java:526)
	at jdk.crypto.ec/sun.security.ec.SunEC$ProviderService.newInstance(SunEC.java:129)
	at java.base/java.security.KeyFactory.nextSpi(KeyFactory.java:315)
	at java.base/java.security.KeyFactory.<init>(KeyFactory.java:137)
	at java.base/java.security.KeyFactory.getInstance(KeyFactory.java:183)
	at java.base/sun.security.ssl.JsseJce$EcAvailability.<clinit>(JsseJce.java:171)
	at java.base/sun.security.ssl.JsseJce.isEcAvailable(JsseJce.java:131)
	at java.base/sun.security.ssl.CipherSuite$KeyExchange.isAvailable(CipherSuite.java:1137)
	at java.base/sun.security.ssl.CipherSuite.isAvailable(CipherSuite.java:999)
	at java.base/sun.security.ssl.SSLContextImpl.getApplicableCipherSuites(SSLContextImpl.java:370)
	at java.base/sun.security.ssl.SSLContextImpl.getApplicableSupportedCipherSuites(SSLContextImpl.java:333)
	at java.base/sun.security.ssl.SSLContextImpl$AbstractTLSContext.<clinit>(SSLContextImpl.java:547)
	at java.base/java.lang.Class.forName0(Native Method)
	at java.base/java.lang.Class.forName(Class.java:421)
	at java.base/java.lang.Class.forName(Class.java:412)
	at java.base/java.security.Provider$Service.getImplClass(Provider.java:1989)
	at java.base/java.security.Provider$Service.getDefaultConstructor(Provider.java:2020)
	at java.base/java.security.Provider$Service.newInstanceOf(Provider.java:1934)
	at java.base/java.security.Provider$Service.newInstanceUtil(Provider.java:1942)
	at java.base/java.security.Provider$Service.newInstance(Provider.java:1917)
	at java.base/sun.security.jca.GetInstance.getInstance(GetInstance.java:236)
	at java.base/sun.security.jca.GetInstance.getInstance(GetInstance.java:164)
	at java.base/javax.net.ssl.SSLContext.getInstance(SSLContext.java:185)
	at com.mysql.cj.protocol.ExportControlled.getSSLContext(ExportControlled.java:649)
	at com.mysql.cj.protocol.ExportControlled.performTlsHandshake(ExportControlled.java:333)
	at com.mysql.cj.protocol.StandardSocketFactory.performTlsHandshake(StandardSocketFactory.java:191)
	at com.mysql.cj.protocol.a.NativeSocketConnection.performTlsHandshake(NativeSocketConnection.java:101)
	at com.mysql.cj.protocol.a.NativeProtocol.negotiateSSLConnection(NativeProtocol.java:370)
	at com.mysql.cj.protocol.a.NativeAuthenticationProvider.connect(NativeAuthenticationProvider.java:206)
	at com.mysql.cj.protocol.a.NativeProtocol.connect(NativeProtocol.java:1430)
	at com.mysql.cj.NativeSession.connect(NativeSession.java:134)
	at com.mysql.cj.jdbc.ConnectionImpl.connectOneTryOnly(ConnectionImpl.java:945)
	at com.mysql.cj.jdbc.ConnectionImpl.createNewIO(ConnectionImpl.java:815)
	at com.mysql.cj.jdbc.ConnectionImpl.<init>(ConnectionImpl.java:446)
	at com.mysql.cj.jdbc.ConnectionImpl.getInstance(ConnectionImpl.java:239)
	at com.mysql.cj.jdbc.NonRegisteringDriver.connect(NonRegisteringDriver.java:188)
	at java.sql/java.sql.DriverManager.getConnection(DriverManager.java:683)
	at java.sql/java.sql.DriverManager.getConnection(DriverManager.java:230)
	at dao.DBConnection.<init>(DBConnection.java:29)
	at dao.DBConnection.getInstance(DBConnection.java:43)
	at JUnit.TesteAplicacao.testReaberturaConexao(TesteAplicacao.java:59)
	at java.base/jdk.internal.reflect.DirectMethodHandleAccessor.invoke(DirectMethodHandleAccessor.java:103)
	at java.base/java.lang.reflect.Method.invoke(Method.java:580)
	at org.junit.runners.model.FrameworkMethod$1.runReflectiveCall(FrameworkMethod.java:59)
	at org.junit.internal.runners.model.ReflectiveCallable.run(ReflectiveCallable.java:12)
	at org.junit.runners.model.FrameworkMethod.invokeExplosively(FrameworkMethod.java:56)
	at org.junit.internal.runners.statements.InvokeMethod.evaluate(InvokeMethod.java:17)
	at org.junit.runners.ParentRunner$3.evaluate(ParentRunner.java:306)
	at org.junit.runners.BlockJUnit4ClassRunner$1.evaluate(BlockJUnit4ClassRunner.java:100)
	at org.junit.runners.ParentRunner.runLeaf(ParentRunner.java:366)
	at org.junit.runners.BlockJUnit4ClassRunner.runChild(BlockJUnit4ClassRunner.java:103)
	at org.junit.runners.BlockJUnit4ClassRunner.runChild(BlockJUnit4ClassRunner.java:63)
	at org.junit.runners.ParentRunner$4.run(ParentRunner.java:331)
	at org.junit.runners.ParentRunner$1.schedule(ParentRunner.java:79)
	at org.junit.runners.ParentRunner.runChildren(ParentRunner.java:329)
	at org.junit.runners.ParentRunner.access$100(ParentRunner.java:66)
	at org.junit.runners.ParentRunner$2.evaluate(ParentRunner.java:293)
	at org.junit.runners.ParentRunner$3.evaluate(ParentRunner.java:306)
	at org.junit.runners.ParentRunner.run(ParentRunner.java:413)
	at org.apache.maven.surefire.junit4.JUnit4Provider.execute(JUnit4Provider.java:316)
	at org.apache.maven.surefire.junit4.JUnit4Provider.executeWithRerun(JUnit4Provider.java:240)
	at org.apache.maven.surefire.junit4.JUnit4Provider.executeTestSet(JUnit4Provider.java:214)
	at org.apache.maven.surefire.junit4.JUnit4Provider.invoke(JUnit4Provider.java:155)
	at org.apache.maven.surefire.booter.ForkedBooter.runSuitesInProcess(ForkedBooter.java:385)
	at org.apache.maven.surefire.booter.ForkedBooter.execute(ForkedBooter.java:162)
	at org.apache.maven.surefire.booter.ForkedBooter.run(ForkedBooter.java:507)
	at org.apache.maven.surefire.booter.ForkedBooter.main(ForkedBooter.java:495)
Caused by: java.io.IOException: Error while instrumenting sun/security/ec/ECKeyFactory.
	at org.jacoco.agent.rt.internal_f3994fa.core.instr.Instrumenter.instrumentError(Instrumenter.java:160)
	at org.jacoco.agent.rt.internal_f3994fa.core.instr.Instrumenter.instrument(Instrumenter.java:110)
	at org.jacoco.agent.rt.internal_f3994fa.CoverageTransformer.transform(CoverageTransformer.java:92)
	... 77 more
Caused by: java.lang.IllegalArgumentException: Unsupported class file major version 65
	at org.jacoco.agent.rt.internal_f3994fa.asm.ClassReader.<init>(ClassReader.java:196)
	at org.jacoco.agent.rt.internal_f3994fa.asm.ClassReader.<init>(ClassReader.java:177)
	at org.jacoco.agent.rt.internal_f3994fa.asm.ClassReader.<init>(ClassReader.java:163)
	at org.jacoco.agent.rt.internal_f3994fa.core.internal.instr.InstrSupport.classReaderFor(InstrSupport.java:280)
	at org.jacoco.agent.rt.internal_f3994fa.core.instr.Instrumenter.instrument(Instrumenter.java:76)
	at org.jacoco.agent.rt.internal_f3994fa.core.instr.Instrumenter.instrument(Instrumenter.java:108)
	... 78 more
java.lang.instrument.IllegalClassFormatException: Error while instrumenting sun/security/ec/ECKeyPairGenerator.
	at org.jacoco.agent.rt.internal_f3994fa.CoverageTransformer.transform(CoverageTransformer.java:94)
	at java.instrument/java.lang.instrument.ClassFileTransformer.transform(ClassFileTransformer.java:244)
	at java.instrument/sun.instrument.TransformerManager.transform(TransformerManager.java:188)
	at java.instrument/sun.instrument.InstrumentationImpl.transform(InstrumentationImpl.java:610)
	at java.base/java.lang.ClassLoader.defineClass2(Native Method)
	at java.base/java.lang.ClassLoader.defineClass(ClassLoader.java:1118)
	at java.base/java.security.SecureClassLoader.defineClass(SecureClassLoader.java:182)
	at java.base/jdk.internal.loader.BuiltinClassLoader.defineClass(BuiltinClassLoader.java:821)
	at java.base/jdk.internal.loader.BuiltinClassLoader.findClassInModuleOrNull(BuiltinClassLoader.java:741)
	at java.base/jdk.internal.loader.BuiltinClassLoader.loadClassOrNull(BuiltinClassLoader.java:665)
	at java.base/jdk.internal.loader.BuiltinClassLoader.loadClass(BuiltinClassLoader.java:639)
	at java.base/java.lang.ClassLoader.loadClass(ClassLoader.java:526)
	at jdk.crypto.ec/sun.security.ec.SunEC$ProviderService.newInstance(SunEC.java:149)
	at java.base/sun.security.jca.GetInstance.getInstance(GetInstance.java:236)
	at java.base/java.security.KeyPairGenerator.getInstance(KeyPairGenerator.java:246)
	at java.base/sun.security.ssl.JsseJce$EcAvailability.<clinit>(JsseJce.java:172)
	at java.base/sun.security.ssl.JsseJce.isEcAvailable(JsseJce.java:131)
	at java.base/sun.security.ssl.CipherSuite$KeyExchange.isAvailable(CipherSuite.java:1137)
	at java.base/sun.security.ssl.CipherSuite.isAvailable(CipherSuite.java:999)
	at java.base/sun.security.ssl.SSLContextImpl.getApplicableCipherSuites(SSLContextImpl.java:370)
	at java.base/sun.security.ssl.SSLContextImpl.getApplicableSupportedCipherSuites(SSLContextImpl.java:333)
	at java.base/sun.security.ssl.SSLContextImpl$AbstractTLSContext.<clinit>(SSLContextImpl.java:547)
	at java.base/java.lang.Class.forName0(Native Method)
	at java.base/java.lang.Class.forName(Class.java:421)
	at java.base/java.lang.Class.forName(Class.java:412)
	at java.base/java.security.Provider$Service.getImplClass(Provider.java:1989)
	at java.base/java.security.Provider$Service.getDefaultConstructor(Provider.java:2020)
	at java.base/java.security.Provider$Service.newInstanceOf(Provider.java:1934)
	at java.base/java.security.Provider$Service.newInstanceUtil(Provider.java:1942)
	at java.base/java.security.Provider$Service.newInstance(Provider.java:1917)
	at java.base/sun.security.jca.GetInstance.getInstance(GetInstance.java:236)
	at java.base/sun.security.jca.GetInstance.getInstance(GetInstance.java:164)
	at java.base/javax.net.ssl.SSLContext.getInstance(SSLContext.java:185)
	at com.mysql.cj.protocol.ExportControlled.getSSLContext(ExportControlled.java:649)
	at com.mysql.cj.protocol.ExportControlled.performTlsHandshake(ExportControlled.java:333)
	at com.mysql.cj.protocol.StandardSocketFactory.performTlsHandshake(StandardSocketFactory.java:191)
	at com.mysql.cj.protocol.a.NativeSocketConnection.performTlsHandshake(NativeSocketConnection.java:101)
	at com.mysql.cj.protocol.a.NativeProtocol.negotiateSSLConnection(NativeProtocol.java:370)
	at com.mysql.cj.protocol.a.NativeAuthenticationProvider.connect(NativeAuthenticationProvider.java:206)
	at com.mysql.cj.protocol.a.NativeProtocol.connect(NativeProtocol.java:1430)
	at com.mysql.cj.NativeSession.connect(NativeSession.java:134)
	at com.mysql.cj.jdbc.ConnectionImpl.connectOneTryOnly(ConnectionImpl.java:945)
	at com.mysql.cj.jdbc.ConnectionImpl.createNewIO(ConnectionImpl.java:815)
	at com.mysql.cj.jdbc.ConnectionImpl.<init>(ConnectionImpl.java:446)
	at com.mysql.cj.jdbc.ConnectionImpl.getInstance(ConnectionImpl.java:239)
	at com.mysql.cj.jdbc.NonRegisteringDriver.connect(NonRegisteringDriver.java:188)
	at java.sql/java.sql.DriverManager.getConnection(DriverManager.java:683)
	at java.sql/java.sql.DriverManager.getConnection(DriverManager.java:230)
	at dao.DBConnection.<init>(DBConnection.java:29)
	at dao.DBConnection.getInstance(DBConnection.java:43)
	at JUnit.TesteAplicacao.testReaberturaConexao(TesteAplicacao.java:59)
	at java.base/jdk.internal.reflect.DirectMethodHandleAccessor.invoke(DirectMethodHandleAccessor.java:103)
	at java.base/java.lang.reflect.Method.invoke(Method.java:580)
	at org.junit.runners.model.FrameworkMethod$1.runReflectiveCall(FrameworkMethod.java:59)
	at org.junit.internal.runners.model.ReflectiveCallable.run(ReflectiveCallable.java:12)
	at org.junit.runners.model.FrameworkMethod.invokeExplosively(FrameworkMethod.java:56)
	at org.junit.internal.runners.statements.InvokeMethod.evaluate(InvokeMethod.java:17)
	at org.junit.runners.ParentRunner$3.evaluate(ParentRunner.java:306)
	at org.junit.runners.BlockJUnit4ClassRunner$1.evaluate(BlockJUnit4ClassRunner.java:100)
	at org.junit.runners.ParentRunner.runLeaf(ParentRunner.java:366)
	at org.junit.runners.BlockJUnit4ClassRunner.runChild(BlockJUnit4ClassRunner.java:103)
	at org.junit.runners.BlockJUnit4ClassRunner.runChild(BlockJUnit4ClassRunner.java:63)
	at org.junit.runners.ParentRunner$4.run(ParentRunner.java:331)
	at org.junit.runners.ParentRunner$1.schedule(ParentRunner.java:79)
	at org.junit.runners.ParentRunner.runChildren(ParentRunner.java:329)
	at org.junit.runners.ParentRunner.access$100(ParentRunner.java:66)
	at org.junit.runners.ParentRunner$2.evaluate(ParentRunner.java:293)
	at org.junit.runners.ParentRunner$3.evaluate(ParentRunner.java:306)
	at org.junit.runners.ParentRunner.run(ParentRunner.java:413)
	at org.apache.maven.surefire.junit4.JUnit4Provider.execute(JUnit4Provider.java:316)
	at org.apache.maven.surefire.junit4.JUnit4Provider.executeWithRerun(JUnit4Provider.java:240)
	at org.apache.maven.surefire.junit4.JUnit4Provider.executeTestSet(JUnit4Provider.java:214)
	at org.apache.maven.surefire.junit4.JUnit4Provider.invoke(JUnit4Provider.java:155)
	at org.apache.maven.surefire.booter.ForkedBooter.runSuitesInProcess(ForkedBooter.java:385)
	at org.apache.maven.surefire.booter.ForkedBooter.execute(ForkedBooter.java:162)
	at org.apache.maven.surefire.booter.ForkedBooter.run(ForkedBooter.java:507)
	at org.apache.maven.surefire.booter.ForkedBooter.main(ForkedBooter.java:495)
Caused by: java.io.IOException: Error while instrumenting sun/security/ec/ECKeyPairGenerator.
	at org.jacoco.agent.rt.internal_f3994fa.core.instr.Instrumenter.instrumentError(Instrumenter.java:160)
	at org.jacoco.agent.rt.internal_f3994fa.core.instr.Instrumenter.instrument(Instrumenter.java:110)
	at org.jacoco.agent.rt.internal_f3994fa.CoverageTransformer.transform(CoverageTransformer.java:92)
	... 76 more
Caused by: java.lang.IllegalArgumentException: Unsupported class file major version 65
	at org.jacoco.agent.rt.internal_f3994fa.asm.ClassReader.<init>(ClassReader.java:196)
	at org.jacoco.agent.rt.internal_f3994fa.asm.ClassReader.<init>(ClassReader.java:177)
	at org.jacoco.agent.rt.internal_f3994fa.asm.ClassReader.<init>(ClassReader.java:163)
	at org.jacoco.agent.rt.internal_f3994fa.core.internal.instr.InstrSupport.classReaderFor(InstrSupport.java:280)
	at org.jacoco.agent.rt.internal_f3994fa.core.instr.Instrumenter.instrument(Instrumenter.java:76)
	at org.jacoco.agent.rt.internal_f3994fa.core.instr.Instrumenter.instrument(Instrumenter.java:108)
	... 77 more
java.lang.instrument.IllegalClassFormatException: Error while instrumenting sun/security/jgss/SunProvider.
	at org.jacoco.agent.rt.internal_f3994fa.CoverageTransformer.transform(CoverageTransformer.java:94)
	at java.instrument/java.lang.instrument.ClassFileTransformer.transform(ClassFileTransformer.java:244)
	at java.instrument/sun.instrument.TransformerManager.transform(TransformerManager.java:188)
	at java.instrument/sun.instrument.InstrumentationImpl.transform(InstrumentationImpl.java:610)
	at java.base/java.lang.ClassLoader.defineClass2(Native Method)
	at java.base/java.lang.ClassLoader.defineClass(ClassLoader.java:1118)
	at java.base/java.security.SecureClassLoader.defineClass(SecureClassLoader.java:182)
	at java.base/jdk.internal.loader.BuiltinClassLoader.defineClass(BuiltinClassLoader.java:821)
	at java.base/jdk.internal.loader.BuiltinClassLoader.findClassInModuleOrNull(BuiltinClassLoader.java:741)
	at java.base/jdk.internal.loader.BuiltinClassLoader.findClass(BuiltinClassLoader.java:621)
	at java.base/java.lang.ClassLoader.loadClass(ClassLoader.java:638)
	at java.base/java.lang.Class.forName(Class.java:625)
	at java.base/java.lang.Class.forName(Class.java:600)
	at java.base/java.util.ServiceLoader.loadProvider(ServiceLoader.java:859)
	at java.base/java.util.ServiceLoader$ModuleServicesLookupIterator.hasNext(ServiceLoader.java:1084)
	at java.base/java.util.ServiceLoader$2.hasNext(ServiceLoader.java:1309)
	at java.base/java.util.ServiceLoader$3.hasNext(ServiceLoader.java:1393)
	at java.base/sun.security.jca.ProviderConfig$ProviderLoader.load(ProviderConfig.java:344)
	at java.base/sun.security.jca.ProviderConfig$3.run(ProviderConfig.java:253)
	at java.base/sun.security.jca.ProviderConfig$3.run(ProviderConfig.java:247)
	at java.base/java.security.AccessController.doPrivileged(AccessController.java:319)
	at java.base/sun.security.jca.ProviderConfig.doLoadProvider(ProviderConfig.java:247)
	at java.base/sun.security.jca.ProviderConfig.getProvider(ProviderConfig.java:225)
	at java.base/sun.security.jca.ProviderList.getProvider(ProviderList.java:271)
	at java.base/sun.security.jca.ProviderList.getService(ProviderList.java:384)
	at java.base/sun.security.jca.GetInstance.getInstance(GetInstance.java:157)
	at java.base/java.security.Security.getImpl(Security.java:655)
	at java.base/java.security.AlgorithmParameters.getInstance(AlgorithmParameters.java:157)
	at java.base/sun.security.ssl.NamedGroup.<init>(NamedGroup.java:271)
	at java.base/sun.security.ssl.NamedGroup.<clinit>(NamedGroup.java:186)
	at java.base/sun.security.ssl.NamedGroup$SupportedGroups.<clinit>(NamedGroup.java:787)
	at java.base/sun.security.ssl.SSLConfiguration.<init>(SSLConfiguration.java:159)
	at java.base/sun.security.ssl.TransportContext.<init>(TransportContext.java:121)
	at java.base/sun.security.ssl.SSLSocketImpl.<init>(SSLSocketImpl.java:283)
	at java.base/sun.security.ssl.SSLSocketFactoryImpl.createSocket(SSLSocketFactoryImpl.java:108)
	at com.mysql.cj.protocol.ExportControlled.performTlsHandshake(ExportControlled.java:337)
	at com.mysql.cj.protocol.StandardSocketFactory.performTlsHandshake(StandardSocketFactory.java:191)
	at com.mysql.cj.protocol.a.NativeSocketConnection.performTlsHandshake(NativeSocketConnection.java:101)
	at com.mysql.cj.protocol.a.NativeProtocol.negotiateSSLConnection(NativeProtocol.java:370)
	at com.mysql.cj.protocol.a.NativeAuthenticationProvider.connect(NativeAuthenticationProvider.java:206)
	at com.mysql.cj.protocol.a.NativeProtocol.connect(NativeProtocol.java:1430)
	at com.mysql.cj.NativeSession.connect(NativeSession.java:134)
	at com.mysql.cj.jdbc.ConnectionImpl.connectOneTryOnly(ConnectionImpl.java:945)
	at com.mysql.cj.jdbc.ConnectionImpl.createNewIO(ConnectionImpl.java:815)
	at com.mysql.cj.jdbc.ConnectionImpl.<init>(ConnectionImpl.java:446)
	at com.mysql.cj.jdbc.ConnectionImpl.getInstance(ConnectionImpl.java:239)
	at com.mysql.cj.jdbc.NonRegisteringDriver.connect(NonRegisteringDriver.java:188)
	at java.sql/java.sql.DriverManager.getConnection(DriverManager.java:683)
	at java.sql/java.sql.DriverManager.getConnection(DriverManager.java:230)
	at dao.DBConnection.<init>(DBConnection.java:29)
	at dao.DBConnection.getInstance(DBConnection.java:43)
	at JUnit.TesteAplicacao.testReaberturaConexao(TesteAplicacao.java:59)
	at java.base/jdk.internal.reflect.DirectMethodHandleAccessor.invoke(DirectMethodHandleAccessor.java:103)
	at java.base/java.lang.reflect.Method.invoke(Method.java:580)
	at org.junit.runners.model.FrameworkMethod$1.runReflectiveCall(FrameworkMethod.java:59)
	at org.junit.internal.runners.model.ReflectiveCallable.run(ReflectiveCallable.java:12)
	at org.junit.runners.model.FrameworkMethod.invokeExplosively(FrameworkMethod.java:56)
	at org.junit.internal.runners.statements.InvokeMethod.evaluate(InvokeMethod.java:17)
	at org.junit.runners.ParentRunner$3.evaluate(ParentRunner.java:306)
	at org.junit.runners.BlockJUnit4ClassRunner$1.evaluate(BlockJUnit4ClassRunner.java:100)
	at org.junit.runners.ParentRunner.runLeaf(ParentRunner.java:366)
	at org.junit.runners.BlockJUnit4ClassRunner.runChild(BlockJUnit4ClassRunner.java:103)
	at org.junit.runners.BlockJUnit4ClassRunner.runChild(BlockJUnit4ClassRunner.java:63)
	at org.junit.runners.ParentRunner$4.run(ParentRunner.java:331)
	at org.junit.runners.ParentRunner$1.schedule(ParentRunner.java:79)
	at org.junit.runners.ParentRunner.runChildren(ParentRunner.java:329)
	at org.junit.runners.ParentRunner.access$100(ParentRunner.java:66)
	at org.junit.runners.ParentRunner$2.evaluate(ParentRunner.java:293)
	at org.junit.runners.ParentRunner$3.evaluate(ParentRunner.java:306)
	at org.junit.runners.ParentRunner.run(ParentRunner.java:413)
	at org.apache.maven.surefire.junit4.JUnit4Provider.execute(JUnit4Provider.java:316)
	at org.apache.maven.surefire.junit4.JUnit4Provider.executeWithRerun(JUnit4Provider.java:240)
	at org.apache.maven.surefire.junit4.JUnit4Provider.executeTestSet(JUnit4Provider.java:214)
	at org.apache.maven.surefire.junit4.JUnit4Provider.invoke(JUnit4Provider.java:155)
	at org.apache.maven.surefire.booter.ForkedBooter.runSuitesInProcess(ForkedBooter.java:385)
	at org.apache.maven.surefire.booter.ForkedBooter.execute(ForkedBooter.java:162)
	at org.apache.maven.surefire.booter.ForkedBooter.run(ForkedBooter.java:507)
	at org.apache.maven.surefire.booter.ForkedBooter.main(ForkedBooter.java:495)
Caused by: java.io.IOException: Error while instrumenting sun/security/jgss/SunProvider.
	at org.jacoco.agent.rt.internal_f3994fa.core.instr.Instrumenter.instrumentError(Instrumenter.java:160)
	at org.jacoco.agent.rt.internal_f3994fa.core.instr.Instrumenter.instrument(Instrumenter.java:110)
	at org.jacoco.agent.rt.internal_f3994fa.CoverageTransformer.transform(CoverageTransformer.java:92)
	... 77 more
Caused by: java.lang.IllegalArgumentException: Unsupported class file major version 65
	at org.jacoco.agent.rt.internal_f3994fa.asm.ClassReader.<init>(ClassReader.java:196)
	at org.jacoco.agent.rt.internal_f3994fa.asm.ClassReader.<init>(ClassReader.java:177)
	at org.jacoco.agent.rt.internal_f3994fa.asm.ClassReader.<init>(ClassReader.java:163)
	at org.jacoco.agent.rt.internal_f3994fa.core.internal.instr.InstrSupport.classReaderFor(InstrSupport.java:280)
	at org.jacoco.agent.rt.internal_f3994fa.core.instr.Instrumenter.instrument(Instrumenter.java:76)
	at org.jacoco.agent.rt.internal_f3994fa.core.instr.Instrumenter.instrument(Instrumenter.java:108)
	... 78 more
java.lang.instrument.IllegalClassFormatException: Error while instrumenting sun/security/jgss/SunProvider$ProviderService.
	at org.jacoco.agent.rt.internal_f3994fa.CoverageTransformer.transform(CoverageTransformer.java:94)
	at java.instrument/java.lang.instrument.ClassFileTransformer.transform(ClassFileTransformer.java:244)
	at java.instrument/sun.instrument.TransformerManager.transform(TransformerManager.java:188)
	at java.instrument/sun.instrument.InstrumentationImpl.transform(InstrumentationImpl.java:610)
	at java.base/java.lang.ClassLoader.defineClass2(Native Method)
	at java.base/java.lang.ClassLoader.defineClass(ClassLoader.java:1118)
	at java.base/java.security.SecureClassLoader.defineClass(SecureClassLoader.java:182)
	at java.base/jdk.internal.loader.BuiltinClassLoader.defineClass(BuiltinClassLoader.java:821)
	at java.base/jdk.internal.loader.BuiltinClassLoader.findClassInModuleOrNull(BuiltinClassLoader.java:741)
	at java.base/jdk.internal.loader.BuiltinClassLoader.loadClassOrNull(BuiltinClassLoader.java:665)
	at java.base/jdk.internal.loader.BuiltinClassLoader.loadClass(BuiltinClassLoader.java:639)
	at java.base/java.lang.ClassLoader.loadClass(ClassLoader.java:526)
	at java.base/java.lang.Class.getDeclaredMethods0(Native Method)
	at java.base/java.lang.Class.privateGetDeclaredMethods(Class.java:3578)
	at java.base/java.lang.Class.getDeclaredPublicMethods(Class.java:2864)
	at java.base/java.lang.System$2.getDeclaredPublicMethods(System.java:2342)
	at java.base/java.util.ServiceLoader.findStaticProviderMethod(ServiceLoader.java:621)
	at java.base/java.util.ServiceLoader.loadProvider(ServiceLoader.java:885)
	at java.base/java.util.ServiceLoader$ModuleServicesLookupIterator.hasNext(ServiceLoader.java:1084)
	at java.base/java.util.ServiceLoader$2.hasNext(ServiceLoader.java:1309)
	at java.base/java.util.ServiceLoader$3.hasNext(ServiceLoader.java:1393)
	at java.base/sun.security.jca.ProviderConfig$ProviderLoader.load(ProviderConfig.java:344)
	at java.base/sun.security.jca.ProviderConfig$3.run(ProviderConfig.java:253)
	at java.base/sun.security.jca.ProviderConfig$3.run(ProviderConfig.java:247)
	at java.base/java.security.AccessController.doPrivileged(AccessController.java:319)
	at java.base/sun.security.jca.ProviderConfig.doLoadProvider(ProviderConfig.java:247)
	at java.base/sun.security.jca.ProviderConfig.getProvider(ProviderConfig.java:225)
	at java.base/sun.security.jca.ProviderList.getProvider(ProviderList.java:271)
	at java.base/sun.security.jca.ProviderList.getService(ProviderList.java:384)
	at java.base/sun.security.jca.GetInstance.getInstance(GetInstance.java:157)
	at java.base/java.security.Security.getImpl(Security.java:655)
	at java.base/java.security.AlgorithmParameters.getInstance(AlgorithmParameters.java:157)
	at java.base/sun.security.ssl.NamedGroup.<init>(NamedGroup.java:271)
	at java.base/sun.security.ssl.NamedGroup.<clinit>(NamedGroup.java:186)
	at java.base/sun.security.ssl.NamedGroup$SupportedGroups.<clinit>(NamedGroup.java:787)
	at java.base/sun.security.ssl.SSLConfiguration.<init>(SSLConfiguration.java:159)
	at java.base/sun.security.ssl.TransportContext.<init>(TransportContext.java:121)
	at java.base/sun.security.ssl.SSLSocketImpl.<init>(SSLSocketImpl.java:283)
	at java.base/sun.security.ssl.SSLSocketFactoryImpl.createSocket(SSLSocketFactoryImpl.java:108)
	at com.mysql.cj.protocol.ExportControlled.performTlsHandshake(ExportControlled.java:337)
	at com.mysql.cj.protocol.StandardSocketFactory.performTlsHandshake(StandardSocketFactory.java:191)
	at com.mysql.cj.protocol.a.NativeSocketConnection.performTlsHandshake(NativeSocketConnection.java:101)
	at com.mysql.cj.protocol.a.NativeProtocol.negotiateSSLConnection(NativeProtocol.java:370)
	at com.mysql.cj.protocol.a.NativeAuthenticationProvider.connect(NativeAuthenticationProvider.java:206)
	at com.mysql.cj.protocol.a.NativeProtocol.connect(NativeProtocol.java:1430)
	at com.mysql.cj.NativeSession.connect(NativeSession.java:134)
	at com.mysql.cj.jdbc.ConnectionImpl.connectOneTryOnly(ConnectionImpl.java:945)
	at com.mysql.cj.jdbc.ConnectionImpl.createNewIO(ConnectionImpl.java:815)
	at com.mysql.cj.jdbc.ConnectionImpl.<init>(ConnectionImpl.java:446)
	at com.mysql.cj.jdbc.ConnectionImpl.getInstance(ConnectionImpl.java:239)
	at com.mysql.cj.jdbc.NonRegisteringDriver.connect(NonRegisteringDriver.java:188)
	at java.sql/java.sql.DriverManager.getConnection(DriverManager.java:683)
	at java.sql/java.sql.DriverManager.getConnection(DriverManager.java:230)
	at dao.DBConnection.<init>(DBConnection.java:29)
	at dao.DBConnection.getInstance(DBConnection.java:43)
	at JUnit.TesteAplicacao.testReaberturaConexao(TesteAplicacao.java:59)
	at java.base/jdk.internal.reflect.DirectMethodHandleAccessor.invoke(DirectMethodHandleAccessor.java:103)
	at java.base/java.lang.reflect.Method.invoke(Method.java:580)
	at org.junit.runners.model.FrameworkMethod$1.runReflectiveCall(FrameworkMethod.java:59)
	at org.junit.internal.runners.model.ReflectiveCallable.run(ReflectiveCallable.java:12)
	at org.junit.runners.model.FrameworkMethod.invokeExplosively(FrameworkMethod.java:56)
	at org.junit.internal.runners.statements.InvokeMethod.evaluate(InvokeMethod.java:17)
	at org.junit.runners.ParentRunner$3.evaluate(ParentRunner.java:306)
	at org.junit.runners.BlockJUnit4ClassRunner$1.evaluate(BlockJUnit4ClassRunner.java:100)
	at org.junit.runners.ParentRunner.runLeaf(ParentRunner.java:366)
	at org.junit.runners.BlockJUnit4ClassRunner.runChild(BlockJUnit4ClassRunner.java:103)
	at org.junit.runners.BlockJUnit4ClassRunner.runChild(BlockJUnit4ClassRunner.java:63)
	at org.junit.runners.ParentRunner$4.run(ParentRunner.java:331)
	at org.junit.runners.ParentRunner$1.schedule(ParentRunner.java:79)
	at org.junit.runners.ParentRunner.runChildren(ParentRunner.java:329)
	at org.junit.runners.ParentRunner.access$100(ParentRunner.java:66)
	at org.junit.runners.ParentRunner$2.evaluate(ParentRunner.java:293)
	at org.junit.runners.ParentRunner$3.evaluate(ParentRunner.java:306)
	at org.junit.runners.ParentRunner.run(ParentRunner.java:413)
	at org.apache.maven.surefire.junit4.JUnit4Provider.execute(JUnit4Provider.java:316)
	at org.apache.maven.surefire.junit4.JUnit4Provider.executeWithRerun(JUnit4Provider.java:240)
	at org.apache.maven.surefire.junit4.JUnit4Provider.executeTestSet(JUnit4Provider.java:214)
	at org.apache.maven.surefire.junit4.JUnit4Provider.invoke(JUnit4Provider.java:155)
	at org.apache.maven.surefire.booter.ForkedBooter.runSuitesInProcess(ForkedBooter.java:385)
	at org.apache.maven.surefire.booter.ForkedBooter.execute(ForkedBooter.java:162)
	at org.apache.maven.surefire.booter.ForkedBooter.run(ForkedBooter.java:507)
	at org.apache.maven.surefire.booter.ForkedBooter.main(ForkedBooter.java:495)
Caused by: java.io.IOException: Error while instrumenting sun/security/jgss/SunProvider$ProviderService.
	at org.jacoco.agent.rt.internal_f3994fa.core.instr.Instrumenter.instrumentError(Instrumenter.java:160)
	at org.jacoco.agent.rt.internal_f3994fa.core.instr.Instrumenter.instrument(Instrumenter.java:110)
	at org.jacoco.agent.rt.internal_f3994fa.CoverageTransformer.transform(CoverageTransformer.java:92)
	... 81 more
Caused by: java.lang.IllegalArgumentException: Unsupported class file major version 65
	at org.jacoco.agent.rt.internal_f3994fa.asm.ClassReader.<init>(ClassReader.java:196)
	at org.jacoco.agent.rt.internal_f3994fa.asm.ClassReader.<init>(ClassReader.java:177)
	at org.jacoco.agent.rt.internal_f3994fa.asm.ClassReader.<init>(ClassReader.java:163)
	at org.jacoco.agent.rt.internal_f3994fa.core.internal.instr.InstrSupport.classReaderFor(InstrSupport.java:280)
	at org.jacoco.agent.rt.internal_f3994fa.core.instr.Instrumenter.instrument(Instrumenter.java:76)
	at org.jacoco.agent.rt.internal_f3994fa.core.instr.Instrumenter.instrument(Instrumenter.java:108)
	... 82 more
java.lang.instrument.IllegalClassFormatException: Error while instrumenting org/jcp/xml/dsig/internal/dom/XMLDSigRI.
	at org.jacoco.agent.rt.internal_f3994fa.CoverageTransformer.transform(CoverageTransformer.java:94)
	at java.instrument/java.lang.instrument.ClassFileTransformer.transform(ClassFileTransformer.java:244)
	at java.instrument/sun.instrument.TransformerManager.transform(TransformerManager.java:188)
	at java.instrument/sun.instrument.InstrumentationImpl.transform(InstrumentationImpl.java:610)
	at java.base/java.lang.ClassLoader.defineClass2(Native Method)
	at java.base/java.lang.ClassLoader.defineClass(ClassLoader.java:1118)
	at java.base/java.security.SecureClassLoader.defineClass(SecureClassLoader.java:182)
	at java.base/jdk.internal.loader.BuiltinClassLoader.defineClass(BuiltinClassLoader.java:821)
	at java.base/jdk.internal.loader.BuiltinClassLoader.findClassInModuleOrNull(BuiltinClassLoader.java:741)
	at java.base/jdk.internal.loader.BuiltinClassLoader.findClass(BuiltinClassLoader.java:621)
	at java.base/java.lang.ClassLoader.loadClass(ClassLoader.java:638)
	at java.base/java.lang.Class.forName(Class.java:625)
	at java.base/java.lang.Class.forName(Class.java:600)
	at java.base/java.util.ServiceLoader.loadProvider(ServiceLoader.java:859)
	at java.base/java.util.ServiceLoader$ModuleServicesLookupIterator.hasNext(ServiceLoader.java:1084)
	at java.base/java.util.ServiceLoader$2.hasNext(ServiceLoader.java:1309)
	at java.base/java.util.ServiceLoader$3.hasNext(ServiceLoader.java:1393)
	at java.base/sun.security.jca.ProviderConfig$ProviderLoader.load(ProviderConfig.java:344)
	at java.base/sun.security.jca.ProviderConfig$3.run(ProviderConfig.java:253)
	at java.base/sun.security.jca.ProviderConfig$3.run(ProviderConfig.java:247)
	at java.base/java.security.AccessController.doPrivileged(AccessController.java:319)
	at java.base/sun.security.jca.ProviderConfig.doLoadProvider(ProviderConfig.java:247)
	at java.base/sun.security.jca.ProviderConfig.getProvider(ProviderConfig.java:225)
	at java.base/sun.security.jca.ProviderList.getProvider(ProviderList.java:271)
	at java.base/sun.security.jca.ProviderList.getService(ProviderList.java:384)
	at java.base/sun.security.jca.GetInstance.getInstance(GetInstance.java:157)
	at java.base/java.security.Security.getImpl(Security.java:655)
	at java.base/java.security.AlgorithmParameters.getInstance(AlgorithmParameters.java:157)
	at java.base/sun.security.ssl.NamedGroup.<init>(NamedGroup.java:271)
	at java.base/sun.security.ssl.NamedGroup.<clinit>(NamedGroup.java:186)
	at java.base/sun.security.ssl.NamedGroup$SupportedGroups.<clinit>(NamedGroup.java:787)
	at java.base/sun.security.ssl.SSLConfiguration.<init>(SSLConfiguration.java:159)
	at java.base/sun.security.ssl.TransportContext.<init>(TransportContext.java:121)
	at java.base/sun.security.ssl.SSLSocketImpl.<init>(SSLSocketImpl.java:283)
	at java.base/sun.security.ssl.SSLSocketFactoryImpl.createSocket(SSLSocketFactoryImpl.java:108)
	at com.mysql.cj.protocol.ExportControlled.performTlsHandshake(ExportControlled.java:337)
	at com.mysql.cj.protocol.StandardSocketFactory.performTlsHandshake(StandardSocketFactory.java:191)
	at com.mysql.cj.protocol.a.NativeSocketConnection.performTlsHandshake(NativeSocketConnection.java:101)
	at com.mysql.cj.protocol.a.NativeProtocol.negotiateSSLConnection(NativeProtocol.java:370)
	at com.mysql.cj.protocol.a.NativeAuthenticationProvider.connect(NativeAuthenticationProvider.java:206)
	at com.mysql.cj.protocol.a.NativeProtocol.connect(NativeProtocol.java:1430)
	at com.mysql.cj.NativeSession.connect(NativeSession.java:134)
	at com.mysql.cj.jdbc.ConnectionImpl.connectOneTryOnly(ConnectionImpl.java:945)
	at com.mysql.cj.jdbc.ConnectionImpl.createNewIO(ConnectionImpl.java:815)
	at com.mysql.cj.jdbc.ConnectionImpl.<init>(ConnectionImpl.java:446)
	at com.mysql.cj.jdbc.ConnectionImpl.getInstance(ConnectionImpl.java:239)
	at com.mysql.cj.jdbc.NonRegisteringDriver.connect(NonRegisteringDriver.java:188)
	at java.sql/java.sql.DriverManager.getConnection(DriverManager.java:683)
	at java.sql/java.sql.DriverManager.getConnection(DriverManager.java:230)
	at dao.DBConnection.<init>(DBConnection.java:29)
	at dao.DBConnection.getInstance(DBConnection.java:43)
	at JUnit.TesteAplicacao.testReaberturaConexao(TesteAplicacao.java:59)
	at java.base/jdk.internal.reflect.DirectMethodHandleAccessor.invoke(DirectMethodHandleAccessor.java:103)
	at java.base/java.lang.reflect.Method.invoke(Method.java:580)
	at org.junit.runners.model.FrameworkMethod$1.runReflectiveCall(FrameworkMethod.java:59)
	at org.junit.internal.runners.model.ReflectiveCallable.run(ReflectiveCallable.java:12)
	at org.junit.runners.model.FrameworkMethod.invokeExplosively(FrameworkMethod.java:56)
	at org.junit.internal.runners.statements.InvokeMethod.evaluate(InvokeMethod.java:17)
	at org.junit.runners.ParentRunner$3.evaluate(ParentRunner.java:306)
	at org.junit.runners.BlockJUnit4ClassRunner$1.evaluate(BlockJUnit4ClassRunner.java:100)
	at org.junit.runners.ParentRunner.runLeaf(ParentRunner.java:366)
	at org.junit.runners.BlockJUnit4ClassRunner.runChild(BlockJUnit4ClassRunner.java:103)
	at org.junit.runners.BlockJUnit4ClassRunner.runChild(BlockJUnit4ClassRunner.java:63)
	at org.junit.runners.ParentRunner$4.run(ParentRunner.java:331)
	at org.junit.runners.ParentRunner$1.schedule(ParentRunner.java:79)
	at org.junit.runners.ParentRunner.runChildren(ParentRunner.java:329)
	at org.junit.runners.ParentRunner.access$100(ParentRunner.java:66)
	at org.junit.runners.ParentRunner$2.evaluate(ParentRunner.java:293)
	at org.junit.runners.ParentRunner$3.evaluate(ParentRunner.java:306)
	at org.junit.runners.ParentRunner.run(ParentRunner.java:413)
	at org.apache.maven.surefire.junit4.JUnit4Provider.execute(JUnit4Provider.java:316)
	at org.apache.maven.surefire.junit4.JUnit4Provider.executeWithRerun(JUnit4Provider.java:240)
	at org.apache.maven.surefire.junit4.JUnit4Provider.executeTestSet(JUnit4Provider.java:214)
	at org.apache.maven.surefire.junit4.JUnit4Provider.invoke(JUnit4Provider.java:155)
	at org.apache.maven.surefire.booter.ForkedBooter.runSuitesInProcess(ForkedBooter.java:385)
	at org.apache.maven.surefire.booter.ForkedBooter.execute(ForkedBooter.java:162)
	at org.apache.maven.surefire.booter.ForkedBooter.run(ForkedBooter.java:507)
	at org.apache.maven.surefire.booter.ForkedBooter.main(ForkedBooter.java:495)
Caused by: java.io.IOException: Error while instrumenting org/jcp/xml/dsig/internal/dom/XMLDSigRI.
	at org.jacoco.agent.rt.internal_f3994fa.core.instr.Instrumenter.instrumentError(Instrumenter.java:160)
	at org.jacoco.agent.rt.internal_f3994fa.core.instr.Instrumenter.instrument(Instrumenter.java:110)
	at org.jacoco.agent.rt.internal_f3994fa.CoverageTransformer.transform(CoverageTransformer.java:92)
	... 77 more
Caused by: java.lang.IllegalArgumentException: Unsupported class file major version 65
	at org.jacoco.agent.rt.internal_f3994fa.asm.ClassReader.<init>(ClassReader.java:196)
	at org.jacoco.agent.rt.internal_f3994fa.asm.ClassReader.<init>(ClassReader.java:177)
	at org.jacoco.agent.rt.internal_f3994fa.asm.ClassReader.<init>(ClassReader.java:163)
	at org.jacoco.agent.rt.internal_f3994fa.core.internal.instr.InstrSupport.classReaderFor(InstrSupport.java:280)
	at org.jacoco.agent.rt.internal_f3994fa.core.instr.Instrumenter.instrument(Instrumenter.java:76)
	at org.jacoco.agent.rt.internal_f3994fa.core.instr.Instrumenter.instrument(Instrumenter.java:108)
	... 78 more
java.lang.instrument.IllegalClassFormatException: Error while instrumenting org/jcp/xml/dsig/internal/dom/XMLDSigRI$1.
	at org.jacoco.agent.rt.internal_f3994fa.CoverageTransformer.transform(CoverageTransformer.java:94)
	at java.instrument/java.lang.instrument.ClassFileTransformer.transform(ClassFileTransformer.java:244)
	at java.instrument/sun.instrument.TransformerManager.transform(TransformerManager.java:188)
	at java.instrument/sun.instrument.InstrumentationImpl.transform(InstrumentationImpl.java:610)
	at java.base/java.lang.ClassLoader.defineClass2(Native Method)
	at java.base/java.lang.ClassLoader.defineClass(ClassLoader.java:1118)
	at java.base/java.security.SecureClassLoader.defineClass(SecureClassLoader.java:182)
	at java.base/jdk.internal.loader.BuiltinClassLoader.defineClass(BuiltinClassLoader.java:821)
	at java.base/jdk.internal.loader.BuiltinClassLoader.findClassInModuleOrNull(BuiltinClassLoader.java:741)
	at java.base/jdk.internal.loader.BuiltinClassLoader.loadClassOrNull(BuiltinClassLoader.java:665)
	at java.base/jdk.internal.loader.BuiltinClassLoader.loadClass(BuiltinClassLoader.java:639)
	at java.base/java.lang.ClassLoader.loadClass(ClassLoader.java:526)
	at java.xml.crypto/org.jcp.xml.dsig.internal.dom.XMLDSigRI.<clinit>(XMLDSigRI.java:59)
	at java.base/jdk.internal.misc.Unsafe.ensureClassInitialized0(Native Method)
	at java.base/jdk.internal.misc.Unsafe.ensureClassInitialized(Unsafe.java:1160)
	at java.base/jdk.internal.reflect.MethodHandleAccessorFactory.ensureClassInitialized(MethodHandleAccessorFactory.java:300)
	at java.base/jdk.internal.reflect.MethodHandleAccessorFactory.newConstructorAccessor(MethodHandleAccessorFactory.java:103)
	at java.base/jdk.internal.reflect.ReflectionFactory.newConstructorAccessor(ReflectionFactory.java:200)
	at java.base/java.lang.reflect.Constructor.acquireConstructorAccessor(Constructor.java:549)
	at java.base/java.lang.reflect.Constructor.newInstanceWithCaller(Constructor.java:499)
	at java.base/java.lang.reflect.Constructor.newInstance(Constructor.java:486)
	at java.base/java.util.ServiceLoader$ProviderImpl.newInstance(ServiceLoader.java:789)
	at java.base/java.util.ServiceLoader$ProviderImpl.get(ServiceLoader.java:729)
	at java.base/java.util.ServiceLoader$3.next(ServiceLoader.java:1403)
	at java.base/sun.security.jca.ProviderConfig$ProviderLoader.load(ProviderConfig.java:346)
	at java.base/sun.security.jca.ProviderConfig$3.run(ProviderConfig.java:253)
	at java.base/sun.security.jca.ProviderConfig$3.run(ProviderConfig.java:247)
	at java.base/java.security.AccessController.doPrivileged(AccessController.java:319)
	at java.base/sun.security.jca.ProviderConfig.doLoadProvider(ProviderConfig.java:247)
	at java.base/sun.security.jca.ProviderConfig.getProvider(ProviderConfig.java:225)
	at java.base/sun.security.jca.ProviderList.getProvider(ProviderList.java:271)
	at java.base/sun.security.jca.ProviderList.getService(ProviderList.java:384)
	at java.base/sun.security.jca.GetInstance.getInstance(GetInstance.java:157)
	at java.base/java.security.Security.getImpl(Security.java:655)
	at java.base/java.security.AlgorithmParameters.getInstance(AlgorithmParameters.java:157)
	at java.base/sun.security.ssl.NamedGroup.<init>(NamedGroup.java:271)
	at java.base/sun.security.ssl.NamedGroup.<clinit>(NamedGroup.java:186)
	at java.base/sun.security.ssl.NamedGroup$SupportedGroups.<clinit>(NamedGroup.java:787)
	at java.base/sun.security.ssl.SSLConfiguration.<init>(SSLConfiguration.java:159)
	at java.base/sun.security.ssl.TransportContext.<init>(TransportContext.java:121)
	at java.base/sun.security.ssl.SSLSocketImpl.<init>(SSLSocketImpl.java:283)
	at java.base/sun.security.ssl.SSLSocketFactoryImpl.createSocket(SSLSocketFactoryImpl.java:108)
	at com.mysql.cj.protocol.ExportControlled.performTlsHandshake(ExportControlled.java:337)
	at com.mysql.cj.protocol.StandardSocketFactory.performTlsHandshake(StandardSocketFactory.java:191)
	at com.mysql.cj.protocol.a.NativeSocketConnection.performTlsHandshake(NativeSocketConnection.java:101)
	at com.mysql.cj.protocol.a.NativeProtocol.negotiateSSLConnection(NativeProtocol.java:370)
	at com.mysql.cj.protocol.a.NativeAuthenticationProvider.connect(NativeAuthenticationProvider.java:206)
	at com.mysql.cj.protocol.a.NativeProtocol.connect(NativeProtocol.java:1430)
	at com.mysql.cj.NativeSession.connect(NativeSession.java:134)
	at com.mysql.cj.jdbc.ConnectionImpl.connectOneTryOnly(ConnectionImpl.java:945)
	at com.mysql.cj.jdbc.ConnectionImpl.createNewIO(ConnectionImpl.java:815)
	at com.mysql.cj.jdbc.ConnectionImpl.<init>(ConnectionImpl.java:446)
	at com.mysql.cj.jdbc.ConnectionImpl.getInstance(ConnectionImpl.java:239)
	at com.mysql.cj.jdbc.NonRegisteringDriver.connect(NonRegisteringDriver.java:188)
	at java.sql/java.sql.DriverManager.getConnection(DriverManager.java:683)
	at java.sql/java.sql.DriverManager.getConnection(DriverManager.java:230)
	at dao.DBConnection.<init>(DBConnection.java:29)
	at dao.DBConnection.getInstance(DBConnection.java:43)
	at JUnit.TesteAplicacao.testReaberturaConexao(TesteAplicacao.java:59)
	at java.base/jdk.internal.reflect.DirectMethodHandleAccessor.invoke(DirectMethodHandleAccessor.java:103)
	at java.base/java.lang.reflect.Method.invoke(Method.java:580)
	at org.junit.runners.model.FrameworkMethod$1.runReflectiveCall(FrameworkMethod.java:59)
	at org.junit.internal.runners.model.ReflectiveCallable.run(ReflectiveCallable.java:12)
	at org.junit.runners.model.FrameworkMethod.invokeExplosively(FrameworkMethod.java:56)
	at org.junit.internal.runners.statements.InvokeMethod.evaluate(InvokeMethod.java:17)
	at org.junit.runners.ParentRunner$3.evaluate(ParentRunner.java:306)
	at org.junit.runners.BlockJUnit4ClassRunner$1.evaluate(BlockJUnit4ClassRunner.java:100)
	at org.junit.runners.ParentRunner.runLeaf(ParentRunner.java:366)
	at org.junit.runners.BlockJUnit4ClassRunner.runChild(BlockJUnit4ClassRunner.java:103)
	at org.junit.runners.BlockJUnit4ClassRunner.runChild(BlockJUnit4ClassRunner.java:63)
	at org.junit.runners.ParentRunner$4.run(ParentRunner.java:331)
	at org.junit.runners.ParentRunner$1.schedule(ParentRunner.java:79)
	at org.junit.runners.ParentRunner.runChildren(ParentRunner.java:329)
	at org.junit.runners.ParentRunner.access$100(ParentRunner.java:66)
	at org.junit.runners.ParentRunner$2.evaluate(ParentRunner.java:293)
	at org.junit.runners.ParentRunner$3.evaluate(ParentRunner.java:306)
	at org.junit.runners.ParentRunner.run(ParentRunner.java:413)
	at org.apache.maven.surefire.junit4.JUnit4Provider.execute(JUnit4Provider.java:316)
	at org.apache.maven.surefire.junit4.JUnit4Provider.executeWithRerun(JUnit4Provider.java:240)
	at org.apache.maven.surefire.junit4.JUnit4Provider.executeTestSet(JUnit4Provider.java:214)
	at org.apache.maven.surefire.junit4.JUnit4Provider.invoke(JUnit4Provider.java:155)
	at org.apache.maven.surefire.booter.ForkedBooter.runSuitesInProcess(ForkedBooter.java:385)
	at org.apache.maven.surefire.booter.ForkedBooter.execute(ForkedBooter.java:162)
	at org.apache.maven.surefire.booter.ForkedBooter.run(ForkedBooter.java:507)
	at org.apache.maven.surefire.booter.ForkedBooter.main(ForkedBooter.java:495)
Caused by: java.io.IOException: Error while instrumenting org/jcp/xml/dsig/internal/dom/XMLDSigRI$1.
	at org.jacoco.agent.rt.internal_f3994fa.core.instr.Instrumenter.instrumentError(Instrumenter.java:160)
	at org.jacoco.agent.rt.internal_f3994fa.core.instr.Instrumenter.instrument(Instrumenter.java:110)
	at org.jacoco.agent.rt.internal_f3994fa.CoverageTransformer.transform(CoverageTransformer.java:92)
	... 84 more
Caused by: java.lang.IllegalArgumentException: Unsupported class file major version 65
	at org.jacoco.agent.rt.internal_f3994fa.asm.ClassReader.<init>(ClassReader.java:196)
	at org.jacoco.agent.rt.internal_f3994fa.asm.ClassReader.<init>(ClassReader.java:177)
	at org.jacoco.agent.rt.internal_f3994fa.asm.ClassReader.<init>(ClassReader.java:163)
	at org.jacoco.agent.rt.internal_f3994fa.core.internal.instr.InstrSupport.classReaderFor(InstrSupport.java:280)
	at org.jacoco.agent.rt.internal_f3994fa.core.instr.Instrumenter.instrument(Instrumenter.java:76)
	at org.jacoco.agent.rt.internal_f3994fa.core.instr.Instrumenter.instrument(Instrumenter.java:108)
	... 85 more
java.lang.instrument.IllegalClassFormatException: Error while instrumenting org/jcp/xml/dsig/internal/dom/XMLDSigRI$2.
	at org.jacoco.agent.rt.internal_f3994fa.CoverageTransformer.transform(CoverageTransformer.java:94)
	at java.instrument/java.lang.instrument.ClassFileTransformer.transform(ClassFileTransformer.java:244)
	at java.instrument/sun.instrument.TransformerManager.transform(TransformerManager.java:188)
	at java.instrument/sun.instrument.InstrumentationImpl.transform(InstrumentationImpl.java:610)
	at java.base/java.lang.ClassLoader.defineClass2(Native Method)
	at java.base/java.lang.ClassLoader.defineClass(ClassLoader.java:1118)
	at java.base/java.security.SecureClassLoader.defineClass(SecureClassLoader.java:182)
	at java.base/jdk.internal.loader.BuiltinClassLoader.defineClass(BuiltinClassLoader.java:821)
	at java.base/jdk.internal.loader.BuiltinClassLoader.findClassInModuleOrNull(BuiltinClassLoader.java:741)
	at java.base/jdk.internal.loader.BuiltinClassLoader.loadClassOrNull(BuiltinClassLoader.java:665)
	at java.base/jdk.internal.loader.BuiltinClassLoader.loadClass(BuiltinClassLoader.java:639)
	at java.base/java.lang.ClassLoader.loadClass(ClassLoader.java:526)
	at java.xml.crypto/org.jcp.xml.dsig.internal.dom.XMLDSigRI.<init>(XMLDSigRI.java:141)
	at java.base/jdk.internal.reflect.DirectConstructorHandleAccessor.newInstance(DirectConstructorHandleAccessor.java:62)
	at java.base/java.lang.reflect.Constructor.newInstanceWithCaller(Constructor.java:502)
	at java.base/java.lang.reflect.Constructor.newInstance(Constructor.java:486)
	at java.base/java.util.ServiceLoader$ProviderImpl.newInstance(ServiceLoader.java:789)
	at java.base/java.util.ServiceLoader$ProviderImpl.get(ServiceLoader.java:729)
	at java.base/java.util.ServiceLoader$3.next(ServiceLoader.java:1403)
	at java.base/sun.security.jca.ProviderConfig$ProviderLoader.load(ProviderConfig.java:346)
	at java.base/sun.security.jca.ProviderConfig$3.run(ProviderConfig.java:253)
	at java.base/sun.security.jca.ProviderConfig$3.run(ProviderConfig.java:247)
	at java.base/java.security.AccessController.doPrivileged(AccessController.java:319)
	at java.base/sun.security.jca.ProviderConfig.doLoadProvider(ProviderConfig.java:247)
	at java.base/sun.security.jca.ProviderConfig.getProvider(ProviderConfig.java:225)
	at java.base/sun.security.jca.ProviderList.getProvider(ProviderList.java:271)
	at java.base/sun.security.jca.ProviderList.getService(ProviderList.java:384)
	at java.base/sun.security.jca.GetInstance.getInstance(GetInstance.java:157)
	at java.base/java.security.Security.getImpl(Security.java:655)
	at java.base/java.security.AlgorithmParameters.getInstance(AlgorithmParameters.java:157)
	at java.base/sun.security.ssl.NamedGroup.<init>(NamedGroup.java:271)
	at java.base/sun.security.ssl.NamedGroup.<clinit>(NamedGroup.java:186)
	at java.base/sun.security.ssl.NamedGroup$SupportedGroups.<clinit>(NamedGroup.java:787)
	at java.base/sun.security.ssl.SSLConfiguration.<init>(SSLConfiguration.java:159)
	at java.base/sun.security.ssl.TransportContext.<init>(TransportContext.java:121)
	at java.base/sun.security.ssl.SSLSocketImpl.<init>(SSLSocketImpl.java:283)
	at java.base/sun.security.ssl.SSLSocketFactoryImpl.createSocket(SSLSocketFactoryImpl.java:108)
	at com.mysql.cj.protocol.ExportControlled.performTlsHandshake(ExportControlled.java:337)
	at com.mysql.cj.protocol.StandardSocketFactory.performTlsHandshake(StandardSocketFactory.java:191)
	at com.mysql.cj.protocol.a.NativeSocketConnection.performTlsHandshake(NativeSocketConnection.java:101)
	at com.mysql.cj.protocol.a.NativeProtocol.negotiateSSLConnection(NativeProtocol.java:370)
	at com.mysql.cj.protocol.a.NativeAuthenticationProvider.connect(NativeAuthenticationProvider.java:206)
	at com.mysql.cj.protocol.a.NativeProtocol.connect(NativeProtocol.java:1430)
	at com.mysql.cj.NativeSession.connect(NativeSession.java:134)
	at com.mysql.cj.jdbc.ConnectionImpl.connectOneTryOnly(ConnectionImpl.java:945)
	at com.mysql.cj.jdbc.ConnectionImpl.createNewIO(ConnectionImpl.java:815)
	at com.mysql.cj.jdbc.ConnectionImpl.<init>(ConnectionImpl.java:446)
	at com.mysql.cj.jdbc.ConnectionImpl.getInstance(ConnectionImpl.java:239)
	at com.mysql.cj.jdbc.NonRegisteringDriver.connect(NonRegisteringDriver.java:188)
	at java.sql/java.sql.DriverManager.getConnection(DriverManager.java:683)
	at java.sql/java.sql.DriverManager.getConnection(DriverManager.java:230)
	at dao.DBConnection.<init>(DBConnection.java:29)
	at dao.DBConnection.getInstance(DBConnection.java:43)
	at JUnit.TesteAplicacao.testReaberturaConexao(TesteAplicacao.java:59)
	at java.base/jdk.internal.reflect.DirectMethodHandleAccessor.invoke(DirectMethodHandleAccessor.java:103)
	at java.base/java.lang.reflect.Method.invoke(Method.java:580)
	at org.junit.runners.model.FrameworkMethod$1.runReflectiveCall(FrameworkMethod.java:59)
	at org.junit.internal.runners.model.ReflectiveCallable.run(ReflectiveCallable.java:12)
	at org.junit.runners.model.FrameworkMethod.invokeExplosively(FrameworkMethod.java:56)
	at org.junit.internal.runners.statements.InvokeMethod.evaluate(InvokeMethod.java:17)
	at org.junit.runners.ParentRunner$3.evaluate(ParentRunner.java:306)
	at org.junit.runners.BlockJUnit4ClassRunner$1.evaluate(BlockJUnit4ClassRunner.java:100)
	at org.junit.runners.ParentRunner.runLeaf(ParentRunner.java:366)
	at org.junit.runners.BlockJUnit4ClassRunner.runChild(BlockJUnit4ClassRunner.java:103)
	at org.junit.runners.BlockJUnit4ClassRunner.runChild(BlockJUnit4ClassRunner.java:63)
	at org.junit.runners.ParentRunner$4.run(ParentRunner.java:331)
	at org.junit.runners.ParentRunner$1.schedule(ParentRunner.java:79)
	at org.junit.runners.ParentRunner.runChildren(ParentRunner.java:329)
	at org.junit.runners.ParentRunner.access$100(ParentRunner.java:66)
	at org.junit.runners.ParentRunner$2.evaluate(ParentRunner.java:293)
	at org.junit.runners.ParentRunner$3.evaluate(ParentRunner.java:306)
	at org.junit.runners.ParentRunner.run(ParentRunner.java:413)
	at org.apache.maven.surefire.junit4.JUnit4Provider.execute(JUnit4Provider.java:316)
	at org.apache.maven.surefire.junit4.JUnit4Provider.executeWithRerun(JUnit4Provider.java:240)
	at org.apache.maven.surefire.junit4.JUnit4Provider.executeTestSet(JUnit4Provider.java:214)
	at org.apache.maven.surefire.junit4.JUnit4Provider.invoke(JUnit4Provider.java:155)
	at org.apache.maven.surefire.booter.ForkedBooter.runSuitesInProcess(ForkedBooter.java:385)
	at org.apache.maven.surefire.booter.ForkedBooter.execute(ForkedBooter.java:162)
	at org.apache.maven.surefire.booter.ForkedBooter.run(ForkedBooter.java:507)
	at org.apache.maven.surefire.booter.ForkedBooter.main(ForkedBooter.java:495)
Caused by: java.io.IOException: Error while instrumenting org/jcp/xml/dsig/internal/dom/XMLDSigRI$2.
	at org.jacoco.agent.rt.internal_f3994fa.core.instr.Instrumenter.instrumentError(Instrumenter.java:160)
	at org.jacoco.agent.rt.internal_f3994fa.core.instr.Instrumenter.instrument(Instrumenter.java:110)
	at org.jacoco.agent.rt.internal_f3994fa.CoverageTransformer.transform(CoverageTransformer.java:92)
	... 79 more
Caused by: java.lang.IllegalArgumentException: Unsupported class file major version 65
	at org.jacoco.agent.rt.internal_f3994fa.asm.ClassReader.<init>(ClassReader.java:196)
	at org.jacoco.agent.rt.internal_f3994fa.asm.ClassReader.<init>(ClassReader.java:177)
	at org.jacoco.agent.rt.internal_f3994fa.asm.ClassReader.<init>(ClassReader.java:163)
	at org.jacoco.agent.rt.internal_f3994fa.core.internal.instr.InstrSupport.classReaderFor(InstrSupport.java:280)
	at org.jacoco.agent.rt.internal_f3994fa.core.instr.Instrumenter.instrument(Instrumenter.java:76)
	at org.jacoco.agent.rt.internal_f3994fa.core.instr.Instrumenter.instrument(Instrumenter.java:108)
	... 80 more
java.lang.instrument.IllegalClassFormatException: Error while instrumenting org/jcp/xml/dsig/internal/dom/XMLDSigRI$ProviderService.
	at org.jacoco.agent.rt.internal_f3994fa.CoverageTransformer.transform(CoverageTransformer.java:94)
	at java.instrument/java.lang.instrument.ClassFileTransformer.transform(ClassFileTransformer.java:244)
	at java.instrument/sun.instrument.TransformerManager.transform(TransformerManager.java:188)
	at java.instrument/sun.instrument.InstrumentationImpl.transform(InstrumentationImpl.java:610)
	at java.base/java.lang.ClassLoader.defineClass2(Native Method)
	at java.base/java.lang.ClassLoader.defineClass(ClassLoader.java:1118)
	at java.base/java.security.SecureClassLoader.defineClass(SecureClassLoader.java:182)
	at java.base/jdk.internal.loader.BuiltinClassLoader.defineClass(BuiltinClassLoader.java:821)
	at java.base/jdk.internal.loader.BuiltinClassLoader.findClassInModuleOrNull(BuiltinClassLoader.java:741)
	at java.base/jdk.internal.loader.BuiltinClassLoader.loadClassOrNull(BuiltinClassLoader.java:665)
	at java.base/jdk.internal.loader.BuiltinClassLoader.loadClass(BuiltinClassLoader.java:639)
	at java.base/java.lang.ClassLoader.loadClass(ClassLoader.java:526)
	at java.xml.crypto/org.jcp.xml.dsig.internal.dom.XMLDSigRI.<init>(XMLDSigRI.java:141)
	at java.base/jdk.internal.reflect.DirectConstructorHandleAccessor.newInstance(DirectConstructorHandleAccessor.java:62)
	at java.base/java.lang.reflect.Constructor.newInstanceWithCaller(Constructor.java:502)
	at java.base/java.lang.reflect.Constructor.newInstance(Constructor.java:486)
	at java.base/java.util.ServiceLoader$ProviderImpl.newInstance(ServiceLoader.java:789)
	at java.base/java.util.ServiceLoader$ProviderImpl.get(ServiceLoader.java:729)
	at java.base/java.util.ServiceLoader$3.next(ServiceLoader.java:1403)
	at java.base/sun.security.jca.ProviderConfig$ProviderLoader.load(ProviderConfig.java:346)
	at java.base/sun.security.jca.ProviderConfig$3.run(ProviderConfig.java:253)
	at java.base/sun.security.jca.ProviderConfig$3.run(ProviderConfig.java:247)
	at java.base/java.security.AccessController.doPrivileged(AccessController.java:319)
	at java.base/sun.security.jca.ProviderConfig.doLoadProvider(ProviderConfig.java:247)
	at java.base/sun.security.jca.ProviderConfig.getProvider(ProviderConfig.java:225)
	at java.base/sun.security.jca.ProviderList.getProvider(ProviderList.java:271)
	at java.base/sun.security.jca.ProviderList.getService(ProviderList.java:384)
	at java.base/sun.security.jca.GetInstance.getInstance(GetInstance.java:157)
	at java.base/java.security.Security.getImpl(Security.java:655)
	at java.base/java.security.AlgorithmParameters.getInstance(AlgorithmParameters.java:157)
	at java.base/sun.security.ssl.NamedGroup.<init>(NamedGroup.java:271)
	at java.base/sun.security.ssl.NamedGroup.<clinit>(NamedGroup.java:186)
	at java.base/sun.security.ssl.NamedGroup$SupportedGroups.<clinit>(NamedGroup.java:787)
	at java.base/sun.security.ssl.SSLConfiguration.<init>(SSLConfiguration.java:159)
	at java.base/sun.security.ssl.TransportContext.<init>(TransportContext.java:121)
	at java.base/sun.security.ssl.SSLSocketImpl.<init>(SSLSocketImpl.java:283)
	at java.base/sun.security.ssl.SSLSocketFactoryImpl.createSocket(SSLSocketFactoryImpl.java:108)
	at com.mysql.cj.protocol.ExportControlled.performTlsHandshake(ExportControlled.java:337)
	at com.mysql.cj.protocol.StandardSocketFactory.performTlsHandshake(StandardSocketFactory.java:191)
	at com.mysql.cj.protocol.a.NativeSocketConnection.performTlsHandshake(NativeSocketConnection.java:101)
	at com.mysql.cj.protocol.a.NativeProtocol.negotiateSSLConnection(NativeProtocol.java:370)
	at com.mysql.cj.protocol.a.NativeAuthenticationProvider.connect(NativeAuthenticationProvider.java:206)
	at com.mysql.cj.protocol.a.NativeProtocol.connect(NativeProtocol.java:1430)
	at com.mysql.cj.NativeSession.connect(NativeSession.java:134)
	at com.mysql.cj.jdbc.ConnectionImpl.connectOneTryOnly(ConnectionImpl.java:945)
	at com.mysql.cj.jdbc.ConnectionImpl.createNewIO(ConnectionImpl.java:815)
	at com.mysql.cj.jdbc.ConnectionImpl.<init>(ConnectionImpl.java:446)
	at com.mysql.cj.jdbc.ConnectionImpl.getInstance(ConnectionImpl.java:239)
	at com.mysql.cj.jdbc.NonRegisteringDriver.connect(NonRegisteringDriver.java:188)
	at java.sql/java.sql.DriverManager.getConnection(DriverManager.java:683)
	at java.sql/java.sql.DriverManager.getConnection(DriverManager.java:230)
	at dao.DBConnection.<init>(DBConnection.java:29)
	at dao.DBConnection.getInstance(DBConnection.java:43)
	at JUnit.TesteAplicacao.testReaberturaConexao(TesteAplicacao.java:59)
	at java.base/jdk.internal.reflect.DirectMethodHandleAccessor.invoke(DirectMethodHandleAccessor.java:103)
	at java.base/java.lang.reflect.Method.invoke(Method.java:580)
	at org.junit.runners.model.FrameworkMethod$1.runReflectiveCall(FrameworkMethod.java:59)
	at org.junit.internal.runners.model.ReflectiveCallable.run(ReflectiveCallable.java:12)
	at org.junit.runners.model.FrameworkMethod.invokeExplosively(FrameworkMethod.java:56)
	at org.junit.internal.runners.statements.InvokeMethod.evaluate(InvokeMethod.java:17)
	at org.junit.runners.ParentRunner$3.evaluate(ParentRunner.java:306)
	at org.junit.runners.BlockJUnit4ClassRunner$1.evaluate(BlockJUnit4ClassRunner.java:100)
	at org.junit.runners.ParentRunner.runLeaf(ParentRunner.java:366)
	at org.junit.runners.BlockJUnit4ClassRunner.runChild(BlockJUnit4ClassRunner.java:103)
	at org.junit.runners.BlockJUnit4ClassRunner.runChild(BlockJUnit4ClassRunner.java:63)
	at org.junit.runners.ParentRunner$4.run(ParentRunner.java:331)
	at org.junit.runners.ParentRunner$1.schedule(ParentRunner.java:79)
	at org.junit.runners.ParentRunner.runChildren(ParentRunner.java:329)
	at org.junit.runners.ParentRunner.access$100(ParentRunner.java:66)
	at org.junit.runners.ParentRunner$2.evaluate(ParentRunner.java:293)
	at org.junit.runners.ParentRunner$3.evaluate(ParentRunner.java:306)
	at org.junit.runners.ParentRunner.run(ParentRunner.java:413)
	at org.apache.maven.surefire.junit4.JUnit4Provider.execute(JUnit4Provider.java:316)
	at org.apache.maven.surefire.junit4.JUnit4Provider.executeWithRerun(JUnit4Provider.java:240)
	at org.apache.maven.surefire.junit4.JUnit4Provider.executeTestSet(JUnit4Provider.java:214)
	at org.apache.maven.surefire.junit4.JUnit4Provider.invoke(JUnit4Provider.java:155)
	at org.apache.maven.surefire.booter.ForkedBooter.runSuitesInProcess(ForkedBooter.java:385)
	at org.apache.maven.surefire.booter.ForkedBooter.execute(ForkedBooter.java:162)
	at org.apache.maven.surefire.booter.ForkedBooter.run(ForkedBooter.java:507)
	at org.apache.maven.surefire.booter.ForkedBooter.main(ForkedBooter.java:495)
Caused by: java.io.IOException: Error while instrumenting org/jcp/xml/dsig/internal/dom/XMLDSigRI$ProviderService.
	at org.jacoco.agent.rt.internal_f3994fa.core.instr.Instrumenter.instrumentError(Instrumenter.java:160)
	at org.jacoco.agent.rt.internal_f3994fa.core.instr.Instrumenter.instrument(Instrumenter.java:110)
	at org.jacoco.agent.rt.internal_f3994fa.CoverageTransformer.transform(CoverageTransformer.java:92)
	... 79 more
Caused by: java.lang.IllegalArgumentException: Unsupported class file major version 65
	at org.jacoco.agent.rt.internal_f3994fa.asm.ClassReader.<init>(ClassReader.java:196)
	at org.jacoco.agent.rt.internal_f3994fa.asm.ClassReader.<init>(ClassReader.java:177)
	at org.jacoco.agent.rt.internal_f3994fa.asm.ClassReader.<init>(ClassReader.java:163)
	at org.jacoco.agent.rt.internal_f3994fa.core.internal.instr.InstrSupport.classReaderFor(InstrSupport.java:280)
	at org.jacoco.agent.rt.internal_f3994fa.core.instr.Instrumenter.instrument(Instrumenter.java:76)
	at org.jacoco.agent.rt.internal_f3994fa.core.instr.Instrumenter.instrument(Instrumenter.java:108)
	... 80 more
java.lang.instrument.IllegalClassFormatException: Error while instrumenting sun/security/pkcs11/SunPKCS11.
	at org.jacoco.agent.rt.internal_f3994fa.CoverageTransformer.transform(CoverageTransformer.java:94)
	at java.instrument/java.lang.instrument.ClassFileTransformer.transform(ClassFileTransformer.java:244)
	at java.instrument/sun.instrument.TransformerManager.transform(TransformerManager.java:188)
	at java.instrument/sun.instrument.InstrumentationImpl.transform(InstrumentationImpl.java:610)
	at java.base/java.lang.ClassLoader.defineClass2(Native Method)
	at java.base/java.lang.ClassLoader.defineClass(ClassLoader.java:1118)
	at java.base/java.security.SecureClassLoader.defineClass(SecureClassLoader.java:182)
	at java.base/jdk.internal.loader.BuiltinClassLoader.defineClass(BuiltinClassLoader.java:821)
	at java.base/jdk.internal.loader.BuiltinClassLoader.findClassInModuleOrNull(BuiltinClassLoader.java:741)
	at java.base/jdk.internal.loader.BuiltinClassLoader.findClass(BuiltinClassLoader.java:621)
	at java.base/java.lang.ClassLoader.loadClass(ClassLoader.java:638)
	at java.base/java.lang.Class.forName(Class.java:625)
	at java.base/java.lang.Class.forName(Class.java:600)
	at java.base/java.util.ServiceLoader.loadProvider(ServiceLoader.java:859)
	at java.base/java.util.ServiceLoader$ModuleServicesLookupIterator.hasNext(ServiceLoader.java:1084)
	at java.base/java.util.ServiceLoader$2.hasNext(ServiceLoader.java:1309)
	at java.base/java.util.ServiceLoader$3.hasNext(ServiceLoader.java:1393)
	at java.base/sun.security.jca.ProviderConfig$ProviderLoader.load(ProviderConfig.java:344)
	at java.base/sun.security.jca.ProviderConfig$3.run(ProviderConfig.java:253)
	at java.base/sun.security.jca.ProviderConfig$3.run(ProviderConfig.java:247)
	at java.base/java.security.AccessController.doPrivileged(AccessController.java:319)
	at java.base/sun.security.jca.ProviderConfig.doLoadProvider(ProviderConfig.java:247)
	at java.base/sun.security.jca.ProviderConfig.getProvider(ProviderConfig.java:225)
	at java.base/sun.security.jca.ProviderList.getProvider(ProviderList.java:271)
	at java.base/sun.security.jca.ProviderList.getService(ProviderList.java:384)
	at java.base/sun.security.jca.GetInstance.getInstance(GetInstance.java:157)
	at java.base/java.security.Security.getImpl(Security.java:655)
	at java.base/java.security.AlgorithmParameters.getInstance(AlgorithmParameters.java:157)
	at java.base/sun.security.ssl.NamedGroup.<init>(NamedGroup.java:271)
	at java.base/sun.security.ssl.NamedGroup.<clinit>(NamedGroup.java:186)
	at java.base/sun.security.ssl.NamedGroup$SupportedGroups.<clinit>(NamedGroup.java:787)
	at java.base/sun.security.ssl.SSLConfiguration.<init>(SSLConfiguration.java:159)
	at java.base/sun.security.ssl.TransportContext.<init>(TransportContext.java:121)
	at java.base/sun.security.ssl.SSLSocketImpl.<init>(SSLSocketImpl.java:283)
	at java.base/sun.security.ssl.SSLSocketFactoryImpl.createSocket(SSLSocketFactoryImpl.java:108)
	at com.mysql.cj.protocol.ExportControlled.performTlsHandshake(ExportControlled.java:337)
	at com.mysql.cj.protocol.StandardSocketFactory.performTlsHandshake(StandardSocketFactory.java:191)
	at com.mysql.cj.protocol.a.NativeSocketConnection.performTlsHandshake(NativeSocketConnection.java:101)
	at com.mysql.cj.protocol.a.NativeProtocol.negotiateSSLConnection(NativeProtocol.java:370)
	at com.mysql.cj.protocol.a.NativeAuthenticationProvider.connect(NativeAuthenticationProvider.java:206)
	at com.mysql.cj.protocol.a.NativeProtocol.connect(NativeProtocol.java:1430)
	at com.mysql.cj.NativeSession.connect(NativeSession.java:134)
	at com.mysql.cj.jdbc.ConnectionImpl.connectOneTryOnly(ConnectionImpl.java:945)
	at com.mysql.cj.jdbc.ConnectionImpl.createNewIO(ConnectionImpl.java:815)
	at com.mysql.cj.jdbc.ConnectionImpl.<init>(ConnectionImpl.java:446)
	at com.mysql.cj.jdbc.ConnectionImpl.getInstance(ConnectionImpl.java:239)
	at com.mysql.cj.jdbc.NonRegisteringDriver.connect(NonRegisteringDriver.java:188)
	at java.sql/java.sql.DriverManager.getConnection(DriverManager.java:683)
	at java.sql/java.sql.DriverManager.getConnection(DriverManager.java:230)
	at dao.DBConnection.<init>(DBConnection.java:29)
	at dao.DBConnection.getInstance(DBConnection.java:43)
	at JUnit.TesteAplicacao.testReaberturaConexao(TesteAplicacao.java:59)
	at java.base/jdk.internal.reflect.DirectMethodHandleAccessor.invoke(DirectMethodHandleAccessor.java:103)
	at java.base/java.lang.reflect.Method.invoke(Method.java:580)
	at org.junit.runners.model.FrameworkMethod$1.runReflectiveCall(FrameworkMethod.java:59)
	at org.junit.internal.runners.model.ReflectiveCallable.run(ReflectiveCallable.java:12)
	at org.junit.runners.model.FrameworkMethod.invokeExplosively(FrameworkMethod.java:56)
	at org.junit.internal.runners.statements.InvokeMethod.evaluate(InvokeMethod.java:17)
	at org.junit.runners.ParentRunner$3.evaluate(ParentRunner.java:306)
	at org.junit.runners.BlockJUnit4ClassRunner$1.evaluate(BlockJUnit4ClassRunner.java:100)
	at org.junit.runners.ParentRunner.runLeaf(ParentRunner.java:366)
	at org.junit.runners.BlockJUnit4ClassRunner.runChild(BlockJUnit4ClassRunner.java:103)
	at org.junit.runners.BlockJUnit4ClassRunner.runChild(BlockJUnit4ClassRunner.java:63)
	at org.junit.runners.ParentRunner$4.run(ParentRunner.java:331)
	at org.junit.runners.ParentRunner$1.schedule(ParentRunner.java:79)
	at org.junit.runners.ParentRunner.runChildren(ParentRunner.java:329)
	at org.junit.runners.ParentRunner.access$100(ParentRunner.java:66)
	at org.junit.runners.ParentRunner$2.evaluate(ParentRunner.java:293)
	at org.junit.runners.ParentRunner$3.evaluate(ParentRunner.java:306)
	at org.junit.runners.ParentRunner.run(ParentRunner.java:413)
	at org.apache.maven.surefire.junit4.JUnit4Provider.execute(JUnit4Provider.java:316)
	at org.apache.maven.surefire.junit4.JUnit4Provider.executeWithRerun(JUnit4Provider.java:240)
	at org.apache.maven.surefire.junit4.JUnit4Provider.executeTestSet(JUnit4Provider.java:214)
	at org.apache.maven.surefire.junit4.JUnit4Provider.invoke(JUnit4Provider.java:155)
	at org.apache.maven.surefire.booter.ForkedBooter.runSuitesInProcess(ForkedBooter.java:385)
	at org.apache.maven.surefire.booter.ForkedBooter.execute(ForkedBooter.java:162)
	at org.apache.maven.surefire.booter.ForkedBooter.run(ForkedBooter.java:507)
	at org.apache.maven.surefire.booter.ForkedBooter.main(ForkedBooter.java:495)
Caused by: java.io.IOException: Error while instrumenting sun/security/pkcs11/SunPKCS11.
	at org.jacoco.agent.rt.internal_f3994fa.core.instr.Instrumenter.instrumentError(Instrumenter.java:160)
	at org.jacoco.agent.rt.internal_f3994fa.core.instr.Instrumenter.instrument(Instrumenter.java:110)
	at org.jacoco.agent.rt.internal_f3994fa.CoverageTransformer.transform(CoverageTransformer.java:92)
	... 77 more
Caused by: java.lang.IllegalArgumentException: Unsupported class file major version 65
	at org.jacoco.agent.rt.internal_f3994fa.asm.ClassReader.<init>(ClassReader.java:196)
	at org.jacoco.agent.rt.internal_f3994fa.asm.ClassReader.<init>(ClassReader.java:177)
	at org.jacoco.agent.rt.internal_f3994fa.asm.ClassReader.<init>(ClassReader.java:163)
	at org.jacoco.agent.rt.internal_f3994fa.core.internal.instr.InstrSupport.classReaderFor(InstrSupport.java:280)
	at org.jacoco.agent.rt.internal_f3994fa.core.instr.Instrumenter.instrument(Instrumenter.java:76)
	at org.jacoco.agent.rt.internal_f3994fa.core.instr.Instrumenter.instrument(Instrumenter.java:108)
	... 78 more
java.lang.instrument.IllegalClassFormatException: Error while instrumenting sun/security/pkcs11/wrapper/PKCS11Exception.
	at org.jacoco.agent.rt.internal_f3994fa.CoverageTransformer.transform(CoverageTransformer.java:94)
	at java.instrument/java.lang.instrument.ClassFileTransformer.transform(ClassFileTransformer.java:244)
	at java.instrument/sun.instrument.TransformerManager.transform(TransformerManager.java:188)
	at java.instrument/sun.instrument.InstrumentationImpl.transform(InstrumentationImpl.java:610)
	at java.base/java.lang.ClassLoader.defineClass2(Native Method)
	at java.base/java.lang.ClassLoader.defineClass(ClassLoader.java:1118)
	at java.base/java.security.SecureClassLoader.defineClass(SecureClassLoader.java:182)
	at java.base/jdk.internal.loader.BuiltinClassLoader.defineClass(BuiltinClassLoader.java:821)
	at java.base/jdk.internal.loader.BuiltinClassLoader.findClassInModuleOrNull(BuiltinClassLoader.java:741)
	at java.base/jdk.internal.loader.BuiltinClassLoader.loadClassOrNull(BuiltinClassLoader.java:665)
	at java.base/jdk.internal.loader.BuiltinClassLoader.loadClass(BuiltinClassLoader.java:639)
	at java.base/java.lang.ClassLoader.loadClass(ClassLoader.java:526)
	at java.base/java.lang.Class.getDeclaredMethods0(Native Method)
	at java.base/java.lang.Class.privateGetDeclaredMethods(Class.java:3578)
	at java.base/java.lang.Class.getDeclaredPublicMethods(Class.java:2864)
	at java.base/java.lang.System$2.getDeclaredPublicMethods(System.java:2342)
	at java.base/java.util.ServiceLoader.findStaticProviderMethod(ServiceLoader.java:621)
	at java.base/java.util.ServiceLoader.loadProvider(ServiceLoader.java:885)
	at java.base/java.util.ServiceLoader$ModuleServicesLookupIterator.hasNext(ServiceLoader.java:1084)
	at java.base/java.util.ServiceLoader$2.hasNext(ServiceLoader.java:1309)
	at java.base/java.util.ServiceLoader$3.hasNext(ServiceLoader.java:1393)
	at java.base/sun.security.jca.ProviderConfig$ProviderLoader.load(ProviderConfig.java:344)
	at java.base/sun.security.jca.ProviderConfig$3.run(ProviderConfig.java:253)
	at java.base/sun.security.jca.ProviderConfig$3.run(ProviderConfig.java:247)
	at java.base/java.security.AccessController.doPrivileged(AccessController.java:319)
	at java.base/sun.security.jca.ProviderConfig.doLoadProvider(ProviderConfig.java:247)
	at java.base/sun.security.jca.ProviderConfig.getProvider(ProviderConfig.java:225)
	at java.base/sun.security.jca.ProviderList.getProvider(ProviderList.java:271)
	at java.base/sun.security.jca.ProviderList.getService(ProviderList.java:384)
	at java.base/sun.security.jca.GetInstance.getInstance(GetInstance.java:157)
	at java.base/java.security.Security.getImpl(Security.java:655)
	at java.base/java.security.AlgorithmParameters.getInstance(AlgorithmParameters.java:157)
	at java.base/sun.security.ssl.NamedGroup.<init>(NamedGroup.java:271)
	at java.base/sun.security.ssl.NamedGroup.<clinit>(NamedGroup.java:186)
	at java.base/sun.security.ssl.NamedGroup$SupportedGroups.<clinit>(NamedGroup.java:787)
	at java.base/sun.security.ssl.SSLConfiguration.<init>(SSLConfiguration.java:159)
	at java.base/sun.security.ssl.TransportContext.<init>(TransportContext.java:121)
	at java.base/sun.security.ssl.SSLSocketImpl.<init>(SSLSocketImpl.java:283)
	at java.base/sun.security.ssl.SSLSocketFactoryImpl.createSocket(SSLSocketFactoryImpl.java:108)
	at com.mysql.cj.protocol.ExportControlled.performTlsHandshake(ExportControlled.java:337)
	at com.mysql.cj.protocol.StandardSocketFactory.performTlsHandshake(StandardSocketFactory.java:191)
	at com.mysql.cj.protocol.a.NativeSocketConnection.performTlsHandshake(NativeSocketConnection.java:101)
	at com.mysql.cj.protocol.a.NativeProtocol.negotiateSSLConnection(NativeProtocol.java:370)
	at com.mysql.cj.protocol.a.NativeAuthenticationProvider.connect(NativeAuthenticationProvider.java:206)
	at com.mysql.cj.protocol.a.NativeProtocol.connect(NativeProtocol.java:1430)
	at com.mysql.cj.NativeSession.connect(NativeSession.java:134)
	at com.mysql.cj.jdbc.ConnectionImpl.connectOneTryOnly(ConnectionImpl.java:945)
	at com.mysql.cj.jdbc.ConnectionImpl.createNewIO(ConnectionImpl.java:815)
	at com.mysql.cj.jdbc.ConnectionImpl.<init>(ConnectionImpl.java:446)
	at com.mysql.cj.jdbc.ConnectionImpl.getInstance(ConnectionImpl.java:239)
	at com.mysql.cj.jdbc.NonRegisteringDriver.connect(NonRegisteringDriver.java:188)
	at java.sql/java.sql.DriverManager.getConnection(DriverManager.java:683)
	at java.sql/java.sql.DriverManager.getConnection(DriverManager.java:230)
	at dao.DBConnection.<init>(DBConnection.java:29)
	at dao.DBConnection.getInstance(DBConnection.java:43)
	at JUnit.TesteAplicacao.testReaberturaConexao(TesteAplicacao.java:59)
	at java.base/jdk.internal.reflect.DirectMethodHandleAccessor.invoke(DirectMethodHandleAccessor.java:103)
	at java.base/java.lang.reflect.Method.invoke(Method.java:580)
	at org.junit.runners.model.FrameworkMethod$1.runReflectiveCall(FrameworkMethod.java:59)
	at org.junit.internal.runners.model.ReflectiveCallable.run(ReflectiveCallable.java:12)
	at org.junit.runners.model.FrameworkMethod.invokeExplosively(FrameworkMethod.java:56)
	at org.junit.internal.runners.statements.InvokeMethod.evaluate(InvokeMethod.java:17)
	at org.junit.runners.ParentRunner$3.evaluate(ParentRunner.java:306)
	at org.junit.runners.BlockJUnit4ClassRunner$1.evaluate(BlockJUnit4ClassRunner.java:100)
	at org.junit.runners.ParentRunner.runLeaf(ParentRunner.java:366)
	at org.junit.runners.BlockJUnit4ClassRunner.runChild(BlockJUnit4ClassRunner.java:103)
	at org.junit.runners.BlockJUnit4ClassRunner.runChild(BlockJUnit4ClassRunner.java:63)
	at org.junit.runners.ParentRunner$4.run(ParentRunner.java:331)
	at org.junit.runners.ParentRunner$1.schedule(ParentRunner.java:79)
	at org.junit.runners.ParentRunner.runChildren(ParentRunner.java:329)
	at org.junit.runners.ParentRunner.access$100(ParentRunner.java:66)
	at org.junit.runners.ParentRunner$2.evaluate(ParentRunner.java:293)
	at org.junit.runners.ParentRunner$3.evaluate(ParentRunner.java:306)
	at org.junit.runners.ParentRunner.run(ParentRunner.java:413)
	at org.apache.maven.surefire.junit4.JUnit4Provider.execute(JUnit4Provider.java:316)
	at org.apache.maven.surefire.junit4.JUnit4Provider.executeWithRerun(JUnit4Provider.java:240)
	at org.apache.maven.surefire.junit4.JUnit4Provider.executeTestSet(JUnit4Provider.java:214)
	at org.apache.maven.surefire.junit4.JUnit4Provider.invoke(JUnit4Provider.java:155)
	at org.apache.maven.surefire.booter.ForkedBooter.runSuitesInProcess(ForkedBooter.java:385)
	at org.apache.maven.surefire.booter.ForkedBooter.execute(ForkedBooter.java:162)
	at org.apache.maven.surefire.booter.ForkedBooter.run(ForkedBooter.java:507)
	at org.apache.maven.surefire.booter.ForkedBooter.main(ForkedBooter.java:495)
Caused by: java.io.IOException: Error while instrumenting sun/security/pkcs11/wrapper/PKCS11Exception.
	at org.jacoco.agent.rt.internal_f3994fa.core.instr.Instrumenter.instrumentError(Instrumenter.java:160)
	at org.jacoco.agent.rt.internal_f3994fa.core.instr.Instrumenter.instrument(Instrumenter.java:110)
	at org.jacoco.agent.rt.internal_f3994fa.CoverageTransformer.transform(CoverageTransformer.java:92)
	... 81 more
Caused by: java.lang.IllegalArgumentException: Unsupported class file major version 65
	at org.jacoco.agent.rt.internal_f3994fa.asm.ClassReader.<init>(ClassReader.java:196)
	at org.jacoco.agent.rt.internal_f3994fa.asm.ClassReader.<init>(ClassReader.java:177)
	at org.jacoco.agent.rt.internal_f3994fa.asm.ClassReader.<init>(ClassReader.java:163)
	at org.jacoco.agent.rt.internal_f3994fa.core.internal.instr.InstrSupport.classReaderFor(InstrSupport.java:280)
	at org.jacoco.agent.rt.internal_f3994fa.core.instr.Instrumenter.instrument(Instrumenter.java:76)
	at org.jacoco.agent.rt.internal_f3994fa.core.instr.Instrumenter.instrument(Instrumenter.java:108)
	... 82 more
java.lang.instrument.IllegalClassFormatException: Error while instrumenting sun/security/pkcs11/SunPKCS11$Descriptor.
	at org.jacoco.agent.rt.internal_f3994fa.CoverageTransformer.transform(CoverageTransformer.java:94)
	at java.instrument/java.lang.instrument.ClassFileTransformer.transform(ClassFileTransformer.java:244)
	at java.instrument/sun.instrument.TransformerManager.transform(TransformerManager.java:188)
	at java.instrument/sun.instrument.InstrumentationImpl.transform(InstrumentationImpl.java:610)
	at java.base/java.lang.ClassLoader.defineClass2(Native Method)
	at java.base/java.lang.ClassLoader.defineClass(ClassLoader.java:1118)
	at java.base/java.security.SecureClassLoader.defineClass(SecureClassLoader.java:182)
	at java.base/jdk.internal.loader.BuiltinClassLoader.defineClass(BuiltinClassLoader.java:821)
	at java.base/jdk.internal.loader.BuiltinClassLoader.findClassInModuleOrNull(BuiltinClassLoader.java:741)
	at java.base/jdk.internal.loader.BuiltinClassLoader.loadClassOrNull(BuiltinClassLoader.java:665)
	at java.base/jdk.internal.loader.BuiltinClassLoader.loadClass(BuiltinClassLoader.java:639)
	at java.base/java.lang.ClassLoader.loadClass(ClassLoader.java:526)
	at jdk.crypto.cryptoki/sun.security.pkcs11.SunPKCS11.d(SunPKCS11.java:474)
	at jdk.crypto.cryptoki/sun.security.pkcs11.SunPKCS11.<clinit>(SunPKCS11.java:556)
	at java.base/jdk.internal.misc.Unsafe.ensureClassInitialized0(Native Method)
	at java.base/jdk.internal.misc.Unsafe.ensureClassInitialized(Unsafe.java:1160)
	at java.base/jdk.internal.reflect.MethodHandleAccessorFactory.ensureClassInitialized(MethodHandleAccessorFactory.java:300)
	at java.base/jdk.internal.reflect.MethodHandleAccessorFactory.newConstructorAccessor(MethodHandleAccessorFactory.java:103)
	at java.base/jdk.internal.reflect.ReflectionFactory.newConstructorAccessor(ReflectionFactory.java:200)
	at java.base/java.lang.reflect.Constructor.acquireConstructorAccessor(Constructor.java:549)
	at java.base/java.lang.reflect.Constructor.newInstanceWithCaller(Constructor.java:499)
	at java.base/java.lang.reflect.Constructor.newInstance(Constructor.java:486)
	at java.base/java.util.ServiceLoader$ProviderImpl.newInstance(ServiceLoader.java:789)
	at java.base/java.util.ServiceLoader$ProviderImpl.get(ServiceLoader.java:729)
	at java.base/java.util.ServiceLoader$3.next(ServiceLoader.java:1403)
	at java.base/sun.security.jca.ProviderConfig$ProviderLoader.load(ProviderConfig.java:346)
	at java.base/sun.security.jca.ProviderConfig$3.run(ProviderConfig.java:253)
	at java.base/sun.security.jca.ProviderConfig$3.run(ProviderConfig.java:247)
	at java.base/java.security.AccessController.doPrivileged(AccessController.java:319)
	at java.base/sun.security.jca.ProviderConfig.doLoadProvider(ProviderConfig.java:247)
	at java.base/sun.security.jca.ProviderConfig.getProvider(ProviderConfig.java:225)
	at java.base/sun.security.jca.ProviderList.getProvider(ProviderList.java:271)
	at java.base/sun.security.jca.ProviderList.getService(ProviderList.java:384)
	at java.base/sun.security.jca.GetInstance.getInstance(GetInstance.java:157)
	at java.base/java.security.Security.getImpl(Security.java:655)
	at java.base/java.security.AlgorithmParameters.getInstance(AlgorithmParameters.java:157)
	at java.base/sun.security.ssl.NamedGroup.<init>(NamedGroup.java:271)
	at java.base/sun.security.ssl.NamedGroup.<clinit>(NamedGroup.java:186)
	at java.base/sun.security.ssl.NamedGroup$SupportedGroups.<clinit>(NamedGroup.java:787)
	at java.base/sun.security.ssl.SSLConfiguration.<init>(SSLConfiguration.java:159)
	at java.base/sun.security.ssl.TransportContext.<init>(TransportContext.java:121)
	at java.base/sun.security.ssl.SSLSocketImpl.<init>(SSLSocketImpl.java:283)
	at java.base/sun.security.ssl.SSLSocketFactoryImpl.createSocket(SSLSocketFactoryImpl.java:108)
	at com.mysql.cj.protocol.ExportControlled.performTlsHandshake(ExportControlled.java:337)
	at com.mysql.cj.protocol.StandardSocketFactory.performTlsHandshake(StandardSocketFactory.java:191)
	at com.mysql.cj.protocol.a.NativeSocketConnection.performTlsHandshake(NativeSocketConnection.java:101)
	at com.mysql.cj.protocol.a.NativeProtocol.negotiateSSLConnection(NativeProtocol.java:370)
	at com.mysql.cj.protocol.a.NativeAuthenticationProvider.connect(NativeAuthenticationProvider.java:206)
	at com.mysql.cj.protocol.a.NativeProtocol.connect(NativeProtocol.java:1430)
	at com.mysql.cj.NativeSession.connect(NativeSession.java:134)
	at com.mysql.cj.jdbc.ConnectionImpl.connectOneTryOnly(ConnectionImpl.java:945)
	at com.mysql.cj.jdbc.ConnectionImpl.createNewIO(ConnectionImpl.java:815)
	at com.mysql.cj.jdbc.ConnectionImpl.<init>(ConnectionImpl.java:446)
	at com.mysql.cj.jdbc.ConnectionImpl.getInstance(ConnectionImpl.java:239)
	at com.mysql.cj.jdbc.NonRegisteringDriver.connect(NonRegisteringDriver.java:188)
	at java.sql/java.sql.DriverManager.getConnection(DriverManager.java:683)
	at java.sql/java.sql.DriverManager.getConnection(DriverManager.java:230)
	at dao.DBConnection.<init>(DBConnection.java:29)
	at dao.DBConnection.getInstance(DBConnection.java:43)
	at JUnit.TesteAplicacao.testReaberturaConexao(TesteAplicacao.java:59)
	at java.base/jdk.internal.reflect.DirectMethodHandleAccessor.invoke(DirectMethodHandleAccessor.java:103)
	at java.base/java.lang.reflect.Method.invoke(Method.java:580)
	at org.junit.runners.model.FrameworkMethod$1.runReflectiveCall(FrameworkMethod.java:59)
	at org.junit.internal.runners.model.ReflectiveCallable.run(ReflectiveCallable.java:12)
	at org.junit.runners.model.FrameworkMethod.invokeExplosively(FrameworkMethod.java:56)
	at org.junit.internal.runners.statements.InvokeMethod.evaluate(InvokeMethod.java:17)
	at org.junit.runners.ParentRunner$3.evaluate(ParentRunner.java:306)
	at org.junit.runners.BlockJUnit4ClassRunner$1.evaluate(BlockJUnit4ClassRunner.java:100)
	at org.junit.runners.ParentRunner.runLeaf(ParentRunner.java:366)
	at org.junit.runners.BlockJUnit4ClassRunner.runChild(BlockJUnit4ClassRunner.java:103)
	at org.junit.runners.BlockJUnit4ClassRunner.runChild(BlockJUnit4ClassRunner.java:63)
	at org.junit.runners.ParentRunner$4.run(ParentRunner.java:331)
	at org.junit.runners.ParentRunner$1.schedule(ParentRunner.java:79)
	at org.junit.runners.ParentRunner.runChildren(ParentRunner.java:329)
	at org.junit.runners.ParentRunner.access$100(ParentRunner.java:66)
	at org.junit.runners.ParentRunner$2.evaluate(ParentRunner.java:293)
	at org.junit.runners.ParentRunner$3.evaluate(ParentRunner.java:306)
	at org.junit.runners.ParentRunner.run(ParentRunner.java:413)
	at org.apache.maven.surefire.junit4.JUnit4Provider.execute(JUnit4Provider.java:316)
	at org.apache.maven.surefire.junit4.JUnit4Provider.executeWithRerun(JUnit4Provider.java:240)
	at org.apache.maven.surefire.junit4.JUnit4Provider.executeTestSet(JUnit4Provider.java:214)
	at org.apache.maven.surefire.junit4.JUnit4Provider.invoke(JUnit4Provider.java:155)
	at org.apache.maven.surefire.booter.ForkedBooter.runSuitesInProcess(ForkedBooter.java:385)
	at org.apache.maven.surefire.booter.ForkedBooter.execute(ForkedBooter.java:162)
	at org.apache.maven.surefire.booter.ForkedBooter.run(ForkedBooter.java:507)
	at org.apache.maven.surefire.booter.ForkedBooter.main(ForkedBooter.java:495)
Caused by: java.io.IOException: Error while instrumenting sun/security/pkcs11/SunPKCS11$Descriptor.
	at org.jacoco.agent.rt.internal_f3994fa.core.instr.Instrumenter.instrumentError(Instrumenter.java:160)
	at org.jacoco.agent.rt.internal_f3994fa.core.instr.Instrumenter.instrument(Instrumenter.java:110)
	at org.jacoco.agent.rt.internal_f3994fa.CoverageTransformer.transform(CoverageTransformer.java:92)
	... 85 more
Caused by: java.lang.IllegalArgumentException: Unsupported class file major version 65
	at org.jacoco.agent.rt.internal_f3994fa.asm.ClassReader.<init>(ClassReader.java:196)
	at org.jacoco.agent.rt.internal_f3994fa.asm.ClassReader.<init>(ClassReader.java:177)
	at org.jacoco.agent.rt.internal_f3994fa.asm.ClassReader.<init>(ClassReader.java:163)
	at org.jacoco.agent.rt.internal_f3994fa.core.internal.instr.InstrSupport.classReaderFor(InstrSupport.java:280)
	at org.jacoco.agent.rt.internal_f3994fa.core.instr.Instrumenter.instrument(Instrumenter.java:76)
	at org.jacoco.agent.rt.internal_f3994fa.core.instr.Instrumenter.instrument(Instrumenter.java:108)
	... 86 more
java.lang.instrument.IllegalClassFormatException: Error while instrumenting sun/security/mscapi/SunMSCAPI.
	at org.jacoco.agent.rt.internal_f3994fa.CoverageTransformer.transform(CoverageTransformer.java:94)
	at java.instrument/java.lang.instrument.ClassFileTransformer.transform(ClassFileTransformer.java:244)
	at java.instrument/sun.instrument.TransformerManager.transform(TransformerManager.java:188)
	at java.instrument/sun.instrument.InstrumentationImpl.transform(InstrumentationImpl.java:610)
	at java.base/java.lang.ClassLoader.defineClass2(Native Method)
	at java.base/java.lang.ClassLoader.defineClass(ClassLoader.java:1118)
	at java.base/java.security.SecureClassLoader.defineClass(SecureClassLoader.java:182)
	at java.base/jdk.internal.loader.BuiltinClassLoader.defineClass(BuiltinClassLoader.java:821)
	at java.base/jdk.internal.loader.BuiltinClassLoader.findClassInModuleOrNull(BuiltinClassLoader.java:741)
	at java.base/jdk.internal.loader.BuiltinClassLoader.findClass(BuiltinClassLoader.java:621)
	at java.base/java.lang.ClassLoader.loadClass(ClassLoader.java:638)
	at java.base/java.lang.Class.forName(Class.java:625)
	at java.base/java.lang.Class.forName(Class.java:600)
	at java.base/java.util.ServiceLoader.loadProvider(ServiceLoader.java:859)
	at java.base/java.util.ServiceLoader$ModuleServicesLookupIterator.hasNext(ServiceLoader.java:1084)
	at java.base/java.util.ServiceLoader$2.hasNext(ServiceLoader.java:1309)
	at java.base/java.util.ServiceLoader$3.hasNext(ServiceLoader.java:1393)
	at java.base/sun.security.jca.ProviderConfig$ProviderLoader.load(ProviderConfig.java:344)
	at java.base/sun.security.jca.ProviderConfig$3.run(ProviderConfig.java:253)
	at java.base/sun.security.jca.ProviderConfig$3.run(ProviderConfig.java:247)
	at java.base/java.security.AccessController.doPrivileged(AccessController.java:319)
	at java.base/sun.security.jca.ProviderConfig.doLoadProvider(ProviderConfig.java:247)
	at java.base/sun.security.jca.ProviderConfig.getProvider(ProviderConfig.java:225)
	at java.base/sun.security.jca.ProviderList.getProvider(ProviderList.java:271)
	at java.base/sun.security.jca.ProviderList.getService(ProviderList.java:384)
	at java.base/sun.security.jca.GetInstance.getInstance(GetInstance.java:157)
	at java.base/java.security.Security.getImpl(Security.java:655)
	at java.base/java.security.AlgorithmParameters.getInstance(AlgorithmParameters.java:157)
	at java.base/sun.security.ssl.NamedGroup.<init>(NamedGroup.java:271)
	at java.base/sun.security.ssl.NamedGroup.<clinit>(NamedGroup.java:186)
	at java.base/sun.security.ssl.NamedGroup$SupportedGroups.<clinit>(NamedGroup.java:787)
	at java.base/sun.security.ssl.SSLConfiguration.<init>(SSLConfiguration.java:159)
	at java.base/sun.security.ssl.TransportContext.<init>(TransportContext.java:121)
	at java.base/sun.security.ssl.SSLSocketImpl.<init>(SSLSocketImpl.java:283)
	at java.base/sun.security.ssl.SSLSocketFactoryImpl.createSocket(SSLSocketFactoryImpl.java:108)
	at com.mysql.cj.protocol.ExportControlled.performTlsHandshake(ExportControlled.java:337)
	at com.mysql.cj.protocol.StandardSocketFactory.performTlsHandshake(StandardSocketFactory.java:191)
	at com.mysql.cj.protocol.a.NativeSocketConnection.performTlsHandshake(NativeSocketConnection.java:101)
	at com.mysql.cj.protocol.a.NativeProtocol.negotiateSSLConnection(NativeProtocol.java:370)
	at com.mysql.cj.protocol.a.NativeAuthenticationProvider.connect(NativeAuthenticationProvider.java:206)
	at com.mysql.cj.protocol.a.NativeProtocol.connect(NativeProtocol.java:1430)
	at com.mysql.cj.NativeSession.connect(NativeSession.java:134)
	at com.mysql.cj.jdbc.ConnectionImpl.connectOneTryOnly(ConnectionImpl.java:945)
	at com.mysql.cj.jdbc.ConnectionImpl.createNewIO(ConnectionImpl.java:815)
	at com.mysql.cj.jdbc.ConnectionImpl.<init>(ConnectionImpl.java:446)
	at com.mysql.cj.jdbc.ConnectionImpl.getInstance(ConnectionImpl.java:239)
	at com.mysql.cj.jdbc.NonRegisteringDriver.connect(NonRegisteringDriver.java:188)
	at java.sql/java.sql.DriverManager.getConnection(DriverManager.java:683)
	at java.sql/java.sql.DriverManager.getConnection(DriverManager.java:230)
	at dao.DBConnection.<init>(DBConnection.java:29)
	at dao.DBConnection.getInstance(DBConnection.java:43)
	at JUnit.TesteAplicacao.testReaberturaConexao(TesteAplicacao.java:59)
	at java.base/jdk.internal.reflect.DirectMethodHandleAccessor.invoke(DirectMethodHandleAccessor.java:103)
	at java.base/java.lang.reflect.Method.invoke(Method.java:580)
	at org.junit.runners.model.FrameworkMethod$1.runReflectiveCall(FrameworkMethod.java:59)
	at org.junit.internal.runners.model.ReflectiveCallable.run(ReflectiveCallable.java:12)
	at org.junit.runners.model.FrameworkMethod.invokeExplosively(FrameworkMethod.java:56)
	at org.junit.internal.runners.statements.InvokeMethod.evaluate(InvokeMethod.java:17)
	at org.junit.runners.ParentRunner$3.evaluate(ParentRunner.java:306)
	at org.junit.runners.BlockJUnit4ClassRunner$1.evaluate(BlockJUnit4ClassRunner.java:100)
	at org.junit.runners.ParentRunner.runLeaf(ParentRunner.java:366)
	at org.junit.runners.BlockJUnit4ClassRunner.runChild(BlockJUnit4ClassRunner.java:103)
	at org.junit.runners.BlockJUnit4ClassRunner.runChild(BlockJUnit4ClassRunner.java:63)
	at org.junit.runners.ParentRunner$4.run(ParentRunner.java:331)
	at org.junit.runners.ParentRunner$1.schedule(ParentRunner.java:79)
	at org.junit.runners.ParentRunner.runChildren(ParentRunner.java:329)
	at org.junit.runners.ParentRunner.access$100(ParentRunner.java:66)
	at org.junit.runners.ParentRunner$2.evaluate(ParentRunner.java:293)
	at org.junit.runners.ParentRunner$3.evaluate(ParentRunner.java:306)
	at org.junit.runners.ParentRunner.run(ParentRunner.java:413)
	at org.apache.maven.surefire.junit4.JUnit4Provider.execute(JUnit4Provider.java:316)
	at org.apache.maven.surefire.junit4.JUnit4Provider.executeWithRerun(JUnit4Provider.java:240)
	at org.apache.maven.surefire.junit4.JUnit4Provider.executeTestSet(JUnit4Provider.java:214)
	at org.apache.maven.surefire.junit4.JUnit4Provider.invoke(JUnit4Provider.java:155)
	at org.apache.maven.surefire.booter.ForkedBooter.runSuitesInProcess(ForkedBooter.java:385)
	at org.apache.maven.surefire.booter.ForkedBooter.execute(ForkedBooter.java:162)
	at org.apache.maven.surefire.booter.ForkedBooter.run(ForkedBooter.java:507)
	at org.apache.maven.surefire.booter.ForkedBooter.main(ForkedBooter.java:495)
Caused by: java.io.IOException: Error while instrumenting sun/security/mscapi/SunMSCAPI.
	at org.jacoco.agent.rt.internal_f3994fa.core.instr.Instrumenter.instrumentError(Instrumenter.java:160)
	at org.jacoco.agent.rt.internal_f3994fa.core.instr.Instrumenter.instrument(Instrumenter.java:110)
	at org.jacoco.agent.rt.internal_f3994fa.CoverageTransformer.transform(CoverageTransformer.java:92)
	... 77 more
Caused by: java.lang.IllegalArgumentException: Unsupported class file major version 65
	at org.jacoco.agent.rt.internal_f3994fa.asm.ClassReader.<init>(ClassReader.java:196)
	at org.jacoco.agent.rt.internal_f3994fa.asm.ClassReader.<init>(ClassReader.java:177)
	at org.jacoco.agent.rt.internal_f3994fa.asm.ClassReader.<init>(ClassReader.java:163)
	at org.jacoco.agent.rt.internal_f3994fa.core.internal.instr.InstrSupport.classReaderFor(InstrSupport.java:280)
	at org.jacoco.agent.rt.internal_f3994fa.core.instr.Instrumenter.instrument(Instrumenter.java:76)
	at org.jacoco.agent.rt.internal_f3994fa.core.instr.Instrumenter.instrument(Instrumenter.java:108)
	... 78 more
java.lang.instrument.IllegalClassFormatException: Error while instrumenting sun/security/mscapi/SunMSCAPI$1.
	at org.jacoco.agent.rt.internal_f3994fa.CoverageTransformer.transform(CoverageTransformer.java:94)
	at java.instrument/java.lang.instrument.ClassFileTransformer.transform(ClassFileTransformer.java:244)
	at java.instrument/sun.instrument.TransformerManager.transform(TransformerManager.java:188)
	at java.instrument/sun.instrument.InstrumentationImpl.transform(InstrumentationImpl.java:610)
	at java.base/java.lang.ClassLoader.defineClass2(Native Method)
	at java.base/java.lang.ClassLoader.defineClass(ClassLoader.java:1118)
	at java.base/java.security.SecureClassLoader.defineClass(SecureClassLoader.java:182)
	at java.base/jdk.internal.loader.BuiltinClassLoader.defineClass(BuiltinClassLoader.java:821)
	at java.base/jdk.internal.loader.BuiltinClassLoader.findClassInModuleOrNull(BuiltinClassLoader.java:741)
	at java.base/jdk.internal.loader.BuiltinClassLoader.loadClassOrNull(BuiltinClassLoader.java:665)
	at java.base/jdk.internal.loader.BuiltinClassLoader.loadClass(BuiltinClassLoader.java:639)
	at java.base/java.lang.ClassLoader.loadClass(ClassLoader.java:526)
	at jdk.crypto.mscapi/sun.security.mscapi.SunMSCAPI.<clinit>(SunMSCAPI.java:54)
	at java.base/jdk.internal.misc.Unsafe.ensureClassInitialized0(Native Method)
	at java.base/jdk.internal.misc.Unsafe.ensureClassInitialized(Unsafe.java:1160)
	at java.base/jdk.internal.reflect.MethodHandleAccessorFactory.ensureClassInitialized(MethodHandleAccessorFactory.java:300)
	at java.base/jdk.internal.reflect.MethodHandleAccessorFactory.newConstructorAccessor(MethodHandleAccessorFactory.java:103)
	at java.base/jdk.internal.reflect.ReflectionFactory.newConstructorAccessor(ReflectionFactory.java:200)
	at java.base/java.lang.reflect.Constructor.acquireConstructorAccessor(Constructor.java:549)
	at java.base/java.lang.reflect.Constructor.newInstanceWithCaller(Constructor.java:499)
	at java.base/java.lang.reflect.Constructor.newInstance(Constructor.java:486)
	at java.base/java.util.ServiceLoader$ProviderImpl.newInstance(ServiceLoader.java:789)
	at java.base/java.util.ServiceLoader$ProviderImpl.get(ServiceLoader.java:729)
	at java.base/java.util.ServiceLoader$3.next(ServiceLoader.java:1403)
	at java.base/sun.security.jca.ProviderConfig$ProviderLoader.load(ProviderConfig.java:346)
	at java.base/sun.security.jca.ProviderConfig$3.run(ProviderConfig.java:253)
	at java.base/sun.security.jca.ProviderConfig$3.run(ProviderConfig.java:247)
	at java.base/java.security.AccessController.doPrivileged(AccessController.java:319)
	at java.base/sun.security.jca.ProviderConfig.doLoadProvider(ProviderConfig.java:247)
	at java.base/sun.security.jca.ProviderConfig.getProvider(ProviderConfig.java:225)
	at java.base/sun.security.jca.ProviderList.getProvider(ProviderList.java:271)
	at java.base/sun.security.jca.ProviderList.getService(ProviderList.java:384)
	at java.base/sun.security.jca.GetInstance.getInstance(GetInstance.java:157)
	at java.base/java.security.Security.getImpl(Security.java:655)
	at java.base/java.security.AlgorithmParameters.getInstance(AlgorithmParameters.java:157)
	at java.base/sun.security.ssl.NamedGroup.<init>(NamedGroup.java:271)
	at java.base/sun.security.ssl.NamedGroup.<clinit>(NamedGroup.java:186)
	at java.base/sun.security.ssl.NamedGroup$SupportedGroups.<clinit>(NamedGroup.java:787)
	at java.base/sun.security.ssl.SSLConfiguration.<init>(SSLConfiguration.java:159)
	at java.base/sun.security.ssl.TransportContext.<init>(TransportContext.java:121)
	at java.base/sun.security.ssl.SSLSocketImpl.<init>(SSLSocketImpl.java:283)
	at java.base/sun.security.ssl.SSLSocketFactoryImpl.createSocket(SSLSocketFactoryImpl.java:108)
	at com.mysql.cj.protocol.ExportControlled.performTlsHandshake(ExportControlled.java:337)
	at com.mysql.cj.protocol.StandardSocketFactory.performTlsHandshake(StandardSocketFactory.java:191)
	at com.mysql.cj.protocol.a.NativeSocketConnection.performTlsHandshake(NativeSocketConnection.java:101)
	at com.mysql.cj.protocol.a.NativeProtocol.negotiateSSLConnection(NativeProtocol.java:370)
	at com.mysql.cj.protocol.a.NativeAuthenticationProvider.connect(NativeAuthenticationProvider.java:206)
	at com.mysql.cj.protocol.a.NativeProtocol.connect(NativeProtocol.java:1430)
	at com.mysql.cj.NativeSession.connect(NativeSession.java:134)
	at com.mysql.cj.jdbc.ConnectionImpl.connectOneTryOnly(ConnectionImpl.java:945)
	at com.mysql.cj.jdbc.ConnectionImpl.createNewIO(ConnectionImpl.java:815)
	at com.mysql.cj.jdbc.ConnectionImpl.<init>(ConnectionImpl.java:446)
	at com.mysql.cj.jdbc.ConnectionImpl.getInstance(ConnectionImpl.java:239)
	at com.mysql.cj.jdbc.NonRegisteringDriver.connect(NonRegisteringDriver.java:188)
	at java.sql/java.sql.DriverManager.getConnection(DriverManager.java:683)
	at java.sql/java.sql.DriverManager.getConnection(DriverManager.java:230)
	at dao.DBConnection.<init>(DBConnection.java:29)
	at dao.DBConnection.getInstance(DBConnection.java:43)
	at JUnit.TesteAplicacao.testReaberturaConexao(TesteAplicacao.java:59)
	at java.base/jdk.internal.reflect.DirectMethodHandleAccessor.invoke(DirectMethodHandleAccessor.java:103)
	at java.base/java.lang.reflect.Method.invoke(Method.java:580)
	at org.junit.runners.model.FrameworkMethod$1.runReflectiveCall(FrameworkMethod.java:59)
	at org.junit.internal.runners.model.ReflectiveCallable.run(ReflectiveCallable.java:12)
	at org.junit.runners.model.FrameworkMethod.invokeExplosively(FrameworkMethod.java:56)
	at org.junit.internal.runners.statements.InvokeMethod.evaluate(InvokeMethod.java:17)
	at org.junit.runners.ParentRunner$3.evaluate(ParentRunner.java:306)
	at org.junit.runners.BlockJUnit4ClassRunner$1.evaluate(BlockJUnit4ClassRunner.java:100)
	at org.junit.runners.ParentRunner.runLeaf(ParentRunner.java:366)
	at org.junit.runners.BlockJUnit4ClassRunner.runChild(BlockJUnit4ClassRunner.java:103)
	at org.junit.runners.BlockJUnit4ClassRunner.runChild(BlockJUnit4ClassRunner.java:63)
	at org.junit.runners.ParentRunner$4.run(ParentRunner.java:331)
	at org.junit.runners.ParentRunner$1.schedule(ParentRunner.java:79)
	at org.junit.runners.ParentRunner.runChildren(ParentRunner.java:329)
	at org.junit.runners.ParentRunner.access$100(ParentRunner.java:66)
	at org.junit.runners.ParentRunner$2.evaluate(ParentRunner.java:293)
	at org.junit.runners.ParentRunner$3.evaluate(ParentRunner.java:306)
	at org.junit.runners.ParentRunner.run(ParentRunner.java:413)
	at org.apache.maven.surefire.junit4.JUnit4Provider.execute(JUnit4Provider.java:316)
	at org.apache.maven.surefire.junit4.JUnit4Provider.executeWithRerun(JUnit4Provider.java:240)
	at org.apache.maven.surefire.junit4.JUnit4Provider.executeTestSet(JUnit4Provider.java:214)
	at org.apache.maven.surefire.junit4.JUnit4Provider.invoke(JUnit4Provider.java:155)
	at org.apache.maven.surefire.booter.ForkedBooter.runSuitesInProcess(ForkedBooter.java:385)
	at org.apache.maven.surefire.booter.ForkedBooter.execute(ForkedBooter.java:162)
	at org.apache.maven.surefire.booter.ForkedBooter.run(ForkedBooter.java:507)
	at org.apache.maven.surefire.booter.ForkedBooter.main(ForkedBooter.java:495)
Caused by: java.io.IOException: Error while instrumenting sun/security/mscapi/SunMSCAPI$1.
	at org.jacoco.agent.rt.internal_f3994fa.core.instr.Instrumenter.instrumentError(Instrumenter.java:160)
	at org.jacoco.agent.rt.internal_f3994fa.core.instr.Instrumenter.instrument(Instrumenter.java:110)
	at org.jacoco.agent.rt.internal_f3994fa.CoverageTransformer.transform(CoverageTransformer.java:92)
	... 84 more
Caused by: java.lang.IllegalArgumentException: Unsupported class file major version 65
	at org.jacoco.agent.rt.internal_f3994fa.asm.ClassReader.<init>(ClassReader.java:196)
	at org.jacoco.agent.rt.internal_f3994fa.asm.ClassReader.<init>(ClassReader.java:177)
	at org.jacoco.agent.rt.internal_f3994fa.asm.ClassReader.<init>(ClassReader.java:163)
	at org.jacoco.agent.rt.internal_f3994fa.core.internal.instr.InstrSupport.classReaderFor(InstrSupport.java:280)
	at org.jacoco.agent.rt.internal_f3994fa.core.instr.Instrumenter.instrument(Instrumenter.java:76)
	at org.jacoco.agent.rt.internal_f3994fa.core.instr.Instrumenter.instrument(Instrumenter.java:108)
	... 85 more
java.lang.instrument.IllegalClassFormatException: Error while instrumenting sun/security/mscapi/SunMSCAPI$2.
	at org.jacoco.agent.rt.internal_f3994fa.CoverageTransformer.transform(CoverageTransformer.java:94)
	at java.instrument/java.lang.instrument.ClassFileTransformer.transform(ClassFileTransformer.java:244)
	at java.instrument/sun.instrument.TransformerManager.transform(TransformerManager.java:188)
	at java.instrument/sun.instrument.InstrumentationImpl.transform(InstrumentationImpl.java:610)
	at java.base/java.lang.ClassLoader.defineClass2(Native Method)
	at java.base/java.lang.ClassLoader.defineClass(ClassLoader.java:1118)
	at java.base/java.security.SecureClassLoader.defineClass(SecureClassLoader.java:182)
	at java.base/jdk.internal.loader.BuiltinClassLoader.defineClass(BuiltinClassLoader.java:821)
	at java.base/jdk.internal.loader.BuiltinClassLoader.findClassInModuleOrNull(BuiltinClassLoader.java:741)
	at java.base/jdk.internal.loader.BuiltinClassLoader.loadClassOrNull(BuiltinClassLoader.java:665)
	at java.base/jdk.internal.loader.BuiltinClassLoader.loadClass(BuiltinClassLoader.java:639)
	at java.base/java.lang.ClassLoader.loadClass(ClassLoader.java:526)
	at jdk.crypto.mscapi/sun.security.mscapi.SunMSCAPI.<init>(SunMSCAPI.java:156)
	at java.base/jdk.internal.reflect.DirectConstructorHandleAccessor.newInstance(DirectConstructorHandleAccessor.java:62)
	at java.base/java.lang.reflect.Constructor.newInstanceWithCaller(Constructor.java:502)
	at java.base/java.lang.reflect.Constructor.newInstance(Constructor.java:486)
	at java.base/java.util.ServiceLoader$ProviderImpl.newInstance(ServiceLoader.java:789)
	at java.base/java.util.ServiceLoader$ProviderImpl.get(ServiceLoader.java:729)
	at java.base/java.util.ServiceLoader$3.next(ServiceLoader.java:1403)
	at java.base/sun.security.jca.ProviderConfig$ProviderLoader.load(ProviderConfig.java:346)
	at java.base/sun.security.jca.ProviderConfig$3.run(ProviderConfig.java:253)
	at java.base/sun.security.jca.ProviderConfig$3.run(ProviderConfig.java:247)
	at java.base/java.security.AccessController.doPrivileged(AccessController.java:319)
	at java.base/sun.security.jca.ProviderConfig.doLoadProvider(ProviderConfig.java:247)
	at java.base/sun.security.jca.ProviderConfig.getProvider(ProviderConfig.java:225)
	at java.base/sun.security.jca.ProviderList.getProvider(ProviderList.java:271)
	at java.base/sun.security.jca.ProviderList.getService(ProviderList.java:384)
	at java.base/sun.security.jca.GetInstance.getInstance(GetInstance.java:157)
	at java.base/java.security.Security.getImpl(Security.java:655)
	at java.base/java.security.AlgorithmParameters.getInstance(AlgorithmParameters.java:157)
	at java.base/sun.security.ssl.NamedGroup.<init>(NamedGroup.java:271)
	at java.base/sun.security.ssl.NamedGroup.<clinit>(NamedGroup.java:186)
	at java.base/sun.security.ssl.NamedGroup$SupportedGroups.<clinit>(NamedGroup.java:787)
	at java.base/sun.security.ssl.SSLConfiguration.<init>(SSLConfiguration.java:159)
	at java.base/sun.security.ssl.TransportContext.<init>(TransportContext.java:121)
	at java.base/sun.security.ssl.SSLSocketImpl.<init>(SSLSocketImpl.java:283)
	at java.base/sun.security.ssl.SSLSocketFactoryImpl.createSocket(SSLSocketFactoryImpl.java:108)
	at com.mysql.cj.protocol.ExportControlled.performTlsHandshake(ExportControlled.java:337)
	at com.mysql.cj.protocol.StandardSocketFactory.performTlsHandshake(StandardSocketFactory.java:191)
	at com.mysql.cj.protocol.a.NativeSocketConnection.performTlsHandshake(NativeSocketConnection.java:101)
	at com.mysql.cj.protocol.a.NativeProtocol.negotiateSSLConnection(NativeProtocol.java:370)
	at com.mysql.cj.protocol.a.NativeAuthenticationProvider.connect(NativeAuthenticationProvider.java:206)
	at com.mysql.cj.protocol.a.NativeProtocol.connect(NativeProtocol.java:1430)
	at com.mysql.cj.NativeSession.connect(NativeSession.java:134)
	at com.mysql.cj.jdbc.ConnectionImpl.connectOneTryOnly(ConnectionImpl.java:945)
	at com.mysql.cj.jdbc.ConnectionImpl.createNewIO(ConnectionImpl.java:815)
	at com.mysql.cj.jdbc.ConnectionImpl.<init>(ConnectionImpl.java:446)
	at com.mysql.cj.jdbc.ConnectionImpl.getInstance(ConnectionImpl.java:239)
	at com.mysql.cj.jdbc.NonRegisteringDriver.connect(NonRegisteringDriver.java:188)
	at java.sql/java.sql.DriverManager.getConnection(DriverManager.java:683)
	at java.sql/java.sql.DriverManager.getConnection(DriverManager.java:230)
	at dao.DBConnection.<init>(DBConnection.java:29)
	at dao.DBConnection.getInstance(DBConnection.java:43)
	at JUnit.TesteAplicacao.testReaberturaConexao(TesteAplicacao.java:59)
	at java.base/jdk.internal.reflect.DirectMethodHandleAccessor.invoke(DirectMethodHandleAccessor.java:103)
	at java.base/java.lang.reflect.Method.invoke(Method.java:580)
	at org.junit.runners.model.FrameworkMethod$1.runReflectiveCall(FrameworkMethod.java:59)
	at org.junit.internal.runners.model.ReflectiveCallable.run(ReflectiveCallable.java:12)
	at org.junit.runners.model.FrameworkMethod.invokeExplosively(FrameworkMethod.java:56)
	at org.junit.internal.runners.statements.InvokeMethod.evaluate(InvokeMethod.java:17)
	at org.junit.runners.ParentRunner$3.evaluate(ParentRunner.java:306)
	at org.junit.runners.BlockJUnit4ClassRunner$1.evaluate(BlockJUnit4ClassRunner.java:100)
	at org.junit.runners.ParentRunner.runLeaf(ParentRunner.java:366)
	at org.junit.runners.BlockJUnit4ClassRunner.runChild(BlockJUnit4ClassRunner.java:103)
	at org.junit.runners.BlockJUnit4ClassRunner.runChild(BlockJUnit4ClassRunner.java:63)
	at org.junit.runners.ParentRunner$4.run(ParentRunner.java:331)
	at org.junit.runners.ParentRunner$1.schedule(ParentRunner.java:79)
	at org.junit.runners.ParentRunner.runChildren(ParentRunner.java:329)
	at org.junit.runners.ParentRunner.access$100(ParentRunner.java:66)
	at org.junit.runners.ParentRunner$2.evaluate(ParentRunner.java:293)
	at org.junit.runners.ParentRunner$3.evaluate(ParentRunner.java:306)
	at org.junit.runners.ParentRunner.run(ParentRunner.java:413)
	at org.apache.maven.surefire.junit4.JUnit4Provider.execute(JUnit4Provider.java:316)
	at org.apache.maven.surefire.junit4.JUnit4Provider.executeWithRerun(JUnit4Provider.java:240)
	at org.apache.maven.surefire.junit4.JUnit4Provider.executeTestSet(JUnit4Provider.java:214)
	at org.apache.maven.surefire.junit4.JUnit4Provider.invoke(JUnit4Provider.java:155)
	at org.apache.maven.surefire.booter.ForkedBooter.runSuitesInProcess(ForkedBooter.java:385)
	at org.apache.maven.surefire.booter.ForkedBooter.execute(ForkedBooter.java:162)
	at org.apache.maven.surefire.booter.ForkedBooter.run(ForkedBooter.java:507)
	at org.apache.maven.surefire.booter.ForkedBooter.main(ForkedBooter.java:495)
Caused by: java.io.IOException: Error while instrumenting sun/security/mscapi/SunMSCAPI$2.
	at org.jacoco.agent.rt.internal_f3994fa.core.instr.Instrumenter.instrumentError(Instrumenter.java:160)
	at org.jacoco.agent.rt.internal_f3994fa.core.instr.Instrumenter.instrument(Instrumenter.java:110)
	at org.jacoco.agent.rt.internal_f3994fa.CoverageTransformer.transform(CoverageTransformer.java:92)
	... 79 more
Caused by: java.lang.IllegalArgumentException: Unsupported class file major version 65
	at org.jacoco.agent.rt.internal_f3994fa.asm.ClassReader.<init>(ClassReader.java:196)
	at org.jacoco.agent.rt.internal_f3994fa.asm.ClassReader.<init>(ClassReader.java:177)
	at org.jacoco.agent.rt.internal_f3994fa.asm.ClassReader.<init>(ClassReader.java:163)
	at org.jacoco.agent.rt.internal_f3994fa.core.internal.instr.InstrSupport.classReaderFor(InstrSupport.java:280)
	at org.jacoco.agent.rt.internal_f3994fa.core.instr.Instrumenter.instrument(Instrumenter.java:76)
	at org.jacoco.agent.rt.internal_f3994fa.core.instr.Instrumenter.instrument(Instrumenter.java:108)
	... 80 more
java.lang.instrument.IllegalClassFormatException: Error while instrumenting sun/security/mscapi/SunMSCAPI$ProviderService.
	at org.jacoco.agent.rt.internal_f3994fa.CoverageTransformer.transform(CoverageTransformer.java:94)
	at java.instrument/java.lang.instrument.ClassFileTransformer.transform(ClassFileTransformer.java:244)
	at java.instrument/sun.instrument.TransformerManager.transform(TransformerManager.java:188)
	at java.instrument/sun.instrument.InstrumentationImpl.transform(InstrumentationImpl.java:610)
	at java.base/java.lang.ClassLoader.defineClass2(Native Method)
	at java.base/java.lang.ClassLoader.defineClass(ClassLoader.java:1118)
	at java.base/java.security.SecureClassLoader.defineClass(SecureClassLoader.java:182)
	at java.base/jdk.internal.loader.BuiltinClassLoader.defineClass(BuiltinClassLoader.java:821)
	at java.base/jdk.internal.loader.BuiltinClassLoader.findClassInModuleOrNull(BuiltinClassLoader.java:741)
	at java.base/jdk.internal.loader.BuiltinClassLoader.loadClassOrNull(BuiltinClassLoader.java:665)
	at java.base/jdk.internal.loader.BuiltinClassLoader.loadClass(BuiltinClassLoader.java:639)
	at java.base/java.lang.ClassLoader.loadClass(ClassLoader.java:526)
	at jdk.crypto.mscapi/sun.security.mscapi.SunMSCAPI.<init>(SunMSCAPI.java:156)
	at java.base/jdk.internal.reflect.DirectConstructorHandleAccessor.newInstance(DirectConstructorHandleAccessor.java:62)
	at java.base/java.lang.reflect.Constructor.newInstanceWithCaller(Constructor.java:502)
	at java.base/java.lang.reflect.Constructor.newInstance(Constructor.java:486)
	at java.base/java.util.ServiceLoader$ProviderImpl.newInstance(ServiceLoader.java:789)
	at java.base/java.util.ServiceLoader$ProviderImpl.get(ServiceLoader.java:729)
	at java.base/java.util.ServiceLoader$3.next(ServiceLoader.java:1403)
	at java.base/sun.security.jca.ProviderConfig$ProviderLoader.load(ProviderConfig.java:346)
	at java.base/sun.security.jca.ProviderConfig$3.run(ProviderConfig.java:253)
	at java.base/sun.security.jca.ProviderConfig$3.run(ProviderConfig.java:247)
	at java.base/java.security.AccessController.doPrivileged(AccessController.java:319)
	at java.base/sun.security.jca.ProviderConfig.doLoadProvider(ProviderConfig.java:247)
	at java.base/sun.security.jca.ProviderConfig.getProvider(ProviderConfig.java:225)
	at java.base/sun.security.jca.ProviderList.getProvider(ProviderList.java:271)
	at java.base/sun.security.jca.ProviderList.getService(ProviderList.java:384)
	at java.base/sun.security.jca.GetInstance.getInstance(GetInstance.java:157)
	at java.base/java.security.Security.getImpl(Security.java:655)
	at java.base/java.security.AlgorithmParameters.getInstance(AlgorithmParameters.java:157)
	at java.base/sun.security.ssl.NamedGroup.<init>(NamedGroup.java:271)
	at java.base/sun.security.ssl.NamedGroup.<clinit>(NamedGroup.java:186)
	at java.base/sun.security.ssl.NamedGroup$SupportedGroups.<clinit>(NamedGroup.java:787)
	at java.base/sun.security.ssl.SSLConfiguration.<init>(SSLConfiguration.java:159)
	at java.base/sun.security.ssl.TransportContext.<init>(TransportContext.java:121)
	at java.base/sun.security.ssl.SSLSocketImpl.<init>(SSLSocketImpl.java:283)
	at java.base/sun.security.ssl.SSLSocketFactoryImpl.createSocket(SSLSocketFactoryImpl.java:108)
	at com.mysql.cj.protocol.ExportControlled.performTlsHandshake(ExportControlled.java:337)
	at com.mysql.cj.protocol.StandardSocketFactory.performTlsHandshake(StandardSocketFactory.java:191)
	at com.mysql.cj.protocol.a.NativeSocketConnection.performTlsHandshake(NativeSocketConnection.java:101)
	at com.mysql.cj.protocol.a.NativeProtocol.negotiateSSLConnection(NativeProtocol.java:370)
	at com.mysql.cj.protocol.a.NativeAuthenticationProvider.connect(NativeAuthenticationProvider.java:206)
	at com.mysql.cj.protocol.a.NativeProtocol.connect(NativeProtocol.java:1430)
	at com.mysql.cj.NativeSession.connect(NativeSession.java:134)
	at com.mysql.cj.jdbc.ConnectionImpl.connectOneTryOnly(ConnectionImpl.java:945)
	at com.mysql.cj.jdbc.ConnectionImpl.createNewIO(ConnectionImpl.java:815)
	at com.mysql.cj.jdbc.ConnectionImpl.<init>(ConnectionImpl.java:446)
	at com.mysql.cj.jdbc.ConnectionImpl.getInstance(ConnectionImpl.java:239)
	at com.mysql.cj.jdbc.NonRegisteringDriver.connect(NonRegisteringDriver.java:188)
	at java.sql/java.sql.DriverManager.getConnection(DriverManager.java:683)
	at java.sql/java.sql.DriverManager.getConnection(DriverManager.java:230)
	at dao.DBConnection.<init>(DBConnection.java:29)
	at dao.DBConnection.getInstance(DBConnection.java:43)
	at JUnit.TesteAplicacao.testReaberturaConexao(TesteAplicacao.java:59)
	at java.base/jdk.internal.reflect.DirectMethodHandleAccessor.invoke(DirectMethodHandleAccessor.java:103)
	at java.base/java.lang.reflect.Method.invoke(Method.java:580)
	at org.junit.runners.model.FrameworkMethod$1.runReflectiveCall(FrameworkMethod.java:59)
	at org.junit.internal.runners.model.ReflectiveCallable.run(ReflectiveCallable.java:12)
	at org.junit.runners.model.FrameworkMethod.invokeExplosively(FrameworkMethod.java:56)
	at org.junit.internal.runners.statements.InvokeMethod.evaluate(InvokeMethod.java:17)
	at org.junit.runners.ParentRunner$3.evaluate(ParentRunner.java:306)
	at org.junit.runners.BlockJUnit4ClassRunner$1.evaluate(BlockJUnit4ClassRunner.java:100)
	at org.junit.runners.ParentRunner.runLeaf(ParentRunner.java:366)
	at org.junit.runners.BlockJUnit4ClassRunner.runChild(BlockJUnit4ClassRunner.java:103)
	at org.junit.runners.BlockJUnit4ClassRunner.runChild(BlockJUnit4ClassRunner.java:63)
	at org.junit.runners.ParentRunner$4.run(ParentRunner.java:331)
	at org.junit.runners.ParentRunner$1.schedule(ParentRunner.java:79)
	at org.junit.runners.ParentRunner.runChildren(ParentRunner.java:329)
	at org.junit.runners.ParentRunner.access$100(ParentRunner.java:66)
	at org.junit.runners.ParentRunner$2.evaluate(ParentRunner.java:293)
	at org.junit.runners.ParentRunner$3.evaluate(ParentRunner.java:306)
	at org.junit.runners.ParentRunner.run(ParentRunner.java:413)
	at org.apache.maven.surefire.junit4.JUnit4Provider.execute(JUnit4Provider.java:316)
	at org.apache.maven.surefire.junit4.JUnit4Provider.executeWithRerun(JUnit4Provider.java:240)
	at org.apache.maven.surefire.junit4.JUnit4Provider.executeTestSet(JUnit4Provider.java:214)
	at org.apache.maven.surefire.junit4.JUnit4Provider.invoke(JUnit4Provider.java:155)
	at org.apache.maven.surefire.booter.ForkedBooter.runSuitesInProcess(ForkedBooter.java:385)
	at org.apache.maven.surefire.booter.ForkedBooter.execute(ForkedBooter.java:162)
	at org.apache.maven.surefire.booter.ForkedBooter.run(ForkedBooter.java:507)
	at org.apache.maven.surefire.booter.ForkedBooter.main(ForkedBooter.java:495)
Caused by: java.io.IOException: Error while instrumenting sun/security/mscapi/SunMSCAPI$ProviderService.
	at org.jacoco.agent.rt.internal_f3994fa.core.instr.Instrumenter.instrumentError(Instrumenter.java:160)
	at org.jacoco.agent.rt.internal_f3994fa.core.instr.Instrumenter.instrument(Instrumenter.java:110)
	at org.jacoco.agent.rt.internal_f3994fa.CoverageTransformer.transform(CoverageTransformer.java:92)
	... 79 more
Caused by: java.lang.IllegalArgumentException: Unsupported class file major version 65
	at org.jacoco.agent.rt.internal_f3994fa.asm.ClassReader.<init>(ClassReader.java:196)
	at org.jacoco.agent.rt.internal_f3994fa.asm.ClassReader.<init>(ClassReader.java:177)
	at org.jacoco.agent.rt.internal_f3994fa.asm.ClassReader.<init>(ClassReader.java:163)
	at org.jacoco.agent.rt.internal_f3994fa.core.internal.instr.InstrSupport.classReaderFor(InstrSupport.java:280)
	at org.jacoco.agent.rt.internal_f3994fa.core.instr.Instrumenter.instrument(Instrumenter.java:76)
	at org.jacoco.agent.rt.internal_f3994fa.core.instr.Instrumenter.instrument(Instrumenter.java:108)
	... 80 more
java.lang.instrument.IllegalClassFormatException: Error while instrumenting sun/security/mscapi/SunMSCAPI$ProviderServiceA.
	at org.jacoco.agent.rt.internal_f3994fa.CoverageTransformer.transform(CoverageTransformer.java:94)
	at java.instrument/java.lang.instrument.ClassFileTransformer.transform(ClassFileTransformer.java:244)
	at java.instrument/sun.instrument.TransformerManager.transform(TransformerManager.java:188)
	at java.instrument/sun.instrument.InstrumentationImpl.transform(InstrumentationImpl.java:610)
	at java.base/java.lang.ClassLoader.defineClass2(Native Method)
	at java.base/java.lang.ClassLoader.defineClass(ClassLoader.java:1118)
	at java.base/java.security.SecureClassLoader.defineClass(SecureClassLoader.java:182)
	at java.base/jdk.internal.loader.BuiltinClassLoader.defineClass(BuiltinClassLoader.java:821)
	at java.base/jdk.internal.loader.BuiltinClassLoader.findClassInModuleOrNull(BuiltinClassLoader.java:741)
	at java.base/jdk.internal.loader.BuiltinClassLoader.loadClassOrNull(BuiltinClassLoader.java:665)
	at java.base/jdk.internal.loader.BuiltinClassLoader.loadClass(BuiltinClassLoader.java:639)
	at java.base/java.lang.ClassLoader.loadClass(ClassLoader.java:526)
	at jdk.crypto.mscapi/sun.security.mscapi.SunMSCAPI.<init>(SunMSCAPI.java:156)
	at java.base/jdk.internal.reflect.DirectConstructorHandleAccessor.newInstance(DirectConstructorHandleAccessor.java:62)
	at java.base/java.lang.reflect.Constructor.newInstanceWithCaller(Constructor.java:502)
	at java.base/java.lang.reflect.Constructor.newInstance(Constructor.java:486)
	at java.base/java.util.ServiceLoader$ProviderImpl.newInstance(ServiceLoader.java:789)
	at java.base/java.util.ServiceLoader$ProviderImpl.get(ServiceLoader.java:729)
	at java.base/java.util.ServiceLoader$3.next(ServiceLoader.java:1403)
	at java.base/sun.security.jca.ProviderConfig$ProviderLoader.load(ProviderConfig.java:346)
	at java.base/sun.security.jca.ProviderConfig$3.run(ProviderConfig.java:253)
	at java.base/sun.security.jca.ProviderConfig$3.run(ProviderConfig.java:247)
	at java.base/java.security.AccessController.doPrivileged(AccessController.java:319)
	at java.base/sun.security.jca.ProviderConfig.doLoadProvider(ProviderConfig.java:247)
	at java.base/sun.security.jca.ProviderConfig.getProvider(ProviderConfig.java:225)
	at java.base/sun.security.jca.ProviderList.getProvider(ProviderList.java:271)
	at java.base/sun.security.jca.ProviderList.getService(ProviderList.java:384)
	at java.base/sun.security.jca.GetInstance.getInstance(GetInstance.java:157)
	at java.base/java.security.Security.getImpl(Security.java:655)
	at java.base/java.security.AlgorithmParameters.getInstance(AlgorithmParameters.java:157)
	at java.base/sun.security.ssl.NamedGroup.<init>(NamedGroup.java:271)
	at java.base/sun.security.ssl.NamedGroup.<clinit>(NamedGroup.java:186)
	at java.base/sun.security.ssl.NamedGroup$SupportedGroups.<clinit>(NamedGroup.java:787)
	at java.base/sun.security.ssl.SSLConfiguration.<init>(SSLConfiguration.java:159)
	at java.base/sun.security.ssl.TransportContext.<init>(TransportContext.java:121)
	at java.base/sun.security.ssl.SSLSocketImpl.<init>(SSLSocketImpl.java:283)
	at java.base/sun.security.ssl.SSLSocketFactoryImpl.createSocket(SSLSocketFactoryImpl.java:108)
	at com.mysql.cj.protocol.ExportControlled.performTlsHandshake(ExportControlled.java:337)
	at com.mysql.cj.protocol.StandardSocketFactory.performTlsHandshake(StandardSocketFactory.java:191)
	at com.mysql.cj.protocol.a.NativeSocketConnection.performTlsHandshake(NativeSocketConnection.java:101)
	at com.mysql.cj.protocol.a.NativeProtocol.negotiateSSLConnection(NativeProtocol.java:370)
	at com.mysql.cj.protocol.a.NativeAuthenticationProvider.connect(NativeAuthenticationProvider.java:206)
	at com.mysql.cj.protocol.a.NativeProtocol.connect(NativeProtocol.java:1430)
	at com.mysql.cj.NativeSession.connect(NativeSession.java:134)
	at com.mysql.cj.jdbc.ConnectionImpl.connectOneTryOnly(ConnectionImpl.java:945)
	at com.mysql.cj.jdbc.ConnectionImpl.createNewIO(ConnectionImpl.java:815)
	at com.mysql.cj.jdbc.ConnectionImpl.<init>(ConnectionImpl.java:446)
	at com.mysql.cj.jdbc.ConnectionImpl.getInstance(ConnectionImpl.java:239)
	at com.mysql.cj.jdbc.NonRegisteringDriver.connect(NonRegisteringDriver.java:188)
	at java.sql/java.sql.DriverManager.getConnection(DriverManager.java:683)
	at java.sql/java.sql.DriverManager.getConnection(DriverManager.java:230)
	at dao.DBConnection.<init>(DBConnection.java:29)
	at dao.DBConnection.getInstance(DBConnection.java:43)
	at JUnit.TesteAplicacao.testReaberturaConexao(TesteAplicacao.java:59)
	at java.base/jdk.internal.reflect.DirectMethodHandleAccessor.invoke(DirectMethodHandleAccessor.java:103)
	at java.base/java.lang.reflect.Method.invoke(Method.java:580)
	at org.junit.runners.model.FrameworkMethod$1.runReflectiveCall(FrameworkMethod.java:59)
	at org.junit.internal.runners.model.ReflectiveCallable.run(ReflectiveCallable.java:12)
	at org.junit.runners.model.FrameworkMethod.invokeExplosively(FrameworkMethod.java:56)
	at org.junit.internal.runners.statements.InvokeMethod.evaluate(InvokeMethod.java:17)
	at org.junit.runners.ParentRunner$3.evaluate(ParentRunner.java:306)
	at org.junit.runners.BlockJUnit4ClassRunner$1.evaluate(BlockJUnit4ClassRunner.java:100)
	at org.junit.runners.ParentRunner.runLeaf(ParentRunner.java:366)
	at org.junit.runners.BlockJUnit4ClassRunner.runChild(BlockJUnit4ClassRunner.java:103)
	at org.junit.runners.BlockJUnit4ClassRunner.runChild(BlockJUnit4ClassRunner.java:63)
	at org.junit.runners.ParentRunner$4.run(ParentRunner.java:331)
	at org.junit.runners.ParentRunner$1.schedule(ParentRunner.java:79)
	at org.junit.runners.ParentRunner.runChildren(ParentRunner.java:329)
	at org.junit.runners.ParentRunner.access$100(ParentRunner.java:66)
	at org.junit.runners.ParentRunner$2.evaluate(ParentRunner.java:293)
	at org.junit.runners.ParentRunner$3.evaluate(ParentRunner.java:306)
	at org.junit.runners.ParentRunner.run(ParentRunner.java:413)
	at org.apache.maven.surefire.junit4.JUnit4Provider.execute(JUnit4Provider.java:316)
	at org.apache.maven.surefire.junit4.JUnit4Provider.executeWithRerun(JUnit4Provider.java:240)
	at org.apache.maven.surefire.junit4.JUnit4Provider.executeTestSet(JUnit4Provider.java:214)
	at org.apache.maven.surefire.junit4.JUnit4Provider.invoke(JUnit4Provider.java:155)
	at org.apache.maven.surefire.booter.ForkedBooter.runSuitesInProcess(ForkedBooter.java:385)
	at org.apache.maven.surefire.booter.ForkedBooter.execute(ForkedBooter.java:162)
	at org.apache.maven.surefire.booter.ForkedBooter.run(ForkedBooter.java:507)
	at org.apache.maven.surefire.booter.ForkedBooter.main(ForkedBooter.java:495)
Caused by: java.io.IOException: Error while instrumenting sun/security/mscapi/SunMSCAPI$ProviderServiceA.
	at org.jacoco.agent.rt.internal_f3994fa.core.instr.Instrumenter.instrumentError(Instrumenter.java:160)
	at org.jacoco.agent.rt.internal_f3994fa.core.instr.Instrumenter.instrument(Instrumenter.java:110)
	at org.jacoco.agent.rt.internal_f3994fa.CoverageTransformer.transform(CoverageTransformer.java:92)
	... 79 more
Caused by: java.lang.IllegalArgumentException: Unsupported class file major version 65
	at org.jacoco.agent.rt.internal_f3994fa.asm.ClassReader.<init>(ClassReader.java:196)
	at org.jacoco.agent.rt.internal_f3994fa.asm.ClassReader.<init>(ClassReader.java:177)
	at org.jacoco.agent.rt.internal_f3994fa.asm.ClassReader.<init>(ClassReader.java:163)
	at org.jacoco.agent.rt.internal_f3994fa.core.internal.instr.InstrSupport.classReaderFor(InstrSupport.java:280)
	at org.jacoco.agent.rt.internal_f3994fa.core.instr.Instrumenter.instrument(Instrumenter.java:76)
	at org.jacoco.agent.rt.internal_f3994fa.core.instr.Instrumenter.instrument(Instrumenter.java:108)
	... 80 more
java.lang.instrument.IllegalClassFormatException: Error while instrumenting com/sun/security/sasl/gsskerb/JdkSASL.
	at org.jacoco.agent.rt.internal_f3994fa.CoverageTransformer.transform(CoverageTransformer.java:94)
	at java.instrument/java.lang.instrument.ClassFileTransformer.transform(ClassFileTransformer.java:244)
	at java.instrument/sun.instrument.TransformerManager.transform(TransformerManager.java:188)
	at java.instrument/sun.instrument.InstrumentationImpl.transform(InstrumentationImpl.java:610)
	at java.base/java.lang.ClassLoader.defineClass2(Native Method)
	at java.base/java.lang.ClassLoader.defineClass(ClassLoader.java:1118)
	at java.base/java.security.SecureClassLoader.defineClass(SecureClassLoader.java:182)
	at java.base/jdk.internal.loader.BuiltinClassLoader.defineClass(BuiltinClassLoader.java:821)
	at java.base/jdk.internal.loader.BuiltinClassLoader.findClassInModuleOrNull(BuiltinClassLoader.java:741)
	at java.base/jdk.internal.loader.BuiltinClassLoader.findClass(BuiltinClassLoader.java:621)
	at java.base/java.lang.ClassLoader.loadClass(ClassLoader.java:638)
	at java.base/java.lang.Class.forName(Class.java:625)
	at java.base/java.lang.Class.forName(Class.java:600)
	at java.base/java.util.ServiceLoader.loadProvider(ServiceLoader.java:859)
	at java.base/java.util.ServiceLoader$ModuleServicesLookupIterator.hasNext(ServiceLoader.java:1084)
	at java.base/java.util.ServiceLoader$2.hasNext(ServiceLoader.java:1309)
	at java.base/java.util.ServiceLoader$3.hasNext(ServiceLoader.java:1393)
	at java.base/sun.security.jca.ProviderConfig$ProviderLoader.load(ProviderConfig.java:344)
	at java.base/sun.security.jca.ProviderConfig$3.run(ProviderConfig.java:253)
	at java.base/sun.security.jca.ProviderConfig$3.run(ProviderConfig.java:247)
	at java.base/java.security.AccessController.doPrivileged(AccessController.java:319)
	at java.base/sun.security.jca.ProviderConfig.doLoadProvider(ProviderConfig.java:247)
	at java.base/sun.security.jca.ProviderConfig.getProvider(ProviderConfig.java:225)
	at java.base/sun.security.jca.ProviderList.getProvider(ProviderList.java:271)
	at java.base/sun.security.jca.ProviderList.getService(ProviderList.java:384)
	at java.base/sun.security.jca.GetInstance.getInstance(GetInstance.java:157)
	at java.base/java.security.Security.getImpl(Security.java:655)
	at java.base/java.security.AlgorithmParameters.getInstance(AlgorithmParameters.java:157)
	at java.base/sun.security.ssl.NamedGroup.<init>(NamedGroup.java:271)
	at java.base/sun.security.ssl.NamedGroup.<clinit>(NamedGroup.java:186)
	at java.base/sun.security.ssl.NamedGroup$SupportedGroups.<clinit>(NamedGroup.java:787)
	at java.base/sun.security.ssl.SSLConfiguration.<init>(SSLConfiguration.java:159)
	at java.base/sun.security.ssl.TransportContext.<init>(TransportContext.java:121)
	at java.base/sun.security.ssl.SSLSocketImpl.<init>(SSLSocketImpl.java:283)
	at java.base/sun.security.ssl.SSLSocketFactoryImpl.createSocket(SSLSocketFactoryImpl.java:108)
	at com.mysql.cj.protocol.ExportControlled.performTlsHandshake(ExportControlled.java:337)
	at com.mysql.cj.protocol.StandardSocketFactory.performTlsHandshake(StandardSocketFactory.java:191)
	at com.mysql.cj.protocol.a.NativeSocketConnection.performTlsHandshake(NativeSocketConnection.java:101)
	at com.mysql.cj.protocol.a.NativeProtocol.negotiateSSLConnection(NativeProtocol.java:370)
	at com.mysql.cj.protocol.a.NativeAuthenticationProvider.connect(NativeAuthenticationProvider.java:206)
	at com.mysql.cj.protocol.a.NativeProtocol.connect(NativeProtocol.java:1430)
	at com.mysql.cj.NativeSession.connect(NativeSession.java:134)
	at com.mysql.cj.jdbc.ConnectionImpl.connectOneTryOnly(ConnectionImpl.java:945)
	at com.mysql.cj.jdbc.ConnectionImpl.createNewIO(ConnectionImpl.java:815)
	at com.mysql.cj.jdbc.ConnectionImpl.<init>(ConnectionImpl.java:446)
	at com.mysql.cj.jdbc.ConnectionImpl.getInstance(ConnectionImpl.java:239)
	at com.mysql.cj.jdbc.NonRegisteringDriver.connect(NonRegisteringDriver.java:188)
	at java.sql/java.sql.DriverManager.getConnection(DriverManager.java:683)
	at java.sql/java.sql.DriverManager.getConnection(DriverManager.java:230)
	at dao.DBConnection.<init>(DBConnection.java:29)
	at dao.DBConnection.getInstance(DBConnection.java:43)
	at JUnit.TesteAplicacao.testReaberturaConexao(TesteAplicacao.java:59)
	at java.base/jdk.internal.reflect.DirectMethodHandleAccessor.invoke(DirectMethodHandleAccessor.java:103)
	at java.base/java.lang.reflect.Method.invoke(Method.java:580)
	at org.junit.runners.model.FrameworkMethod$1.runReflectiveCall(FrameworkMethod.java:59)
	at org.junit.internal.runners.model.ReflectiveCallable.run(ReflectiveCallable.java:12)
	at org.junit.runners.model.FrameworkMethod.invokeExplosively(FrameworkMethod.java:56)
	at org.junit.internal.runners.statements.InvokeMethod.evaluate(InvokeMethod.java:17)
	at org.junit.runners.ParentRunner$3.evaluate(ParentRunner.java:306)
	at org.junit.runners.BlockJUnit4ClassRunner$1.evaluate(BlockJUnit4ClassRunner.java:100)
	at org.junit.runners.ParentRunner.runLeaf(ParentRunner.java:366)
	at org.junit.runners.BlockJUnit4ClassRunner.runChild(BlockJUnit4ClassRunner.java:103)
	at org.junit.runners.BlockJUnit4ClassRunner.runChild(BlockJUnit4ClassRunner.java:63)
	at org.junit.runners.ParentRunner$4.run(ParentRunner.java:331)
	at org.junit.runners.ParentRunner$1.schedule(ParentRunner.java:79)
	at org.junit.runners.ParentRunner.runChildren(ParentRunner.java:329)
	at org.junit.runners.ParentRunner.access$100(ParentRunner.java:66)
	at org.junit.runners.ParentRunner$2.evaluate(ParentRunner.java:293)
	at org.junit.runners.ParentRunner$3.evaluate(ParentRunner.java:306)
	at org.junit.runners.ParentRunner.run(ParentRunner.java:413)
	at org.apache.maven.surefire.junit4.JUnit4Provider.execute(JUnit4Provider.java:316)
	at org.apache.maven.surefire.junit4.JUnit4Provider.executeWithRerun(JUnit4Provider.java:240)
	at org.apache.maven.surefire.junit4.JUnit4Provider.executeTestSet(JUnit4Provider.java:214)
	at org.apache.maven.surefire.junit4.JUnit4Provider.invoke(JUnit4Provider.java:155)
	at org.apache.maven.surefire.booter.ForkedBooter.runSuitesInProcess(ForkedBooter.java:385)
	at org.apache.maven.surefire.booter.ForkedBooter.execute(ForkedBooter.java:162)
	at org.apache.maven.surefire.booter.ForkedBooter.run(ForkedBooter.java:507)
	at org.apache.maven.surefire.booter.ForkedBooter.main(ForkedBooter.java:495)
Caused by: java.io.IOException: Error while instrumenting com/sun/security/sasl/gsskerb/JdkSASL.
	at org.jacoco.agent.rt.internal_f3994fa.core.instr.Instrumenter.instrumentError(Instrumenter.java:160)
	at org.jacoco.agent.rt.internal_f3994fa.core.instr.Instrumenter.instrument(Instrumenter.java:110)
	at org.jacoco.agent.rt.internal_f3994fa.CoverageTransformer.transform(CoverageTransformer.java:92)
	... 77 more
Caused by: java.lang.IllegalArgumentException: Unsupported class file major version 65
	at org.jacoco.agent.rt.internal_f3994fa.asm.ClassReader.<init>(ClassReader.java:196)
	at org.jacoco.agent.rt.internal_f3994fa.asm.ClassReader.<init>(ClassReader.java:177)
	at org.jacoco.agent.rt.internal_f3994fa.asm.ClassReader.<init>(ClassReader.java:163)
	at org.jacoco.agent.rt.internal_f3994fa.core.internal.instr.InstrSupport.classReaderFor(InstrSupport.java:280)
	at org.jacoco.agent.rt.internal_f3994fa.core.instr.Instrumenter.instrument(Instrumenter.java:76)
	at org.jacoco.agent.rt.internal_f3994fa.core.instr.Instrumenter.instrument(Instrumenter.java:108)
	... 78 more
java.lang.instrument.IllegalClassFormatException: Error while instrumenting com/sun/security/sasl/gsskerb/JdkSASL$1.
	at org.jacoco.agent.rt.internal_f3994fa.CoverageTransformer.transform(CoverageTransformer.java:94)
	at java.instrument/java.lang.instrument.ClassFileTransformer.transform(ClassFileTransformer.java:244)
	at java.instrument/sun.instrument.TransformerManager.transform(TransformerManager.java:188)
	at java.instrument/sun.instrument.InstrumentationImpl.transform(InstrumentationImpl.java:610)
	at java.base/java.lang.ClassLoader.defineClass2(Native Method)
	at java.base/java.lang.ClassLoader.defineClass(ClassLoader.java:1118)
	at java.base/java.security.SecureClassLoader.defineClass(SecureClassLoader.java:182)
	at java.base/jdk.internal.loader.BuiltinClassLoader.defineClass(BuiltinClassLoader.java:821)
	at java.base/jdk.internal.loader.BuiltinClassLoader.findClassInModuleOrNull(BuiltinClassLoader.java:741)
	at java.base/jdk.internal.loader.BuiltinClassLoader.loadClassOrNull(BuiltinClassLoader.java:665)
	at java.base/jdk.internal.loader.BuiltinClassLoader.loadClass(BuiltinClassLoader.java:639)
	at java.base/java.lang.ClassLoader.loadClass(ClassLoader.java:526)
	at jdk.security.jgss/com.sun.security.sasl.gsskerb.JdkSASL.<init>(JdkSASL.java:82)
	at java.base/jdk.internal.reflect.DirectConstructorHandleAccessor.newInstance(DirectConstructorHandleAccessor.java:62)
	at java.base/java.lang.reflect.Constructor.newInstanceWithCaller(Constructor.java:502)
	at java.base/java.lang.reflect.Constructor.newInstance(Constructor.java:486)
	at java.base/java.util.ServiceLoader$ProviderImpl.newInstance(ServiceLoader.java:789)
	at java.base/java.util.ServiceLoader$ProviderImpl.get(ServiceLoader.java:729)
	at java.base/java.util.ServiceLoader$3.next(ServiceLoader.java:1403)
	at java.base/sun.security.jca.ProviderConfig$ProviderLoader.load(ProviderConfig.java:346)
	at java.base/sun.security.jca.ProviderConfig$3.run(ProviderConfig.java:253)
	at java.base/sun.security.jca.ProviderConfig$3.run(ProviderConfig.java:247)
	at java.base/java.security.AccessController.doPrivileged(AccessController.java:319)
	at java.base/sun.security.jca.ProviderConfig.doLoadProvider(ProviderConfig.java:247)
	at java.base/sun.security.jca.ProviderConfig.getProvider(ProviderConfig.java:225)
	at java.base/sun.security.jca.ProviderList.getProvider(ProviderList.java:271)
	at java.base/sun.security.jca.ProviderList.getService(ProviderList.java:384)
	at java.base/sun.security.jca.GetInstance.getInstance(GetInstance.java:157)
	at java.base/java.security.Security.getImpl(Security.java:655)
	at java.base/java.security.AlgorithmParameters.getInstance(AlgorithmParameters.java:157)
	at java.base/sun.security.ssl.NamedGroup.<init>(NamedGroup.java:271)
	at java.base/sun.security.ssl.NamedGroup.<clinit>(NamedGroup.java:186)
	at java.base/sun.security.ssl.NamedGroup$SupportedGroups.<clinit>(NamedGroup.java:787)
	at java.base/sun.security.ssl.SSLConfiguration.<init>(SSLConfiguration.java:159)
	at java.base/sun.security.ssl.TransportContext.<init>(TransportContext.java:121)
	at java.base/sun.security.ssl.SSLSocketImpl.<init>(SSLSocketImpl.java:283)
	at java.base/sun.security.ssl.SSLSocketFactoryImpl.createSocket(SSLSocketFactoryImpl.java:108)
	at com.mysql.cj.protocol.ExportControlled.performTlsHandshake(ExportControlled.java:337)
	at com.mysql.cj.protocol.StandardSocketFactory.performTlsHandshake(StandardSocketFactory.java:191)
	at com.mysql.cj.protocol.a.NativeSocketConnection.performTlsHandshake(NativeSocketConnection.java:101)
	at com.mysql.cj.protocol.a.NativeProtocol.negotiateSSLConnection(NativeProtocol.java:370)
	at com.mysql.cj.protocol.a.NativeAuthenticationProvider.connect(NativeAuthenticationProvider.java:206)
	at com.mysql.cj.protocol.a.NativeProtocol.connect(NativeProtocol.java:1430)
	at com.mysql.cj.NativeSession.connect(NativeSession.java:134)
	at com.mysql.cj.jdbc.ConnectionImpl.connectOneTryOnly(ConnectionImpl.java:945)
	at com.mysql.cj.jdbc.ConnectionImpl.createNewIO(ConnectionImpl.java:815)
	at com.mysql.cj.jdbc.ConnectionImpl.<init>(ConnectionImpl.java:446)
	at com.mysql.cj.jdbc.ConnectionImpl.getInstance(ConnectionImpl.java:239)
	at com.mysql.cj.jdbc.NonRegisteringDriver.connect(NonRegisteringDriver.java:188)
	at java.sql/java.sql.DriverManager.getConnection(DriverManager.java:683)
	at java.sql/java.sql.DriverManager.getConnection(DriverManager.java:230)
	at dao.DBConnection.<init>(DBConnection.java:29)
	at dao.DBConnection.getInstance(DBConnection.java:43)
	at JUnit.TesteAplicacao.testReaberturaConexao(TesteAplicacao.java:59)
	at java.base/jdk.internal.reflect.DirectMethodHandleAccessor.invoke(DirectMethodHandleAccessor.java:103)
	at java.base/java.lang.reflect.Method.invoke(Method.java:580)
	at org.junit.runners.model.FrameworkMethod$1.runReflectiveCall(FrameworkMethod.java:59)
	at org.junit.internal.runners.model.ReflectiveCallable.run(ReflectiveCallable.java:12)
	at org.junit.runners.model.FrameworkMethod.invokeExplosively(FrameworkMethod.java:56)
	at org.junit.internal.runners.statements.InvokeMethod.evaluate(InvokeMethod.java:17)
	at org.junit.runners.ParentRunner$3.evaluate(ParentRunner.java:306)
	at org.junit.runners.BlockJUnit4ClassRunner$1.evaluate(BlockJUnit4ClassRunner.java:100)
	at org.junit.runners.ParentRunner.runLeaf(ParentRunner.java:366)
	at org.junit.runners.BlockJUnit4ClassRunner.runChild(BlockJUnit4ClassRunner.java:103)
	at org.junit.runners.BlockJUnit4ClassRunner.runChild(BlockJUnit4ClassRunner.java:63)
	at org.junit.runners.ParentRunner$4.run(ParentRunner.java:331)
	at org.junit.runners.ParentRunner$1.schedule(ParentRunner.java:79)
	at org.junit.runners.ParentRunner.runChildren(ParentRunner.java:329)
	at org.junit.runners.ParentRunner.access$100(ParentRunner.java:66)
	at org.junit.runners.ParentRunner$2.evaluate(ParentRunner.java:293)
	at org.junit.runners.ParentRunner$3.evaluate(ParentRunner.java:306)
	at org.junit.runners.ParentRunner.run(ParentRunner.java:413)
	at org.apache.maven.surefire.junit4.JUnit4Provider.execute(JUnit4Provider.java:316)
	at org.apache.maven.surefire.junit4.JUnit4Provider.executeWithRerun(JUnit4Provider.java:240)
	at org.apache.maven.surefire.junit4.JUnit4Provider.executeTestSet(JUnit4Provider.java:214)
	at org.apache.maven.surefire.junit4.JUnit4Provider.invoke(JUnit4Provider.java:155)
	at org.apache.maven.surefire.booter.ForkedBooter.runSuitesInProcess(ForkedBooter.java:385)
	at org.apache.maven.surefire.booter.ForkedBooter.execute(ForkedBooter.java:162)
	at org.apache.maven.surefire.booter.ForkedBooter.run(ForkedBooter.java:507)
	at org.apache.maven.surefire.booter.ForkedBooter.main(ForkedBooter.java:495)
Caused by: java.io.IOException: Error while instrumenting com/sun/security/sasl/gsskerb/JdkSASL$1.
	at org.jacoco.agent.rt.internal_f3994fa.core.instr.Instrumenter.instrumentError(Instrumenter.java:160)
	at org.jacoco.agent.rt.internal_f3994fa.core.instr.Instrumenter.instrument(Instrumenter.java:110)
	at org.jacoco.agent.rt.internal_f3994fa.CoverageTransformer.transform(CoverageTransformer.java:92)
	... 79 more
Caused by: java.lang.IllegalArgumentException: Unsupported class file major version 65
	at org.jacoco.agent.rt.internal_f3994fa.asm.ClassReader.<init>(ClassReader.java:196)
	at org.jacoco.agent.rt.internal_f3994fa.asm.ClassReader.<init>(ClassReader.java:177)
	at org.jacoco.agent.rt.internal_f3994fa.asm.ClassReader.<init>(ClassReader.java:163)
	at org.jacoco.agent.rt.internal_f3994fa.core.internal.instr.InstrSupport.classReaderFor(InstrSupport.java:280)
	at org.jacoco.agent.rt.internal_f3994fa.core.instr.Instrumenter.instrument(Instrumenter.java:76)
	at org.jacoco.agent.rt.internal_f3994fa.core.instr.Instrumenter.instrument(Instrumenter.java:108)
	... 80 more
java.lang.instrument.IllegalClassFormatException: Error while instrumenting com/sun/security/sasl/gsskerb/JdkSASL$ProviderService.
	at org.jacoco.agent.rt.internal_f3994fa.CoverageTransformer.transform(CoverageTransformer.java:94)
	at java.instrument/java.lang.instrument.ClassFileTransformer.transform(ClassFileTransformer.java:244)
	at java.instrument/sun.instrument.TransformerManager.transform(TransformerManager.java:188)
	at java.instrument/sun.instrument.InstrumentationImpl.transform(InstrumentationImpl.java:610)
	at java.base/java.lang.ClassLoader.defineClass2(Native Method)
	at java.base/java.lang.ClassLoader.defineClass(ClassLoader.java:1118)
	at java.base/java.security.SecureClassLoader.defineClass(SecureClassLoader.java:182)
	at java.base/jdk.internal.loader.BuiltinClassLoader.defineClass(BuiltinClassLoader.java:821)
	at java.base/jdk.internal.loader.BuiltinClassLoader.findClassInModuleOrNull(BuiltinClassLoader.java:741)
	at java.base/jdk.internal.loader.BuiltinClassLoader.loadClassOrNull(BuiltinClassLoader.java:665)
	at java.base/jdk.internal.loader.BuiltinClassLoader.loadClass(BuiltinClassLoader.java:639)
	at java.base/java.lang.ClassLoader.loadClass(ClassLoader.java:526)
	at jdk.security.jgss/com.sun.security.sasl.gsskerb.JdkSASL.<init>(JdkSASL.java:82)
	at java.base/jdk.internal.reflect.DirectConstructorHandleAccessor.newInstance(DirectConstructorHandleAccessor.java:62)
	at java.base/java.lang.reflect.Constructor.newInstanceWithCaller(Constructor.java:502)
	at java.base/java.lang.reflect.Constructor.newInstance(Constructor.java:486)
	at java.base/java.util.ServiceLoader$ProviderImpl.newInstance(ServiceLoader.java:789)
	at java.base/java.util.ServiceLoader$ProviderImpl.get(ServiceLoader.java:729)
	at java.base/java.util.ServiceLoader$3.next(ServiceLoader.java:1403)
	at java.base/sun.security.jca.ProviderConfig$ProviderLoader.load(ProviderConfig.java:346)
	at java.base/sun.security.jca.ProviderConfig$3.run(ProviderConfig.java:253)
	at java.base/sun.security.jca.ProviderConfig$3.run(ProviderConfig.java:247)
	at java.base/java.security.AccessController.doPrivileged(AccessController.java:319)
	at java.base/sun.security.jca.ProviderConfig.doLoadProvider(ProviderConfig.java:247)
	at java.base/sun.security.jca.ProviderConfig.getProvider(ProviderConfig.java:225)
	at java.base/sun.security.jca.ProviderList.getProvider(ProviderList.java:271)
	at java.base/sun.security.jca.ProviderList.getService(ProviderList.java:384)
	at java.base/sun.security.jca.GetInstance.getInstance(GetInstance.java:157)
	at java.base/java.security.Security.getImpl(Security.java:655)
	at java.base/java.security.AlgorithmParameters.getInstance(AlgorithmParameters.java:157)
	at java.base/sun.security.ssl.NamedGroup.<init>(NamedGroup.java:271)
	at java.base/sun.security.ssl.NamedGroup.<clinit>(NamedGroup.java:186)
	at java.base/sun.security.ssl.NamedGroup$SupportedGroups.<clinit>(NamedGroup.java:787)
	at java.base/sun.security.ssl.SSLConfiguration.<init>(SSLConfiguration.java:159)
	at java.base/sun.security.ssl.TransportContext.<init>(TransportContext.java:121)
	at java.base/sun.security.ssl.SSLSocketImpl.<init>(SSLSocketImpl.java:283)
	at java.base/sun.security.ssl.SSLSocketFactoryImpl.createSocket(SSLSocketFactoryImpl.java:108)
	at com.mysql.cj.protocol.ExportControlled.performTlsHandshake(ExportControlled.java:337)
	at com.mysql.cj.protocol.StandardSocketFactory.performTlsHandshake(StandardSocketFactory.java:191)
	at com.mysql.cj.protocol.a.NativeSocketConnection.performTlsHandshake(NativeSocketConnection.java:101)
	at com.mysql.cj.protocol.a.NativeProtocol.negotiateSSLConnection(NativeProtocol.java:370)
	at com.mysql.cj.protocol.a.NativeAuthenticationProvider.connect(NativeAuthenticationProvider.java:206)
	at com.mysql.cj.protocol.a.NativeProtocol.connect(NativeProtocol.java:1430)
	at com.mysql.cj.NativeSession.connect(NativeSession.java:134)
	at com.mysql.cj.jdbc.ConnectionImpl.connectOneTryOnly(ConnectionImpl.java:945)
	at com.mysql.cj.jdbc.ConnectionImpl.createNewIO(ConnectionImpl.java:815)
	at com.mysql.cj.jdbc.ConnectionImpl.<init>(ConnectionImpl.java:446)
	at com.mysql.cj.jdbc.ConnectionImpl.getInstance(ConnectionImpl.java:239)
	at com.mysql.cj.jdbc.NonRegisteringDriver.connect(NonRegisteringDriver.java:188)
	at java.sql/java.sql.DriverManager.getConnection(DriverManager.java:683)
	at java.sql/java.sql.DriverManager.getConnection(DriverManager.java:230)
	at dao.DBConnection.<init>(DBConnection.java:29)
	at dao.DBConnection.getInstance(DBConnection.java:43)
	at JUnit.TesteAplicacao.testReaberturaConexao(TesteAplicacao.java:59)
	at java.base/jdk.internal.reflect.DirectMethodHandleAccessor.invoke(DirectMethodHandleAccessor.java:103)
	at java.base/java.lang.reflect.Method.invoke(Method.java:580)
	at org.junit.runners.model.FrameworkMethod$1.runReflectiveCall(FrameworkMethod.java:59)
	at org.junit.internal.runners.model.ReflectiveCallable.run(ReflectiveCallable.java:12)
	at org.junit.runners.model.FrameworkMethod.invokeExplosively(FrameworkMethod.java:56)
	at org.junit.internal.runners.statements.InvokeMethod.evaluate(InvokeMethod.java:17)
	at org.junit.runners.ParentRunner$3.evaluate(ParentRunner.java:306)
	at org.junit.runners.BlockJUnit4ClassRunner$1.evaluate(BlockJUnit4ClassRunner.java:100)
	at org.junit.runners.ParentRunner.runLeaf(ParentRunner.java:366)
	at org.junit.runners.BlockJUnit4ClassRunner.runChild(BlockJUnit4ClassRunner.java:103)
	at org.junit.runners.BlockJUnit4ClassRunner.runChild(BlockJUnit4ClassRunner.java:63)
	at org.junit.runners.ParentRunner$4.run(ParentRunner.java:331)
	at org.junit.runners.ParentRunner$1.schedule(ParentRunner.java:79)
	at org.junit.runners.ParentRunner.runChildren(ParentRunner.java:329)
	at org.junit.runners.ParentRunner.access$100(ParentRunner.java:66)
	at org.junit.runners.ParentRunner$2.evaluate(ParentRunner.java:293)
	at org.junit.runners.ParentRunner$3.evaluate(ParentRunner.java:306)
	at org.junit.runners.ParentRunner.run(ParentRunner.java:413)
	at org.apache.maven.surefire.junit4.JUnit4Provider.execute(JUnit4Provider.java:316)
	at org.apache.maven.surefire.junit4.JUnit4Provider.executeWithRerun(JUnit4Provider.java:240)
	at org.apache.maven.surefire.junit4.JUnit4Provider.executeTestSet(JUnit4Provider.java:214)
	at org.apache.maven.surefire.junit4.JUnit4Provider.invoke(JUnit4Provider.java:155)
	at org.apache.maven.surefire.booter.ForkedBooter.runSuitesInProcess(ForkedBooter.java:385)
	at org.apache.maven.surefire.booter.ForkedBooter.execute(ForkedBooter.java:162)
	at org.apache.maven.surefire.booter.ForkedBooter.run(ForkedBooter.java:507)
	at org.apache.maven.surefire.booter.ForkedBooter.main(ForkedBooter.java:495)
Caused by: java.io.IOException: Error while instrumenting com/sun/security/sasl/gsskerb/JdkSASL$ProviderService.
	at org.jacoco.agent.rt.internal_f3994fa.core.instr.Instrumenter.instrumentError(Instrumenter.java:160)
	at org.jacoco.agent.rt.internal_f3994fa.core.instr.Instrumenter.instrument(Instrumenter.java:110)
	at org.jacoco.agent.rt.internal_f3994fa.CoverageTransformer.transform(CoverageTransformer.java:92)
	... 79 more
Caused by: java.lang.IllegalArgumentException: Unsupported class file major version 65
	at org.jacoco.agent.rt.internal_f3994fa.asm.ClassReader.<init>(ClassReader.java:196)
	at org.jacoco.agent.rt.internal_f3994fa.asm.ClassReader.<init>(ClassReader.java:177)
	at org.jacoco.agent.rt.internal_f3994fa.asm.ClassReader.<init>(ClassReader.java:163)
	at org.jacoco.agent.rt.internal_f3994fa.core.internal.instr.InstrSupport.classReaderFor(InstrSupport.java:280)
	at org.jacoco.agent.rt.internal_f3994fa.core.instr.Instrumenter.instrument(Instrumenter.java:76)
	at org.jacoco.agent.rt.internal_f3994fa.core.instr.Instrumenter.instrument(Instrumenter.java:108)
	... 80 more
java.lang.instrument.IllegalClassFormatException: Error while instrumenting sun/security/ec/ECDSASignature$SHA256.
	at org.jacoco.agent.rt.internal_f3994fa.CoverageTransformer.transform(CoverageTransformer.java:94)
	at java.instrument/java.lang.instrument.ClassFileTransformer.transform(ClassFileTransformer.java:244)
	at java.instrument/sun.instrument.TransformerManager.transform(TransformerManager.java:188)
	at java.instrument/sun.instrument.InstrumentationImpl.transform(InstrumentationImpl.java:610)
	at java.base/java.lang.ClassLoader.defineClass2(Native Method)
	at java.base/java.lang.ClassLoader.defineClass(ClassLoader.java:1118)
	at java.base/java.security.SecureClassLoader.defineClass(SecureClassLoader.java:182)
	at java.base/jdk.internal.loader.BuiltinClassLoader.defineClass(BuiltinClassLoader.java:821)
	at java.base/jdk.internal.loader.BuiltinClassLoader.findClassInModuleOrNull(BuiltinClassLoader.java:741)
	at java.base/jdk.internal.loader.BuiltinClassLoader.loadClassOrNull(BuiltinClassLoader.java:665)
	at java.base/jdk.internal.loader.BuiltinClassLoader.loadClass(BuiltinClassLoader.java:639)
	at java.base/java.lang.ClassLoader.loadClass(ClassLoader.java:526)
	at jdk.crypto.ec/sun.security.ec.SunEC$ProviderService.newInstance(SunEC.java:104)
	at java.base/java.security.Signature.isSpi(Signature.java:330)
	at java.base/java.security.Signature.getInstance(Signature.java:275)
	at java.base/sun.security.ssl.SignatureScheme.<init>(SignatureScheme.java:291)
	at java.base/sun.security.ssl.SignatureScheme.<init>(SignatureScheme.java:253)
	at java.base/sun.security.ssl.SignatureScheme.<clinit>(SignatureScheme.java:50)
	at java.base/sun.security.ssl.SSLSessionImpl.<clinit>(SSLSessionImpl.java:814)
	at java.base/sun.security.ssl.TransportContext.<init>(TransportContext.java:152)
	at java.base/sun.security.ssl.TransportContext.<init>(TransportContext.java:121)
	at java.base/sun.security.ssl.SSLSocketImpl.<init>(SSLSocketImpl.java:283)
	at java.base/sun.security.ssl.SSLSocketFactoryImpl.createSocket(SSLSocketFactoryImpl.java:108)
	at com.mysql.cj.protocol.ExportControlled.performTlsHandshake(ExportControlled.java:337)
	at com.mysql.cj.protocol.StandardSocketFactory.performTlsHandshake(StandardSocketFactory.java:191)
	at com.mysql.cj.protocol.a.NativeSocketConnection.performTlsHandshake(NativeSocketConnection.java:101)
	at com.mysql.cj.protocol.a.NativeProtocol.negotiateSSLConnection(NativeProtocol.java:370)
	at com.mysql.cj.protocol.a.NativeAuthenticationProvider.connect(NativeAuthenticationProvider.java:206)
	at com.mysql.cj.protocol.a.NativeProtocol.connect(NativeProtocol.java:1430)
	at com.mysql.cj.NativeSession.connect(NativeSession.java:134)
	at com.mysql.cj.jdbc.ConnectionImpl.connectOneTryOnly(ConnectionImpl.java:945)
	at com.mysql.cj.jdbc.ConnectionImpl.createNewIO(ConnectionImpl.java:815)
	at com.mysql.cj.jdbc.ConnectionImpl.<init>(ConnectionImpl.java:446)
	at com.mysql.cj.jdbc.ConnectionImpl.getInstance(ConnectionImpl.java:239)
	at com.mysql.cj.jdbc.NonRegisteringDriver.connect(NonRegisteringDriver.java:188)
	at java.sql/java.sql.DriverManager.getConnection(DriverManager.java:683)
	at java.sql/java.sql.DriverManager.getConnection(DriverManager.java:230)
	at dao.DBConnection.<init>(DBConnection.java:29)
	at dao.DBConnection.getInstance(DBConnection.java:43)
	at JUnit.TesteAplicacao.testReaberturaConexao(TesteAplicacao.java:59)
	at java.base/jdk.internal.reflect.DirectMethodHandleAccessor.invoke(DirectMethodHandleAccessor.java:103)
	at java.base/java.lang.reflect.Method.invoke(Method.java:580)
	at org.junit.runners.model.FrameworkMethod$1.runReflectiveCall(FrameworkMethod.java:59)
	at org.junit.internal.runners.model.ReflectiveCallable.run(ReflectiveCallable.java:12)
	at org.junit.runners.model.FrameworkMethod.invokeExplosively(FrameworkMethod.java:56)
	at org.junit.internal.runners.statements.InvokeMethod.evaluate(InvokeMethod.java:17)
	at org.junit.runners.ParentRunner$3.evaluate(ParentRunner.java:306)
	at org.junit.runners.BlockJUnit4ClassRunner$1.evaluate(BlockJUnit4ClassRunner.java:100)
	at org.junit.runners.ParentRunner.runLeaf(ParentRunner.java:366)
	at org.junit.runners.BlockJUnit4ClassRunner.runChild(BlockJUnit4ClassRunner.java:103)
	at org.junit.runners.BlockJUnit4ClassRunner.runChild(BlockJUnit4ClassRunner.java:63)
	at org.junit.runners.ParentRunner$4.run(ParentRunner.java:331)
	at org.junit.runners.ParentRunner$1.schedule(ParentRunner.java:79)
	at org.junit.runners.ParentRunner.runChildren(ParentRunner.java:329)
	at org.junit.runners.ParentRunner.access$100(ParentRunner.java:66)
	at org.junit.runners.ParentRunner$2.evaluate(ParentRunner.java:293)
	at org.junit.runners.ParentRunner$3.evaluate(ParentRunner.java:306)
	at org.junit.runners.ParentRunner.run(ParentRunner.java:413)
	at org.apache.maven.surefire.junit4.JUnit4Provider.execute(JUnit4Provider.java:316)
	at org.apache.maven.surefire.junit4.JUnit4Provider.executeWithRerun(JUnit4Provider.java:240)
	at org.apache.maven.surefire.junit4.JUnit4Provider.executeTestSet(JUnit4Provider.java:214)
	at org.apache.maven.surefire.junit4.JUnit4Provider.invoke(JUnit4Provider.java:155)
	at org.apache.maven.surefire.booter.ForkedBooter.runSuitesInProcess(ForkedBooter.java:385)
	at org.apache.maven.surefire.booter.ForkedBooter.execute(ForkedBooter.java:162)
	at org.apache.maven.surefire.booter.ForkedBooter.run(ForkedBooter.java:507)
	at org.apache.maven.surefire.booter.ForkedBooter.main(ForkedBooter.java:495)
Caused by: java.io.IOException: Error while instrumenting sun/security/ec/ECDSASignature$SHA256.
	at org.jacoco.agent.rt.internal_f3994fa.core.instr.Instrumenter.instrumentError(Instrumenter.java:160)
	at org.jacoco.agent.rt.internal_f3994fa.core.instr.Instrumenter.instrument(Instrumenter.java:110)
	at org.jacoco.agent.rt.internal_f3994fa.CoverageTransformer.transform(CoverageTransformer.java:92)
	... 65 more
Caused by: java.lang.IllegalArgumentException: Unsupported class file major version 65
	at org.jacoco.agent.rt.internal_f3994fa.asm.ClassReader.<init>(ClassReader.java:196)
	at org.jacoco.agent.rt.internal_f3994fa.asm.ClassReader.<init>(ClassReader.java:177)
	at org.jacoco.agent.rt.internal_f3994fa.asm.ClassReader.<init>(ClassReader.java:163)
	at org.jacoco.agent.rt.internal_f3994fa.core.internal.instr.InstrSupport.classReaderFor(InstrSupport.java:280)
	at org.jacoco.agent.rt.internal_f3994fa.core.instr.Instrumenter.instrument(Instrumenter.java:76)
	at org.jacoco.agent.rt.internal_f3994fa.core.instr.Instrumenter.instrument(Instrumenter.java:108)
	... 66 more
java.lang.instrument.IllegalClassFormatException: Error while instrumenting sun/security/ec/ECDSASignature$SHA384.
	at org.jacoco.agent.rt.internal_f3994fa.CoverageTransformer.transform(CoverageTransformer.java:94)
	at java.instrument/java.lang.instrument.ClassFileTransformer.transform(ClassFileTransformer.java:244)
	at java.instrument/sun.instrument.TransformerManager.transform(TransformerManager.java:188)
	at java.instrument/sun.instrument.InstrumentationImpl.transform(InstrumentationImpl.java:610)
	at java.base/java.lang.ClassLoader.defineClass2(Native Method)
	at java.base/java.lang.ClassLoader.defineClass(ClassLoader.java:1118)
	at java.base/java.security.SecureClassLoader.defineClass(SecureClassLoader.java:182)
	at java.base/jdk.internal.loader.BuiltinClassLoader.defineClass(BuiltinClassLoader.java:821)
	at java.base/jdk.internal.loader.BuiltinClassLoader.findClassInModuleOrNull(BuiltinClassLoader.java:741)
	at java.base/jdk.internal.loader.BuiltinClassLoader.loadClassOrNull(BuiltinClassLoader.java:665)
	at java.base/jdk.internal.loader.BuiltinClassLoader.loadClass(BuiltinClassLoader.java:639)
	at java.base/java.lang.ClassLoader.loadClass(ClassLoader.java:526)
	at jdk.crypto.ec/sun.security.ec.SunEC$ProviderService.newInstance(SunEC.java:107)
	at java.base/java.security.Signature.isSpi(Signature.java:330)
	at java.base/java.security.Signature.getInstance(Signature.java:275)
	at java.base/sun.security.ssl.SignatureScheme.<init>(SignatureScheme.java:291)
	at java.base/sun.security.ssl.SignatureScheme.<init>(SignatureScheme.java:253)
	at java.base/sun.security.ssl.SignatureScheme.<clinit>(SignatureScheme.java:55)
	at java.base/sun.security.ssl.SSLSessionImpl.<clinit>(SSLSessionImpl.java:814)
	at java.base/sun.security.ssl.TransportContext.<init>(TransportContext.java:152)
	at java.base/sun.security.ssl.TransportContext.<init>(TransportContext.java:121)
	at java.base/sun.security.ssl.SSLSocketImpl.<init>(SSLSocketImpl.java:283)
	at java.base/sun.security.ssl.SSLSocketFactoryImpl.createSocket(SSLSocketFactoryImpl.java:108)
	at com.mysql.cj.protocol.ExportControlled.performTlsHandshake(ExportControlled.java:337)
	at com.mysql.cj.protocol.StandardSocketFactory.performTlsHandshake(StandardSocketFactory.java:191)
	at com.mysql.cj.protocol.a.NativeSocketConnection.performTlsHandshake(NativeSocketConnection.java:101)
	at com.mysql.cj.protocol.a.NativeProtocol.negotiateSSLConnection(NativeProtocol.java:370)
	at com.mysql.cj.protocol.a.NativeAuthenticationProvider.connect(NativeAuthenticationProvider.java:206)
	at com.mysql.cj.protocol.a.NativeProtocol.connect(NativeProtocol.java:1430)
	at com.mysql.cj.NativeSession.connect(NativeSession.java:134)
	at com.mysql.cj.jdbc.ConnectionImpl.connectOneTryOnly(ConnectionImpl.java:945)
	at com.mysql.cj.jdbc.ConnectionImpl.createNewIO(ConnectionImpl.java:815)
	at com.mysql.cj.jdbc.ConnectionImpl.<init>(ConnectionImpl.java:446)
	at com.mysql.cj.jdbc.ConnectionImpl.getInstance(ConnectionImpl.java:239)
	at com.mysql.cj.jdbc.NonRegisteringDriver.connect(NonRegisteringDriver.java:188)
	at java.sql/java.sql.DriverManager.getConnection(DriverManager.java:683)
	at java.sql/java.sql.DriverManager.getConnection(DriverManager.java:230)
	at dao.DBConnection.<init>(DBConnection.java:29)
	at dao.DBConnection.getInstance(DBConnection.java:43)
	at JUnit.TesteAplicacao.testReaberturaConexao(TesteAplicacao.java:59)
	at java.base/jdk.internal.reflect.DirectMethodHandleAccessor.invoke(DirectMethodHandleAccessor.java:103)
	at java.base/java.lang.reflect.Method.invoke(Method.java:580)
	at org.junit.runners.model.FrameworkMethod$1.runReflectiveCall(FrameworkMethod.java:59)
	at org.junit.internal.runners.model.ReflectiveCallable.run(ReflectiveCallable.java:12)
	at org.junit.runners.model.FrameworkMethod.invokeExplosively(FrameworkMethod.java:56)
	at org.junit.internal.runners.statements.InvokeMethod.evaluate(InvokeMethod.java:17)
	at org.junit.runners.ParentRunner$3.evaluate(ParentRunner.java:306)
	at org.junit.runners.BlockJUnit4ClassRunner$1.evaluate(BlockJUnit4ClassRunner.java:100)
	at org.junit.runners.ParentRunner.runLeaf(ParentRunner.java:366)
	at org.junit.runners.BlockJUnit4ClassRunner.runChild(BlockJUnit4ClassRunner.java:103)
	at org.junit.runners.BlockJUnit4ClassRunner.runChild(BlockJUnit4ClassRunner.java:63)
	at org.junit.runners.ParentRunner$4.run(ParentRunner.java:331)
	at org.junit.runners.ParentRunner$1.schedule(ParentRunner.java:79)
	at org.junit.runners.ParentRunner.runChildren(ParentRunner.java:329)
	at org.junit.runners.ParentRunner.access$100(ParentRunner.java:66)
	at org.junit.runners.ParentRunner$2.evaluate(ParentRunner.java:293)
	at org.junit.runners.ParentRunner$3.evaluate(ParentRunner.java:306)
	at org.junit.runners.ParentRunner.run(ParentRunner.java:413)
	at org.apache.maven.surefire.junit4.JUnit4Provider.execute(JUnit4Provider.java:316)
	at org.apache.maven.surefire.junit4.JUnit4Provider.executeWithRerun(JUnit4Provider.java:240)
	at org.apache.maven.surefire.junit4.JUnit4Provider.executeTestSet(JUnit4Provider.java:214)
	at org.apache.maven.surefire.junit4.JUnit4Provider.invoke(JUnit4Provider.java:155)
	at org.apache.maven.surefire.booter.ForkedBooter.runSuitesInProcess(ForkedBooter.java:385)
	at org.apache.maven.surefire.booter.ForkedBooter.execute(ForkedBooter.java:162)
	at org.apache.maven.surefire.booter.ForkedBooter.run(ForkedBooter.java:507)
	at org.apache.maven.surefire.booter.ForkedBooter.main(ForkedBooter.java:495)
Caused by: java.io.IOException: Error while instrumenting sun/security/ec/ECDSASignature$SHA384.
	at org.jacoco.agent.rt.internal_f3994fa.core.instr.Instrumenter.instrumentError(Instrumenter.java:160)
	at org.jacoco.agent.rt.internal_f3994fa.core.instr.Instrumenter.instrument(Instrumenter.java:110)
	at org.jacoco.agent.rt.internal_f3994fa.CoverageTransformer.transform(CoverageTransformer.java:92)
	... 65 more
Caused by: java.lang.IllegalArgumentException: Unsupported class file major version 65
	at org.jacoco.agent.rt.internal_f3994fa.asm.ClassReader.<init>(ClassReader.java:196)
	at org.jacoco.agent.rt.internal_f3994fa.asm.ClassReader.<init>(ClassReader.java:177)
	at org.jacoco.agent.rt.internal_f3994fa.asm.ClassReader.<init>(ClassReader.java:163)
	at org.jacoco.agent.rt.internal_f3994fa.core.internal.instr.InstrSupport.classReaderFor(InstrSupport.java:280)
	at org.jacoco.agent.rt.internal_f3994fa.core.instr.Instrumenter.instrument(Instrumenter.java:76)
	at org.jacoco.agent.rt.internal_f3994fa.core.instr.Instrumenter.instrument(Instrumenter.java:108)
	... 66 more
java.lang.instrument.IllegalClassFormatException: Error while instrumenting sun/security/ec/ECDSASignature$SHA512.
	at org.jacoco.agent.rt.internal_f3994fa.CoverageTransformer.transform(CoverageTransformer.java:94)
	at java.instrument/java.lang.instrument.ClassFileTransformer.transform(ClassFileTransformer.java:244)
	at java.instrument/sun.instrument.TransformerManager.transform(TransformerManager.java:188)
	at java.instrument/sun.instrument.InstrumentationImpl.transform(InstrumentationImpl.java:610)
	at java.base/java.lang.ClassLoader.defineClass2(Native Method)
	at java.base/java.lang.ClassLoader.defineClass(ClassLoader.java:1118)
	at java.base/java.security.SecureClassLoader.defineClass(SecureClassLoader.java:182)
	at java.base/jdk.internal.loader.BuiltinClassLoader.defineClass(BuiltinClassLoader.java:821)
	at java.base/jdk.internal.loader.BuiltinClassLoader.findClassInModuleOrNull(BuiltinClassLoader.java:741)
	at java.base/jdk.internal.loader.BuiltinClassLoader.loadClassOrNull(BuiltinClassLoader.java:665)
	at java.base/jdk.internal.loader.BuiltinClassLoader.loadClass(BuiltinClassLoader.java:639)
	at java.base/java.lang.ClassLoader.loadClass(ClassLoader.java:526)
	at jdk.crypto.ec/sun.security.ec.SunEC$ProviderService.newInstance(SunEC.java:110)
	at java.base/java.security.Signature.isSpi(Signature.java:330)
	at java.base/java.security.Signature.getInstance(Signature.java:275)
	at java.base/sun.security.ssl.SignatureScheme.<init>(SignatureScheme.java:291)
	at java.base/sun.security.ssl.SignatureScheme.<init>(SignatureScheme.java:253)
	at java.base/sun.security.ssl.SignatureScheme.<clinit>(SignatureScheme.java:60)
	at java.base/sun.security.ssl.SSLSessionImpl.<clinit>(SSLSessionImpl.java:814)
	at java.base/sun.security.ssl.TransportContext.<init>(TransportContext.java:152)
	at java.base/sun.security.ssl.TransportContext.<init>(TransportContext.java:121)
	at java.base/sun.security.ssl.SSLSocketImpl.<init>(SSLSocketImpl.java:283)
	at java.base/sun.security.ssl.SSLSocketFactoryImpl.createSocket(SSLSocketFactoryImpl.java:108)
	at com.mysql.cj.protocol.ExportControlled.performTlsHandshake(ExportControlled.java:337)
	at com.mysql.cj.protocol.StandardSocketFactory.performTlsHandshake(StandardSocketFactory.java:191)
	at com.mysql.cj.protocol.a.NativeSocketConnection.performTlsHandshake(NativeSocketConnection.java:101)
	at com.mysql.cj.protocol.a.NativeProtocol.negotiateSSLConnection(NativeProtocol.java:370)
	at com.mysql.cj.protocol.a.NativeAuthenticationProvider.connect(NativeAuthenticationProvider.java:206)
	at com.mysql.cj.protocol.a.NativeProtocol.connect(NativeProtocol.java:1430)
	at com.mysql.cj.NativeSession.connect(NativeSession.java:134)
	at com.mysql.cj.jdbc.ConnectionImpl.connectOneTryOnly(ConnectionImpl.java:945)
	at com.mysql.cj.jdbc.ConnectionImpl.createNewIO(ConnectionImpl.java:815)
	at com.mysql.cj.jdbc.ConnectionImpl.<init>(ConnectionImpl.java:446)
	at com.mysql.cj.jdbc.ConnectionImpl.getInstance(ConnectionImpl.java:239)
	at com.mysql.cj.jdbc.NonRegisteringDriver.connect(NonRegisteringDriver.java:188)
	at java.sql/java.sql.DriverManager.getConnection(DriverManager.java:683)
	at java.sql/java.sql.DriverManager.getConnection(DriverManager.java:230)
	at dao.DBConnection.<init>(DBConnection.java:29)
	at dao.DBConnection.getInstance(DBConnection.java:43)
	at JUnit.TesteAplicacao.testReaberturaConexao(TesteAplicacao.java:59)
	at java.base/jdk.internal.reflect.DirectMethodHandleAccessor.invoke(DirectMethodHandleAccessor.java:103)
	at java.base/java.lang.reflect.Method.invoke(Method.java:580)
	at org.junit.runners.model.FrameworkMethod$1.runReflectiveCall(FrameworkMethod.java:59)
	at org.junit.internal.runners.model.ReflectiveCallable.run(ReflectiveCallable.java:12)
	at org.junit.runners.model.FrameworkMethod.invokeExplosively(FrameworkMethod.java:56)
	at org.junit.internal.runners.statements.InvokeMethod.evaluate(InvokeMethod.java:17)
	at org.junit.runners.ParentRunner$3.evaluate(ParentRunner.java:306)
	at org.junit.runners.BlockJUnit4ClassRunner$1.evaluate(BlockJUnit4ClassRunner.java:100)
	at org.junit.runners.ParentRunner.runLeaf(ParentRunner.java:366)
	at org.junit.runners.BlockJUnit4ClassRunner.runChild(BlockJUnit4ClassRunner.java:103)
	at org.junit.runners.BlockJUnit4ClassRunner.runChild(BlockJUnit4ClassRunner.java:63)
	at org.junit.runners.ParentRunner$4.run(ParentRunner.java:331)
	at org.junit.runners.ParentRunner$1.schedule(ParentRunner.java:79)
	at org.junit.runners.ParentRunner.runChildren(ParentRunner.java:329)
	at org.junit.runners.ParentRunner.access$100(ParentRunner.java:66)
	at org.junit.runners.ParentRunner$2.evaluate(ParentRunner.java:293)
	at org.junit.runners.ParentRunner$3.evaluate(ParentRunner.java:306)
	at org.junit.runners.ParentRunner.run(ParentRunner.java:413)
	at org.apache.maven.surefire.junit4.JUnit4Provider.execute(JUnit4Provider.java:316)
	at org.apache.maven.surefire.junit4.JUnit4Provider.executeWithRerun(JUnit4Provider.java:240)
	at org.apache.maven.surefire.junit4.JUnit4Provider.executeTestSet(JUnit4Provider.java:214)
	at org.apache.maven.surefire.junit4.JUnit4Provider.invoke(JUnit4Provider.java:155)
	at org.apache.maven.surefire.booter.ForkedBooter.runSuitesInProcess(ForkedBooter.java:385)
	at org.apache.maven.surefire.booter.ForkedBooter.execute(ForkedBooter.java:162)
	at org.apache.maven.surefire.booter.ForkedBooter.run(ForkedBooter.java:507)
	at org.apache.maven.surefire.booter.ForkedBooter.main(ForkedBooter.java:495)
Caused by: java.io.IOException: Error while instrumenting sun/security/ec/ECDSASignature$SHA512.
	at org.jacoco.agent.rt.internal_f3994fa.core.instr.Instrumenter.instrumentError(Instrumenter.java:160)
	at org.jacoco.agent.rt.internal_f3994fa.core.instr.Instrumenter.instrument(Instrumenter.java:110)
	at org.jacoco.agent.rt.internal_f3994fa.CoverageTransformer.transform(CoverageTransformer.java:92)
	... 65 more
Caused by: java.lang.IllegalArgumentException: Unsupported class file major version 65
	at org.jacoco.agent.rt.internal_f3994fa.asm.ClassReader.<init>(ClassReader.java:196)
	at org.jacoco.agent.rt.internal_f3994fa.asm.ClassReader.<init>(ClassReader.java:177)
	at org.jacoco.agent.rt.internal_f3994fa.asm.ClassReader.<init>(ClassReader.java:163)
	at org.jacoco.agent.rt.internal_f3994fa.core.internal.instr.InstrSupport.classReaderFor(InstrSupport.java:280)
	at org.jacoco.agent.rt.internal_f3994fa.core.instr.Instrumenter.instrument(Instrumenter.java:76)
	at org.jacoco.agent.rt.internal_f3994fa.core.instr.Instrumenter.instrument(Instrumenter.java:108)
	... 66 more
java.lang.instrument.IllegalClassFormatException: Error while instrumenting sun/security/ec/ed/EdDSASignature$Ed25519.
	at org.jacoco.agent.rt.internal_f3994fa.CoverageTransformer.transform(CoverageTransformer.java:94)
	at java.instrument/java.lang.instrument.ClassFileTransformer.transform(ClassFileTransformer.java:244)
	at java.instrument/sun.instrument.TransformerManager.transform(TransformerManager.java:188)
	at java.instrument/sun.instrument.InstrumentationImpl.transform(InstrumentationImpl.java:610)
	at java.base/java.lang.ClassLoader.defineClass2(Native Method)
	at java.base/java.lang.ClassLoader.defineClass(ClassLoader.java:1118)
	at java.base/java.security.SecureClassLoader.defineClass(SecureClassLoader.java:182)
	at java.base/jdk.internal.loader.BuiltinClassLoader.defineClass(BuiltinClassLoader.java:821)
	at java.base/jdk.internal.loader.BuiltinClassLoader.findClassInModuleOrNull(BuiltinClassLoader.java:741)
	at java.base/jdk.internal.loader.BuiltinClassLoader.loadClassOrNull(BuiltinClassLoader.java:665)
	at java.base/jdk.internal.loader.BuiltinClassLoader.loadClass(BuiltinClassLoader.java:639)
	at java.base/java.lang.ClassLoader.loadClass(ClassLoader.java:526)
	at jdk.crypto.ec/sun.security.ec.SunEC$ProviderService.newInstance(SunEC.java:87)
	at java.base/java.security.Signature.isSpi(Signature.java:330)
	at java.base/java.security.Signature.getInstance(Signature.java:275)
	at java.base/sun.security.ssl.SignatureScheme.<init>(SignatureScheme.java:291)
	at java.base/sun.security.ssl.SignatureScheme.<init>(SignatureScheme.java:244)
	at java.base/sun.security.ssl.SignatureScheme.<init>(SignatureScheme.java:236)
	at java.base/sun.security.ssl.SignatureScheme.<init>(SignatureScheme.java:229)
	at java.base/sun.security.ssl.SignatureScheme.<clinit>(SignatureScheme.java:67)
	at java.base/sun.security.ssl.SSLSessionImpl.<clinit>(SSLSessionImpl.java:814)
	at java.base/sun.security.ssl.TransportContext.<init>(TransportContext.java:152)
	at java.base/sun.security.ssl.TransportContext.<init>(TransportContext.java:121)
	at java.base/sun.security.ssl.SSLSocketImpl.<init>(SSLSocketImpl.java:283)
	at java.base/sun.security.ssl.SSLSocketFactoryImpl.createSocket(SSLSocketFactoryImpl.java:108)
	at com.mysql.cj.protocol.ExportControlled.performTlsHandshake(ExportControlled.java:337)
	at com.mysql.cj.protocol.StandardSocketFactory.performTlsHandshake(StandardSocketFactory.java:191)
	at com.mysql.cj.protocol.a.NativeSocketConnection.performTlsHandshake(NativeSocketConnection.java:101)
	at com.mysql.cj.protocol.a.NativeProtocol.negotiateSSLConnection(NativeProtocol.java:370)
	at com.mysql.cj.protocol.a.NativeAuthenticationProvider.connect(NativeAuthenticationProvider.java:206)
	at com.mysql.cj.protocol.a.NativeProtocol.connect(NativeProtocol.java:1430)
	at com.mysql.cj.NativeSession.connect(NativeSession.java:134)
	at com.mysql.cj.jdbc.ConnectionImpl.connectOneTryOnly(ConnectionImpl.java:945)
	at com.mysql.cj.jdbc.ConnectionImpl.createNewIO(ConnectionImpl.java:815)
	at com.mysql.cj.jdbc.ConnectionImpl.<init>(ConnectionImpl.java:446)
	at com.mysql.cj.jdbc.ConnectionImpl.getInstance(ConnectionImpl.java:239)
	at com.mysql.cj.jdbc.NonRegisteringDriver.connect(NonRegisteringDriver.java:188)
	at java.sql/java.sql.DriverManager.getConnection(DriverManager.java:683)
	at java.sql/java.sql.DriverManager.getConnection(DriverManager.java:230)
	at dao.DBConnection.<init>(DBConnection.java:29)
	at dao.DBConnection.getInstance(DBConnection.java:43)
	at JUnit.TesteAplicacao.testReaberturaConexao(TesteAplicacao.java:59)
	at java.base/jdk.internal.reflect.DirectMethodHandleAccessor.invoke(DirectMethodHandleAccessor.java:103)
	at java.base/java.lang.reflect.Method.invoke(Method.java:580)
	at org.junit.runners.model.FrameworkMethod$1.runReflectiveCall(FrameworkMethod.java:59)
	at org.junit.internal.runners.model.ReflectiveCallable.run(ReflectiveCallable.java:12)
	at org.junit.runners.model.FrameworkMethod.invokeExplosively(FrameworkMethod.java:56)
	at org.junit.internal.runners.statements.InvokeMethod.evaluate(InvokeMethod.java:17)
	at org.junit.runners.ParentRunner$3.evaluate(ParentRunner.java:306)
	at org.junit.runners.BlockJUnit4ClassRunner$1.evaluate(BlockJUnit4ClassRunner.java:100)
	at org.junit.runners.ParentRunner.runLeaf(ParentRunner.java:366)
	at org.junit.runners.BlockJUnit4ClassRunner.runChild(BlockJUnit4ClassRunner.java:103)
	at org.junit.runners.BlockJUnit4ClassRunner.runChild(BlockJUnit4ClassRunner.java:63)
	at org.junit.runners.ParentRunner$4.run(ParentRunner.java:331)
	at org.junit.runners.ParentRunner$1.schedule(ParentRunner.java:79)
	at org.junit.runners.ParentRunner.runChildren(ParentRunner.java:329)
	at org.junit.runners.ParentRunner.access$100(ParentRunner.java:66)
	at org.junit.runners.ParentRunner$2.evaluate(ParentRunner.java:293)
	at org.junit.runners.ParentRunner$3.evaluate(ParentRunner.java:306)
	at org.junit.runners.ParentRunner.run(ParentRunner.java:413)
	at org.apache.maven.surefire.junit4.JUnit4Provider.execute(JUnit4Provider.java:316)
	at org.apache.maven.surefire.junit4.JUnit4Provider.executeWithRerun(JUnit4Provider.java:240)
	at org.apache.maven.surefire.junit4.JUnit4Provider.executeTestSet(JUnit4Provider.java:214)
	at org.apache.maven.surefire.junit4.JUnit4Provider.invoke(JUnit4Provider.java:155)
	at org.apache.maven.surefire.booter.ForkedBooter.runSuitesInProcess(ForkedBooter.java:385)
	at org.apache.maven.surefire.booter.ForkedBooter.execute(ForkedBooter.java:162)
	at org.apache.maven.surefire.booter.ForkedBooter.run(ForkedBooter.java:507)
	at org.apache.maven.surefire.booter.ForkedBooter.main(ForkedBooter.java:495)
Caused by: java.io.IOException: Error while instrumenting sun/security/ec/ed/EdDSASignature$Ed25519.
	at org.jacoco.agent.rt.internal_f3994fa.core.instr.Instrumenter.instrumentError(Instrumenter.java:160)
	at org.jacoco.agent.rt.internal_f3994fa.core.instr.Instrumenter.instrument(Instrumenter.java:110)
	at org.jacoco.agent.rt.internal_f3994fa.CoverageTransformer.transform(CoverageTransformer.java:92)
	... 67 more
Caused by: java.lang.IllegalArgumentException: Unsupported class file major version 65
	at org.jacoco.agent.rt.internal_f3994fa.asm.ClassReader.<init>(ClassReader.java:196)
	at org.jacoco.agent.rt.internal_f3994fa.asm.ClassReader.<init>(ClassReader.java:177)
	at org.jacoco.agent.rt.internal_f3994fa.asm.ClassReader.<init>(ClassReader.java:163)
	at org.jacoco.agent.rt.internal_f3994fa.core.internal.instr.InstrSupport.classReaderFor(InstrSupport.java:280)
	at org.jacoco.agent.rt.internal_f3994fa.core.instr.Instrumenter.instrument(Instrumenter.java:76)
	at org.jacoco.agent.rt.internal_f3994fa.core.instr.Instrumenter.instrument(Instrumenter.java:108)
	... 68 more
java.lang.instrument.IllegalClassFormatException: Error while instrumenting sun/security/ec/ed/EdDSASignature.
	at org.jacoco.agent.rt.internal_f3994fa.CoverageTransformer.transform(CoverageTransformer.java:94)
	at java.instrument/java.lang.instrument.ClassFileTransformer.transform(ClassFileTransformer.java:244)
	at java.instrument/sun.instrument.TransformerManager.transform(TransformerManager.java:188)
	at java.instrument/sun.instrument.InstrumentationImpl.transform(InstrumentationImpl.java:610)
	at java.base/java.lang.ClassLoader.defineClass2(Native Method)
	at java.base/java.lang.ClassLoader.defineClass(ClassLoader.java:1118)
	at java.base/java.security.SecureClassLoader.defineClass(SecureClassLoader.java:182)
	at java.base/jdk.internal.loader.BuiltinClassLoader.defineClass(BuiltinClassLoader.java:821)
	at java.base/jdk.internal.loader.BuiltinClassLoader.findClassInModuleOrNull(BuiltinClassLoader.java:741)
	at java.base/jdk.internal.loader.BuiltinClassLoader.loadClassOrNull(BuiltinClassLoader.java:665)
	at java.base/jdk.internal.loader.BuiltinClassLoader.loadClass(BuiltinClassLoader.java:639)
	at java.base/java.lang.ClassLoader.loadClass(ClassLoader.java:526)
	at java.base/java.lang.ClassLoader.defineClass2(Native Method)
	at java.base/java.lang.ClassLoader.defineClass(ClassLoader.java:1118)
	at java.base/java.security.SecureClassLoader.defineClass(SecureClassLoader.java:182)
	at java.base/jdk.internal.loader.BuiltinClassLoader.defineClass(BuiltinClassLoader.java:821)
	at java.base/jdk.internal.loader.BuiltinClassLoader.findClassInModuleOrNull(BuiltinClassLoader.java:741)
	at java.base/jdk.internal.loader.BuiltinClassLoader.loadClassOrNull(BuiltinClassLoader.java:665)
	at java.base/jdk.internal.loader.BuiltinClassLoader.loadClass(BuiltinClassLoader.java:639)
	at java.base/java.lang.ClassLoader.loadClass(ClassLoader.java:526)
	at jdk.crypto.ec/sun.security.ec.SunEC$ProviderService.newInstance(SunEC.java:87)
	at java.base/java.security.Signature.isSpi(Signature.java:330)
	at java.base/java.security.Signature.getInstance(Signature.java:275)
	at java.base/sun.security.ssl.SignatureScheme.<init>(SignatureScheme.java:291)
	at java.base/sun.security.ssl.SignatureScheme.<init>(SignatureScheme.java:244)
	at java.base/sun.security.ssl.SignatureScheme.<init>(SignatureScheme.java:236)
	at java.base/sun.security.ssl.SignatureScheme.<init>(SignatureScheme.java:229)
	at java.base/sun.security.ssl.SignatureScheme.<clinit>(SignatureScheme.java:67)
	at java.base/sun.security.ssl.SSLSessionImpl.<clinit>(SSLSessionImpl.java:814)
	at java.base/sun.security.ssl.TransportContext.<init>(TransportContext.java:152)
	at java.base/sun.security.ssl.TransportContext.<init>(TransportContext.java:121)
	at java.base/sun.security.ssl.SSLSocketImpl.<init>(SSLSocketImpl.java:283)
	at java.base/sun.security.ssl.SSLSocketFactoryImpl.createSocket(SSLSocketFactoryImpl.java:108)
	at com.mysql.cj.protocol.ExportControlled.performTlsHandshake(ExportControlled.java:337)
	at com.mysql.cj.protocol.StandardSocketFactory.performTlsHandshake(StandardSocketFactory.java:191)
	at com.mysql.cj.protocol.a.NativeSocketConnection.performTlsHandshake(NativeSocketConnection.java:101)
	at com.mysql.cj.protocol.a.NativeProtocol.negotiateSSLConnection(NativeProtocol.java:370)
	at com.mysql.cj.protocol.a.NativeAuthenticationProvider.connect(NativeAuthenticationProvider.java:206)
	at com.mysql.cj.protocol.a.NativeProtocol.connect(NativeProtocol.java:1430)
	at com.mysql.cj.NativeSession.connect(NativeSession.java:134)
	at com.mysql.cj.jdbc.ConnectionImpl.connectOneTryOnly(ConnectionImpl.java:945)
	at com.mysql.cj.jdbc.ConnectionImpl.createNewIO(ConnectionImpl.java:815)
	at com.mysql.cj.jdbc.ConnectionImpl.<init>(ConnectionImpl.java:446)
	at com.mysql.cj.jdbc.ConnectionImpl.getInstance(ConnectionImpl.java:239)
	at com.mysql.cj.jdbc.NonRegisteringDriver.connect(NonRegisteringDriver.java:188)
	at java.sql/java.sql.DriverManager.getConnection(DriverManager.java:683)
	at java.sql/java.sql.DriverManager.getConnection(DriverManager.java:230)
	at dao.DBConnection.<init>(DBConnection.java:29)
	at dao.DBConnection.getInstance(DBConnection.java:43)
	at JUnit.TesteAplicacao.testReaberturaConexao(TesteAplicacao.java:59)
	at java.base/jdk.internal.reflect.DirectMethodHandleAccessor.invoke(DirectMethodHandleAccessor.java:103)
	at java.base/java.lang.reflect.Method.invoke(Method.java:580)
	at org.junit.runners.model.FrameworkMethod$1.runReflectiveCall(FrameworkMethod.java:59)
	at org.junit.internal.runners.model.ReflectiveCallable.run(ReflectiveCallable.java:12)
	at org.junit.runners.model.FrameworkMethod.invokeExplosively(FrameworkMethod.java:56)
	at org.junit.internal.runners.statements.InvokeMethod.evaluate(InvokeMethod.java:17)
	at org.junit.runners.ParentRunner$3.evaluate(ParentRunner.java:306)
	at org.junit.runners.BlockJUnit4ClassRunner$1.evaluate(BlockJUnit4ClassRunner.java:100)
	at org.junit.runners.ParentRunner.runLeaf(ParentRunner.java:366)
	at org.junit.runners.BlockJUnit4ClassRunner.runChild(BlockJUnit4ClassRunner.java:103)
	at org.junit.runners.BlockJUnit4ClassRunner.runChild(BlockJUnit4ClassRunner.java:63)
	at org.junit.runners.ParentRunner$4.run(ParentRunner.java:331)
	at org.junit.runners.ParentRunner$1.schedule(ParentRunner.java:79)
	at org.junit.runners.ParentRunner.runChildren(ParentRunner.java:329)
	at org.junit.runners.ParentRunner.access$100(ParentRunner.java:66)
	at org.junit.runners.ParentRunner$2.evaluate(ParentRunner.java:293)
	at org.junit.runners.ParentRunner$3.evaluate(ParentRunner.java:306)
	at org.junit.runners.ParentRunner.run(ParentRunner.java:413)
	at org.apache.maven.surefire.junit4.JUnit4Provider.execute(JUnit4Provider.java:316)
	at org.apache.maven.surefire.junit4.JUnit4Provider.executeWithRerun(JUnit4Provider.java:240)
	at org.apache.maven.surefire.junit4.JUnit4Provider.executeTestSet(JUnit4Provider.java:214)
	at org.apache.maven.surefire.junit4.JUnit4Provider.invoke(JUnit4Provider.java:155)
	at org.apache.maven.surefire.booter.ForkedBooter.runSuitesInProcess(ForkedBooter.java:385)
	at org.apache.maven.surefire.booter.ForkedBooter.execute(ForkedBooter.java:162)
	at org.apache.maven.surefire.booter.ForkedBooter.run(ForkedBooter.java:507)
	at org.apache.maven.surefire.booter.ForkedBooter.main(ForkedBooter.java:495)
Caused by: java.io.IOException: Error while instrumenting sun/security/ec/ed/EdDSASignature.
	at org.jacoco.agent.rt.internal_f3994fa.core.instr.Instrumenter.instrumentError(Instrumenter.java:160)
	at org.jacoco.agent.rt.internal_f3994fa.core.instr.Instrumenter.instrument(Instrumenter.java:110)
	at org.jacoco.agent.rt.internal_f3994fa.CoverageTransformer.transform(CoverageTransformer.java:92)
	... 75 more
Caused by: java.lang.IllegalArgumentException: Unsupported class file major version 65
	at org.jacoco.agent.rt.internal_f3994fa.asm.ClassReader.<init>(ClassReader.java:196)
	at org.jacoco.agent.rt.internal_f3994fa.asm.ClassReader.<init>(ClassReader.java:177)
	at org.jacoco.agent.rt.internal_f3994fa.asm.ClassReader.<init>(ClassReader.java:163)
	at org.jacoco.agent.rt.internal_f3994fa.core.internal.instr.InstrSupport.classReaderFor(InstrSupport.java:280)
	at org.jacoco.agent.rt.internal_f3994fa.core.instr.Instrumenter.instrument(Instrumenter.java:76)
	at org.jacoco.agent.rt.internal_f3994fa.core.instr.Instrumenter.instrument(Instrumenter.java:108)
	... 76 more
java.lang.instrument.IllegalClassFormatException: Error while instrumenting sun/security/ec/ed/EdDSASignature$MessageAccumulator.
	at org.jacoco.agent.rt.internal_f3994fa.CoverageTransformer.transform(CoverageTransformer.java:94)
	at java.instrument/java.lang.instrument.ClassFileTransformer.transform(ClassFileTransformer.java:244)
	at java.instrument/sun.instrument.TransformerManager.transform(TransformerManager.java:188)
	at java.instrument/sun.instrument.InstrumentationImpl.transform(InstrumentationImpl.java:610)
	at java.base/java.lang.ClassLoader.defineClass2(Native Method)
	at java.base/java.lang.ClassLoader.defineClass(ClassLoader.java:1118)
	at java.base/java.security.SecureClassLoader.defineClass(SecureClassLoader.java:182)
	at java.base/jdk.internal.loader.BuiltinClassLoader.defineClass(BuiltinClassLoader.java:821)
	at java.base/jdk.internal.loader.BuiltinClassLoader.findClassInModuleOrNull(BuiltinClassLoader.java:741)
	at java.base/jdk.internal.loader.BuiltinClassLoader.loadClassOrNull(BuiltinClassLoader.java:665)
	at java.base/jdk.internal.loader.BuiltinClassLoader.loadClass(BuiltinClassLoader.java:639)
	at java.base/java.lang.ClassLoader.loadClass(ClassLoader.java:526)
	at jdk.crypto.ec/sun.security.ec.SunEC$ProviderService.newInstance(SunEC.java:87)
	at java.base/java.security.Signature.isSpi(Signature.java:330)
	at java.base/java.security.Signature.getInstance(Signature.java:275)
	at java.base/sun.security.ssl.SignatureScheme.<init>(SignatureScheme.java:291)
	at java.base/sun.security.ssl.SignatureScheme.<init>(SignatureScheme.java:244)
	at java.base/sun.security.ssl.SignatureScheme.<init>(SignatureScheme.java:236)
	at java.base/sun.security.ssl.SignatureScheme.<init>(SignatureScheme.java:229)
	at java.base/sun.security.ssl.SignatureScheme.<clinit>(SignatureScheme.java:67)
	at java.base/sun.security.ssl.SSLSessionImpl.<clinit>(SSLSessionImpl.java:814)
	at java.base/sun.security.ssl.TransportContext.<init>(TransportContext.java:152)
	at java.base/sun.security.ssl.TransportContext.<init>(TransportContext.java:121)
	at java.base/sun.security.ssl.SSLSocketImpl.<init>(SSLSocketImpl.java:283)
	at java.base/sun.security.ssl.SSLSocketFactoryImpl.createSocket(SSLSocketFactoryImpl.java:108)
	at com.mysql.cj.protocol.ExportControlled.performTlsHandshake(ExportControlled.java:337)
	at com.mysql.cj.protocol.StandardSocketFactory.performTlsHandshake(StandardSocketFactory.java:191)
	at com.mysql.cj.protocol.a.NativeSocketConnection.performTlsHandshake(NativeSocketConnection.java:101)
	at com.mysql.cj.protocol.a.NativeProtocol.negotiateSSLConnection(NativeProtocol.java:370)
	at com.mysql.cj.protocol.a.NativeAuthenticationProvider.connect(NativeAuthenticationProvider.java:206)
	at com.mysql.cj.protocol.a.NativeProtocol.connect(NativeProtocol.java:1430)
	at com.mysql.cj.NativeSession.connect(NativeSession.java:134)
	at com.mysql.cj.jdbc.ConnectionImpl.connectOneTryOnly(ConnectionImpl.java:945)
	at com.mysql.cj.jdbc.ConnectionImpl.createNewIO(ConnectionImpl.java:815)
	at com.mysql.cj.jdbc.ConnectionImpl.<init>(ConnectionImpl.java:446)
	at com.mysql.cj.jdbc.ConnectionImpl.getInstance(ConnectionImpl.java:239)
	at com.mysql.cj.jdbc.NonRegisteringDriver.connect(NonRegisteringDriver.java:188)
	at java.sql/java.sql.DriverManager.getConnection(DriverManager.java:683)
	at java.sql/java.sql.DriverManager.getConnection(DriverManager.java:230)
	at dao.DBConnection.<init>(DBConnection.java:29)
	at dao.DBConnection.getInstance(DBConnection.java:43)
	at JUnit.TesteAplicacao.testReaberturaConexao(TesteAplicacao.java:59)
	at java.base/jdk.internal.reflect.DirectMethodHandleAccessor.invoke(DirectMethodHandleAccessor.java:103)
	at java.base/java.lang.reflect.Method.invoke(Method.java:580)
	at org.junit.runners.model.FrameworkMethod$1.runReflectiveCall(FrameworkMethod.java:59)
	at org.junit.internal.runners.model.ReflectiveCallable.run(ReflectiveCallable.java:12)
	at org.junit.runners.model.FrameworkMethod.invokeExplosively(FrameworkMethod.java:56)
	at org.junit.internal.runners.statements.InvokeMethod.evaluate(InvokeMethod.java:17)
	at org.junit.runners.ParentRunner$3.evaluate(ParentRunner.java:306)
	at org.junit.runners.BlockJUnit4ClassRunner$1.evaluate(BlockJUnit4ClassRunner.java:100)
	at org.junit.runners.ParentRunner.runLeaf(ParentRunner.java:366)
	at org.junit.runners.BlockJUnit4ClassRunner.runChild(BlockJUnit4ClassRunner.java:103)
	at org.junit.runners.BlockJUnit4ClassRunner.runChild(BlockJUnit4ClassRunner.java:63)
	at org.junit.runners.ParentRunner$4.run(ParentRunner.java:331)
	at org.junit.runners.ParentRunner$1.schedule(ParentRunner.java:79)
	at org.junit.runners.ParentRunner.runChildren(ParentRunner.java:329)
	at org.junit.runners.ParentRunner.access$100(ParentRunner.java:66)
	at org.junit.runners.ParentRunner$2.evaluate(ParentRunner.java:293)
	at org.junit.runners.ParentRunner$3.evaluate(ParentRunner.java:306)
	at org.junit.runners.ParentRunner.run(ParentRunner.java:413)
	at org.apache.maven.surefire.junit4.JUnit4Provider.execute(JUnit4Provider.java:316)
	at org.apache.maven.surefire.junit4.JUnit4Provider.executeWithRerun(JUnit4Provider.java:240)
	at org.apache.maven.surefire.junit4.JUnit4Provider.executeTestSet(JUnit4Provider.java:214)
	at org.apache.maven.surefire.junit4.JUnit4Provider.invoke(JUnit4Provider.java:155)
	at org.apache.maven.surefire.booter.ForkedBooter.runSuitesInProcess(ForkedBooter.java:385)
	at org.apache.maven.surefire.booter.ForkedBooter.execute(ForkedBooter.java:162)
	at org.apache.maven.surefire.booter.ForkedBooter.run(ForkedBooter.java:507)
	at org.apache.maven.surefire.booter.ForkedBooter.main(ForkedBooter.java:495)
Caused by: java.io.IOException: Error while instrumenting sun/security/ec/ed/EdDSASignature$MessageAccumulator.
	at org.jacoco.agent.rt.internal_f3994fa.core.instr.Instrumenter.instrumentError(Instrumenter.java:160)
	at org.jacoco.agent.rt.internal_f3994fa.core.instr.Instrumenter.instrument(Instrumenter.java:110)
	at org.jacoco.agent.rt.internal_f3994fa.CoverageTransformer.transform(CoverageTransformer.java:92)
	... 67 more
Caused by: java.lang.IllegalArgumentException: Unsupported class file major version 65
	at org.jacoco.agent.rt.internal_f3994fa.asm.ClassReader.<init>(ClassReader.java:196)
	at org.jacoco.agent.rt.internal_f3994fa.asm.ClassReader.<init>(ClassReader.java:177)
	at org.jacoco.agent.rt.internal_f3994fa.asm.ClassReader.<init>(ClassReader.java:163)
	at org.jacoco.agent.rt.internal_f3994fa.core.internal.instr.InstrSupport.classReaderFor(InstrSupport.java:280)
	at org.jacoco.agent.rt.internal_f3994fa.core.instr.Instrumenter.instrument(Instrumenter.java:76)
	at org.jacoco.agent.rt.internal_f3994fa.core.instr.Instrumenter.instrument(Instrumenter.java:108)
	... 68 more
java.lang.instrument.IllegalClassFormatException: Error while instrumenting sun/security/ec/ed/EdDSAParameters.
	at org.jacoco.agent.rt.internal_f3994fa.CoverageTransformer.transform(CoverageTransformer.java:94)
	at java.instrument/java.lang.instrument.ClassFileTransformer.transform(ClassFileTransformer.java:244)
	at java.instrument/sun.instrument.TransformerManager.transform(TransformerManager.java:188)
	at java.instrument/sun.instrument.InstrumentationImpl.transform(InstrumentationImpl.java:610)
	at java.base/java.lang.ClassLoader.defineClass2(Native Method)
	at java.base/java.lang.ClassLoader.defineClass(ClassLoader.java:1118)
	at java.base/java.security.SecureClassLoader.defineClass(SecureClassLoader.java:182)
	at java.base/jdk.internal.loader.BuiltinClassLoader.defineClass(BuiltinClassLoader.java:821)
	at java.base/jdk.internal.loader.BuiltinClassLoader.findClassInModuleOrNull(BuiltinClassLoader.java:741)
	at java.base/jdk.internal.loader.BuiltinClassLoader.loadClassOrNull(BuiltinClassLoader.java:665)
	at java.base/jdk.internal.loader.BuiltinClassLoader.loadClass(BuiltinClassLoader.java:639)
	at java.base/java.lang.ClassLoader.loadClass(ClassLoader.java:526)
	at jdk.crypto.ec/sun.security.ec.ed.EdDSASignature.<init>(EdDSASignature.java:108)
	at jdk.crypto.ec/sun.security.ec.ed.EdDSASignature$Ed25519.<init>(EdDSASignature.java:302)
	at jdk.crypto.ec/sun.security.ec.SunEC$ProviderService.newInstance(SunEC.java:87)
	at java.base/java.security.Signature.isSpi(Signature.java:330)
	at java.base/java.security.Signature.getInstance(Signature.java:275)
	at java.base/sun.security.ssl.SignatureScheme.<init>(SignatureScheme.java:291)
	at java.base/sun.security.ssl.SignatureScheme.<init>(SignatureScheme.java:244)
	at java.base/sun.security.ssl.SignatureScheme.<init>(SignatureScheme.java:236)
	at java.base/sun.security.ssl.SignatureScheme.<init>(SignatureScheme.java:229)
	at java.base/sun.security.ssl.SignatureScheme.<clinit>(SignatureScheme.java:67)
	at java.base/sun.security.ssl.SSLSessionImpl.<clinit>(SSLSessionImpl.java:814)
	at java.base/sun.security.ssl.TransportContext.<init>(TransportContext.java:152)
	at java.base/sun.security.ssl.TransportContext.<init>(TransportContext.java:121)
	at java.base/sun.security.ssl.SSLSocketImpl.<init>(SSLSocketImpl.java:283)
	at java.base/sun.security.ssl.SSLSocketFactoryImpl.createSocket(SSLSocketFactoryImpl.java:108)
	at com.mysql.cj.protocol.ExportControlled.performTlsHandshake(ExportControlled.java:337)
	at com.mysql.cj.protocol.StandardSocketFactory.performTlsHandshake(StandardSocketFactory.java:191)
	at com.mysql.cj.protocol.a.NativeSocketConnection.performTlsHandshake(NativeSocketConnection.java:101)
	at com.mysql.cj.protocol.a.NativeProtocol.negotiateSSLConnection(NativeProtocol.java:370)
	at com.mysql.cj.protocol.a.NativeAuthenticationProvider.connect(NativeAuthenticationProvider.java:206)
	at com.mysql.cj.protocol.a.NativeProtocol.connect(NativeProtocol.java:1430)
	at com.mysql.cj.NativeSession.connect(NativeSession.java:134)
	at com.mysql.cj.jdbc.ConnectionImpl.connectOneTryOnly(ConnectionImpl.java:945)
	at com.mysql.cj.jdbc.ConnectionImpl.createNewIO(ConnectionImpl.java:815)
	at com.mysql.cj.jdbc.ConnectionImpl.<init>(ConnectionImpl.java:446)
	at com.mysql.cj.jdbc.ConnectionImpl.getInstance(ConnectionImpl.java:239)
	at com.mysql.cj.jdbc.NonRegisteringDriver.connect(NonRegisteringDriver.java:188)
	at java.sql/java.sql.DriverManager.getConnection(DriverManager.java:683)
	at java.sql/java.sql.DriverManager.getConnection(DriverManager.java:230)
	at dao.DBConnection.<init>(DBConnection.java:29)
	at dao.DBConnection.getInstance(DBConnection.java:43)
	at JUnit.TesteAplicacao.testReaberturaConexao(TesteAplicacao.java:59)
	at java.base/jdk.internal.reflect.DirectMethodHandleAccessor.invoke(DirectMethodHandleAccessor.java:103)
	at java.base/java.lang.reflect.Method.invoke(Method.java:580)
	at org.junit.runners.model.FrameworkMethod$1.runReflectiveCall(FrameworkMethod.java:59)
	at org.junit.internal.runners.model.ReflectiveCallable.run(ReflectiveCallable.java:12)
	at org.junit.runners.model.FrameworkMethod.invokeExplosively(FrameworkMethod.java:56)
	at org.junit.internal.runners.statements.InvokeMethod.evaluate(InvokeMethod.java:17)
	at org.junit.runners.ParentRunner$3.evaluate(ParentRunner.java:306)
	at org.junit.runners.BlockJUnit4ClassRunner$1.evaluate(BlockJUnit4ClassRunner.java:100)
	at org.junit.runners.ParentRunner.runLeaf(ParentRunner.java:366)
	at org.junit.runners.BlockJUnit4ClassRunner.runChild(BlockJUnit4ClassRunner.java:103)
	at org.junit.runners.BlockJUnit4ClassRunner.runChild(BlockJUnit4ClassRunner.java:63)
	at org.junit.runners.ParentRunner$4.run(ParentRunner.java:331)
	at org.junit.runners.ParentRunner$1.schedule(ParentRunner.java:79)
	at org.junit.runners.ParentRunner.runChildren(ParentRunner.java:329)
	at org.junit.runners.ParentRunner.access$100(ParentRunner.java:66)
	at org.junit.runners.ParentRunner$2.evaluate(ParentRunner.java:293)
	at org.junit.runners.ParentRunner$3.evaluate(ParentRunner.java:306)
	at org.junit.runners.ParentRunner.run(ParentRunner.java:413)
	at org.apache.maven.surefire.junit4.JUnit4Provider.execute(JUnit4Provider.java:316)
	at org.apache.maven.surefire.junit4.JUnit4Provider.executeWithRerun(JUnit4Provider.java:240)
	at org.apache.maven.surefire.junit4.JUnit4Provider.executeTestSet(JUnit4Provider.java:214)
	at org.apache.maven.surefire.junit4.JUnit4Provider.invoke(JUnit4Provider.java:155)
	at org.apache.maven.surefire.booter.ForkedBooter.runSuitesInProcess(ForkedBooter.java:385)
	at org.apache.maven.surefire.booter.ForkedBooter.execute(ForkedBooter.java:162)
	at org.apache.maven.surefire.booter.ForkedBooter.run(ForkedBooter.java:507)
	at org.apache.maven.surefire.booter.ForkedBooter.main(ForkedBooter.java:495)
Caused by: java.io.IOException: Error while instrumenting sun/security/ec/ed/EdDSAParameters.
	at org.jacoco.agent.rt.internal_f3994fa.core.instr.Instrumenter.instrumentError(Instrumenter.java:160)
	at org.jacoco.agent.rt.internal_f3994fa.core.instr.Instrumenter.instrument(Instrumenter.java:110)
	at org.jacoco.agent.rt.internal_f3994fa.CoverageTransformer.transform(CoverageTransformer.java:92)
	... 69 more
Caused by: java.lang.IllegalArgumentException: Unsupported class file major version 65
	at org.jacoco.agent.rt.internal_f3994fa.asm.ClassReader.<init>(ClassReader.java:196)
	at org.jacoco.agent.rt.internal_f3994fa.asm.ClassReader.<init>(ClassReader.java:177)
	at org.jacoco.agent.rt.internal_f3994fa.asm.ClassReader.<init>(ClassReader.java:163)
	at org.jacoco.agent.rt.internal_f3994fa.core.internal.instr.InstrSupport.classReaderFor(InstrSupport.java:280)
	at org.jacoco.agent.rt.internal_f3994fa.core.instr.Instrumenter.instrument(Instrumenter.java:76)
	at org.jacoco.agent.rt.internal_f3994fa.core.instr.Instrumenter.instrument(Instrumenter.java:108)
	... 70 more
java.lang.instrument.IllegalClassFormatException: Error while instrumenting sun/security/ec/ed/EdDSAParameters$DigesterFactory.
	at org.jacoco.agent.rt.internal_f3994fa.CoverageTransformer.transform(CoverageTransformer.java:94)
	at java.instrument/java.lang.instrument.ClassFileTransformer.transform(ClassFileTransformer.java:244)
	at java.instrument/sun.instrument.TransformerManager.transform(TransformerManager.java:188)
	at java.instrument/sun.instrument.InstrumentationImpl.transform(InstrumentationImpl.java:610)
	at java.base/java.lang.ClassLoader.defineClass2(Native Method)
	at java.base/java.lang.ClassLoader.defineClass(ClassLoader.java:1118)
	at java.base/java.security.SecureClassLoader.defineClass(SecureClassLoader.java:182)
	at java.base/jdk.internal.loader.BuiltinClassLoader.defineClass(BuiltinClassLoader.java:821)
	at java.base/jdk.internal.loader.BuiltinClassLoader.findClassInModuleOrNull(BuiltinClassLoader.java:741)
	at java.base/jdk.internal.loader.BuiltinClassLoader.loadClassOrNull(BuiltinClassLoader.java:665)
	at java.base/jdk.internal.loader.BuiltinClassLoader.loadClass(BuiltinClassLoader.java:639)
	at java.base/java.lang.ClassLoader.loadClass(ClassLoader.java:526)
	at jdk.crypto.ec/sun.security.ec.ed.EdDSASignature.<init>(EdDSASignature.java:108)
	at jdk.crypto.ec/sun.security.ec.ed.EdDSASignature$Ed25519.<init>(EdDSASignature.java:302)
	at jdk.crypto.ec/sun.security.ec.SunEC$ProviderService.newInstance(SunEC.java:87)
	at java.base/java.security.Signature.isSpi(Signature.java:330)
	at java.base/java.security.Signature.getInstance(Signature.java:275)
	at java.base/sun.security.ssl.SignatureScheme.<init>(SignatureScheme.java:291)
	at java.base/sun.security.ssl.SignatureScheme.<init>(SignatureScheme.java:244)
	at java.base/sun.security.ssl.SignatureScheme.<init>(SignatureScheme.java:236)
	at java.base/sun.security.ssl.SignatureScheme.<init>(SignatureScheme.java:229)
	at java.base/sun.security.ssl.SignatureScheme.<clinit>(SignatureScheme.java:67)
	at java.base/sun.security.ssl.SSLSessionImpl.<clinit>(SSLSessionImpl.java:814)
	at java.base/sun.security.ssl.TransportContext.<init>(TransportContext.java:152)
	at java.base/sun.security.ssl.TransportContext.<init>(TransportContext.java:121)
	at java.base/sun.security.ssl.SSLSocketImpl.<init>(SSLSocketImpl.java:283)
	at java.base/sun.security.ssl.SSLSocketFactoryImpl.createSocket(SSLSocketFactoryImpl.java:108)
	at com.mysql.cj.protocol.ExportControlled.performTlsHandshake(ExportControlled.java:337)
	at com.mysql.cj.protocol.StandardSocketFactory.performTlsHandshake(StandardSocketFactory.java:191)
	at com.mysql.cj.protocol.a.NativeSocketConnection.performTlsHandshake(NativeSocketConnection.java:101)
	at com.mysql.cj.protocol.a.NativeProtocol.negotiateSSLConnection(NativeProtocol.java:370)
	at com.mysql.cj.protocol.a.NativeAuthenticationProvider.connect(NativeAuthenticationProvider.java:206)
	at com.mysql.cj.protocol.a.NativeProtocol.connect(NativeProtocol.java:1430)
	at com.mysql.cj.NativeSession.connect(NativeSession.java:134)
	at com.mysql.cj.jdbc.ConnectionImpl.connectOneTryOnly(ConnectionImpl.java:945)
	at com.mysql.cj.jdbc.ConnectionImpl.createNewIO(ConnectionImpl.java:815)
	at com.mysql.cj.jdbc.ConnectionImpl.<init>(ConnectionImpl.java:446)
	at com.mysql.cj.jdbc.ConnectionImpl.getInstance(ConnectionImpl.java:239)
	at com.mysql.cj.jdbc.NonRegisteringDriver.connect(NonRegisteringDriver.java:188)
	at java.sql/java.sql.DriverManager.getConnection(DriverManager.java:683)
	at java.sql/java.sql.DriverManager.getConnection(DriverManager.java:230)
	at dao.DBConnection.<init>(DBConnection.java:29)
	at dao.DBConnection.getInstance(DBConnection.java:43)
	at JUnit.TesteAplicacao.testReaberturaConexao(TesteAplicacao.java:59)
	at java.base/jdk.internal.reflect.DirectMethodHandleAccessor.invoke(DirectMethodHandleAccessor.java:103)
	at java.base/java.lang.reflect.Method.invoke(Method.java:580)
	at org.junit.runners.model.FrameworkMethod$1.runReflectiveCall(FrameworkMethod.java:59)
	at org.junit.internal.runners.model.ReflectiveCallable.run(ReflectiveCallable.java:12)
	at org.junit.runners.model.FrameworkMethod.invokeExplosively(FrameworkMethod.java:56)
	at org.junit.internal.runners.statements.InvokeMethod.evaluate(InvokeMethod.java:17)
	at org.junit.runners.ParentRunner$3.evaluate(ParentRunner.java:306)
	at org.junit.runners.BlockJUnit4ClassRunner$1.evaluate(BlockJUnit4ClassRunner.java:100)
	at org.junit.runners.ParentRunner.runLeaf(ParentRunner.java:366)
	at org.junit.runners.BlockJUnit4ClassRunner.runChild(BlockJUnit4ClassRunner.java:103)
	at org.junit.runners.BlockJUnit4ClassRunner.runChild(BlockJUnit4ClassRunner.java:63)
	at org.junit.runners.ParentRunner$4.run(ParentRunner.java:331)
	at org.junit.runners.ParentRunner$1.schedule(ParentRunner.java:79)
	at org.junit.runners.ParentRunner.runChildren(ParentRunner.java:329)
	at org.junit.runners.ParentRunner.access$100(ParentRunner.java:66)
	at org.junit.runners.ParentRunner$2.evaluate(ParentRunner.java:293)
	at org.junit.runners.ParentRunner$3.evaluate(ParentRunner.java:306)
	at org.junit.runners.ParentRunner.run(ParentRunner.java:413)
	at org.apache.maven.surefire.junit4.JUnit4Provider.execute(JUnit4Provider.java:316)
	at org.apache.maven.surefire.junit4.JUnit4Provider.executeWithRerun(JUnit4Provider.java:240)
	at org.apache.maven.surefire.junit4.JUnit4Provider.executeTestSet(JUnit4Provider.java:214)
	at org.apache.maven.surefire.junit4.JUnit4Provider.invoke(JUnit4Provider.java:155)
	at org.apache.maven.surefire.booter.ForkedBooter.runSuitesInProcess(ForkedBooter.java:385)
	at org.apache.maven.surefire.booter.ForkedBooter.execute(ForkedBooter.java:162)
	at org.apache.maven.surefire.booter.ForkedBooter.run(ForkedBooter.java:507)
	at org.apache.maven.surefire.booter.ForkedBooter.main(ForkedBooter.java:495)
Caused by: java.io.IOException: Error while instrumenting sun/security/ec/ed/EdDSAParameters$DigesterFactory.
	at org.jacoco.agent.rt.internal_f3994fa.core.instr.Instrumenter.instrumentError(Instrumenter.java:160)
	at org.jacoco.agent.rt.internal_f3994fa.core.instr.Instrumenter.instrument(Instrumenter.java:110)
	at org.jacoco.agent.rt.internal_f3994fa.CoverageTransformer.transform(CoverageTransformer.java:92)
	... 69 more
Caused by: java.lang.IllegalArgumentException: Unsupported class file major version 65
	at org.jacoco.agent.rt.internal_f3994fa.asm.ClassReader.<init>(ClassReader.java:196)
	at org.jacoco.agent.rt.internal_f3994fa.asm.ClassReader.<init>(ClassReader.java:177)
	at org.jacoco.agent.rt.internal_f3994fa.asm.ClassReader.<init>(ClassReader.java:163)
	at org.jacoco.agent.rt.internal_f3994fa.core.internal.instr.InstrSupport.classReaderFor(InstrSupport.java:280)
	at org.jacoco.agent.rt.internal_f3994fa.core.instr.Instrumenter.instrument(Instrumenter.java:76)
	at org.jacoco.agent.rt.internal_f3994fa.core.instr.Instrumenter.instrument(Instrumenter.java:108)
	... 70 more
java.lang.instrument.IllegalClassFormatException: Error while instrumenting sun/security/ec/ed/EdECOperations.
	at org.jacoco.agent.rt.internal_f3994fa.CoverageTransformer.transform(CoverageTransformer.java:94)
	at java.instrument/java.lang.instrument.ClassFileTransformer.transform(ClassFileTransformer.java:244)
	at java.instrument/sun.instrument.TransformerManager.transform(TransformerManager.java:188)
	at java.instrument/sun.instrument.InstrumentationImpl.transform(InstrumentationImpl.java:610)
	at java.base/java.lang.ClassLoader.defineClass2(Native Method)
	at java.base/java.lang.ClassLoader.defineClass(ClassLoader.java:1118)
	at java.base/java.security.SecureClassLoader.defineClass(SecureClassLoader.java:182)
	at java.base/jdk.internal.loader.BuiltinClassLoader.defineClass(BuiltinClassLoader.java:821)
	at java.base/jdk.internal.loader.BuiltinClassLoader.findClassInModuleOrNull(BuiltinClassLoader.java:741)
	at java.base/jdk.internal.loader.BuiltinClassLoader.loadClassOrNull(BuiltinClassLoader.java:665)
	at java.base/jdk.internal.loader.BuiltinClassLoader.loadClass(BuiltinClassLoader.java:639)
	at java.base/java.lang.ClassLoader.loadClass(ClassLoader.java:526)
	at jdk.crypto.ec/sun.security.ec.ed.EdDSASignature.<init>(EdDSASignature.java:108)
	at jdk.crypto.ec/sun.security.ec.ed.EdDSASignature$Ed25519.<init>(EdDSASignature.java:302)
	at jdk.crypto.ec/sun.security.ec.SunEC$ProviderService.newInstance(SunEC.java:87)
	at java.base/java.security.Signature.isSpi(Signature.java:330)
	at java.base/java.security.Signature.getInstance(Signature.java:275)
	at java.base/sun.security.ssl.SignatureScheme.<init>(SignatureScheme.java:291)
	at java.base/sun.security.ssl.SignatureScheme.<init>(SignatureScheme.java:244)
	at java.base/sun.security.ssl.SignatureScheme.<init>(SignatureScheme.java:236)
	at java.base/sun.security.ssl.SignatureScheme.<init>(SignatureScheme.java:229)
	at java.base/sun.security.ssl.SignatureScheme.<clinit>(SignatureScheme.java:67)
	at java.base/sun.security.ssl.SSLSessionImpl.<clinit>(SSLSessionImpl.java:814)
	at java.base/sun.security.ssl.TransportContext.<init>(TransportContext.java:152)
	at java.base/sun.security.ssl.TransportContext.<init>(TransportContext.java:121)
	at java.base/sun.security.ssl.SSLSocketImpl.<init>(SSLSocketImpl.java:283)
	at java.base/sun.security.ssl.SSLSocketFactoryImpl.createSocket(SSLSocketFactoryImpl.java:108)
	at com.mysql.cj.protocol.ExportControlled.performTlsHandshake(ExportControlled.java:337)
	at com.mysql.cj.protocol.StandardSocketFactory.performTlsHandshake(StandardSocketFactory.java:191)
	at com.mysql.cj.protocol.a.NativeSocketConnection.performTlsHandshake(NativeSocketConnection.java:101)
	at com.mysql.cj.protocol.a.NativeProtocol.negotiateSSLConnection(NativeProtocol.java:370)
	at com.mysql.cj.protocol.a.NativeAuthenticationProvider.connect(NativeAuthenticationProvider.java:206)
	at com.mysql.cj.protocol.a.NativeProtocol.connect(NativeProtocol.java:1430)
	at com.mysql.cj.NativeSession.connect(NativeSession.java:134)
	at com.mysql.cj.jdbc.ConnectionImpl.connectOneTryOnly(ConnectionImpl.java:945)
	at com.mysql.cj.jdbc.ConnectionImpl.createNewIO(ConnectionImpl.java:815)
	at com.mysql.cj.jdbc.ConnectionImpl.<init>(ConnectionImpl.java:446)
	at com.mysql.cj.jdbc.ConnectionImpl.getInstance(ConnectionImpl.java:239)
	at com.mysql.cj.jdbc.NonRegisteringDriver.connect(NonRegisteringDriver.java:188)
	at java.sql/java.sql.DriverManager.getConnection(DriverManager.java:683)
	at java.sql/java.sql.DriverManager.getConnection(DriverManager.java:230)
	at dao.DBConnection.<init>(DBConnection.java:29)
	at dao.DBConnection.getInstance(DBConnection.java:43)
	at JUnit.TesteAplicacao.testReaberturaConexao(TesteAplicacao.java:59)
	at java.base/jdk.internal.reflect.DirectMethodHandleAccessor.invoke(DirectMethodHandleAccessor.java:103)
	at java.base/java.lang.reflect.Method.invoke(Method.java:580)
	at org.junit.runners.model.FrameworkMethod$1.runReflectiveCall(FrameworkMethod.java:59)
	at org.junit.internal.runners.model.ReflectiveCallable.run(ReflectiveCallable.java:12)
	at org.junit.runners.model.FrameworkMethod.invokeExplosively(FrameworkMethod.java:56)
	at org.junit.internal.runners.statements.InvokeMethod.evaluate(InvokeMethod.java:17)
	at org.junit.runners.ParentRunner$3.evaluate(ParentRunner.java:306)
	at org.junit.runners.BlockJUnit4ClassRunner$1.evaluate(BlockJUnit4ClassRunner.java:100)
	at org.junit.runners.ParentRunner.runLeaf(ParentRunner.java:366)
	at org.junit.runners.BlockJUnit4ClassRunner.runChild(BlockJUnit4ClassRunner.java:103)
	at org.junit.runners.BlockJUnit4ClassRunner.runChild(BlockJUnit4ClassRunner.java:63)
	at org.junit.runners.ParentRunner$4.run(ParentRunner.java:331)
	at org.junit.runners.ParentRunner$1.schedule(ParentRunner.java:79)
	at org.junit.runners.ParentRunner.runChildren(ParentRunner.java:329)
	at org.junit.runners.ParentRunner.access$100(ParentRunner.java:66)
	at org.junit.runners.ParentRunner$2.evaluate(ParentRunner.java:293)
	at org.junit.runners.ParentRunner$3.evaluate(ParentRunner.java:306)
	at org.junit.runners.ParentRunner.run(ParentRunner.java:413)
	at org.apache.maven.surefire.junit4.JUnit4Provider.execute(JUnit4Provider.java:316)
	at org.apache.maven.surefire.junit4.JUnit4Provider.executeWithRerun(JUnit4Provider.java:240)
	at org.apache.maven.surefire.junit4.JUnit4Provider.executeTestSet(JUnit4Provider.java:214)
	at org.apache.maven.surefire.junit4.JUnit4Provider.invoke(JUnit4Provider.java:155)
	at org.apache.maven.surefire.booter.ForkedBooter.runSuitesInProcess(ForkedBooter.java:385)
	at org.apache.maven.surefire.booter.ForkedBooter.execute(ForkedBooter.java:162)
	at org.apache.maven.surefire.booter.ForkedBooter.run(ForkedBooter.java:507)
	at org.apache.maven.surefire.booter.ForkedBooter.main(ForkedBooter.java:495)
Caused by: java.io.IOException: Error while instrumenting sun/security/ec/ed/EdECOperations.
	at org.jacoco.agent.rt.internal_f3994fa.core.instr.Instrumenter.instrumentError(Instrumenter.java:160)
	at org.jacoco.agent.rt.internal_f3994fa.core.instr.Instrumenter.instrument(Instrumenter.java:110)
	at org.jacoco.agent.rt.internal_f3994fa.CoverageTransformer.transform(CoverageTransformer.java:92)
	... 69 more
Caused by: java.lang.IllegalArgumentException: Unsupported class file major version 65
	at org.jacoco.agent.rt.internal_f3994fa.asm.ClassReader.<init>(ClassReader.java:196)
	at org.jacoco.agent.rt.internal_f3994fa.asm.ClassReader.<init>(ClassReader.java:177)
	at org.jacoco.agent.rt.internal_f3994fa.asm.ClassReader.<init>(ClassReader.java:163)
	at org.jacoco.agent.rt.internal_f3994fa.core.internal.instr.InstrSupport.classReaderFor(InstrSupport.java:280)
	at org.jacoco.agent.rt.internal_f3994fa.core.instr.Instrumenter.instrument(Instrumenter.java:76)
	at org.jacoco.agent.rt.internal_f3994fa.core.instr.Instrumenter.instrument(Instrumenter.java:108)
	... 70 more
java.lang.instrument.IllegalClassFormatException: Error while instrumenting sun/security/ec/ed/Ed25519Operations.
	at org.jacoco.agent.rt.internal_f3994fa.CoverageTransformer.transform(CoverageTransformer.java:94)
	at java.instrument/java.lang.instrument.ClassFileTransformer.transform(ClassFileTransformer.java:244)
	at java.instrument/sun.instrument.TransformerManager.transform(TransformerManager.java:188)
	at java.instrument/sun.instrument.InstrumentationImpl.transform(InstrumentationImpl.java:610)
	at java.base/java.lang.ClassLoader.defineClass2(Native Method)
	at java.base/java.lang.ClassLoader.defineClass(ClassLoader.java:1118)
	at java.base/java.security.SecureClassLoader.defineClass(SecureClassLoader.java:182)
	at java.base/jdk.internal.loader.BuiltinClassLoader.defineClass(BuiltinClassLoader.java:821)
	at java.base/jdk.internal.loader.BuiltinClassLoader.findClassInModuleOrNull(BuiltinClassLoader.java:741)
	at java.base/jdk.internal.loader.BuiltinClassLoader.loadClassOrNull(BuiltinClassLoader.java:665)
	at java.base/jdk.internal.loader.BuiltinClassLoader.loadClass(BuiltinClassLoader.java:639)
	at java.base/java.lang.ClassLoader.loadClass(ClassLoader.java:526)
	at jdk.crypto.ec/sun.security.ec.ed.EdDSASignature.<init>(EdDSASignature.java:108)
	at jdk.crypto.ec/sun.security.ec.ed.EdDSASignature$Ed25519.<init>(EdDSASignature.java:302)
	at jdk.crypto.ec/sun.security.ec.SunEC$ProviderService.newInstance(SunEC.java:87)
	at java.base/java.security.Signature.isSpi(Signature.java:330)
	at java.base/java.security.Signature.getInstance(Signature.java:275)
	at java.base/sun.security.ssl.SignatureScheme.<init>(SignatureScheme.java:291)
	at java.base/sun.security.ssl.SignatureScheme.<init>(SignatureScheme.java:244)
	at java.base/sun.security.ssl.SignatureScheme.<init>(SignatureScheme.java:236)
	at java.base/sun.security.ssl.SignatureScheme.<init>(SignatureScheme.java:229)
	at java.base/sun.security.ssl.SignatureScheme.<clinit>(SignatureScheme.java:67)
	at java.base/sun.security.ssl.SSLSessionImpl.<clinit>(SSLSessionImpl.java:814)
	at java.base/sun.security.ssl.TransportContext.<init>(TransportContext.java:152)
	at java.base/sun.security.ssl.TransportContext.<init>(TransportContext.java:121)
	at java.base/sun.security.ssl.SSLSocketImpl.<init>(SSLSocketImpl.java:283)
	at java.base/sun.security.ssl.SSLSocketFactoryImpl.createSocket(SSLSocketFactoryImpl.java:108)
	at com.mysql.cj.protocol.ExportControlled.performTlsHandshake(ExportControlled.java:337)
	at com.mysql.cj.protocol.StandardSocketFactory.performTlsHandshake(StandardSocketFactory.java:191)
	at com.mysql.cj.protocol.a.NativeSocketConnection.performTlsHandshake(NativeSocketConnection.java:101)
	at com.mysql.cj.protocol.a.NativeProtocol.negotiateSSLConnection(NativeProtocol.java:370)
	at com.mysql.cj.protocol.a.NativeAuthenticationProvider.connect(NativeAuthenticationProvider.java:206)
	at com.mysql.cj.protocol.a.NativeProtocol.connect(NativeProtocol.java:1430)
	at com.mysql.cj.NativeSession.connect(NativeSession.java:134)
	at com.mysql.cj.jdbc.ConnectionImpl.connectOneTryOnly(ConnectionImpl.java:945)
	at com.mysql.cj.jdbc.ConnectionImpl.createNewIO(ConnectionImpl.java:815)
	at com.mysql.cj.jdbc.ConnectionImpl.<init>(ConnectionImpl.java:446)
	at com.mysql.cj.jdbc.ConnectionImpl.getInstance(ConnectionImpl.java:239)
	at com.mysql.cj.jdbc.NonRegisteringDriver.connect(NonRegisteringDriver.java:188)
	at java.sql/java.sql.DriverManager.getConnection(DriverManager.java:683)
	at java.sql/java.sql.DriverManager.getConnection(DriverManager.java:230)
	at dao.DBConnection.<init>(DBConnection.java:29)
	at dao.DBConnection.getInstance(DBConnection.java:43)
	at JUnit.TesteAplicacao.testReaberturaConexao(TesteAplicacao.java:59)
	at java.base/jdk.internal.reflect.DirectMethodHandleAccessor.invoke(DirectMethodHandleAccessor.java:103)
	at java.base/java.lang.reflect.Method.invoke(Method.java:580)
	at org.junit.runners.model.FrameworkMethod$1.runReflectiveCall(FrameworkMethod.java:59)
	at org.junit.internal.runners.model.ReflectiveCallable.run(ReflectiveCallable.java:12)
	at org.junit.runners.model.FrameworkMethod.invokeExplosively(FrameworkMethod.java:56)
	at org.junit.internal.runners.statements.InvokeMethod.evaluate(InvokeMethod.java:17)
	at org.junit.runners.ParentRunner$3.evaluate(ParentRunner.java:306)
	at org.junit.runners.BlockJUnit4ClassRunner$1.evaluate(BlockJUnit4ClassRunner.java:100)
	at org.junit.runners.ParentRunner.runLeaf(ParentRunner.java:366)
	at org.junit.runners.BlockJUnit4ClassRunner.runChild(BlockJUnit4ClassRunner.java:103)
	at org.junit.runners.BlockJUnit4ClassRunner.runChild(BlockJUnit4ClassRunner.java:63)
	at org.junit.runners.ParentRunner$4.run(ParentRunner.java:331)
	at org.junit.runners.ParentRunner$1.schedule(ParentRunner.java:79)
	at org.junit.runners.ParentRunner.runChildren(ParentRunner.java:329)
	at org.junit.runners.ParentRunner.access$100(ParentRunner.java:66)
	at org.junit.runners.ParentRunner$2.evaluate(ParentRunner.java:293)
	at org.junit.runners.ParentRunner$3.evaluate(ParentRunner.java:306)
	at org.junit.runners.ParentRunner.run(ParentRunner.java:413)
	at org.apache.maven.surefire.junit4.JUnit4Provider.execute(JUnit4Provider.java:316)
	at org.apache.maven.surefire.junit4.JUnit4Provider.executeWithRerun(JUnit4Provider.java:240)
	at org.apache.maven.surefire.junit4.JUnit4Provider.executeTestSet(JUnit4Provider.java:214)
	at org.apache.maven.surefire.junit4.JUnit4Provider.invoke(JUnit4Provider.java:155)
	at org.apache.maven.surefire.booter.ForkedBooter.runSuitesInProcess(ForkedBooter.java:385)
	at org.apache.maven.surefire.booter.ForkedBooter.execute(ForkedBooter.java:162)
	at org.apache.maven.surefire.booter.ForkedBooter.run(ForkedBooter.java:507)
	at org.apache.maven.surefire.booter.ForkedBooter.main(ForkedBooter.java:495)
Caused by: java.io.IOException: Error while instrumenting sun/security/ec/ed/Ed25519Operations.
	at org.jacoco.agent.rt.internal_f3994fa.core.instr.Instrumenter.instrumentError(Instrumenter.java:160)
	at org.jacoco.agent.rt.internal_f3994fa.core.instr.Instrumenter.instrument(Instrumenter.java:110)
	at org.jacoco.agent.rt.internal_f3994fa.CoverageTransformer.transform(CoverageTransformer.java:92)
	... 69 more
Caused by: java.lang.IllegalArgumentException: Unsupported class file major version 65
	at org.jacoco.agent.rt.internal_f3994fa.asm.ClassReader.<init>(ClassReader.java:196)
	at org.jacoco.agent.rt.internal_f3994fa.asm.ClassReader.<init>(ClassReader.java:177)
	at org.jacoco.agent.rt.internal_f3994fa.asm.ClassReader.<init>(ClassReader.java:163)
	at org.jacoco.agent.rt.internal_f3994fa.core.internal.instr.InstrSupport.classReaderFor(InstrSupport.java:280)
	at org.jacoco.agent.rt.internal_f3994fa.core.instr.Instrumenter.instrument(Instrumenter.java:76)
	at org.jacoco.agent.rt.internal_f3994fa.core.instr.Instrumenter.instrument(Instrumenter.java:108)
	... 70 more
java.lang.instrument.IllegalClassFormatException: Error while instrumenting sun/security/ec/ed/Ed448Operations.
	at org.jacoco.agent.rt.internal_f3994fa.CoverageTransformer.transform(CoverageTransformer.java:94)
	at java.instrument/java.lang.instrument.ClassFileTransformer.transform(ClassFileTransformer.java:244)
	at java.instrument/sun.instrument.TransformerManager.transform(TransformerManager.java:188)
	at java.instrument/sun.instrument.InstrumentationImpl.transform(InstrumentationImpl.java:610)
	at java.base/java.lang.ClassLoader.defineClass2(Native Method)
	at java.base/java.lang.ClassLoader.defineClass(ClassLoader.java:1118)
	at java.base/java.security.SecureClassLoader.defineClass(SecureClassLoader.java:182)
	at java.base/jdk.internal.loader.BuiltinClassLoader.defineClass(BuiltinClassLoader.java:821)
	at java.base/jdk.internal.loader.BuiltinClassLoader.findClassInModuleOrNull(BuiltinClassLoader.java:741)
	at java.base/jdk.internal.loader.BuiltinClassLoader.loadClassOrNull(BuiltinClassLoader.java:665)
	at java.base/jdk.internal.loader.BuiltinClassLoader.loadClass(BuiltinClassLoader.java:639)
	at java.base/java.lang.ClassLoader.loadClass(ClassLoader.java:526)
	at jdk.crypto.ec/sun.security.ec.ed.EdDSASignature.<init>(EdDSASignature.java:108)
	at jdk.crypto.ec/sun.security.ec.ed.EdDSASignature$Ed25519.<init>(EdDSASignature.java:302)
	at jdk.crypto.ec/sun.security.ec.SunEC$ProviderService.newInstance(SunEC.java:87)
	at java.base/java.security.Signature.isSpi(Signature.java:330)
	at java.base/java.security.Signature.getInstance(Signature.java:275)
	at java.base/sun.security.ssl.SignatureScheme.<init>(SignatureScheme.java:291)
	at java.base/sun.security.ssl.SignatureScheme.<init>(SignatureScheme.java:244)
	at java.base/sun.security.ssl.SignatureScheme.<init>(SignatureScheme.java:236)
	at java.base/sun.security.ssl.SignatureScheme.<init>(SignatureScheme.java:229)
	at java.base/sun.security.ssl.SignatureScheme.<clinit>(SignatureScheme.java:67)
	at java.base/sun.security.ssl.SSLSessionImpl.<clinit>(SSLSessionImpl.java:814)
	at java.base/sun.security.ssl.TransportContext.<init>(TransportContext.java:152)
	at java.base/sun.security.ssl.TransportContext.<init>(TransportContext.java:121)
	at java.base/sun.security.ssl.SSLSocketImpl.<init>(SSLSocketImpl.java:283)
	at java.base/sun.security.ssl.SSLSocketFactoryImpl.createSocket(SSLSocketFactoryImpl.java:108)
	at com.mysql.cj.protocol.ExportControlled.performTlsHandshake(ExportControlled.java:337)
	at com.mysql.cj.protocol.StandardSocketFactory.performTlsHandshake(StandardSocketFactory.java:191)
	at com.mysql.cj.protocol.a.NativeSocketConnection.performTlsHandshake(NativeSocketConnection.java:101)
	at com.mysql.cj.protocol.a.NativeProtocol.negotiateSSLConnection(NativeProtocol.java:370)
	at com.mysql.cj.protocol.a.NativeAuthenticationProvider.connect(NativeAuthenticationProvider.java:206)
	at com.mysql.cj.protocol.a.NativeProtocol.connect(NativeProtocol.java:1430)
	at com.mysql.cj.NativeSession.connect(NativeSession.java:134)
	at com.mysql.cj.jdbc.ConnectionImpl.connectOneTryOnly(ConnectionImpl.java:945)
	at com.mysql.cj.jdbc.ConnectionImpl.createNewIO(ConnectionImpl.java:815)
	at com.mysql.cj.jdbc.ConnectionImpl.<init>(ConnectionImpl.java:446)
	at com.mysql.cj.jdbc.ConnectionImpl.getInstance(ConnectionImpl.java:239)
	at com.mysql.cj.jdbc.NonRegisteringDriver.connect(NonRegisteringDriver.java:188)
	at java.sql/java.sql.DriverManager.getConnection(DriverManager.java:683)
	at java.sql/java.sql.DriverManager.getConnection(DriverManager.java:230)
	at dao.DBConnection.<init>(DBConnection.java:29)
	at dao.DBConnection.getInstance(DBConnection.java:43)
	at JUnit.TesteAplicacao.testReaberturaConexao(TesteAplicacao.java:59)
	at java.base/jdk.internal.reflect.DirectMethodHandleAccessor.invoke(DirectMethodHandleAccessor.java:103)
	at java.base/java.lang.reflect.Method.invoke(Method.java:580)
	at org.junit.runners.model.FrameworkMethod$1.runReflectiveCall(FrameworkMethod.java:59)
	at org.junit.internal.runners.model.ReflectiveCallable.run(ReflectiveCallable.java:12)
	at org.junit.runners.model.FrameworkMethod.invokeExplosively(FrameworkMethod.java:56)
	at org.junit.internal.runners.statements.InvokeMethod.evaluate(InvokeMethod.java:17)
	at org.junit.runners.ParentRunner$3.evaluate(ParentRunner.java:306)
	at org.junit.runners.BlockJUnit4ClassRunner$1.evaluate(BlockJUnit4ClassRunner.java:100)
	at org.junit.runners.ParentRunner.runLeaf(ParentRunner.java:366)
	at org.junit.runners.BlockJUnit4ClassRunner.runChild(BlockJUnit4ClassRunner.java:103)
	at org.junit.runners.BlockJUnit4ClassRunner.runChild(BlockJUnit4ClassRunner.java:63)
	at org.junit.runners.ParentRunner$4.run(ParentRunner.java:331)
	at org.junit.runners.ParentRunner$1.schedule(ParentRunner.java:79)
	at org.junit.runners.ParentRunner.runChildren(ParentRunner.java:329)
	at org.junit.runners.ParentRunner.access$100(ParentRunner.java:66)
	at org.junit.runners.ParentRunner$2.evaluate(ParentRunner.java:293)
	at org.junit.runners.ParentRunner$3.evaluate(ParentRunner.java:306)
	at org.junit.runners.ParentRunner.run(ParentRunner.java:413)
	at org.apache.maven.surefire.junit4.JUnit4Provider.execute(JUnit4Provider.java:316)
	at org.apache.maven.surefire.junit4.JUnit4Provider.executeWithRerun(JUnit4Provider.java:240)
	at org.apache.maven.surefire.junit4.JUnit4Provider.executeTestSet(JUnit4Provider.java:214)
	at org.apache.maven.surefire.junit4.JUnit4Provider.invoke(JUnit4Provider.java:155)
	at org.apache.maven.surefire.booter.ForkedBooter.runSuitesInProcess(ForkedBooter.java:385)
	at org.apache.maven.surefire.booter.ForkedBooter.execute(ForkedBooter.java:162)
	at org.apache.maven.surefire.booter.ForkedBooter.run(ForkedBooter.java:507)
	at org.apache.maven.surefire.booter.ForkedBooter.main(ForkedBooter.java:495)
Caused by: java.io.IOException: Error while instrumenting sun/security/ec/ed/Ed448Operations.
	at org.jacoco.agent.rt.internal_f3994fa.core.instr.Instrumenter.instrumentError(Instrumenter.java:160)
	at org.jacoco.agent.rt.internal_f3994fa.core.instr.Instrumenter.instrument(Instrumenter.java:110)
	at org.jacoco.agent.rt.internal_f3994fa.CoverageTransformer.transform(CoverageTransformer.java:92)
	... 69 more
Caused by: java.lang.IllegalArgumentException: Unsupported class file major version 65
	at org.jacoco.agent.rt.internal_f3994fa.asm.ClassReader.<init>(ClassReader.java:196)
	at org.jacoco.agent.rt.internal_f3994fa.asm.ClassReader.<init>(ClassReader.java:177)
	at org.jacoco.agent.rt.internal_f3994fa.asm.ClassReader.<init>(ClassReader.java:163)
	at org.jacoco.agent.rt.internal_f3994fa.core.internal.instr.InstrSupport.classReaderFor(InstrSupport.java:280)
	at org.jacoco.agent.rt.internal_f3994fa.core.instr.Instrumenter.instrument(Instrumenter.java:76)
	at org.jacoco.agent.rt.internal_f3994fa.core.instr.Instrumenter.instrument(Instrumenter.java:108)
	... 70 more
java.lang.instrument.IllegalClassFormatException: Error while instrumenting sun/security/ec/ParametersMap.
	at org.jacoco.agent.rt.internal_f3994fa.CoverageTransformer.transform(CoverageTransformer.java:94)
	at java.instrument/java.lang.instrument.ClassFileTransformer.transform(ClassFileTransformer.java:244)
	at java.instrument/sun.instrument.TransformerManager.transform(TransformerManager.java:188)
	at java.instrument/sun.instrument.InstrumentationImpl.transform(InstrumentationImpl.java:610)
	at java.base/java.lang.ClassLoader.defineClass2(Native Method)
	at java.base/java.lang.ClassLoader.defineClass(ClassLoader.java:1118)
	at java.base/java.security.SecureClassLoader.defineClass(SecureClassLoader.java:182)
	at java.base/jdk.internal.loader.BuiltinClassLoader.defineClass(BuiltinClassLoader.java:821)
	at java.base/jdk.internal.loader.BuiltinClassLoader.findClassInModuleOrNull(BuiltinClassLoader.java:741)
	at java.base/jdk.internal.loader.BuiltinClassLoader.loadClassOrNull(BuiltinClassLoader.java:665)
	at java.base/jdk.internal.loader.BuiltinClassLoader.loadClass(BuiltinClassLoader.java:639)
	at java.base/java.lang.ClassLoader.loadClass(ClassLoader.java:526)
	at jdk.crypto.ec/sun.security.ec.ed.EdDSAParameters.<clinit>(EdDSAParameters.java:150)
	at jdk.crypto.ec/sun.security.ec.ed.EdDSASignature.<init>(EdDSASignature.java:108)
	at jdk.crypto.ec/sun.security.ec.ed.EdDSASignature$Ed25519.<init>(EdDSASignature.java:302)
	at jdk.crypto.ec/sun.security.ec.SunEC$ProviderService.newInstance(SunEC.java:87)
	at java.base/java.security.Signature.isSpi(Signature.java:330)
	at java.base/java.security.Signature.getInstance(Signature.java:275)
	at java.base/sun.security.ssl.SignatureScheme.<init>(SignatureScheme.java:291)
	at java.base/sun.security.ssl.SignatureScheme.<init>(SignatureScheme.java:244)
	at java.base/sun.security.ssl.SignatureScheme.<init>(SignatureScheme.java:236)
	at java.base/sun.security.ssl.SignatureScheme.<init>(SignatureScheme.java:229)
	at java.base/sun.security.ssl.SignatureScheme.<clinit>(SignatureScheme.java:67)
	at java.base/sun.security.ssl.SSLSessionImpl.<clinit>(SSLSessionImpl.java:814)
	at java.base/sun.security.ssl.TransportContext.<init>(TransportContext.java:152)
	at java.base/sun.security.ssl.TransportContext.<init>(TransportContext.java:121)
	at java.base/sun.security.ssl.SSLSocketImpl.<init>(SSLSocketImpl.java:283)
	at java.base/sun.security.ssl.SSLSocketFactoryImpl.createSocket(SSLSocketFactoryImpl.java:108)
	at com.mysql.cj.protocol.ExportControlled.performTlsHandshake(ExportControlled.java:337)
	at com.mysql.cj.protocol.StandardSocketFactory.performTlsHandshake(StandardSocketFactory.java:191)
	at com.mysql.cj.protocol.a.NativeSocketConnection.performTlsHandshake(NativeSocketConnection.java:101)
	at com.mysql.cj.protocol.a.NativeProtocol.negotiateSSLConnection(NativeProtocol.java:370)
	at com.mysql.cj.protocol.a.NativeAuthenticationProvider.connect(NativeAuthenticationProvider.java:206)
	at com.mysql.cj.protocol.a.NativeProtocol.connect(NativeProtocol.java:1430)
	at com.mysql.cj.NativeSession.connect(NativeSession.java:134)
	at com.mysql.cj.jdbc.ConnectionImpl.connectOneTryOnly(ConnectionImpl.java:945)
	at com.mysql.cj.jdbc.ConnectionImpl.createNewIO(ConnectionImpl.java:815)
	at com.mysql.cj.jdbc.ConnectionImpl.<init>(ConnectionImpl.java:446)
	at com.mysql.cj.jdbc.ConnectionImpl.getInstance(ConnectionImpl.java:239)
	at com.mysql.cj.jdbc.NonRegisteringDriver.connect(NonRegisteringDriver.java:188)
	at java.sql/java.sql.DriverManager.getConnection(DriverManager.java:683)
	at java.sql/java.sql.DriverManager.getConnection(DriverManager.java:230)
	at dao.DBConnection.<init>(DBConnection.java:29)
	at dao.DBConnection.getInstance(DBConnection.java:43)
	at JUnit.TesteAplicacao.testReaberturaConexao(TesteAplicacao.java:59)
	at java.base/jdk.internal.reflect.DirectMethodHandleAccessor.invoke(DirectMethodHandleAccessor.java:103)
	at java.base/java.lang.reflect.Method.invoke(Method.java:580)
	at org.junit.runners.model.FrameworkMethod$1.runReflectiveCall(FrameworkMethod.java:59)
	at org.junit.internal.runners.model.ReflectiveCallable.run(ReflectiveCallable.java:12)
	at org.junit.runners.model.FrameworkMethod.invokeExplosively(FrameworkMethod.java:56)
	at org.junit.internal.runners.statements.InvokeMethod.evaluate(InvokeMethod.java:17)
	at org.junit.runners.ParentRunner$3.evaluate(ParentRunner.java:306)
	at org.junit.runners.BlockJUnit4ClassRunner$1.evaluate(BlockJUnit4ClassRunner.java:100)
	at org.junit.runners.ParentRunner.runLeaf(ParentRunner.java:366)
	at org.junit.runners.BlockJUnit4ClassRunner.runChild(BlockJUnit4ClassRunner.java:103)
	at org.junit.runners.BlockJUnit4ClassRunner.runChild(BlockJUnit4ClassRunner.java:63)
	at org.junit.runners.ParentRunner$4.run(ParentRunner.java:331)
	at org.junit.runners.ParentRunner$1.schedule(ParentRunner.java:79)
	at org.junit.runners.ParentRunner.runChildren(ParentRunner.java:329)
	at org.junit.runners.ParentRunner.access$100(ParentRunner.java:66)
	at org.junit.runners.ParentRunner$2.evaluate(ParentRunner.java:293)
	at org.junit.runners.ParentRunner$3.evaluate(ParentRunner.java:306)
	at org.junit.runners.ParentRunner.run(ParentRunner.java:413)
	at org.apache.maven.surefire.junit4.JUnit4Provider.execute(JUnit4Provider.java:316)
	at org.apache.maven.surefire.junit4.JUnit4Provider.executeWithRerun(JUnit4Provider.java:240)
	at org.apache.maven.surefire.junit4.JUnit4Provider.executeTestSet(JUnit4Provider.java:214)
	at org.apache.maven.surefire.junit4.JUnit4Provider.invoke(JUnit4Provider.java:155)
	at org.apache.maven.surefire.booter.ForkedBooter.runSuitesInProcess(ForkedBooter.java:385)
	at org.apache.maven.surefire.booter.ForkedBooter.execute(ForkedBooter.java:162)
	at org.apache.maven.surefire.booter.ForkedBooter.run(ForkedBooter.java:507)
	at org.apache.maven.surefire.booter.ForkedBooter.main(ForkedBooter.java:495)
Caused by: java.io.IOException: Error while instrumenting sun/security/ec/ParametersMap.
	at org.jacoco.agent.rt.internal_f3994fa.core.instr.Instrumenter.instrumentError(Instrumenter.java:160)
	at org.jacoco.agent.rt.internal_f3994fa.core.instr.Instrumenter.instrument(Instrumenter.java:110)
	at org.jacoco.agent.rt.internal_f3994fa.CoverageTransformer.transform(CoverageTransformer.java:92)
	... 70 more
Caused by: java.lang.IllegalArgumentException: Unsupported class file major version 65
	at org.jacoco.agent.rt.internal_f3994fa.asm.ClassReader.<init>(ClassReader.java:196)
	at org.jacoco.agent.rt.internal_f3994fa.asm.ClassReader.<init>(ClassReader.java:177)
	at org.jacoco.agent.rt.internal_f3994fa.asm.ClassReader.<init>(ClassReader.java:163)
	at org.jacoco.agent.rt.internal_f3994fa.core.internal.instr.InstrSupport.classReaderFor(InstrSupport.java:280)
	at org.jacoco.agent.rt.internal_f3994fa.core.instr.Instrumenter.instrument(Instrumenter.java:76)
	at org.jacoco.agent.rt.internal_f3994fa.core.instr.Instrumenter.instrument(Instrumenter.java:108)
	... 71 more
java.lang.instrument.IllegalClassFormatException: Error while instrumenting sun/security/ec/point/Point.
	at org.jacoco.agent.rt.internal_f3994fa.CoverageTransformer.transform(CoverageTransformer.java:94)
	at java.instrument/java.lang.instrument.ClassFileTransformer.transform(ClassFileTransformer.java:244)
	at java.instrument/sun.instrument.TransformerManager.transform(TransformerManager.java:188)
	at java.instrument/sun.instrument.InstrumentationImpl.transform(InstrumentationImpl.java:610)
	at java.base/java.lang.ClassLoader.defineClass2(Native Method)
	at java.base/java.lang.ClassLoader.defineClass(ClassLoader.java:1118)
	at java.base/java.security.SecureClassLoader.defineClass(SecureClassLoader.java:182)
	at java.base/jdk.internal.loader.BuiltinClassLoader.defineClass(BuiltinClassLoader.java:821)
	at java.base/jdk.internal.loader.BuiltinClassLoader.findClassInModuleOrNull(BuiltinClassLoader.java:741)
	at java.base/jdk.internal.loader.BuiltinClassLoader.loadClassOrNull(BuiltinClassLoader.java:665)
	at java.base/jdk.internal.loader.BuiltinClassLoader.loadClass(BuiltinClassLoader.java:639)
	at java.base/java.lang.ClassLoader.loadClass(ClassLoader.java:526)
	at jdk.crypto.ec/sun.security.ec.ed.EdDSAParameters.<clinit>(EdDSAParameters.java:271)
	at jdk.crypto.ec/sun.security.ec.ed.EdDSASignature.<init>(EdDSASignature.java:108)
	at jdk.crypto.ec/sun.security.ec.ed.EdDSASignature$Ed25519.<init>(EdDSASignature.java:302)
	at jdk.crypto.ec/sun.security.ec.SunEC$ProviderService.newInstance(SunEC.java:87)
	at java.base/java.security.Signature.isSpi(Signature.java:330)
	at java.base/java.security.Signature.getInstance(Signature.java:275)
	at java.base/sun.security.ssl.SignatureScheme.<init>(SignatureScheme.java:291)
	at java.base/sun.security.ssl.SignatureScheme.<init>(SignatureScheme.java:244)
	at java.base/sun.security.ssl.SignatureScheme.<init>(SignatureScheme.java:236)
	at java.base/sun.security.ssl.SignatureScheme.<init>(SignatureScheme.java:229)
	at java.base/sun.security.ssl.SignatureScheme.<clinit>(SignatureScheme.java:67)
	at java.base/sun.security.ssl.SSLSessionImpl.<clinit>(SSLSessionImpl.java:814)
	at java.base/sun.security.ssl.TransportContext.<init>(TransportContext.java:152)
	at java.base/sun.security.ssl.TransportContext.<init>(TransportContext.java:121)
	at java.base/sun.security.ssl.SSLSocketImpl.<init>(SSLSocketImpl.java:283)
	at java.base/sun.security.ssl.SSLSocketFactoryImpl.createSocket(SSLSocketFactoryImpl.java:108)
	at com.mysql.cj.protocol.ExportControlled.performTlsHandshake(ExportControlled.java:337)
	at com.mysql.cj.protocol.StandardSocketFactory.performTlsHandshake(StandardSocketFactory.java:191)
	at com.mysql.cj.protocol.a.NativeSocketConnection.performTlsHandshake(NativeSocketConnection.java:101)
	at com.mysql.cj.protocol.a.NativeProtocol.negotiateSSLConnection(NativeProtocol.java:370)
	at com.mysql.cj.protocol.a.NativeAuthenticationProvider.connect(NativeAuthenticationProvider.java:206)
	at com.mysql.cj.protocol.a.NativeProtocol.connect(NativeProtocol.java:1430)
	at com.mysql.cj.NativeSession.connect(NativeSession.java:134)
	at com.mysql.cj.jdbc.ConnectionImpl.connectOneTryOnly(ConnectionImpl.java:945)
	at com.mysql.cj.jdbc.ConnectionImpl.createNewIO(ConnectionImpl.java:815)
	at com.mysql.cj.jdbc.ConnectionImpl.<init>(ConnectionImpl.java:446)
	at com.mysql.cj.jdbc.ConnectionImpl.getInstance(ConnectionImpl.java:239)
	at com.mysql.cj.jdbc.NonRegisteringDriver.connect(NonRegisteringDriver.java:188)
	at java.sql/java.sql.DriverManager.getConnection(DriverManager.java:683)
	at java.sql/java.sql.DriverManager.getConnection(DriverManager.java:230)
	at dao.DBConnection.<init>(DBConnection.java:29)
	at dao.DBConnection.getInstance(DBConnection.java:43)
	at JUnit.TesteAplicacao.testReaberturaConexao(TesteAplicacao.java:59)
	at java.base/jdk.internal.reflect.DirectMethodHandleAccessor.invoke(DirectMethodHandleAccessor.java:103)
	at java.base/java.lang.reflect.Method.invoke(Method.java:580)
	at org.junit.runners.model.FrameworkMethod$1.runReflectiveCall(FrameworkMethod.java:59)
	at org.junit.internal.runners.model.ReflectiveCallable.run(ReflectiveCallable.java:12)
	at org.junit.runners.model.FrameworkMethod.invokeExplosively(FrameworkMethod.java:56)
	at org.junit.internal.runners.statements.InvokeMethod.evaluate(InvokeMethod.java:17)
	at org.junit.runners.ParentRunner$3.evaluate(ParentRunner.java:306)
	at org.junit.runners.BlockJUnit4ClassRunner$1.evaluate(BlockJUnit4ClassRunner.java:100)
	at org.junit.runners.ParentRunner.runLeaf(ParentRunner.java:366)
	at org.junit.runners.BlockJUnit4ClassRunner.runChild(BlockJUnit4ClassRunner.java:103)
	at org.junit.runners.BlockJUnit4ClassRunner.runChild(BlockJUnit4ClassRunner.java:63)
	at org.junit.runners.ParentRunner$4.run(ParentRunner.java:331)
	at org.junit.runners.ParentRunner$1.schedule(ParentRunner.java:79)
	at org.junit.runners.ParentRunner.runChildren(ParentRunner.java:329)
	at org.junit.runners.ParentRunner.access$100(ParentRunner.java:66)
	at org.junit.runners.ParentRunner$2.evaluate(ParentRunner.java:293)
	at org.junit.runners.ParentRunner$3.evaluate(ParentRunner.java:306)
	at org.junit.runners.ParentRunner.run(ParentRunner.java:413)
	at org.apache.maven.surefire.junit4.JUnit4Provider.execute(JUnit4Provider.java:316)
	at org.apache.maven.surefire.junit4.JUnit4Provider.executeWithRerun(JUnit4Provider.java:240)
	at org.apache.maven.surefire.junit4.JUnit4Provider.executeTestSet(JUnit4Provider.java:214)
	at org.apache.maven.surefire.junit4.JUnit4Provider.invoke(JUnit4Provider.java:155)
	at org.apache.maven.surefire.booter.ForkedBooter.runSuitesInProcess(ForkedBooter.java:385)
	at org.apache.maven.surefire.booter.ForkedBooter.execute(ForkedBooter.java:162)
	at org.apache.maven.surefire.booter.ForkedBooter.run(ForkedBooter.java:507)
	at org.apache.maven.surefire.booter.ForkedBooter.main(ForkedBooter.java:495)
Caused by: java.io.IOException: Error while instrumenting sun/security/ec/point/Point.
	at org.jacoco.agent.rt.internal_f3994fa.core.instr.Instrumenter.instrumentError(Instrumenter.java:160)
	at org.jacoco.agent.rt.internal_f3994fa.core.instr.Instrumenter.instrument(Instrumenter.java:110)
	at org.jacoco.agent.rt.internal_f3994fa.CoverageTransformer.transform(CoverageTransformer.java:92)
	... 70 more
Caused by: java.lang.IllegalArgumentException: Unsupported class file major version 65
	at org.jacoco.agent.rt.internal_f3994fa.asm.ClassReader.<init>(ClassReader.java:196)
	at org.jacoco.agent.rt.internal_f3994fa.asm.ClassReader.<init>(ClassReader.java:177)
	at org.jacoco.agent.rt.internal_f3994fa.asm.ClassReader.<init>(ClassReader.java:163)
	at org.jacoco.agent.rt.internal_f3994fa.core.internal.instr.InstrSupport.classReaderFor(InstrSupport.java:280)
	at org.jacoco.agent.rt.internal_f3994fa.core.instr.Instrumenter.instrument(Instrumenter.java:76)
	at org.jacoco.agent.rt.internal_f3994fa.core.instr.Instrumenter.instrument(Instrumenter.java:108)
	... 71 more
java.lang.instrument.IllegalClassFormatException: Error while instrumenting sun/security/ec/point/ImmutablePoint.
	at org.jacoco.agent.rt.internal_f3994fa.CoverageTransformer.transform(CoverageTransformer.java:94)
	at java.instrument/java.lang.instrument.ClassFileTransformer.transform(ClassFileTransformer.java:244)
	at java.instrument/sun.instrument.TransformerManager.transform(TransformerManager.java:188)
	at java.instrument/sun.instrument.InstrumentationImpl.transform(InstrumentationImpl.java:610)
	at java.base/java.lang.ClassLoader.defineClass2(Native Method)
	at java.base/java.lang.ClassLoader.defineClass(ClassLoader.java:1118)
	at java.base/java.security.SecureClassLoader.defineClass(SecureClassLoader.java:182)
	at java.base/jdk.internal.loader.BuiltinClassLoader.defineClass(BuiltinClassLoader.java:821)
	at java.base/jdk.internal.loader.BuiltinClassLoader.findClassInModuleOrNull(BuiltinClassLoader.java:741)
	at java.base/jdk.internal.loader.BuiltinClassLoader.loadClassOrNull(BuiltinClassLoader.java:665)
	at java.base/jdk.internal.loader.BuiltinClassLoader.loadClass(BuiltinClassLoader.java:639)
	at java.base/java.lang.ClassLoader.loadClass(ClassLoader.java:526)
	at jdk.crypto.ec/sun.security.ec.ed.EdDSAParameters.<clinit>(EdDSAParameters.java:271)
	at jdk.crypto.ec/sun.security.ec.ed.EdDSASignature.<init>(EdDSASignature.java:108)
	at jdk.crypto.ec/sun.security.ec.ed.EdDSASignature$Ed25519.<init>(EdDSASignature.java:302)
	at jdk.crypto.ec/sun.security.ec.SunEC$ProviderService.newInstance(SunEC.java:87)
	at java.base/java.security.Signature.isSpi(Signature.java:330)
	at java.base/java.security.Signature.getInstance(Signature.java:275)
	at java.base/sun.security.ssl.SignatureScheme.<init>(SignatureScheme.java:291)
	at java.base/sun.security.ssl.SignatureScheme.<init>(SignatureScheme.java:244)
	at java.base/sun.security.ssl.SignatureScheme.<init>(SignatureScheme.java:236)
	at java.base/sun.security.ssl.SignatureScheme.<init>(SignatureScheme.java:229)
	at java.base/sun.security.ssl.SignatureScheme.<clinit>(SignatureScheme.java:67)
	at java.base/sun.security.ssl.SSLSessionImpl.<clinit>(SSLSessionImpl.java:814)
	at java.base/sun.security.ssl.TransportContext.<init>(TransportContext.java:152)
	at java.base/sun.security.ssl.TransportContext.<init>(TransportContext.java:121)
	at java.base/sun.security.ssl.SSLSocketImpl.<init>(SSLSocketImpl.java:283)
	at java.base/sun.security.ssl.SSLSocketFactoryImpl.createSocket(SSLSocketFactoryImpl.java:108)
	at com.mysql.cj.protocol.ExportControlled.performTlsHandshake(ExportControlled.java:337)
	at com.mysql.cj.protocol.StandardSocketFactory.performTlsHandshake(StandardSocketFactory.java:191)
	at com.mysql.cj.protocol.a.NativeSocketConnection.performTlsHandshake(NativeSocketConnection.java:101)
	at com.mysql.cj.protocol.a.NativeProtocol.negotiateSSLConnection(NativeProtocol.java:370)
	at com.mysql.cj.protocol.a.NativeAuthenticationProvider.connect(NativeAuthenticationProvider.java:206)
	at com.mysql.cj.protocol.a.NativeProtocol.connect(NativeProtocol.java:1430)
	at com.mysql.cj.NativeSession.connect(NativeSession.java:134)
	at com.mysql.cj.jdbc.ConnectionImpl.connectOneTryOnly(ConnectionImpl.java:945)
	at com.mysql.cj.jdbc.ConnectionImpl.createNewIO(ConnectionImpl.java:815)
	at com.mysql.cj.jdbc.ConnectionImpl.<init>(ConnectionImpl.java:446)
	at com.mysql.cj.jdbc.ConnectionImpl.getInstance(ConnectionImpl.java:239)
	at com.mysql.cj.jdbc.NonRegisteringDriver.connect(NonRegisteringDriver.java:188)
	at java.sql/java.sql.DriverManager.getConnection(DriverManager.java:683)
	at java.sql/java.sql.DriverManager.getConnection(DriverManager.java:230)
	at dao.DBConnection.<init>(DBConnection.java:29)
	at dao.DBConnection.getInstance(DBConnection.java:43)
	at JUnit.TesteAplicacao.testReaberturaConexao(TesteAplicacao.java:59)
	at java.base/jdk.internal.reflect.DirectMethodHandleAccessor.invoke(DirectMethodHandleAccessor.java:103)
	at java.base/java.lang.reflect.Method.invoke(Method.java:580)
	at org.junit.runners.model.FrameworkMethod$1.runReflectiveCall(FrameworkMethod.java:59)
	at org.junit.internal.runners.model.ReflectiveCallable.run(ReflectiveCallable.java:12)
	at org.junit.runners.model.FrameworkMethod.invokeExplosively(FrameworkMethod.java:56)
	at org.junit.internal.runners.statements.InvokeMethod.evaluate(InvokeMethod.java:17)
	at org.junit.runners.ParentRunner$3.evaluate(ParentRunner.java:306)
	at org.junit.runners.BlockJUnit4ClassRunner$1.evaluate(BlockJUnit4ClassRunner.java:100)
	at org.junit.runners.ParentRunner.runLeaf(ParentRunner.java:366)
	at org.junit.runners.BlockJUnit4ClassRunner.runChild(BlockJUnit4ClassRunner.java:103)
	at org.junit.runners.BlockJUnit4ClassRunner.runChild(BlockJUnit4ClassRunner.java:63)
	at org.junit.runners.ParentRunner$4.run(ParentRunner.java:331)
	at org.junit.runners.ParentRunner$1.schedule(ParentRunner.java:79)
	at org.junit.runners.ParentRunner.runChildren(ParentRunner.java:329)
	at org.junit.runners.ParentRunner.access$100(ParentRunner.java:66)
	at org.junit.runners.ParentRunner$2.evaluate(ParentRunner.java:293)
	at org.junit.runners.ParentRunner$3.evaluate(ParentRunner.java:306)
	at org.junit.runners.ParentRunner.run(ParentRunner.java:413)
	at org.apache.maven.surefire.junit4.JUnit4Provider.execute(JUnit4Provider.java:316)
	at org.apache.maven.surefire.junit4.JUnit4Provider.executeWithRerun(JUnit4Provider.java:240)
	at org.apache.maven.surefire.junit4.JUnit4Provider.executeTestSet(JUnit4Provider.java:214)
	at org.apache.maven.surefire.junit4.JUnit4Provider.invoke(JUnit4Provider.java:155)
	at org.apache.maven.surefire.booter.ForkedBooter.runSuitesInProcess(ForkedBooter.java:385)
	at org.apache.maven.surefire.booter.ForkedBooter.execute(ForkedBooter.java:162)
	at org.apache.maven.surefire.booter.ForkedBooter.run(ForkedBooter.java:507)
	at org.apache.maven.surefire.booter.ForkedBooter.main(ForkedBooter.java:495)
Caused by: java.io.IOException: Error while instrumenting sun/security/ec/point/ImmutablePoint.
	at org.jacoco.agent.rt.internal_f3994fa.core.instr.Instrumenter.instrumentError(Instrumenter.java:160)
	at org.jacoco.agent.rt.internal_f3994fa.core.instr.Instrumenter.instrument(Instrumenter.java:110)
	at org.jacoco.agent.rt.internal_f3994fa.CoverageTransformer.transform(CoverageTransformer.java:92)
	... 70 more
Caused by: java.lang.IllegalArgumentException: Unsupported class file major version 65
	at org.jacoco.agent.rt.internal_f3994fa.asm.ClassReader.<init>(ClassReader.java:196)
	at org.jacoco.agent.rt.internal_f3994fa.asm.ClassReader.<init>(ClassReader.java:177)
	at org.jacoco.agent.rt.internal_f3994fa.asm.ClassReader.<init>(ClassReader.java:163)
	at org.jacoco.agent.rt.internal_f3994fa.core.internal.instr.InstrSupport.classReaderFor(InstrSupport.java:280)
	at org.jacoco.agent.rt.internal_f3994fa.core.instr.Instrumenter.instrument(Instrumenter.java:76)
	at org.jacoco.agent.rt.internal_f3994fa.core.instr.Instrumenter.instrument(Instrumenter.java:108)
	... 71 more
java.lang.instrument.IllegalClassFormatException: Error while instrumenting sun/security/ec/point/MutablePoint.
	at org.jacoco.agent.rt.internal_f3994fa.CoverageTransformer.transform(CoverageTransformer.java:94)
	at java.instrument/java.lang.instrument.ClassFileTransformer.transform(ClassFileTransformer.java:244)
	at java.instrument/sun.instrument.TransformerManager.transform(TransformerManager.java:188)
	at java.instrument/sun.instrument.InstrumentationImpl.transform(InstrumentationImpl.java:610)
	at java.base/java.lang.ClassLoader.defineClass2(Native Method)
	at java.base/java.lang.ClassLoader.defineClass(ClassLoader.java:1118)
	at java.base/java.security.SecureClassLoader.defineClass(SecureClassLoader.java:182)
	at java.base/jdk.internal.loader.BuiltinClassLoader.defineClass(BuiltinClassLoader.java:821)
	at java.base/jdk.internal.loader.BuiltinClassLoader.findClassInModuleOrNull(BuiltinClassLoader.java:741)
	at java.base/jdk.internal.loader.BuiltinClassLoader.loadClassOrNull(BuiltinClassLoader.java:665)
	at java.base/jdk.internal.loader.BuiltinClassLoader.loadClass(BuiltinClassLoader.java:639)
	at java.base/java.lang.ClassLoader.loadClass(ClassLoader.java:526)
	at jdk.crypto.ec/sun.security.ec.ed.EdDSAParameters.<clinit>(EdDSAParameters.java:271)
	at jdk.crypto.ec/sun.security.ec.ed.EdDSASignature.<init>(EdDSASignature.java:108)
	at jdk.crypto.ec/sun.security.ec.ed.EdDSASignature$Ed25519.<init>(EdDSASignature.java:302)
	at jdk.crypto.ec/sun.security.ec.SunEC$ProviderService.newInstance(SunEC.java:87)
	at java.base/java.security.Signature.isSpi(Signature.java:330)
	at java.base/java.security.Signature.getInstance(Signature.java:275)
	at java.base/sun.security.ssl.SignatureScheme.<init>(SignatureScheme.java:291)
	at java.base/sun.security.ssl.SignatureScheme.<init>(SignatureScheme.java:244)
	at java.base/sun.security.ssl.SignatureScheme.<init>(SignatureScheme.java:236)
	at java.base/sun.security.ssl.SignatureScheme.<init>(SignatureScheme.java:229)
	at java.base/sun.security.ssl.SignatureScheme.<clinit>(SignatureScheme.java:67)
	at java.base/sun.security.ssl.SSLSessionImpl.<clinit>(SSLSessionImpl.java:814)
	at java.base/sun.security.ssl.TransportContext.<init>(TransportContext.java:152)
	at java.base/sun.security.ssl.TransportContext.<init>(TransportContext.java:121)
	at java.base/sun.security.ssl.SSLSocketImpl.<init>(SSLSocketImpl.java:283)
	at java.base/sun.security.ssl.SSLSocketFactoryImpl.createSocket(SSLSocketFactoryImpl.java:108)
	at com.mysql.cj.protocol.ExportControlled.performTlsHandshake(ExportControlled.java:337)
	at com.mysql.cj.protocol.StandardSocketFactory.performTlsHandshake(StandardSocketFactory.java:191)
	at com.mysql.cj.protocol.a.NativeSocketConnection.performTlsHandshake(NativeSocketConnection.java:101)
	at com.mysql.cj.protocol.a.NativeProtocol.negotiateSSLConnection(NativeProtocol.java:370)
	at com.mysql.cj.protocol.a.NativeAuthenticationProvider.connect(NativeAuthenticationProvider.java:206)
	at com.mysql.cj.protocol.a.NativeProtocol.connect(NativeProtocol.java:1430)
	at com.mysql.cj.NativeSession.connect(NativeSession.java:134)
	at com.mysql.cj.jdbc.ConnectionImpl.connectOneTryOnly(ConnectionImpl.java:945)
	at com.mysql.cj.jdbc.ConnectionImpl.createNewIO(ConnectionImpl.java:815)
	at com.mysql.cj.jdbc.ConnectionImpl.<init>(ConnectionImpl.java:446)
	at com.mysql.cj.jdbc.ConnectionImpl.getInstance(ConnectionImpl.java:239)
	at com.mysql.cj.jdbc.NonRegisteringDriver.connect(NonRegisteringDriver.java:188)
	at java.sql/java.sql.DriverManager.getConnection(DriverManager.java:683)
	at java.sql/java.sql.DriverManager.getConnection(DriverManager.java:230)
	at dao.DBConnection.<init>(DBConnection.java:29)
	at dao.DBConnection.getInstance(DBConnection.java:43)
	at JUnit.TesteAplicacao.testReaberturaConexao(TesteAplicacao.java:59)
	at java.base/jdk.internal.reflect.DirectMethodHandleAccessor.invoke(DirectMethodHandleAccessor.java:103)
	at java.base/java.lang.reflect.Method.invoke(Method.java:580)
	at org.junit.runners.model.FrameworkMethod$1.runReflectiveCall(FrameworkMethod.java:59)
	at org.junit.internal.runners.model.ReflectiveCallable.run(ReflectiveCallable.java:12)
	at org.junit.runners.model.FrameworkMethod.invokeExplosively(FrameworkMethod.java:56)
	at org.junit.internal.runners.statements.InvokeMethod.evaluate(InvokeMethod.java:17)
	at org.junit.runners.ParentRunner$3.evaluate(ParentRunner.java:306)
	at org.junit.runners.BlockJUnit4ClassRunner$1.evaluate(BlockJUnit4ClassRunner.java:100)
	at org.junit.runners.ParentRunner.runLeaf(ParentRunner.java:366)
	at org.junit.runners.BlockJUnit4ClassRunner.runChild(BlockJUnit4ClassRunner.java:103)
	at org.junit.runners.BlockJUnit4ClassRunner.runChild(BlockJUnit4ClassRunner.java:63)
	at org.junit.runners.ParentRunner$4.run(ParentRunner.java:331)
	at org.junit.runners.ParentRunner$1.schedule(ParentRunner.java:79)
	at org.junit.runners.ParentRunner.runChildren(ParentRunner.java:329)
	at org.junit.runners.ParentRunner.access$100(ParentRunner.java:66)
	at org.junit.runners.ParentRunner$2.evaluate(ParentRunner.java:293)
	at org.junit.runners.ParentRunner$3.evaluate(ParentRunner.java:306)
	at org.junit.runners.ParentRunner.run(ParentRunner.java:413)
	at org.apache.maven.surefire.junit4.JUnit4Provider.execute(JUnit4Provider.java:316)
	at org.apache.maven.surefire.junit4.JUnit4Provider.executeWithRerun(JUnit4Provider.java:240)
	at org.apache.maven.surefire.junit4.JUnit4Provider.executeTestSet(JUnit4Provider.java:214)
	at org.apache.maven.surefire.junit4.JUnit4Provider.invoke(JUnit4Provider.java:155)
	at org.apache.maven.surefire.booter.ForkedBooter.runSuitesInProcess(ForkedBooter.java:385)
	at org.apache.maven.surefire.booter.ForkedBooter.execute(ForkedBooter.java:162)
	at org.apache.maven.surefire.booter.ForkedBooter.run(ForkedBooter.java:507)
	at org.apache.maven.surefire.booter.ForkedBooter.main(ForkedBooter.java:495)
Caused by: java.io.IOException: Error while instrumenting sun/security/ec/point/MutablePoint.
	at org.jacoco.agent.rt.internal_f3994fa.core.instr.Instrumenter.instrumentError(Instrumenter.java:160)
	at org.jacoco.agent.rt.internal_f3994fa.core.instr.Instrumenter.instrument(Instrumenter.java:110)
	at org.jacoco.agent.rt.internal_f3994fa.CoverageTransformer.transform(CoverageTransformer.java:92)
	... 70 more
Caused by: java.lang.IllegalArgumentException: Unsupported class file major version 65
	at org.jacoco.agent.rt.internal_f3994fa.asm.ClassReader.<init>(ClassReader.java:196)
	at org.jacoco.agent.rt.internal_f3994fa.asm.ClassReader.<init>(ClassReader.java:177)
	at org.jacoco.agent.rt.internal_f3994fa.asm.ClassReader.<init>(ClassReader.java:163)
	at org.jacoco.agent.rt.internal_f3994fa.core.internal.instr.InstrSupport.classReaderFor(InstrSupport.java:280)
	at org.jacoco.agent.rt.internal_f3994fa.core.instr.Instrumenter.instrument(Instrumenter.java:76)
	at org.jacoco.agent.rt.internal_f3994fa.core.instr.Instrumenter.instrument(Instrumenter.java:108)
	... 71 more
java.lang.instrument.IllegalClassFormatException: Error while instrumenting sun/security/ec/point/AffinePoint.
	at org.jacoco.agent.rt.internal_f3994fa.CoverageTransformer.transform(CoverageTransformer.java:94)
	at java.instrument/java.lang.instrument.ClassFileTransformer.transform(ClassFileTransformer.java:244)
	at java.instrument/sun.instrument.TransformerManager.transform(TransformerManager.java:188)
	at java.instrument/sun.instrument.InstrumentationImpl.transform(InstrumentationImpl.java:610)
	at java.base/java.lang.ClassLoader.defineClass2(Native Method)
	at java.base/java.lang.ClassLoader.defineClass(ClassLoader.java:1118)
	at java.base/java.security.SecureClassLoader.defineClass(SecureClassLoader.java:182)
	at java.base/jdk.internal.loader.BuiltinClassLoader.defineClass(BuiltinClassLoader.java:821)
	at java.base/jdk.internal.loader.BuiltinClassLoader.findClassInModuleOrNull(BuiltinClassLoader.java:741)
	at java.base/jdk.internal.loader.BuiltinClassLoader.loadClassOrNull(BuiltinClassLoader.java:665)
	at java.base/jdk.internal.loader.BuiltinClassLoader.loadClass(BuiltinClassLoader.java:639)
	at java.base/java.lang.ClassLoader.loadClass(ClassLoader.java:526)
	at jdk.crypto.ec/sun.security.ec.ed.Ed25519Operations.<init>(Ed25519Operations.java:58)
	at jdk.crypto.ec/sun.security.ec.ed.EdDSAParameters.<clinit>(EdDSAParameters.java:271)
	at jdk.crypto.ec/sun.security.ec.ed.EdDSASignature.<init>(EdDSASignature.java:108)
	at jdk.crypto.ec/sun.security.ec.ed.EdDSASignature$Ed25519.<init>(EdDSASignature.java:302)
	at jdk.crypto.ec/sun.security.ec.SunEC$ProviderService.newInstance(SunEC.java:87)
	at java.base/java.security.Signature.isSpi(Signature.java:330)
	at java.base/java.security.Signature.getInstance(Signature.java:275)
	at java.base/sun.security.ssl.SignatureScheme.<init>(SignatureScheme.java:291)
	at java.base/sun.security.ssl.SignatureScheme.<init>(SignatureScheme.java:244)
	at java.base/sun.security.ssl.SignatureScheme.<init>(SignatureScheme.java:236)
	at java.base/sun.security.ssl.SignatureScheme.<init>(SignatureScheme.java:229)
	at java.base/sun.security.ssl.SignatureScheme.<clinit>(SignatureScheme.java:67)
	at java.base/sun.security.ssl.SSLSessionImpl.<clinit>(SSLSessionImpl.java:814)
	at java.base/sun.security.ssl.TransportContext.<init>(TransportContext.java:152)
	at java.base/sun.security.ssl.TransportContext.<init>(TransportContext.java:121)
	at java.base/sun.security.ssl.SSLSocketImpl.<init>(SSLSocketImpl.java:283)
	at java.base/sun.security.ssl.SSLSocketFactoryImpl.createSocket(SSLSocketFactoryImpl.java:108)
	at com.mysql.cj.protocol.ExportControlled.performTlsHandshake(ExportControlled.java:337)
	at com.mysql.cj.protocol.StandardSocketFactory.performTlsHandshake(StandardSocketFactory.java:191)
	at com.mysql.cj.protocol.a.NativeSocketConnection.performTlsHandshake(NativeSocketConnection.java:101)
	at com.mysql.cj.protocol.a.NativeProtocol.negotiateSSLConnection(NativeProtocol.java:370)
	at com.mysql.cj.protocol.a.NativeAuthenticationProvider.connect(NativeAuthenticationProvider.java:206)
	at com.mysql.cj.protocol.a.NativeProtocol.connect(NativeProtocol.java:1430)
	at com.mysql.cj.NativeSession.connect(NativeSession.java:134)
	at com.mysql.cj.jdbc.ConnectionImpl.connectOneTryOnly(ConnectionImpl.java:945)
	at com.mysql.cj.jdbc.ConnectionImpl.createNewIO(ConnectionImpl.java:815)
	at com.mysql.cj.jdbc.ConnectionImpl.<init>(ConnectionImpl.java:446)
	at com.mysql.cj.jdbc.ConnectionImpl.getInstance(ConnectionImpl.java:239)
	at com.mysql.cj.jdbc.NonRegisteringDriver.connect(NonRegisteringDriver.java:188)
	at java.sql/java.sql.DriverManager.getConnection(DriverManager.java:683)
	at java.sql/java.sql.DriverManager.getConnection(DriverManager.java:230)
	at dao.DBConnection.<init>(DBConnection.java:29)
	at dao.DBConnection.getInstance(DBConnection.java:43)
	at JUnit.TesteAplicacao.testReaberturaConexao(TesteAplicacao.java:59)
	at java.base/jdk.internal.reflect.DirectMethodHandleAccessor.invoke(DirectMethodHandleAccessor.java:103)
	at java.base/java.lang.reflect.Method.invoke(Method.java:580)
	at org.junit.runners.model.FrameworkMethod$1.runReflectiveCall(FrameworkMethod.java:59)
	at org.junit.internal.runners.model.ReflectiveCallable.run(ReflectiveCallable.java:12)
	at org.junit.runners.model.FrameworkMethod.invokeExplosively(FrameworkMethod.java:56)
	at org.junit.internal.runners.statements.InvokeMethod.evaluate(InvokeMethod.java:17)
	at org.junit.runners.ParentRunner$3.evaluate(ParentRunner.java:306)
	at org.junit.runners.BlockJUnit4ClassRunner$1.evaluate(BlockJUnit4ClassRunner.java:100)
	at org.junit.runners.ParentRunner.runLeaf(ParentRunner.java:366)
	at org.junit.runners.BlockJUnit4ClassRunner.runChild(BlockJUnit4ClassRunner.java:103)
	at org.junit.runners.BlockJUnit4ClassRunner.runChild(BlockJUnit4ClassRunner.java:63)
	at org.junit.runners.ParentRunner$4.run(ParentRunner.java:331)
	at org.junit.runners.ParentRunner$1.schedule(ParentRunner.java:79)
	at org.junit.runners.ParentRunner.runChildren(ParentRunner.java:329)
	at org.junit.runners.ParentRunner.access$100(ParentRunner.java:66)
	at org.junit.runners.ParentRunner$2.evaluate(ParentRunner.java:293)
	at org.junit.runners.ParentRunner$3.evaluate(ParentRunner.java:306)
	at org.junit.runners.ParentRunner.run(ParentRunner.java:413)
	at org.apache.maven.surefire.junit4.JUnit4Provider.execute(JUnit4Provider.java:316)
	at org.apache.maven.surefire.junit4.JUnit4Provider.executeWithRerun(JUnit4Provider.java:240)
	at org.apache.maven.surefire.junit4.JUnit4Provider.executeTestSet(JUnit4Provider.java:214)
	at org.apache.maven.surefire.junit4.JUnit4Provider.invoke(JUnit4Provider.java:155)
	at org.apache.maven.surefire.booter.ForkedBooter.runSuitesInProcess(ForkedBooter.java:385)
	at org.apache.maven.surefire.booter.ForkedBooter.execute(ForkedBooter.java:162)
	at org.apache.maven.surefire.booter.ForkedBooter.run(ForkedBooter.java:507)
	at org.apache.maven.surefire.booter.ForkedBooter.main(ForkedBooter.java:495)
Caused by: java.io.IOException: Error while instrumenting sun/security/ec/point/AffinePoint.
	at org.jacoco.agent.rt.internal_f3994fa.core.instr.Instrumenter.instrumentError(Instrumenter.java:160)
	at org.jacoco.agent.rt.internal_f3994fa.core.instr.Instrumenter.instrument(Instrumenter.java:110)
	at org.jacoco.agent.rt.internal_f3994fa.CoverageTransformer.transform(CoverageTransformer.java:92)
	... 71 more
Caused by: java.lang.IllegalArgumentException: Unsupported class file major version 65
	at org.jacoco.agent.rt.internal_f3994fa.asm.ClassReader.<init>(ClassReader.java:196)
	at org.jacoco.agent.rt.internal_f3994fa.asm.ClassReader.<init>(ClassReader.java:177)
	at org.jacoco.agent.rt.internal_f3994fa.asm.ClassReader.<init>(ClassReader.java:163)
	at org.jacoco.agent.rt.internal_f3994fa.core.internal.instr.InstrSupport.classReaderFor(InstrSupport.java:280)
	at org.jacoco.agent.rt.internal_f3994fa.core.instr.Instrumenter.instrument(Instrumenter.java:76)
	at org.jacoco.agent.rt.internal_f3994fa.core.instr.Instrumenter.instrument(Instrumenter.java:108)
	... 72 more
java.lang.instrument.IllegalClassFormatException: Error while instrumenting sun/security/ec/point/ExtendedHomogeneousPoint$Immutable.
	at org.jacoco.agent.rt.internal_f3994fa.CoverageTransformer.transform(CoverageTransformer.java:94)
	at java.instrument/java.lang.instrument.ClassFileTransformer.transform(ClassFileTransformer.java:244)
	at java.instrument/sun.instrument.TransformerManager.transform(TransformerManager.java:188)
	at java.instrument/sun.instrument.InstrumentationImpl.transform(InstrumentationImpl.java:610)
	at java.base/java.lang.ClassLoader.defineClass2(Native Method)
	at java.base/java.lang.ClassLoader.defineClass(ClassLoader.java:1118)
	at java.base/java.security.SecureClassLoader.defineClass(SecureClassLoader.java:182)
	at java.base/jdk.internal.loader.BuiltinClassLoader.defineClass(BuiltinClassLoader.java:821)
	at java.base/jdk.internal.loader.BuiltinClassLoader.findClassInModuleOrNull(BuiltinClassLoader.java:741)
	at java.base/jdk.internal.loader.BuiltinClassLoader.loadClassOrNull(BuiltinClassLoader.java:665)
	at java.base/jdk.internal.loader.BuiltinClassLoader.loadClass(BuiltinClassLoader.java:639)
	at java.base/java.lang.ClassLoader.loadClass(ClassLoader.java:526)
	at jdk.crypto.ec/sun.security.ec.ed.Ed25519Operations.of(Ed25519Operations.java:101)
	at jdk.crypto.ec/sun.security.ec.ed.Ed25519Operations.<init>(Ed25519Operations.java:58)
	at jdk.crypto.ec/sun.security.ec.ed.EdDSAParameters.<clinit>(EdDSAParameters.java:271)
	at jdk.crypto.ec/sun.security.ec.ed.EdDSASignature.<init>(EdDSASignature.java:108)
	at jdk.crypto.ec/sun.security.ec.ed.EdDSASignature$Ed25519.<init>(EdDSASignature.java:302)
	at jdk.crypto.ec/sun.security.ec.SunEC$ProviderService.newInstance(SunEC.java:87)
	at java.base/java.security.Signature.isSpi(Signature.java:330)
	at java.base/java.security.Signature.getInstance(Signature.java:275)
	at java.base/sun.security.ssl.SignatureScheme.<init>(SignatureScheme.java:291)
	at java.base/sun.security.ssl.SignatureScheme.<init>(SignatureScheme.java:244)
	at java.base/sun.security.ssl.SignatureScheme.<init>(SignatureScheme.java:236)
	at java.base/sun.security.ssl.SignatureScheme.<init>(SignatureScheme.java:229)
	at java.base/sun.security.ssl.SignatureScheme.<clinit>(SignatureScheme.java:67)
	at java.base/sun.security.ssl.SSLSessionImpl.<clinit>(SSLSessionImpl.java:814)
	at java.base/sun.security.ssl.TransportContext.<init>(TransportContext.java:152)
	at java.base/sun.security.ssl.TransportContext.<init>(TransportContext.java:121)
	at java.base/sun.security.ssl.SSLSocketImpl.<init>(SSLSocketImpl.java:283)
	at java.base/sun.security.ssl.SSLSocketFactoryImpl.createSocket(SSLSocketFactoryImpl.java:108)
	at com.mysql.cj.protocol.ExportControlled.performTlsHandshake(ExportControlled.java:337)
	at com.mysql.cj.protocol.StandardSocketFactory.performTlsHandshake(StandardSocketFactory.java:191)
	at com.mysql.cj.protocol.a.NativeSocketConnection.performTlsHandshake(NativeSocketConnection.java:101)
	at com.mysql.cj.protocol.a.NativeProtocol.negotiateSSLConnection(NativeProtocol.java:370)
	at com.mysql.cj.protocol.a.NativeAuthenticationProvider.connect(NativeAuthenticationProvider.java:206)
	at com.mysql.cj.protocol.a.NativeProtocol.connect(NativeProtocol.java:1430)
	at com.mysql.cj.NativeSession.connect(NativeSession.java:134)
	at com.mysql.cj.jdbc.ConnectionImpl.connectOneTryOnly(ConnectionImpl.java:945)
	at com.mysql.cj.jdbc.ConnectionImpl.createNewIO(ConnectionImpl.java:815)
	at com.mysql.cj.jdbc.ConnectionImpl.<init>(ConnectionImpl.java:446)
	at com.mysql.cj.jdbc.ConnectionImpl.getInstance(ConnectionImpl.java:239)
	at com.mysql.cj.jdbc.NonRegisteringDriver.connect(NonRegisteringDriver.java:188)
	at java.sql/java.sql.DriverManager.getConnection(DriverManager.java:683)
	at java.sql/java.sql.DriverManager.getConnection(DriverManager.java:230)
	at dao.DBConnection.<init>(DBConnection.java:29)
	at dao.DBConnection.getInstance(DBConnection.java:43)
	at JUnit.TesteAplicacao.testReaberturaConexao(TesteAplicacao.java:59)
	at java.base/jdk.internal.reflect.DirectMethodHandleAccessor.invoke(DirectMethodHandleAccessor.java:103)
	at java.base/java.lang.reflect.Method.invoke(Method.java:580)
	at org.junit.runners.model.FrameworkMethod$1.runReflectiveCall(FrameworkMethod.java:59)
	at org.junit.internal.runners.model.ReflectiveCallable.run(ReflectiveCallable.java:12)
	at org.junit.runners.model.FrameworkMethod.invokeExplosively(FrameworkMethod.java:56)
	at org.junit.internal.runners.statements.InvokeMethod.evaluate(InvokeMethod.java:17)
	at org.junit.runners.ParentRunner$3.evaluate(ParentRunner.java:306)
	at org.junit.runners.BlockJUnit4ClassRunner$1.evaluate(BlockJUnit4ClassRunner.java:100)
	at org.junit.runners.ParentRunner.runLeaf(ParentRunner.java:366)
	at org.junit.runners.BlockJUnit4ClassRunner.runChild(BlockJUnit4ClassRunner.java:103)
	at org.junit.runners.BlockJUnit4ClassRunner.runChild(BlockJUnit4ClassRunner.java:63)
	at org.junit.runners.ParentRunner$4.run(ParentRunner.java:331)
	at org.junit.runners.ParentRunner$1.schedule(ParentRunner.java:79)
	at org.junit.runners.ParentRunner.runChildren(ParentRunner.java:329)
	at org.junit.runners.ParentRunner.access$100(ParentRunner.java:66)
	at org.junit.runners.ParentRunner$2.evaluate(ParentRunner.java:293)
	at org.junit.runners.ParentRunner$3.evaluate(ParentRunner.java:306)
	at org.junit.runners.ParentRunner.run(ParentRunner.java:413)
	at org.apache.maven.surefire.junit4.JUnit4Provider.execute(JUnit4Provider.java:316)
	at org.apache.maven.surefire.junit4.JUnit4Provider.executeWithRerun(JUnit4Provider.java:240)
	at org.apache.maven.surefire.junit4.JUnit4Provider.executeTestSet(JUnit4Provider.java:214)
	at org.apache.maven.surefire.junit4.JUnit4Provider.invoke(JUnit4Provider.java:155)
	at org.apache.maven.surefire.booter.ForkedBooter.runSuitesInProcess(ForkedBooter.java:385)
	at org.apache.maven.surefire.booter.ForkedBooter.execute(ForkedBooter.java:162)
	at org.apache.maven.surefire.booter.ForkedBooter.run(ForkedBooter.java:507)
	at org.apache.maven.surefire.booter.ForkedBooter.main(ForkedBooter.java:495)
Caused by: java.io.IOException: Error while instrumenting sun/security/ec/point/ExtendedHomogeneousPoint$Immutable.
	at org.jacoco.agent.rt.internal_f3994fa.core.instr.Instrumenter.instrumentError(Instrumenter.java:160)
	at org.jacoco.agent.rt.internal_f3994fa.core.instr.Instrumenter.instrument(Instrumenter.java:110)
	at org.jacoco.agent.rt.internal_f3994fa.CoverageTransformer.transform(CoverageTransformer.java:92)
	... 72 more
Caused by: java.lang.IllegalArgumentException: Unsupported class file major version 65
	at org.jacoco.agent.rt.internal_f3994fa.asm.ClassReader.<init>(ClassReader.java:196)
	at org.jacoco.agent.rt.internal_f3994fa.asm.ClassReader.<init>(ClassReader.java:177)
	at org.jacoco.agent.rt.internal_f3994fa.asm.ClassReader.<init>(ClassReader.java:163)
	at org.jacoco.agent.rt.internal_f3994fa.core.internal.instr.InstrSupport.classReaderFor(InstrSupport.java:280)
	at org.jacoco.agent.rt.internal_f3994fa.core.instr.Instrumenter.instrument(Instrumenter.java:76)
	at org.jacoco.agent.rt.internal_f3994fa.core.instr.Instrumenter.instrument(Instrumenter.java:108)
	... 73 more
java.lang.instrument.IllegalClassFormatException: Error while instrumenting sun/security/ec/point/ExtendedHomogeneousPoint.
	at org.jacoco.agent.rt.internal_f3994fa.CoverageTransformer.transform(CoverageTransformer.java:94)
	at java.instrument/java.lang.instrument.ClassFileTransformer.transform(ClassFileTransformer.java:244)
	at java.instrument/sun.instrument.TransformerManager.transform(TransformerManager.java:188)
	at java.instrument/sun.instrument.InstrumentationImpl.transform(InstrumentationImpl.java:610)
	at java.base/java.lang.ClassLoader.defineClass2(Native Method)
	at java.base/java.lang.ClassLoader.defineClass(ClassLoader.java:1118)
	at java.base/java.security.SecureClassLoader.defineClass(SecureClassLoader.java:182)
	at java.base/jdk.internal.loader.BuiltinClassLoader.defineClass(BuiltinClassLoader.java:821)
	at java.base/jdk.internal.loader.BuiltinClassLoader.findClassInModuleOrNull(BuiltinClassLoader.java:741)
	at java.base/jdk.internal.loader.BuiltinClassLoader.loadClassOrNull(BuiltinClassLoader.java:665)
	at java.base/jdk.internal.loader.BuiltinClassLoader.loadClass(BuiltinClassLoader.java:639)
	at java.base/java.lang.ClassLoader.loadClass(ClassLoader.java:526)
	at java.base/java.lang.ClassLoader.defineClass2(Native Method)
	at java.base/java.lang.ClassLoader.defineClass(ClassLoader.java:1118)
	at java.base/java.security.SecureClassLoader.defineClass(SecureClassLoader.java:182)
	at java.base/jdk.internal.loader.BuiltinClassLoader.defineClass(BuiltinClassLoader.java:821)
	at java.base/jdk.internal.loader.BuiltinClassLoader.findClassInModuleOrNull(BuiltinClassLoader.java:741)
	at java.base/jdk.internal.loader.BuiltinClassLoader.loadClassOrNull(BuiltinClassLoader.java:665)
	at java.base/jdk.internal.loader.BuiltinClassLoader.loadClass(BuiltinClassLoader.java:639)
	at java.base/java.lang.ClassLoader.loadClass(ClassLoader.java:526)
	at jdk.crypto.ec/sun.security.ec.ed.Ed25519Operations.of(Ed25519Operations.java:101)
	at jdk.crypto.ec/sun.security.ec.ed.Ed25519Operations.<init>(Ed25519Operations.java:58)
	at jdk.crypto.ec/sun.security.ec.ed.EdDSAParameters.<clinit>(EdDSAParameters.java:271)
	at jdk.crypto.ec/sun.security.ec.ed.EdDSASignature.<init>(EdDSASignature.java:108)
	at jdk.crypto.ec/sun.security.ec.ed.EdDSASignature$Ed25519.<init>(EdDSASignature.java:302)
	at jdk.crypto.ec/sun.security.ec.SunEC$ProviderService.newInstance(SunEC.java:87)
	at java.base/java.security.Signature.isSpi(Signature.java:330)
	at java.base/java.security.Signature.getInstance(Signature.java:275)
	at java.base/sun.security.ssl.SignatureScheme.<init>(SignatureScheme.java:291)
	at java.base/sun.security.ssl.SignatureScheme.<init>(SignatureScheme.java:244)
	at java.base/sun.security.ssl.SignatureScheme.<init>(SignatureScheme.java:236)
	at java.base/sun.security.ssl.SignatureScheme.<init>(SignatureScheme.java:229)
	at java.base/sun.security.ssl.SignatureScheme.<clinit>(SignatureScheme.java:67)
	at java.base/sun.security.ssl.SSLSessionImpl.<clinit>(SSLSessionImpl.java:814)
	at java.base/sun.security.ssl.TransportContext.<init>(TransportContext.java:152)
	at java.base/sun.security.ssl.TransportContext.<init>(TransportContext.java:121)
	at java.base/sun.security.ssl.SSLSocketImpl.<init>(SSLSocketImpl.java:283)
	at java.base/sun.security.ssl.SSLSocketFactoryImpl.createSocket(SSLSocketFactoryImpl.java:108)
	at com.mysql.cj.protocol.ExportControlled.performTlsHandshake(ExportControlled.java:337)
	at com.mysql.cj.protocol.StandardSocketFactory.performTlsHandshake(StandardSocketFactory.java:191)
	at com.mysql.cj.protocol.a.NativeSocketConnection.performTlsHandshake(NativeSocketConnection.java:101)
	at com.mysql.cj.protocol.a.NativeProtocol.negotiateSSLConnection(NativeProtocol.java:370)
	at com.mysql.cj.protocol.a.NativeAuthenticationProvider.connect(NativeAuthenticationProvider.java:206)
	at com.mysql.cj.protocol.a.NativeProtocol.connect(NativeProtocol.java:1430)
	at com.mysql.cj.NativeSession.connect(NativeSession.java:134)
	at com.mysql.cj.jdbc.ConnectionImpl.connectOneTryOnly(ConnectionImpl.java:945)
	at com.mysql.cj.jdbc.ConnectionImpl.createNewIO(ConnectionImpl.java:815)
	at com.mysql.cj.jdbc.ConnectionImpl.<init>(ConnectionImpl.java:446)
	at com.mysql.cj.jdbc.ConnectionImpl.getInstance(ConnectionImpl.java:239)
	at com.mysql.cj.jdbc.NonRegisteringDriver.connect(NonRegisteringDriver.java:188)
	at java.sql/java.sql.DriverManager.getConnection(DriverManager.java:683)
	at java.sql/java.sql.DriverManager.getConnection(DriverManager.java:230)
	at dao.DBConnection.<init>(DBConnection.java:29)
	at dao.DBConnection.getInstance(DBConnection.java:43)
	at JUnit.TesteAplicacao.testReaberturaConexao(TesteAplicacao.java:59)
	at java.base/jdk.internal.reflect.DirectMethodHandleAccessor.invoke(DirectMethodHandleAccessor.java:103)
	at java.base/java.lang.reflect.Method.invoke(Method.java:580)
	at org.junit.runners.model.FrameworkMethod$1.runReflectiveCall(FrameworkMethod.java:59)
	at org.junit.internal.runners.model.ReflectiveCallable.run(ReflectiveCallable.java:12)
	at org.junit.runners.model.FrameworkMethod.invokeExplosively(FrameworkMethod.java:56)
	at org.junit.internal.runners.statements.InvokeMethod.evaluate(InvokeMethod.java:17)
	at org.junit.runners.ParentRunner$3.evaluate(ParentRunner.java:306)
	at org.junit.runners.BlockJUnit4ClassRunner$1.evaluate(BlockJUnit4ClassRunner.java:100)
	at org.junit.runners.ParentRunner.runLeaf(ParentRunner.java:366)
	at org.junit.runners.BlockJUnit4ClassRunner.runChild(BlockJUnit4ClassRunner.java:103)
	at org.junit.runners.BlockJUnit4ClassRunner.runChild(BlockJUnit4ClassRunner.java:63)
	at org.junit.runners.ParentRunner$4.run(ParentRunner.java:331)
	at org.junit.runners.ParentRunner$1.schedule(ParentRunner.java:79)
	at org.junit.runners.ParentRunner.runChildren(ParentRunner.java:329)
	at org.junit.runners.ParentRunner.access$100(ParentRunner.java:66)
	at org.junit.runners.ParentRunner$2.evaluate(ParentRunner.java:293)
	at org.junit.runners.ParentRunner$3.evaluate(ParentRunner.java:306)
	at org.junit.runners.ParentRunner.run(ParentRunner.java:413)
	at org.apache.maven.surefire.junit4.JUnit4Provider.execute(JUnit4Provider.java:316)
	at org.apache.maven.surefire.junit4.JUnit4Provider.executeWithRerun(JUnit4Provider.java:240)
	at org.apache.maven.surefire.junit4.JUnit4Provider.executeTestSet(JUnit4Provider.java:214)
	at org.apache.maven.surefire.junit4.JUnit4Provider.invoke(JUnit4Provider.java:155)
	at org.apache.maven.surefire.booter.ForkedBooter.runSuitesInProcess(ForkedBooter.java:385)
	at org.apache.maven.surefire.booter.ForkedBooter.execute(ForkedBooter.java:162)
	at org.apache.maven.surefire.booter.ForkedBooter.run(ForkedBooter.java:507)
	at org.apache.maven.surefire.booter.ForkedBooter.main(ForkedBooter.java:495)
Caused by: java.io.IOException: Error while instrumenting sun/security/ec/point/ExtendedHomogeneousPoint.
	at org.jacoco.agent.rt.internal_f3994fa.core.instr.Instrumenter.instrumentError(Instrumenter.java:160)
	at org.jacoco.agent.rt.internal_f3994fa.core.instr.Instrumenter.instrument(Instrumenter.java:110)
	at org.jacoco.agent.rt.internal_f3994fa.CoverageTransformer.transform(CoverageTransformer.java:92)
	... 80 more
Caused by: java.lang.IllegalArgumentException: Unsupported class file major version 65
	at org.jacoco.agent.rt.internal_f3994fa.asm.ClassReader.<init>(ClassReader.java:196)
	at org.jacoco.agent.rt.internal_f3994fa.asm.ClassReader.<init>(ClassReader.java:177)
	at org.jacoco.agent.rt.internal_f3994fa.asm.ClassReader.<init>(ClassReader.java:163)
	at org.jacoco.agent.rt.internal_f3994fa.core.internal.instr.InstrSupport.classReaderFor(InstrSupport.java:280)
	at org.jacoco.agent.rt.internal_f3994fa.core.instr.Instrumenter.instrument(Instrumenter.java:76)
	at org.jacoco.agent.rt.internal_f3994fa.core.instr.Instrumenter.instrument(Instrumenter.java:108)
	... 81 more
java.lang.instrument.IllegalClassFormatException: Error while instrumenting sun/security/ec/ed/EdDSAParameters$SHA512DigesterFactory.
	at org.jacoco.agent.rt.internal_f3994fa.CoverageTransformer.transform(CoverageTransformer.java:94)
	at java.instrument/java.lang.instrument.ClassFileTransformer.transform(ClassFileTransformer.java:244)
	at java.instrument/sun.instrument.TransformerManager.transform(TransformerManager.java:188)
	at java.instrument/sun.instrument.InstrumentationImpl.transform(InstrumentationImpl.java:610)
	at java.base/java.lang.ClassLoader.defineClass2(Native Method)
	at java.base/java.lang.ClassLoader.defineClass(ClassLoader.java:1118)
	at java.base/java.security.SecureClassLoader.defineClass(SecureClassLoader.java:182)
	at java.base/jdk.internal.loader.BuiltinClassLoader.defineClass(BuiltinClassLoader.java:821)
	at java.base/jdk.internal.loader.BuiltinClassLoader.findClassInModuleOrNull(BuiltinClassLoader.java:741)
	at java.base/jdk.internal.loader.BuiltinClassLoader.loadClassOrNull(BuiltinClassLoader.java:665)
	at java.base/jdk.internal.loader.BuiltinClassLoader.loadClass(BuiltinClassLoader.java:639)
	at java.base/java.lang.ClassLoader.loadClass(ClassLoader.java:526)
	at jdk.crypto.ec/sun.security.ec.ed.EdDSAParameters.<clinit>(EdDSAParameters.java:275)
	at jdk.crypto.ec/sun.security.ec.ed.EdDSASignature.<init>(EdDSASignature.java:108)
	at jdk.crypto.ec/sun.security.ec.ed.EdDSASignature$Ed25519.<init>(EdDSASignature.java:302)
	at jdk.crypto.ec/sun.security.ec.SunEC$ProviderService.newInstance(SunEC.java:87)
	at java.base/java.security.Signature.isSpi(Signature.java:330)
	at java.base/java.security.Signature.getInstance(Signature.java:275)
	at java.base/sun.security.ssl.SignatureScheme.<init>(SignatureScheme.java:291)
	at java.base/sun.security.ssl.SignatureScheme.<init>(SignatureScheme.java:244)
	at java.base/sun.security.ssl.SignatureScheme.<init>(SignatureScheme.java:236)
	at java.base/sun.security.ssl.SignatureScheme.<init>(SignatureScheme.java:229)
	at java.base/sun.security.ssl.SignatureScheme.<clinit>(SignatureScheme.java:67)
	at java.base/sun.security.ssl.SSLSessionImpl.<clinit>(SSLSessionImpl.java:814)
	at java.base/sun.security.ssl.TransportContext.<init>(TransportContext.java:152)
	at java.base/sun.security.ssl.TransportContext.<init>(TransportContext.java:121)
	at java.base/sun.security.ssl.SSLSocketImpl.<init>(SSLSocketImpl.java:283)
	at java.base/sun.security.ssl.SSLSocketFactoryImpl.createSocket(SSLSocketFactoryImpl.java:108)
	at com.mysql.cj.protocol.ExportControlled.performTlsHandshake(ExportControlled.java:337)
	at com.mysql.cj.protocol.StandardSocketFactory.performTlsHandshake(StandardSocketFactory.java:191)
	at com.mysql.cj.protocol.a.NativeSocketConnection.performTlsHandshake(NativeSocketConnection.java:101)
	at com.mysql.cj.protocol.a.NativeProtocol.negotiateSSLConnection(NativeProtocol.java:370)
	at com.mysql.cj.protocol.a.NativeAuthenticationProvider.connect(NativeAuthenticationProvider.java:206)
	at com.mysql.cj.protocol.a.NativeProtocol.connect(NativeProtocol.java:1430)
	at com.mysql.cj.NativeSession.connect(NativeSession.java:134)
	at com.mysql.cj.jdbc.ConnectionImpl.connectOneTryOnly(ConnectionImpl.java:945)
	at com.mysql.cj.jdbc.ConnectionImpl.createNewIO(ConnectionImpl.java:815)
	at com.mysql.cj.jdbc.ConnectionImpl.<init>(ConnectionImpl.java:446)
	at com.mysql.cj.jdbc.ConnectionImpl.getInstance(ConnectionImpl.java:239)
	at com.mysql.cj.jdbc.NonRegisteringDriver.connect(NonRegisteringDriver.java:188)
	at java.sql/java.sql.DriverManager.getConnection(DriverManager.java:683)
	at java.sql/java.sql.DriverManager.getConnection(DriverManager.java:230)
	at dao.DBConnection.<init>(DBConnection.java:29)
	at dao.DBConnection.getInstance(DBConnection.java:43)
	at JUnit.TesteAplicacao.testReaberturaConexao(TesteAplicacao.java:59)
	at java.base/jdk.internal.reflect.DirectMethodHandleAccessor.invoke(DirectMethodHandleAccessor.java:103)
	at java.base/java.lang.reflect.Method.invoke(Method.java:580)
	at org.junit.runners.model.FrameworkMethod$1.runReflectiveCall(FrameworkMethod.java:59)
	at org.junit.internal.runners.model.ReflectiveCallable.run(ReflectiveCallable.java:12)
	at org.junit.runners.model.FrameworkMethod.invokeExplosively(FrameworkMethod.java:56)
	at org.junit.internal.runners.statements.InvokeMethod.evaluate(InvokeMethod.java:17)
	at org.junit.runners.ParentRunner$3.evaluate(ParentRunner.java:306)
	at org.junit.runners.BlockJUnit4ClassRunner$1.evaluate(BlockJUnit4ClassRunner.java:100)
	at org.junit.runners.ParentRunner.runLeaf(ParentRunner.java:366)
	at org.junit.runners.BlockJUnit4ClassRunner.runChild(BlockJUnit4ClassRunner.java:103)
	at org.junit.runners.BlockJUnit4ClassRunner.runChild(BlockJUnit4ClassRunner.java:63)
	at org.junit.runners.ParentRunner$4.run(ParentRunner.java:331)
	at org.junit.runners.ParentRunner$1.schedule(ParentRunner.java:79)
	at org.junit.runners.ParentRunner.runChildren(ParentRunner.java:329)
	at org.junit.runners.ParentRunner.access$100(ParentRunner.java:66)
	at org.junit.runners.ParentRunner$2.evaluate(ParentRunner.java:293)
	at org.junit.runners.ParentRunner$3.evaluate(ParentRunner.java:306)
	at org.junit.runners.ParentRunner.run(ParentRunner.java:413)
	at org.apache.maven.surefire.junit4.JUnit4Provider.execute(JUnit4Provider.java:316)
	at org.apache.maven.surefire.junit4.JUnit4Provider.executeWithRerun(JUnit4Provider.java:240)
	at org.apache.maven.surefire.junit4.JUnit4Provider.executeTestSet(JUnit4Provider.java:214)
	at org.apache.maven.surefire.junit4.JUnit4Provider.invoke(JUnit4Provider.java:155)
	at org.apache.maven.surefire.booter.ForkedBooter.runSuitesInProcess(ForkedBooter.java:385)
	at org.apache.maven.surefire.booter.ForkedBooter.execute(ForkedBooter.java:162)
	at org.apache.maven.surefire.booter.ForkedBooter.run(ForkedBooter.java:507)
	at org.apache.maven.surefire.booter.ForkedBooter.main(ForkedBooter.java:495)
Caused by: java.io.IOException: Error while instrumenting sun/security/ec/ed/EdDSAParameters$SHA512DigesterFactory.
	at org.jacoco.agent.rt.internal_f3994fa.core.instr.Instrumenter.instrumentError(Instrumenter.java:160)
	at org.jacoco.agent.rt.internal_f3994fa.core.instr.Instrumenter.instrument(Instrumenter.java:110)
	at org.jacoco.agent.rt.internal_f3994fa.CoverageTransformer.transform(CoverageTransformer.java:92)
	... 70 more
Caused by: java.lang.IllegalArgumentException: Unsupported class file major version 65
	at org.jacoco.agent.rt.internal_f3994fa.asm.ClassReader.<init>(ClassReader.java:196)
	at org.jacoco.agent.rt.internal_f3994fa.asm.ClassReader.<init>(ClassReader.java:177)
	at org.jacoco.agent.rt.internal_f3994fa.asm.ClassReader.<init>(ClassReader.java:163)
	at org.jacoco.agent.rt.internal_f3994fa.core.internal.instr.InstrSupport.classReaderFor(InstrSupport.java:280)
	at org.jacoco.agent.rt.internal_f3994fa.core.instr.Instrumenter.instrument(Instrumenter.java:76)
	at org.jacoco.agent.rt.internal_f3994fa.core.instr.Instrumenter.instrument(Instrumenter.java:108)
	... 71 more
java.lang.instrument.IllegalClassFormatException: Error while instrumenting sun/security/ec/ed/EdDSAParameters$Digester.
	at org.jacoco.agent.rt.internal_f3994fa.CoverageTransformer.transform(CoverageTransformer.java:94)
	at java.instrument/java.lang.instrument.ClassFileTransformer.transform(ClassFileTransformer.java:244)
	at java.instrument/sun.instrument.TransformerManager.transform(TransformerManager.java:188)
	at java.instrument/sun.instrument.InstrumentationImpl.transform(InstrumentationImpl.java:610)
	at java.base/java.lang.ClassLoader.defineClass2(Native Method)
	at java.base/java.lang.ClassLoader.defineClass(ClassLoader.java:1118)
	at java.base/java.security.SecureClassLoader.defineClass(SecureClassLoader.java:182)
	at java.base/jdk.internal.loader.BuiltinClassLoader.defineClass(BuiltinClassLoader.java:821)
	at java.base/jdk.internal.loader.BuiltinClassLoader.findClassInModuleOrNull(BuiltinClassLoader.java:741)
	at java.base/jdk.internal.loader.BuiltinClassLoader.loadClassOrNull(BuiltinClassLoader.java:665)
	at java.base/jdk.internal.loader.BuiltinClassLoader.loadClass(BuiltinClassLoader.java:639)
	at java.base/java.lang.ClassLoader.loadClass(ClassLoader.java:526)
	at jdk.crypto.ec/sun.security.ec.ed.EdDSAParameters.<clinit>(EdDSAParameters.java:275)
	at jdk.crypto.ec/sun.security.ec.ed.EdDSASignature.<init>(EdDSASignature.java:108)
	at jdk.crypto.ec/sun.security.ec.ed.EdDSASignature$Ed25519.<init>(EdDSASignature.java:302)
	at jdk.crypto.ec/sun.security.ec.SunEC$ProviderService.newInstance(SunEC.java:87)
	at java.base/java.security.Signature.isSpi(Signature.java:330)
	at java.base/java.security.Signature.getInstance(Signature.java:275)
	at java.base/sun.security.ssl.SignatureScheme.<init>(SignatureScheme.java:291)
	at java.base/sun.security.ssl.SignatureScheme.<init>(SignatureScheme.java:244)
	at java.base/sun.security.ssl.SignatureScheme.<init>(SignatureScheme.java:236)
	at java.base/sun.security.ssl.SignatureScheme.<init>(SignatureScheme.java:229)
	at java.base/sun.security.ssl.SignatureScheme.<clinit>(SignatureScheme.java:67)
	at java.base/sun.security.ssl.SSLSessionImpl.<clinit>(SSLSessionImpl.java:814)
	at java.base/sun.security.ssl.TransportContext.<init>(TransportContext.java:152)
	at java.base/sun.security.ssl.TransportContext.<init>(TransportContext.java:121)
	at java.base/sun.security.ssl.SSLSocketImpl.<init>(SSLSocketImpl.java:283)
	at java.base/sun.security.ssl.SSLSocketFactoryImpl.createSocket(SSLSocketFactoryImpl.java:108)
	at com.mysql.cj.protocol.ExportControlled.performTlsHandshake(ExportControlled.java:337)
	at com.mysql.cj.protocol.StandardSocketFactory.performTlsHandshake(StandardSocketFactory.java:191)
	at com.mysql.cj.protocol.a.NativeSocketConnection.performTlsHandshake(NativeSocketConnection.java:101)
	at com.mysql.cj.protocol.a.NativeProtocol.negotiateSSLConnection(NativeProtocol.java:370)
	at com.mysql.cj.protocol.a.NativeAuthenticationProvider.connect(NativeAuthenticationProvider.java:206)
	at com.mysql.cj.protocol.a.NativeProtocol.connect(NativeProtocol.java:1430)
	at com.mysql.cj.NativeSession.connect(NativeSession.java:134)
	at com.mysql.cj.jdbc.ConnectionImpl.connectOneTryOnly(ConnectionImpl.java:945)
	at com.mysql.cj.jdbc.ConnectionImpl.createNewIO(ConnectionImpl.java:815)
	at com.mysql.cj.jdbc.ConnectionImpl.<init>(ConnectionImpl.java:446)
	at com.mysql.cj.jdbc.ConnectionImpl.getInstance(ConnectionImpl.java:239)
	at com.mysql.cj.jdbc.NonRegisteringDriver.connect(NonRegisteringDriver.java:188)
	at java.sql/java.sql.DriverManager.getConnection(DriverManager.java:683)
	at java.sql/java.sql.DriverManager.getConnection(DriverManager.java:230)
	at dao.DBConnection.<init>(DBConnection.java:29)
	at dao.DBConnection.getInstance(DBConnection.java:43)
	at JUnit.TesteAplicacao.testReaberturaConexao(TesteAplicacao.java:59)
	at java.base/jdk.internal.reflect.DirectMethodHandleAccessor.invoke(DirectMethodHandleAccessor.java:103)
	at java.base/java.lang.reflect.Method.invoke(Method.java:580)
	at org.junit.runners.model.FrameworkMethod$1.runReflectiveCall(FrameworkMethod.java:59)
	at org.junit.internal.runners.model.ReflectiveCallable.run(ReflectiveCallable.java:12)
	at org.junit.runners.model.FrameworkMethod.invokeExplosively(FrameworkMethod.java:56)
	at org.junit.internal.runners.statements.InvokeMethod.evaluate(InvokeMethod.java:17)
	at org.junit.runners.ParentRunner$3.evaluate(ParentRunner.java:306)
	at org.junit.runners.BlockJUnit4ClassRunner$1.evaluate(BlockJUnit4ClassRunner.java:100)
	at org.junit.runners.ParentRunner.runLeaf(ParentRunner.java:366)
	at org.junit.runners.BlockJUnit4ClassRunner.runChild(BlockJUnit4ClassRunner.java:103)
	at org.junit.runners.BlockJUnit4ClassRunner.runChild(BlockJUnit4ClassRunner.java:63)
	at org.junit.runners.ParentRunner$4.run(ParentRunner.java:331)
	at org.junit.runners.ParentRunner$1.schedule(ParentRunner.java:79)
	at org.junit.runners.ParentRunner.runChildren(ParentRunner.java:329)
	at org.junit.runners.ParentRunner.access$100(ParentRunner.java:66)
	at org.junit.runners.ParentRunner$2.evaluate(ParentRunner.java:293)
	at org.junit.runners.ParentRunner$3.evaluate(ParentRunner.java:306)
	at org.junit.runners.ParentRunner.run(ParentRunner.java:413)
	at org.apache.maven.surefire.junit4.JUnit4Provider.execute(JUnit4Provider.java:316)
	at org.apache.maven.surefire.junit4.JUnit4Provider.executeWithRerun(JUnit4Provider.java:240)
	at org.apache.maven.surefire.junit4.JUnit4Provider.executeTestSet(JUnit4Provider.java:214)
	at org.apache.maven.surefire.junit4.JUnit4Provider.invoke(JUnit4Provider.java:155)
	at org.apache.maven.surefire.booter.ForkedBooter.runSuitesInProcess(ForkedBooter.java:385)
	at org.apache.maven.surefire.booter.ForkedBooter.execute(ForkedBooter.java:162)
	at org.apache.maven.surefire.booter.ForkedBooter.run(ForkedBooter.java:507)
	at org.apache.maven.surefire.booter.ForkedBooter.main(ForkedBooter.java:495)
Caused by: java.io.IOException: Error while instrumenting sun/security/ec/ed/EdDSAParameters$Digester.
	at org.jacoco.agent.rt.internal_f3994fa.core.instr.Instrumenter.instrumentError(Instrumenter.java:160)
	at org.jacoco.agent.rt.internal_f3994fa.core.instr.Instrumenter.instrument(Instrumenter.java:110)
	at org.jacoco.agent.rt.internal_f3994fa.CoverageTransformer.transform(CoverageTransformer.java:92)
	... 70 more
Caused by: java.lang.IllegalArgumentException: Unsupported class file major version 65
	at org.jacoco.agent.rt.internal_f3994fa.asm.ClassReader.<init>(ClassReader.java:196)
	at org.jacoco.agent.rt.internal_f3994fa.asm.ClassReader.<init>(ClassReader.java:177)
	at org.jacoco.agent.rt.internal_f3994fa.asm.ClassReader.<init>(ClassReader.java:163)
	at org.jacoco.agent.rt.internal_f3994fa.core.internal.instr.InstrSupport.classReaderFor(InstrSupport.java:280)
	at org.jacoco.agent.rt.internal_f3994fa.core.instr.Instrumenter.instrument(Instrumenter.java:76)
	at org.jacoco.agent.rt.internal_f3994fa.core.instr.Instrumenter.instrument(Instrumenter.java:108)
	... 71 more
java.lang.instrument.IllegalClassFormatException: Error while instrumenting sun/security/ec/point/ProjectivePoint$Immutable.
	at org.jacoco.agent.rt.internal_f3994fa.CoverageTransformer.transform(CoverageTransformer.java:94)
	at java.instrument/java.lang.instrument.ClassFileTransformer.transform(ClassFileTransformer.java:244)
	at java.instrument/sun.instrument.TransformerManager.transform(TransformerManager.java:188)
	at java.instrument/sun.instrument.InstrumentationImpl.transform(InstrumentationImpl.java:610)
	at java.base/java.lang.ClassLoader.defineClass2(Native Method)
	at java.base/java.lang.ClassLoader.defineClass(ClassLoader.java:1118)
	at java.base/java.security.SecureClassLoader.defineClass(SecureClassLoader.java:182)
	at java.base/jdk.internal.loader.BuiltinClassLoader.defineClass(BuiltinClassLoader.java:821)
	at java.base/jdk.internal.loader.BuiltinClassLoader.findClassInModuleOrNull(BuiltinClassLoader.java:741)
	at java.base/jdk.internal.loader.BuiltinClassLoader.loadClassOrNull(BuiltinClassLoader.java:665)
	at java.base/jdk.internal.loader.BuiltinClassLoader.loadClass(BuiltinClassLoader.java:639)
	at java.base/java.lang.ClassLoader.loadClass(ClassLoader.java:526)
	at jdk.crypto.ec/sun.security.ec.ed.Ed448Operations.of(Ed448Operations.java:98)
	at jdk.crypto.ec/sun.security.ec.ed.Ed448Operations.<init>(Ed448Operations.java:57)
	at jdk.crypto.ec/sun.security.ec.ed.EdDSAParameters.<clinit>(EdDSAParameters.java:293)
	at jdk.crypto.ec/sun.security.ec.ed.EdDSASignature.<init>(EdDSASignature.java:108)
	at jdk.crypto.ec/sun.security.ec.ed.EdDSASignature$Ed25519.<init>(EdDSASignature.java:302)
	at jdk.crypto.ec/sun.security.ec.SunEC$ProviderService.newInstance(SunEC.java:87)
	at java.base/java.security.Signature.isSpi(Signature.java:330)
	at java.base/java.security.Signature.getInstance(Signature.java:275)
	at java.base/sun.security.ssl.SignatureScheme.<init>(SignatureScheme.java:291)
	at java.base/sun.security.ssl.SignatureScheme.<init>(SignatureScheme.java:244)
	at java.base/sun.security.ssl.SignatureScheme.<init>(SignatureScheme.java:236)
	at java.base/sun.security.ssl.SignatureScheme.<init>(SignatureScheme.java:229)
	at java.base/sun.security.ssl.SignatureScheme.<clinit>(SignatureScheme.java:67)
	at java.base/sun.security.ssl.SSLSessionImpl.<clinit>(SSLSessionImpl.java:814)
	at java.base/sun.security.ssl.TransportContext.<init>(TransportContext.java:152)
	at java.base/sun.security.ssl.TransportContext.<init>(TransportContext.java:121)
	at java.base/sun.security.ssl.SSLSocketImpl.<init>(SSLSocketImpl.java:283)
	at java.base/sun.security.ssl.SSLSocketFactoryImpl.createSocket(SSLSocketFactoryImpl.java:108)
	at com.mysql.cj.protocol.ExportControlled.performTlsHandshake(ExportControlled.java:337)
	at com.mysql.cj.protocol.StandardSocketFactory.performTlsHandshake(StandardSocketFactory.java:191)
	at com.mysql.cj.protocol.a.NativeSocketConnection.performTlsHandshake(NativeSocketConnection.java:101)
	at com.mysql.cj.protocol.a.NativeProtocol.negotiateSSLConnection(NativeProtocol.java:370)
	at com.mysql.cj.protocol.a.NativeAuthenticationProvider.connect(NativeAuthenticationProvider.java:206)
	at com.mysql.cj.protocol.a.NativeProtocol.connect(NativeProtocol.java:1430)
	at com.mysql.cj.NativeSession.connect(NativeSession.java:134)
	at com.mysql.cj.jdbc.ConnectionImpl.connectOneTryOnly(ConnectionImpl.java:945)
	at com.mysql.cj.jdbc.ConnectionImpl.createNewIO(ConnectionImpl.java:815)
	at com.mysql.cj.jdbc.ConnectionImpl.<init>(ConnectionImpl.java:446)
	at com.mysql.cj.jdbc.ConnectionImpl.getInstance(ConnectionImpl.java:239)
	at com.mysql.cj.jdbc.NonRegisteringDriver.connect(NonRegisteringDriver.java:188)
	at java.sql/java.sql.DriverManager.getConnection(DriverManager.java:683)
	at java.sql/java.sql.DriverManager.getConnection(DriverManager.java:230)
	at dao.DBConnection.<init>(DBConnection.java:29)
	at dao.DBConnection.getInstance(DBConnection.java:43)
	at JUnit.TesteAplicacao.testReaberturaConexao(TesteAplicacao.java:59)
	at java.base/jdk.internal.reflect.DirectMethodHandleAccessor.invoke(DirectMethodHandleAccessor.java:103)
	at java.base/java.lang.reflect.Method.invoke(Method.java:580)
	at org.junit.runners.model.FrameworkMethod$1.runReflectiveCall(FrameworkMethod.java:59)
	at org.junit.internal.runners.model.ReflectiveCallable.run(ReflectiveCallable.java:12)
	at org.junit.runners.model.FrameworkMethod.invokeExplosively(FrameworkMethod.java:56)
	at org.junit.internal.runners.statements.InvokeMethod.evaluate(InvokeMethod.java:17)
	at org.junit.runners.ParentRunner$3.evaluate(ParentRunner.java:306)
	at org.junit.runners.BlockJUnit4ClassRunner$1.evaluate(BlockJUnit4ClassRunner.java:100)
	at org.junit.runners.ParentRunner.runLeaf(ParentRunner.java:366)
	at org.junit.runners.BlockJUnit4ClassRunner.runChild(BlockJUnit4ClassRunner.java:103)
	at org.junit.runners.BlockJUnit4ClassRunner.runChild(BlockJUnit4ClassRunner.java:63)
	at org.junit.runners.ParentRunner$4.run(ParentRunner.java:331)
	at org.junit.runners.ParentRunner$1.schedule(ParentRunner.java:79)
	at org.junit.runners.ParentRunner.runChildren(ParentRunner.java:329)
	at org.junit.runners.ParentRunner.access$100(ParentRunner.java:66)
	at org.junit.runners.ParentRunner$2.evaluate(ParentRunner.java:293)
	at org.junit.runners.ParentRunner$3.evaluate(ParentRunner.java:306)
	at org.junit.runners.ParentRunner.run(ParentRunner.java:413)
	at org.apache.maven.surefire.junit4.JUnit4Provider.execute(JUnit4Provider.java:316)
	at org.apache.maven.surefire.junit4.JUnit4Provider.executeWithRerun(JUnit4Provider.java:240)
	at org.apache.maven.surefire.junit4.JUnit4Provider.executeTestSet(JUnit4Provider.java:214)
	at org.apache.maven.surefire.junit4.JUnit4Provider.invoke(JUnit4Provider.java:155)
	at org.apache.maven.surefire.booter.ForkedBooter.runSuitesInProcess(ForkedBooter.java:385)
	at org.apache.maven.surefire.booter.ForkedBooter.execute(ForkedBooter.java:162)
	at org.apache.maven.surefire.booter.ForkedBooter.run(ForkedBooter.java:507)
	at org.apache.maven.surefire.booter.ForkedBooter.main(ForkedBooter.java:495)
Caused by: java.io.IOException: Error while instrumenting sun/security/ec/point/ProjectivePoint$Immutable.
	at org.jacoco.agent.rt.internal_f3994fa.core.instr.Instrumenter.instrumentError(Instrumenter.java:160)
	at org.jacoco.agent.rt.internal_f3994fa.core.instr.Instrumenter.instrument(Instrumenter.java:110)
	at org.jacoco.agent.rt.internal_f3994fa.CoverageTransformer.transform(CoverageTransformer.java:92)
	... 72 more
Caused by: java.lang.IllegalArgumentException: Unsupported class file major version 65
	at org.jacoco.agent.rt.internal_f3994fa.asm.ClassReader.<init>(ClassReader.java:196)
	at org.jacoco.agent.rt.internal_f3994fa.asm.ClassReader.<init>(ClassReader.java:177)
	at org.jacoco.agent.rt.internal_f3994fa.asm.ClassReader.<init>(ClassReader.java:163)
	at org.jacoco.agent.rt.internal_f3994fa.core.internal.instr.InstrSupport.classReaderFor(InstrSupport.java:280)
	at org.jacoco.agent.rt.internal_f3994fa.core.instr.Instrumenter.instrument(Instrumenter.java:76)
	at org.jacoco.agent.rt.internal_f3994fa.core.instr.Instrumenter.instrument(Instrumenter.java:108)
	... 73 more
java.lang.instrument.IllegalClassFormatException: Error while instrumenting sun/security/ec/point/ProjectivePoint.
	at org.jacoco.agent.rt.internal_f3994fa.CoverageTransformer.transform(CoverageTransformer.java:94)
	at java.instrument/java.lang.instrument.ClassFileTransformer.transform(ClassFileTransformer.java:244)
	at java.instrument/sun.instrument.TransformerManager.transform(TransformerManager.java:188)
	at java.instrument/sun.instrument.InstrumentationImpl.transform(InstrumentationImpl.java:610)
	at java.base/java.lang.ClassLoader.defineClass2(Native Method)
	at java.base/java.lang.ClassLoader.defineClass(ClassLoader.java:1118)
	at java.base/java.security.SecureClassLoader.defineClass(SecureClassLoader.java:182)
	at java.base/jdk.internal.loader.BuiltinClassLoader.defineClass(BuiltinClassLoader.java:821)
	at java.base/jdk.internal.loader.BuiltinClassLoader.findClassInModuleOrNull(BuiltinClassLoader.java:741)
	at java.base/jdk.internal.loader.BuiltinClassLoader.loadClassOrNull(BuiltinClassLoader.java:665)
	at java.base/jdk.internal.loader.BuiltinClassLoader.loadClass(BuiltinClassLoader.java:639)
	at java.base/java.lang.ClassLoader.loadClass(ClassLoader.java:526)
	at java.base/java.lang.ClassLoader.defineClass2(Native Method)
	at java.base/java.lang.ClassLoader.defineClass(ClassLoader.java:1118)
	at java.base/java.security.SecureClassLoader.defineClass(SecureClassLoader.java:182)
	at java.base/jdk.internal.loader.BuiltinClassLoader.defineClass(BuiltinClassLoader.java:821)
	at java.base/jdk.internal.loader.BuiltinClassLoader.findClassInModuleOrNull(BuiltinClassLoader.java:741)
	at java.base/jdk.internal.loader.BuiltinClassLoader.loadClassOrNull(BuiltinClassLoader.java:665)
	at java.base/jdk.internal.loader.BuiltinClassLoader.loadClass(BuiltinClassLoader.java:639)
	at java.base/java.lang.ClassLoader.loadClass(ClassLoader.java:526)
	at jdk.crypto.ec/sun.security.ec.ed.Ed448Operations.of(Ed448Operations.java:98)
	at jdk.crypto.ec/sun.security.ec.ed.Ed448Operations.<init>(Ed448Operations.java:57)
	at jdk.crypto.ec/sun.security.ec.ed.EdDSAParameters.<clinit>(EdDSAParameters.java:293)
	at jdk.crypto.ec/sun.security.ec.ed.EdDSASignature.<init>(EdDSASignature.java:108)
	at jdk.crypto.ec/sun.security.ec.ed.EdDSASignature$Ed25519.<init>(EdDSASignature.java:302)
	at jdk.crypto.ec/sun.security.ec.SunEC$ProviderService.newInstance(SunEC.java:87)
	at java.base/java.security.Signature.isSpi(Signature.java:330)
	at java.base/java.security.Signature.getInstance(Signature.java:275)
	at java.base/sun.security.ssl.SignatureScheme.<init>(SignatureScheme.java:291)
	at java.base/sun.security.ssl.SignatureScheme.<init>(SignatureScheme.java:244)
	at java.base/sun.security.ssl.SignatureScheme.<init>(SignatureScheme.java:236)
	at java.base/sun.security.ssl.SignatureScheme.<init>(SignatureScheme.java:229)
	at java.base/sun.security.ssl.SignatureScheme.<clinit>(SignatureScheme.java:67)
	at java.base/sun.security.ssl.SSLSessionImpl.<clinit>(SSLSessionImpl.java:814)
	at java.base/sun.security.ssl.TransportContext.<init>(TransportContext.java:152)
	at java.base/sun.security.ssl.TransportContext.<init>(TransportContext.java:121)
	at java.base/sun.security.ssl.SSLSocketImpl.<init>(SSLSocketImpl.java:283)
	at java.base/sun.security.ssl.SSLSocketFactoryImpl.createSocket(SSLSocketFactoryImpl.java:108)
	at com.mysql.cj.protocol.ExportControlled.performTlsHandshake(ExportControlled.java:337)
	at com.mysql.cj.protocol.StandardSocketFactory.performTlsHandshake(StandardSocketFactory.java:191)
	at com.mysql.cj.protocol.a.NativeSocketConnection.performTlsHandshake(NativeSocketConnection.java:101)
	at com.mysql.cj.protocol.a.NativeProtocol.negotiateSSLConnection(NativeProtocol.java:370)
	at com.mysql.cj.protocol.a.NativeAuthenticationProvider.connect(NativeAuthenticationProvider.java:206)
	at com.mysql.cj.protocol.a.NativeProtocol.connect(NativeProtocol.java:1430)
	at com.mysql.cj.NativeSession.connect(NativeSession.java:134)
	at com.mysql.cj.jdbc.ConnectionImpl.connectOneTryOnly(ConnectionImpl.java:945)
	at com.mysql.cj.jdbc.ConnectionImpl.createNewIO(ConnectionImpl.java:815)
	at com.mysql.cj.jdbc.ConnectionImpl.<init>(ConnectionImpl.java:446)
	at com.mysql.cj.jdbc.ConnectionImpl.getInstance(ConnectionImpl.java:239)
	at com.mysql.cj.jdbc.NonRegisteringDriver.connect(NonRegisteringDriver.java:188)
	at java.sql/java.sql.DriverManager.getConnection(DriverManager.java:683)
	at java.sql/java.sql.DriverManager.getConnection(DriverManager.java:230)
	at dao.DBConnection.<init>(DBConnection.java:29)
	at dao.DBConnection.getInstance(DBConnection.java:43)
	at JUnit.TesteAplicacao.testReaberturaConexao(TesteAplicacao.java:59)
	at java.base/jdk.internal.reflect.DirectMethodHandleAccessor.invoke(DirectMethodHandleAccessor.java:103)
	at java.base/java.lang.reflect.Method.invoke(Method.java:580)
	at org.junit.runners.model.FrameworkMethod$1.runReflectiveCall(FrameworkMethod.java:59)
	at org.junit.internal.runners.model.ReflectiveCallable.run(ReflectiveCallable.java:12)
	at org.junit.runners.model.FrameworkMethod.invokeExplosively(FrameworkMethod.java:56)
	at org.junit.internal.runners.statements.InvokeMethod.evaluate(InvokeMethod.java:17)
	at org.junit.runners.ParentRunner$3.evaluate(ParentRunner.java:306)
	at org.junit.runners.BlockJUnit4ClassRunner$1.evaluate(BlockJUnit4ClassRunner.java:100)
	at org.junit.runners.ParentRunner.runLeaf(ParentRunner.java:366)
	at org.junit.runners.BlockJUnit4ClassRunner.runChild(BlockJUnit4ClassRunner.java:103)
	at org.junit.runners.BlockJUnit4ClassRunner.runChild(BlockJUnit4ClassRunner.java:63)
	at org.junit.runners.ParentRunner$4.run(ParentRunner.java:331)
	at org.junit.runners.ParentRunner$1.schedule(ParentRunner.java:79)
	at org.junit.runners.ParentRunner.runChildren(ParentRunner.java:329)
	at org.junit.runners.ParentRunner.access$100(ParentRunner.java:66)
	at org.junit.runners.ParentRunner$2.evaluate(ParentRunner.java:293)
	at org.junit.runners.ParentRunner$3.evaluate(ParentRunner.java:306)
	at org.junit.runners.ParentRunner.run(ParentRunner.java:413)
	at org.apache.maven.surefire.junit4.JUnit4Provider.execute(JUnit4Provider.java:316)
	at org.apache.maven.surefire.junit4.JUnit4Provider.executeWithRerun(JUnit4Provider.java:240)
	at org.apache.maven.surefire.junit4.JUnit4Provider.executeTestSet(JUnit4Provider.java:214)
	at org.apache.maven.surefire.junit4.JUnit4Provider.invoke(JUnit4Provider.java:155)
	at org.apache.maven.surefire.booter.ForkedBooter.runSuitesInProcess(ForkedBooter.java:385)
	at org.apache.maven.surefire.booter.ForkedBooter.execute(ForkedBooter.java:162)
	at org.apache.maven.surefire.booter.ForkedBooter.run(ForkedBooter.java:507)
	at org.apache.maven.surefire.booter.ForkedBooter.main(ForkedBooter.java:495)
Caused by: java.io.IOException: Error while instrumenting sun/security/ec/point/ProjectivePoint.
	at org.jacoco.agent.rt.internal_f3994fa.core.instr.Instrumenter.instrumentError(Instrumenter.java:160)
	at org.jacoco.agent.rt.internal_f3994fa.core.instr.Instrumenter.instrument(Instrumenter.java:110)
	at org.jacoco.agent.rt.internal_f3994fa.CoverageTransformer.transform(CoverageTransformer.java:92)
	... 80 more
Caused by: java.lang.IllegalArgumentException: Unsupported class file major version 65
	at org.jacoco.agent.rt.internal_f3994fa.asm.ClassReader.<init>(ClassReader.java:196)
	at org.jacoco.agent.rt.internal_f3994fa.asm.ClassReader.<init>(ClassReader.java:177)
	at org.jacoco.agent.rt.internal_f3994fa.asm.ClassReader.<init>(ClassReader.java:163)
	at org.jacoco.agent.rt.internal_f3994fa.core.internal.instr.InstrSupport.classReaderFor(InstrSupport.java:280)
	at org.jacoco.agent.rt.internal_f3994fa.core.instr.Instrumenter.instrument(Instrumenter.java:76)
	at org.jacoco.agent.rt.internal_f3994fa.core.instr.Instrumenter.instrument(Instrumenter.java:108)
	... 81 more
java.lang.instrument.IllegalClassFormatException: Error while instrumenting sun/security/ec/ed/EdDSAParameters$SHAKE256DigesterFactory.
	at org.jacoco.agent.rt.internal_f3994fa.CoverageTransformer.transform(CoverageTransformer.java:94)
	at java.instrument/java.lang.instrument.ClassFileTransformer.transform(ClassFileTransformer.java:244)
	at java.instrument/sun.instrument.TransformerManager.transform(TransformerManager.java:188)
	at java.instrument/sun.instrument.InstrumentationImpl.transform(InstrumentationImpl.java:610)
	at java.base/java.lang.ClassLoader.defineClass2(Native Method)
	at java.base/java.lang.ClassLoader.defineClass(ClassLoader.java:1118)
	at java.base/java.security.SecureClassLoader.defineClass(SecureClassLoader.java:182)
	at java.base/jdk.internal.loader.BuiltinClassLoader.defineClass(BuiltinClassLoader.java:821)
	at java.base/jdk.internal.loader.BuiltinClassLoader.findClassInModuleOrNull(BuiltinClassLoader.java:741)
	at java.base/jdk.internal.loader.BuiltinClassLoader.loadClassOrNull(BuiltinClassLoader.java:665)
	at java.base/jdk.internal.loader.BuiltinClassLoader.loadClass(BuiltinClassLoader.java:639)
	at java.base/java.lang.ClassLoader.loadClass(ClassLoader.java:526)
	at jdk.crypto.ec/sun.security.ec.ed.EdDSAParameters.<clinit>(EdDSAParameters.java:297)
	at jdk.crypto.ec/sun.security.ec.ed.EdDSASignature.<init>(EdDSASignature.java:108)
	at jdk.crypto.ec/sun.security.ec.ed.EdDSASignature$Ed25519.<init>(EdDSASignature.java:302)
	at jdk.crypto.ec/sun.security.ec.SunEC$ProviderService.newInstance(SunEC.java:87)
	at java.base/java.security.Signature.isSpi(Signature.java:330)
	at java.base/java.security.Signature.getInstance(Signature.java:275)
	at java.base/sun.security.ssl.SignatureScheme.<init>(SignatureScheme.java:291)
	at java.base/sun.security.ssl.SignatureScheme.<init>(SignatureScheme.java:244)
	at java.base/sun.security.ssl.SignatureScheme.<init>(SignatureScheme.java:236)
	at java.base/sun.security.ssl.SignatureScheme.<init>(SignatureScheme.java:229)
	at java.base/sun.security.ssl.SignatureScheme.<clinit>(SignatureScheme.java:67)
	at java.base/sun.security.ssl.SSLSessionImpl.<clinit>(SSLSessionImpl.java:814)
	at java.base/sun.security.ssl.TransportContext.<init>(TransportContext.java:152)
	at java.base/sun.security.ssl.TransportContext.<init>(TransportContext.java:121)
	at java.base/sun.security.ssl.SSLSocketImpl.<init>(SSLSocketImpl.java:283)
	at java.base/sun.security.ssl.SSLSocketFactoryImpl.createSocket(SSLSocketFactoryImpl.java:108)
	at com.mysql.cj.protocol.ExportControlled.performTlsHandshake(ExportControlled.java:337)
	at com.mysql.cj.protocol.StandardSocketFactory.performTlsHandshake(StandardSocketFactory.java:191)
	at com.mysql.cj.protocol.a.NativeSocketConnection.performTlsHandshake(NativeSocketConnection.java:101)
	at com.mysql.cj.protocol.a.NativeProtocol.negotiateSSLConnection(NativeProtocol.java:370)
	at com.mysql.cj.protocol.a.NativeAuthenticationProvider.connect(NativeAuthenticationProvider.java:206)
	at com.mysql.cj.protocol.a.NativeProtocol.connect(NativeProtocol.java:1430)
	at com.mysql.cj.NativeSession.connect(NativeSession.java:134)
	at com.mysql.cj.jdbc.ConnectionImpl.connectOneTryOnly(ConnectionImpl.java:945)
	at com.mysql.cj.jdbc.ConnectionImpl.createNewIO(ConnectionImpl.java:815)
	at com.mysql.cj.jdbc.ConnectionImpl.<init>(ConnectionImpl.java:446)
	at com.mysql.cj.jdbc.ConnectionImpl.getInstance(ConnectionImpl.java:239)
	at com.mysql.cj.jdbc.NonRegisteringDriver.connect(NonRegisteringDriver.java:188)
	at java.sql/java.sql.DriverManager.getConnection(DriverManager.java:683)
	at java.sql/java.sql.DriverManager.getConnection(DriverManager.java:230)
	at dao.DBConnection.<init>(DBConnection.java:29)
	at dao.DBConnection.getInstance(DBConnection.java:43)
	at JUnit.TesteAplicacao.testReaberturaConexao(TesteAplicacao.java:59)
	at java.base/jdk.internal.reflect.DirectMethodHandleAccessor.invoke(DirectMethodHandleAccessor.java:103)
	at java.base/java.lang.reflect.Method.invoke(Method.java:580)
	at org.junit.runners.model.FrameworkMethod$1.runReflectiveCall(FrameworkMethod.java:59)
	at org.junit.internal.runners.model.ReflectiveCallable.run(ReflectiveCallable.java:12)
	at org.junit.runners.model.FrameworkMethod.invokeExplosively(FrameworkMethod.java:56)
	at org.junit.internal.runners.statements.InvokeMethod.evaluate(InvokeMethod.java:17)
	at org.junit.runners.ParentRunner$3.evaluate(ParentRunner.java:306)
	at org.junit.runners.BlockJUnit4ClassRunner$1.evaluate(BlockJUnit4ClassRunner.java:100)
	at org.junit.runners.ParentRunner.runLeaf(ParentRunner.java:366)
	at org.junit.runners.BlockJUnit4ClassRunner.runChild(BlockJUnit4ClassRunner.java:103)
	at org.junit.runners.BlockJUnit4ClassRunner.runChild(BlockJUnit4ClassRunner.java:63)
	at org.junit.runners.ParentRunner$4.run(ParentRunner.java:331)
	at org.junit.runners.ParentRunner$1.schedule(ParentRunner.java:79)
	at org.junit.runners.ParentRunner.runChildren(ParentRunner.java:329)
	at org.junit.runners.ParentRunner.access$100(ParentRunner.java:66)
	at org.junit.runners.ParentRunner$2.evaluate(ParentRunner.java:293)
	at org.junit.runners.ParentRunner$3.evaluate(ParentRunner.java:306)
	at org.junit.runners.ParentRunner.run(ParentRunner.java:413)
	at org.apache.maven.surefire.junit4.JUnit4Provider.execute(JUnit4Provider.java:316)
	at org.apache.maven.surefire.junit4.JUnit4Provider.executeWithRerun(JUnit4Provider.java:240)
	at org.apache.maven.surefire.junit4.JUnit4Provider.executeTestSet(JUnit4Provider.java:214)
	at org.apache.maven.surefire.junit4.JUnit4Provider.invoke(JUnit4Provider.java:155)
	at org.apache.maven.surefire.booter.ForkedBooter.runSuitesInProcess(ForkedBooter.java:385)
	at org.apache.maven.surefire.booter.ForkedBooter.execute(ForkedBooter.java:162)
	at org.apache.maven.surefire.booter.ForkedBooter.run(ForkedBooter.java:507)
	at org.apache.maven.surefire.booter.ForkedBooter.main(ForkedBooter.java:495)
Caused by: java.io.IOException: Error while instrumenting sun/security/ec/ed/EdDSAParameters$SHAKE256DigesterFactory.
	at org.jacoco.agent.rt.internal_f3994fa.core.instr.Instrumenter.instrumentError(Instrumenter.java:160)
	at org.jacoco.agent.rt.internal_f3994fa.core.instr.Instrumenter.instrument(Instrumenter.java:110)
	at org.jacoco.agent.rt.internal_f3994fa.CoverageTransformer.transform(CoverageTransformer.java:92)
	... 70 more
Caused by: java.lang.IllegalArgumentException: Unsupported class file major version 65
	at org.jacoco.agent.rt.internal_f3994fa.asm.ClassReader.<init>(ClassReader.java:196)
	at org.jacoco.agent.rt.internal_f3994fa.asm.ClassReader.<init>(ClassReader.java:177)
	at org.jacoco.agent.rt.internal_f3994fa.asm.ClassReader.<init>(ClassReader.java:163)
	at org.jacoco.agent.rt.internal_f3994fa.core.internal.instr.InstrSupport.classReaderFor(InstrSupport.java:280)
	at org.jacoco.agent.rt.internal_f3994fa.core.instr.Instrumenter.instrument(Instrumenter.java:76)
	at org.jacoco.agent.rt.internal_f3994fa.core.instr.Instrumenter.instrument(Instrumenter.java:108)
	... 71 more
java.lang.instrument.IllegalClassFormatException: Error while instrumenting sun/security/ec/ParametersMap$1.
	at org.jacoco.agent.rt.internal_f3994fa.CoverageTransformer.transform(CoverageTransformer.java:94)
	at java.instrument/java.lang.instrument.ClassFileTransformer.transform(ClassFileTransformer.java:244)
	at java.instrument/sun.instrument.TransformerManager.transform(TransformerManager.java:188)
	at java.instrument/sun.instrument.InstrumentationImpl.transform(InstrumentationImpl.java:610)
	at java.base/java.lang.ClassLoader.defineClass2(Native Method)
	at java.base/java.lang.ClassLoader.defineClass(ClassLoader.java:1118)
	at java.base/java.security.SecureClassLoader.defineClass(SecureClassLoader.java:182)
	at java.base/jdk.internal.loader.BuiltinClassLoader.defineClass(BuiltinClassLoader.java:821)
	at java.base/jdk.internal.loader.BuiltinClassLoader.findClassInModuleOrNull(BuiltinClassLoader.java:741)
	at java.base/jdk.internal.loader.BuiltinClassLoader.loadClassOrNull(BuiltinClassLoader.java:665)
	at java.base/jdk.internal.loader.BuiltinClassLoader.loadClass(BuiltinClassLoader.java:639)
	at java.base/java.lang.ClassLoader.loadClass(ClassLoader.java:526)
	at jdk.crypto.ec/sun.security.ec.ParametersMap.apply(ParametersMap.java:75)
	at jdk.crypto.ec/sun.security.ec.ParametersMap.get(ParametersMap.java:151)
	at jdk.crypto.ec/sun.security.ec.ed.EdDSAParameters.get(EdDSAParameters.java:328)
	at jdk.crypto.ec/sun.security.ec.ed.EdDSASignature.<init>(EdDSASignature.java:108)
	at jdk.crypto.ec/sun.security.ec.ed.EdDSASignature$Ed25519.<init>(EdDSASignature.java:302)
	at jdk.crypto.ec/sun.security.ec.SunEC$ProviderService.newInstance(SunEC.java:87)
	at java.base/java.security.Signature.isSpi(Signature.java:330)
	at java.base/java.security.Signature.getInstance(Signature.java:275)
	at java.base/sun.security.ssl.SignatureScheme.<init>(SignatureScheme.java:291)
	at java.base/sun.security.ssl.SignatureScheme.<init>(SignatureScheme.java:244)
	at java.base/sun.security.ssl.SignatureScheme.<init>(SignatureScheme.java:236)
	at java.base/sun.security.ssl.SignatureScheme.<init>(SignatureScheme.java:229)
	at java.base/sun.security.ssl.SignatureScheme.<clinit>(SignatureScheme.java:67)
	at java.base/sun.security.ssl.SSLSessionImpl.<clinit>(SSLSessionImpl.java:814)
	at java.base/sun.security.ssl.TransportContext.<init>(TransportContext.java:152)
	at java.base/sun.security.ssl.TransportContext.<init>(TransportContext.java:121)
	at java.base/sun.security.ssl.SSLSocketImpl.<init>(SSLSocketImpl.java:283)
	at java.base/sun.security.ssl.SSLSocketFactoryImpl.createSocket(SSLSocketFactoryImpl.java:108)
	at com.mysql.cj.protocol.ExportControlled.performTlsHandshake(ExportControlled.java:337)
	at com.mysql.cj.protocol.StandardSocketFactory.performTlsHandshake(StandardSocketFactory.java:191)
	at com.mysql.cj.protocol.a.NativeSocketConnection.performTlsHandshake(NativeSocketConnection.java:101)
	at com.mysql.cj.protocol.a.NativeProtocol.negotiateSSLConnection(NativeProtocol.java:370)
	at com.mysql.cj.protocol.a.NativeAuthenticationProvider.connect(NativeAuthenticationProvider.java:206)
	at com.mysql.cj.protocol.a.NativeProtocol.connect(NativeProtocol.java:1430)
	at com.mysql.cj.NativeSession.connect(NativeSession.java:134)
	at com.mysql.cj.jdbc.ConnectionImpl.connectOneTryOnly(ConnectionImpl.java:945)
	at com.mysql.cj.jdbc.ConnectionImpl.createNewIO(ConnectionImpl.java:815)
	at com.mysql.cj.jdbc.ConnectionImpl.<init>(ConnectionImpl.java:446)
	at com.mysql.cj.jdbc.ConnectionImpl.getInstance(ConnectionImpl.java:239)
	at com.mysql.cj.jdbc.NonRegisteringDriver.connect(NonRegisteringDriver.java:188)
	at java.sql/java.sql.DriverManager.getConnection(DriverManager.java:683)
	at java.sql/java.sql.DriverManager.getConnection(DriverManager.java:230)
	at dao.DBConnection.<init>(DBConnection.java:29)
	at dao.DBConnection.getInstance(DBConnection.java:43)
	at JUnit.TesteAplicacao.testReaberturaConexao(TesteAplicacao.java:59)
	at java.base/jdk.internal.reflect.DirectMethodHandleAccessor.invoke(DirectMethodHandleAccessor.java:103)
	at java.base/java.lang.reflect.Method.invoke(Method.java:580)
	at org.junit.runners.model.FrameworkMethod$1.runReflectiveCall(FrameworkMethod.java:59)
	at org.junit.internal.runners.model.ReflectiveCallable.run(ReflectiveCallable.java:12)
	at org.junit.runners.model.FrameworkMethod.invokeExplosively(FrameworkMethod.java:56)
	at org.junit.internal.runners.statements.InvokeMethod.evaluate(InvokeMethod.java:17)
	at org.junit.runners.ParentRunner$3.evaluate(ParentRunner.java:306)
	at org.junit.runners.BlockJUnit4ClassRunner$1.evaluate(BlockJUnit4ClassRunner.java:100)
	at org.junit.runners.ParentRunner.runLeaf(ParentRunner.java:366)
	at org.junit.runners.BlockJUnit4ClassRunner.runChild(BlockJUnit4ClassRunner.java:103)
	at org.junit.runners.BlockJUnit4ClassRunner.runChild(BlockJUnit4ClassRunner.java:63)
	at org.junit.runners.ParentRunner$4.run(ParentRunner.java:331)
	at org.junit.runners.ParentRunner$1.schedule(ParentRunner.java:79)
	at org.junit.runners.ParentRunner.runChildren(ParentRunner.java:329)
	at org.junit.runners.ParentRunner.access$100(ParentRunner.java:66)
	at org.junit.runners.ParentRunner$2.evaluate(ParentRunner.java:293)
	at org.junit.runners.ParentRunner$3.evaluate(ParentRunner.java:306)
	at org.junit.runners.ParentRunner.run(ParentRunner.java:413)
	at org.apache.maven.surefire.junit4.JUnit4Provider.execute(JUnit4Provider.java:316)
	at org.apache.maven.surefire.junit4.JUnit4Provider.executeWithRerun(JUnit4Provider.java:240)
	at org.apache.maven.surefire.junit4.JUnit4Provider.executeTestSet(JUnit4Provider.java:214)
	at org.apache.maven.surefire.junit4.JUnit4Provider.invoke(JUnit4Provider.java:155)
	at org.apache.maven.surefire.booter.ForkedBooter.runSuitesInProcess(ForkedBooter.java:385)
	at org.apache.maven.surefire.booter.ForkedBooter.execute(ForkedBooter.java:162)
	at org.apache.maven.surefire.booter.ForkedBooter.run(ForkedBooter.java:507)
	at org.apache.maven.surefire.booter.ForkedBooter.main(ForkedBooter.java:495)
Caused by: java.io.IOException: Error while instrumenting sun/security/ec/ParametersMap$1.
	at org.jacoco.agent.rt.internal_f3994fa.core.instr.Instrumenter.instrumentError(Instrumenter.java:160)
	at org.jacoco.agent.rt.internal_f3994fa.core.instr.Instrumenter.instrument(Instrumenter.java:110)
	at org.jacoco.agent.rt.internal_f3994fa.CoverageTransformer.transform(CoverageTransformer.java:92)
	... 72 more
Caused by: java.lang.IllegalArgumentException: Unsupported class file major version 65
	at org.jacoco.agent.rt.internal_f3994fa.asm.ClassReader.<init>(ClassReader.java:196)
	at org.jacoco.agent.rt.internal_f3994fa.asm.ClassReader.<init>(ClassReader.java:177)
	at org.jacoco.agent.rt.internal_f3994fa.asm.ClassReader.<init>(ClassReader.java:163)
	at org.jacoco.agent.rt.internal_f3994fa.core.internal.instr.InstrSupport.classReaderFor(InstrSupport.java:280)
	at org.jacoco.agent.rt.internal_f3994fa.core.instr.Instrumenter.instrument(Instrumenter.java:76)
	at org.jacoco.agent.rt.internal_f3994fa.core.instr.Instrumenter.instrument(Instrumenter.java:108)
	... 73 more
java.lang.instrument.IllegalClassFormatException: Error while instrumenting sun/security/ec/ed/EdDSASignature$Ed448.
	at org.jacoco.agent.rt.internal_f3994fa.CoverageTransformer.transform(CoverageTransformer.java:94)
	at java.instrument/java.lang.instrument.ClassFileTransformer.transform(ClassFileTransformer.java:244)
	at java.instrument/sun.instrument.TransformerManager.transform(TransformerManager.java:188)
	at java.instrument/sun.instrument.InstrumentationImpl.transform(InstrumentationImpl.java:610)
	at java.base/java.lang.ClassLoader.defineClass2(Native Method)
	at java.base/java.lang.ClassLoader.defineClass(ClassLoader.java:1118)
	at java.base/java.security.SecureClassLoader.defineClass(SecureClassLoader.java:182)
	at java.base/jdk.internal.loader.BuiltinClassLoader.defineClass(BuiltinClassLoader.java:821)
	at java.base/jdk.internal.loader.BuiltinClassLoader.findClassInModuleOrNull(BuiltinClassLoader.java:741)
	at java.base/jdk.internal.loader.BuiltinClassLoader.loadClassOrNull(BuiltinClassLoader.java:665)
	at java.base/jdk.internal.loader.BuiltinClassLoader.loadClass(BuiltinClassLoader.java:639)
	at java.base/java.lang.ClassLoader.loadClass(ClassLoader.java:526)
	at jdk.crypto.ec/sun.security.ec.SunEC$ProviderService.newInstance(SunEC.java:89)
	at java.base/java.security.Signature.isSpi(Signature.java:330)
	at java.base/java.security.Signature.getInstance(Signature.java:275)
	at java.base/sun.security.ssl.SignatureScheme.<init>(SignatureScheme.java:291)
	at java.base/sun.security.ssl.SignatureScheme.<init>(SignatureScheme.java:244)
	at java.base/sun.security.ssl.SignatureScheme.<init>(SignatureScheme.java:236)
	at java.base/sun.security.ssl.SignatureScheme.<init>(SignatureScheme.java:229)
	at java.base/sun.security.ssl.SignatureScheme.<clinit>(SignatureScheme.java:70)
	at java.base/sun.security.ssl.SSLSessionImpl.<clinit>(SSLSessionImpl.java:814)
	at java.base/sun.security.ssl.TransportContext.<init>(TransportContext.java:152)
	at java.base/sun.security.ssl.TransportContext.<init>(TransportContext.java:121)
	at java.base/sun.security.ssl.SSLSocketImpl.<init>(SSLSocketImpl.java:283)
	at java.base/sun.security.ssl.SSLSocketFactoryImpl.createSocket(SSLSocketFactoryImpl.java:108)
	at com.mysql.cj.protocol.ExportControlled.performTlsHandshake(ExportControlled.java:337)
	at com.mysql.cj.protocol.StandardSocketFactory.performTlsHandshake(StandardSocketFactory.java:191)
	at com.mysql.cj.protocol.a.NativeSocketConnection.performTlsHandshake(NativeSocketConnection.java:101)
	at com.mysql.cj.protocol.a.NativeProtocol.negotiateSSLConnection(NativeProtocol.java:370)
	at com.mysql.cj.protocol.a.NativeAuthenticationProvider.connect(NativeAuthenticationProvider.java:206)
	at com.mysql.cj.protocol.a.NativeProtocol.connect(NativeProtocol.java:1430)
	at com.mysql.cj.NativeSession.connect(NativeSession.java:134)
	at com.mysql.cj.jdbc.ConnectionImpl.connectOneTryOnly(ConnectionImpl.java:945)
	at com.mysql.cj.jdbc.ConnectionImpl.createNewIO(ConnectionImpl.java:815)
	at com.mysql.cj.jdbc.ConnectionImpl.<init>(ConnectionImpl.java:446)
	at com.mysql.cj.jdbc.ConnectionImpl.getInstance(ConnectionImpl.java:239)
	at com.mysql.cj.jdbc.NonRegisteringDriver.connect(NonRegisteringDriver.java:188)
	at java.sql/java.sql.DriverManager.getConnection(DriverManager.java:683)
	at java.sql/java.sql.DriverManager.getConnection(DriverManager.java:230)
	at dao.DBConnection.<init>(DBConnection.java:29)
	at dao.DBConnection.getInstance(DBConnection.java:43)
	at JUnit.TesteAplicacao.testReaberturaConexao(TesteAplicacao.java:59)
	at java.base/jdk.internal.reflect.DirectMethodHandleAccessor.invoke(DirectMethodHandleAccessor.java:103)
	at java.base/java.lang.reflect.Method.invoke(Method.java:580)
	at org.junit.runners.model.FrameworkMethod$1.runReflectiveCall(FrameworkMethod.java:59)
	at org.junit.internal.runners.model.ReflectiveCallable.run(ReflectiveCallable.java:12)
	at org.junit.runners.model.FrameworkMethod.invokeExplosively(FrameworkMethod.java:56)
	at org.junit.internal.runners.statements.InvokeMethod.evaluate(InvokeMethod.java:17)
	at org.junit.runners.ParentRunner$3.evaluate(ParentRunner.java:306)
	at org.junit.runners.BlockJUnit4ClassRunner$1.evaluate(BlockJUnit4ClassRunner.java:100)
	at org.junit.runners.ParentRunner.runLeaf(ParentRunner.java:366)
	at org.junit.runners.BlockJUnit4ClassRunner.runChild(BlockJUnit4ClassRunner.java:103)
	at org.junit.runners.BlockJUnit4ClassRunner.runChild(BlockJUnit4ClassRunner.java:63)
	at org.junit.runners.ParentRunner$4.run(ParentRunner.java:331)
	at org.junit.runners.ParentRunner$1.schedule(ParentRunner.java:79)
	at org.junit.runners.ParentRunner.runChildren(ParentRunner.java:329)
	at org.junit.runners.ParentRunner.access$100(ParentRunner.java:66)
	at org.junit.runners.ParentRunner$2.evaluate(ParentRunner.java:293)
	at org.junit.runners.ParentRunner$3.evaluate(ParentRunner.java:306)
	at org.junit.runners.ParentRunner.run(ParentRunner.java:413)
	at org.apache.maven.surefire.junit4.JUnit4Provider.execute(JUnit4Provider.java:316)
	at org.apache.maven.surefire.junit4.JUnit4Provider.executeWithRerun(JUnit4Provider.java:240)
	at org.apache.maven.surefire.junit4.JUnit4Provider.executeTestSet(JUnit4Provider.java:214)
	at org.apache.maven.surefire.junit4.JUnit4Provider.invoke(JUnit4Provider.java:155)
	at org.apache.maven.surefire.booter.ForkedBooter.runSuitesInProcess(ForkedBooter.java:385)
	at org.apache.maven.surefire.booter.ForkedBooter.execute(ForkedBooter.java:162)
	at org.apache.maven.surefire.booter.ForkedBooter.run(ForkedBooter.java:507)
	at org.apache.maven.surefire.booter.ForkedBooter.main(ForkedBooter.java:495)
Caused by: java.io.IOException: Error while instrumenting sun/security/ec/ed/EdDSASignature$Ed448.
	at org.jacoco.agent.rt.internal_f3994fa.core.instr.Instrumenter.instrumentError(Instrumenter.java:160)
	at org.jacoco.agent.rt.internal_f3994fa.core.instr.Instrumenter.instrument(Instrumenter.java:110)
	at org.jacoco.agent.rt.internal_f3994fa.CoverageTransformer.transform(CoverageTransformer.java:92)
	... 67 more
Caused by: java.lang.IllegalArgumentException: Unsupported class file major version 65
	at org.jacoco.agent.rt.internal_f3994fa.asm.ClassReader.<init>(ClassReader.java:196)
	at org.jacoco.agent.rt.internal_f3994fa.asm.ClassReader.<init>(ClassReader.java:177)
	at org.jacoco.agent.rt.internal_f3994fa.asm.ClassReader.<init>(ClassReader.java:163)
	at org.jacoco.agent.rt.internal_f3994fa.core.internal.instr.InstrSupport.classReaderFor(InstrSupport.java:280)
	at org.jacoco.agent.rt.internal_f3994fa.core.instr.Instrumenter.instrument(Instrumenter.java:76)
	at org.jacoco.agent.rt.internal_f3994fa.core.instr.Instrumenter.instrument(Instrumenter.java:108)
	... 68 more
java.lang.instrument.IllegalClassFormatException: Error while instrumenting sun/security/ec/ECDSASignature$SHA224.
	at org.jacoco.agent.rt.internal_f3994fa.CoverageTransformer.transform(CoverageTransformer.java:94)
	at java.instrument/java.lang.instrument.ClassFileTransformer.transform(ClassFileTransformer.java:244)
	at java.instrument/sun.instrument.TransformerManager.transform(TransformerManager.java:188)
	at java.instrument/sun.instrument.InstrumentationImpl.transform(InstrumentationImpl.java:610)
	at java.base/java.lang.ClassLoader.defineClass2(Native Method)
	at java.base/java.lang.ClassLoader.defineClass(ClassLoader.java:1118)
	at java.base/java.security.SecureClassLoader.defineClass(SecureClassLoader.java:182)
	at java.base/jdk.internal.loader.BuiltinClassLoader.defineClass(BuiltinClassLoader.java:821)
	at java.base/jdk.internal.loader.BuiltinClassLoader.findClassInModuleOrNull(BuiltinClassLoader.java:741)
	at java.base/jdk.internal.loader.BuiltinClassLoader.loadClassOrNull(BuiltinClassLoader.java:665)
	at java.base/jdk.internal.loader.BuiltinClassLoader.loadClass(BuiltinClassLoader.java:639)
	at java.base/java.lang.ClassLoader.loadClass(ClassLoader.java:526)
	at jdk.crypto.ec/sun.security.ec.SunEC$ProviderService.newInstance(SunEC.java:101)
	at java.base/java.security.Signature.isSpi(Signature.java:330)
	at java.base/java.security.Signature.getInstance(Signature.java:275)
	at java.base/sun.security.ssl.SignatureScheme.<init>(SignatureScheme.java:291)
	at java.base/sun.security.ssl.SignatureScheme.<init>(SignatureScheme.java:244)
	at java.base/sun.security.ssl.SignatureScheme.<init>(SignatureScheme.java:236)
	at java.base/sun.security.ssl.SignatureScheme.<init>(SignatureScheme.java:229)
	at java.base/sun.security.ssl.SignatureScheme.<clinit>(SignatureScheme.java:126)
	at java.base/sun.security.ssl.SSLSessionImpl.<clinit>(SSLSessionImpl.java:814)
	at java.base/sun.security.ssl.TransportContext.<init>(TransportContext.java:152)
	at java.base/sun.security.ssl.TransportContext.<init>(TransportContext.java:121)
	at java.base/sun.security.ssl.SSLSocketImpl.<init>(SSLSocketImpl.java:283)
	at java.base/sun.security.ssl.SSLSocketFactoryImpl.createSocket(SSLSocketFactoryImpl.java:108)
	at com.mysql.cj.protocol.ExportControlled.performTlsHandshake(ExportControlled.java:337)
	at com.mysql.cj.protocol.StandardSocketFactory.performTlsHandshake(StandardSocketFactory.java:191)
	at com.mysql.cj.protocol.a.NativeSocketConnection.performTlsHandshake(NativeSocketConnection.java:101)
	at com.mysql.cj.protocol.a.NativeProtocol.negotiateSSLConnection(NativeProtocol.java:370)
	at com.mysql.cj.protocol.a.NativeAuthenticationProvider.connect(NativeAuthenticationProvider.java:206)
	at com.mysql.cj.protocol.a.NativeProtocol.connect(NativeProtocol.java:1430)
	at com.mysql.cj.NativeSession.connect(NativeSession.java:134)
	at com.mysql.cj.jdbc.ConnectionImpl.connectOneTryOnly(ConnectionImpl.java:945)
	at com.mysql.cj.jdbc.ConnectionImpl.createNewIO(ConnectionImpl.java:815)
	at com.mysql.cj.jdbc.ConnectionImpl.<init>(ConnectionImpl.java:446)
	at com.mysql.cj.jdbc.ConnectionImpl.getInstance(ConnectionImpl.java:239)
	at com.mysql.cj.jdbc.NonRegisteringDriver.connect(NonRegisteringDriver.java:188)
	at java.sql/java.sql.DriverManager.getConnection(DriverManager.java:683)
	at java.sql/java.sql.DriverManager.getConnection(DriverManager.java:230)
	at dao.DBConnection.<init>(DBConnection.java:29)
	at dao.DBConnection.getInstance(DBConnection.java:43)
	at JUnit.TesteAplicacao.testReaberturaConexao(TesteAplicacao.java:59)
	at java.base/jdk.internal.reflect.DirectMethodHandleAccessor.invoke(DirectMethodHandleAccessor.java:103)
	at java.base/java.lang.reflect.Method.invoke(Method.java:580)
	at org.junit.runners.model.FrameworkMethod$1.runReflectiveCall(FrameworkMethod.java:59)
	at org.junit.internal.runners.model.ReflectiveCallable.run(ReflectiveCallable.java:12)
	at org.junit.runners.model.FrameworkMethod.invokeExplosively(FrameworkMethod.java:56)
	at org.junit.internal.runners.statements.InvokeMethod.evaluate(InvokeMethod.java:17)
	at org.junit.runners.ParentRunner$3.evaluate(ParentRunner.java:306)
	at org.junit.runners.BlockJUnit4ClassRunner$1.evaluate(BlockJUnit4ClassRunner.java:100)
	at org.junit.runners.ParentRunner.runLeaf(ParentRunner.java:366)
	at org.junit.runners.BlockJUnit4ClassRunner.runChild(BlockJUnit4ClassRunner.java:103)
	at org.junit.runners.BlockJUnit4ClassRunner.runChild(BlockJUnit4ClassRunner.java:63)
	at org.junit.runners.ParentRunner$4.run(ParentRunner.java:331)
	at org.junit.runners.ParentRunner$1.schedule(ParentRunner.java:79)
	at org.junit.runners.ParentRunner.runChildren(ParentRunner.java:329)
	at org.junit.runners.ParentRunner.access$100(ParentRunner.java:66)
	at org.junit.runners.ParentRunner$2.evaluate(ParentRunner.java:293)
	at org.junit.runners.ParentRunner$3.evaluate(ParentRunner.java:306)
	at org.junit.runners.ParentRunner.run(ParentRunner.java:413)
	at org.apache.maven.surefire.junit4.JUnit4Provider.execute(JUnit4Provider.java:316)
	at org.apache.maven.surefire.junit4.JUnit4Provider.executeWithRerun(JUnit4Provider.java:240)
	at org.apache.maven.surefire.junit4.JUnit4Provider.executeTestSet(JUnit4Provider.java:214)
	at org.apache.maven.surefire.junit4.JUnit4Provider.invoke(JUnit4Provider.java:155)
	at org.apache.maven.surefire.booter.ForkedBooter.runSuitesInProcess(ForkedBooter.java:385)
	at org.apache.maven.surefire.booter.ForkedBooter.execute(ForkedBooter.java:162)
	at org.apache.maven.surefire.booter.ForkedBooter.run(ForkedBooter.java:507)
	at org.apache.maven.surefire.booter.ForkedBooter.main(ForkedBooter.java:495)
Caused by: java.io.IOException: Error while instrumenting sun/security/ec/ECDSASignature$SHA224.
	at org.jacoco.agent.rt.internal_f3994fa.core.instr.Instrumenter.instrumentError(Instrumenter.java:160)
	at org.jacoco.agent.rt.internal_f3994fa.core.instr.Instrumenter.instrument(Instrumenter.java:110)
	at org.jacoco.agent.rt.internal_f3994fa.CoverageTransformer.transform(CoverageTransformer.java:92)
	... 67 more
Caused by: java.lang.IllegalArgumentException: Unsupported class file major version 65
	at org.jacoco.agent.rt.internal_f3994fa.asm.ClassReader.<init>(ClassReader.java:196)
	at org.jacoco.agent.rt.internal_f3994fa.asm.ClassReader.<init>(ClassReader.java:177)
	at org.jacoco.agent.rt.internal_f3994fa.asm.ClassReader.<init>(ClassReader.java:163)
	at org.jacoco.agent.rt.internal_f3994fa.core.internal.instr.InstrSupport.classReaderFor(InstrSupport.java:280)
	at org.jacoco.agent.rt.internal_f3994fa.core.instr.Instrumenter.instrument(Instrumenter.java:76)
	at org.jacoco.agent.rt.internal_f3994fa.core.instr.Instrumenter.instrument(Instrumenter.java:108)
	... 68 more
java.lang.instrument.IllegalClassFormatException: Error while instrumenting sun/security/ec/XDHKeyPairGenerator.
	at org.jacoco.agent.rt.internal_f3994fa.CoverageTransformer.transform(CoverageTransformer.java:94)
	at java.instrument/java.lang.instrument.ClassFileTransformer.transform(ClassFileTransformer.java:244)
	at java.instrument/sun.instrument.TransformerManager.transform(TransformerManager.java:188)
	at java.instrument/sun.instrument.InstrumentationImpl.transform(InstrumentationImpl.java:610)
	at java.base/java.lang.ClassLoader.defineClass2(Native Method)
	at java.base/java.lang.ClassLoader.defineClass(ClassLoader.java:1118)
	at java.base/java.security.SecureClassLoader.defineClass(SecureClassLoader.java:182)
	at java.base/jdk.internal.loader.BuiltinClassLoader.defineClass(BuiltinClassLoader.java:821)
	at java.base/jdk.internal.loader.BuiltinClassLoader.findClassInModuleOrNull(BuiltinClassLoader.java:741)
	at java.base/jdk.internal.loader.BuiltinClassLoader.loadClassOrNull(BuiltinClassLoader.java:665)
	at java.base/jdk.internal.loader.BuiltinClassLoader.loadClass(BuiltinClassLoader.java:639)
	at java.base/java.lang.ClassLoader.loadClass(ClassLoader.java:526)
	at jdk.crypto.ec/sun.security.ec.SunEC$ProviderService.newInstance(SunEC.java:151)
	at java.base/sun.security.jca.GetInstance.getInstance(GetInstance.java:236)
	at java.base/java.security.KeyPairGenerator.getInstance(KeyPairGenerator.java:246)
	at java.base/sun.security.ssl.XDHKeyExchange$XDHEPossession.<init>(XDHKeyExchange.java:103)
	at java.base/sun.security.ssl.NamedGroup$XDHScheme.createPossession(NamedGroup.java:733)
	at java.base/sun.security.ssl.NamedGroup$NamedGroupSpec.createPossession(NamedGroup.java:642)
	at java.base/sun.security.ssl.NamedGroup.createPossession(NamedGroup.java:550)
	at java.base/sun.security.ssl.SSLKeyExchange$T13KeyAgreement.createPossession(SSLKeyExchange.java:573)
	at java.base/sun.security.ssl.SSLKeyExchange.createPossessions(SSLKeyExchange.java:92)
	at java.base/sun.security.ssl.KeyShareExtension$CHKeyShareProducer.getShare(KeyShareExtension.java:295)
	at java.base/sun.security.ssl.KeyShareExtension$CHKeyShareProducer.produce(KeyShareExtension.java:257)
	at java.base/sun.security.ssl.SSLExtension.produce(SSLExtension.java:599)
	at java.base/sun.security.ssl.SSLExtensions.produce(SSLExtensions.java:265)
	at java.base/sun.security.ssl.ClientHello$ClientHelloKickstartProducer.produce(ClientHello.java:637)
	at java.base/sun.security.ssl.SSLHandshake.kickstart(SSLHandshake.java:526)
	at java.base/sun.security.ssl.ClientHandshakeContext.kickstart(ClientHandshakeContext.java:112)
	at java.base/sun.security.ssl.TransportContext.kickstart(TransportContext.java:258)
	at java.base/sun.security.ssl.SSLSocketImpl.startHandshake(SSLSocketImpl.java:448)
	at java.base/sun.security.ssl.SSLSocketImpl.startHandshake(SSLSocketImpl.java:426)
	at com.mysql.cj.protocol.ExportControlled.performTlsHandshake(ExportControlled.java:347)
	at com.mysql.cj.protocol.StandardSocketFactory.performTlsHandshake(StandardSocketFactory.java:191)
	at com.mysql.cj.protocol.a.NativeSocketConnection.performTlsHandshake(NativeSocketConnection.java:101)
	at com.mysql.cj.protocol.a.NativeProtocol.negotiateSSLConnection(NativeProtocol.java:370)
	at com.mysql.cj.protocol.a.NativeAuthenticationProvider.connect(NativeAuthenticationProvider.java:206)
	at com.mysql.cj.protocol.a.NativeProtocol.connect(NativeProtocol.java:1430)
	at com.mysql.cj.NativeSession.connect(NativeSession.java:134)
	at com.mysql.cj.jdbc.ConnectionImpl.connectOneTryOnly(ConnectionImpl.java:945)
	at com.mysql.cj.jdbc.ConnectionImpl.createNewIO(ConnectionImpl.java:815)
	at com.mysql.cj.jdbc.ConnectionImpl.<init>(ConnectionImpl.java:446)
	at com.mysql.cj.jdbc.ConnectionImpl.getInstance(ConnectionImpl.java:239)
	at com.mysql.cj.jdbc.NonRegisteringDriver.connect(NonRegisteringDriver.java:188)
	at java.sql/java.sql.DriverManager.getConnection(DriverManager.java:683)
	at java.sql/java.sql.DriverManager.getConnection(DriverManager.java:230)
	at dao.DBConnection.<init>(DBConnection.java:29)
	at dao.DBConnection.getInstance(DBConnection.java:43)
	at JUnit.TesteAplicacao.testReaberturaConexao(TesteAplicacao.java:59)
	at java.base/jdk.internal.reflect.DirectMethodHandleAccessor.invoke(DirectMethodHandleAccessor.java:103)
	at java.base/java.lang.reflect.Method.invoke(Method.java:580)
	at org.junit.runners.model.FrameworkMethod$1.runReflectiveCall(FrameworkMethod.java:59)
	at org.junit.internal.runners.model.ReflectiveCallable.run(ReflectiveCallable.java:12)
	at org.junit.runners.model.FrameworkMethod.invokeExplosively(FrameworkMethod.java:56)
	at org.junit.internal.runners.statements.InvokeMethod.evaluate(InvokeMethod.java:17)
	at org.junit.runners.ParentRunner$3.evaluate(ParentRunner.java:306)
	at org.junit.runners.BlockJUnit4ClassRunner$1.evaluate(BlockJUnit4ClassRunner.java:100)
	at org.junit.runners.ParentRunner.runLeaf(ParentRunner.java:366)
	at org.junit.runners.BlockJUnit4ClassRunner.runChild(BlockJUnit4ClassRunner.java:103)
	at org.junit.runners.BlockJUnit4ClassRunner.runChild(BlockJUnit4ClassRunner.java:63)
	at org.junit.runners.ParentRunner$4.run(ParentRunner.java:331)
	at org.junit.runners.ParentRunner$1.schedule(ParentRunner.java:79)
	at org.junit.runners.ParentRunner.runChildren(ParentRunner.java:329)
	at org.junit.runners.ParentRunner.access$100(ParentRunner.java:66)
	at org.junit.runners.ParentRunner$2.evaluate(ParentRunner.java:293)
	at org.junit.runners.ParentRunner$3.evaluate(ParentRunner.java:306)
	at org.junit.runners.ParentRunner.run(ParentRunner.java:413)
	at org.apache.maven.surefire.junit4.JUnit4Provider.execute(JUnit4Provider.java:316)
	at org.apache.maven.surefire.junit4.JUnit4Provider.executeWithRerun(JUnit4Provider.java:240)
	at org.apache.maven.surefire.junit4.JUnit4Provider.executeTestSet(JUnit4Provider.java:214)
	at org.apache.maven.surefire.junit4.JUnit4Provider.invoke(JUnit4Provider.java:155)
	at org.apache.maven.surefire.booter.ForkedBooter.runSuitesInProcess(ForkedBooter.java:385)
	at org.apache.maven.surefire.booter.ForkedBooter.execute(ForkedBooter.java:162)
	at org.apache.maven.surefire.booter.ForkedBooter.run(ForkedBooter.java:507)
	at org.apache.maven.surefire.booter.ForkedBooter.main(ForkedBooter.java:495)
Caused by: java.io.IOException: Error while instrumenting sun/security/ec/XDHKeyPairGenerator.
	at org.jacoco.agent.rt.internal_f3994fa.core.instr.Instrumenter.instrumentError(Instrumenter.java:160)
	at org.jacoco.agent.rt.internal_f3994fa.core.instr.Instrumenter.instrument(Instrumenter.java:110)
	at org.jacoco.agent.rt.internal_f3994fa.CoverageTransformer.transform(CoverageTransformer.java:92)
	... 73 more
Caused by: java.lang.IllegalArgumentException: Unsupported class file major version 65
	at org.jacoco.agent.rt.internal_f3994fa.asm.ClassReader.<init>(ClassReader.java:196)
	at org.jacoco.agent.rt.internal_f3994fa.asm.ClassReader.<init>(ClassReader.java:177)
	at org.jacoco.agent.rt.internal_f3994fa.asm.ClassReader.<init>(ClassReader.java:163)
	at org.jacoco.agent.rt.internal_f3994fa.core.internal.instr.InstrSupport.classReaderFor(InstrSupport.java:280)
	at org.jacoco.agent.rt.internal_f3994fa.core.instr.Instrumenter.instrument(Instrumenter.java:76)
	at org.jacoco.agent.rt.internal_f3994fa.core.instr.Instrumenter.instrument(Instrumenter.java:108)
	... 74 more
java.lang.instrument.IllegalClassFormatException: Error while instrumenting sun/security/ec/XECParameters.
	at org.jacoco.agent.rt.internal_f3994fa.CoverageTransformer.transform(CoverageTransformer.java:94)
	at java.instrument/java.lang.instrument.ClassFileTransformer.transform(ClassFileTransformer.java:244)
	at java.instrument/sun.instrument.TransformerManager.transform(TransformerManager.java:188)
	at java.instrument/sun.instrument.InstrumentationImpl.transform(InstrumentationImpl.java:610)
	at java.base/java.lang.ClassLoader.defineClass2(Native Method)
	at java.base/java.lang.ClassLoader.defineClass(ClassLoader.java:1118)
	at java.base/java.security.SecureClassLoader.defineClass(SecureClassLoader.java:182)
	at java.base/jdk.internal.loader.BuiltinClassLoader.defineClass(BuiltinClassLoader.java:821)
	at java.base/jdk.internal.loader.BuiltinClassLoader.findClassInModuleOrNull(BuiltinClassLoader.java:741)
	at java.base/jdk.internal.loader.BuiltinClassLoader.loadClassOrNull(BuiltinClassLoader.java:665)
	at java.base/jdk.internal.loader.BuiltinClassLoader.loadClass(BuiltinClassLoader.java:639)
	at java.base/java.lang.ClassLoader.loadClass(ClassLoader.java:526)
	at jdk.crypto.ec/sun.security.ec.XDHKeyPairGenerator.initialize(XDHKeyPairGenerator.java:85)
	at jdk.crypto.ec/sun.security.ec.XDHKeyPairGenerator.tryInitialize(XDHKeyPairGenerator.java:65)
	at jdk.crypto.ec/sun.security.ec.XDHKeyPairGenerator.<init>(XDHKeyPairGenerator.java:55)
	at jdk.crypto.ec/sun.security.ec.SunEC$ProviderService.newInstance(SunEC.java:151)
	at java.base/sun.security.jca.GetInstance.getInstance(GetInstance.java:236)
	at java.base/java.security.KeyPairGenerator.getInstance(KeyPairGenerator.java:246)
	at java.base/sun.security.ssl.XDHKeyExchange$XDHEPossession.<init>(XDHKeyExchange.java:103)
	at java.base/sun.security.ssl.NamedGroup$XDHScheme.createPossession(NamedGroup.java:733)
	at java.base/sun.security.ssl.NamedGroup$NamedGroupSpec.createPossession(NamedGroup.java:642)
	at java.base/sun.security.ssl.NamedGroup.createPossession(NamedGroup.java:550)
	at java.base/sun.security.ssl.SSLKeyExchange$T13KeyAgreement.createPossession(SSLKeyExchange.java:573)
	at java.base/sun.security.ssl.SSLKeyExchange.createPossessions(SSLKeyExchange.java:92)
	at java.base/sun.security.ssl.KeyShareExtension$CHKeyShareProducer.getShare(KeyShareExtension.java:295)
	at java.base/sun.security.ssl.KeyShareExtension$CHKeyShareProducer.produce(KeyShareExtension.java:257)
	at java.base/sun.security.ssl.SSLExtension.produce(SSLExtension.java:599)
	at java.base/sun.security.ssl.SSLExtensions.produce(SSLExtensions.java:265)
	at java.base/sun.security.ssl.ClientHello$ClientHelloKickstartProducer.produce(ClientHello.java:637)
	at java.base/sun.security.ssl.SSLHandshake.kickstart(SSLHandshake.java:526)
	at java.base/sun.security.ssl.ClientHandshakeContext.kickstart(ClientHandshakeContext.java:112)
	at java.base/sun.security.ssl.TransportContext.kickstart(TransportContext.java:258)
	at java.base/sun.security.ssl.SSLSocketImpl.startHandshake(SSLSocketImpl.java:448)
	at java.base/sun.security.ssl.SSLSocketImpl.startHandshake(SSLSocketImpl.java:426)
	at com.mysql.cj.protocol.ExportControlled.performTlsHandshake(ExportControlled.java:347)
	at com.mysql.cj.protocol.StandardSocketFactory.performTlsHandshake(StandardSocketFactory.java:191)
	at com.mysql.cj.protocol.a.NativeSocketConnection.performTlsHandshake(NativeSocketConnection.java:101)
	at com.mysql.cj.protocol.a.NativeProtocol.negotiateSSLConnection(NativeProtocol.java:370)
	at com.mysql.cj.protocol.a.NativeAuthenticationProvider.connect(NativeAuthenticationProvider.java:206)
	at com.mysql.cj.protocol.a.NativeProtocol.connect(NativeProtocol.java:1430)
	at com.mysql.cj.NativeSession.connect(NativeSession.java:134)
	at com.mysql.cj.jdbc.ConnectionImpl.connectOneTryOnly(ConnectionImpl.java:945)
	at com.mysql.cj.jdbc.ConnectionImpl.createNewIO(ConnectionImpl.java:815)
	at com.mysql.cj.jdbc.ConnectionImpl.<init>(ConnectionImpl.java:446)
	at com.mysql.cj.jdbc.ConnectionImpl.getInstance(ConnectionImpl.java:239)
	at com.mysql.cj.jdbc.NonRegisteringDriver.connect(NonRegisteringDriver.java:188)
	at java.sql/java.sql.DriverManager.getConnection(DriverManager.java:683)
	at java.sql/java.sql.DriverManager.getConnection(DriverManager.java:230)
	at dao.DBConnection.<init>(DBConnection.java:29)
	at dao.DBConnection.getInstance(DBConnection.java:43)
	at JUnit.TesteAplicacao.testReaberturaConexao(TesteAplicacao.java:59)
	at java.base/jdk.internal.reflect.DirectMethodHandleAccessor.invoke(DirectMethodHandleAccessor.java:103)
	at java.base/java.lang.reflect.Method.invoke(Method.java:580)
	at org.junit.runners.model.FrameworkMethod$1.runReflectiveCall(FrameworkMethod.java:59)
	at org.junit.internal.runners.model.ReflectiveCallable.run(ReflectiveCallable.java:12)
	at org.junit.runners.model.FrameworkMethod.invokeExplosively(FrameworkMethod.java:56)
	at org.junit.internal.runners.statements.InvokeMethod.evaluate(InvokeMethod.java:17)
	at org.junit.runners.ParentRunner$3.evaluate(ParentRunner.java:306)
	at org.junit.runners.BlockJUnit4ClassRunner$1.evaluate(BlockJUnit4ClassRunner.java:100)
	at org.junit.runners.ParentRunner.runLeaf(ParentRunner.java:366)
	at org.junit.runners.BlockJUnit4ClassRunner.runChild(BlockJUnit4ClassRunner.java:103)
	at org.junit.runners.BlockJUnit4ClassRunner.runChild(BlockJUnit4ClassRunner.java:63)
	at org.junit.runners.ParentRunner$4.run(ParentRunner.java:331)
	at org.junit.runners.ParentRunner$1.schedule(ParentRunner.java:79)
	at org.junit.runners.ParentRunner.runChildren(ParentRunner.java:329)
	at org.junit.runners.ParentRunner.access$100(ParentRunner.java:66)
	at org.junit.runners.ParentRunner$2.evaluate(ParentRunner.java:293)
	at org.junit.runners.ParentRunner$3.evaluate(ParentRunner.java:306)
	at org.junit.runners.ParentRunner.run(ParentRunner.java:413)
	at org.apache.maven.surefire.junit4.JUnit4Provider.execute(JUnit4Provider.java:316)
	at org.apache.maven.surefire.junit4.JUnit4Provider.executeWithRerun(JUnit4Provider.java:240)
	at org.apache.maven.surefire.junit4.JUnit4Provider.executeTestSet(JUnit4Provider.java:214)
	at org.apache.maven.surefire.junit4.JUnit4Provider.invoke(JUnit4Provider.java:155)
	at org.apache.maven.surefire.booter.ForkedBooter.runSuitesInProcess(ForkedBooter.java:385)
	at org.apache.maven.surefire.booter.ForkedBooter.execute(ForkedBooter.java:162)
	at org.apache.maven.surefire.booter.ForkedBooter.run(ForkedBooter.java:507)
	at org.apache.maven.surefire.booter.ForkedBooter.main(ForkedBooter.java:495)
Caused by: java.io.IOException: Error while instrumenting sun/security/ec/XECParameters.
	at org.jacoco.agent.rt.internal_f3994fa.core.instr.Instrumenter.instrumentError(Instrumenter.java:160)
	at org.jacoco.agent.rt.internal_f3994fa.core.instr.Instrumenter.instrument(Instrumenter.java:110)
	at org.jacoco.agent.rt.internal_f3994fa.CoverageTransformer.transform(CoverageTransformer.java:92)
	... 76 more
Caused by: java.lang.IllegalArgumentException: Unsupported class file major version 65
	at org.jacoco.agent.rt.internal_f3994fa.asm.ClassReader.<init>(ClassReader.java:196)
	at org.jacoco.agent.rt.internal_f3994fa.asm.ClassReader.<init>(ClassReader.java:177)
	at org.jacoco.agent.rt.internal_f3994fa.asm.ClassReader.<init>(ClassReader.java:163)
	at org.jacoco.agent.rt.internal_f3994fa.core.internal.instr.InstrSupport.classReaderFor(InstrSupport.java:280)
	at org.jacoco.agent.rt.internal_f3994fa.core.instr.Instrumenter.instrument(Instrumenter.java:76)
	at org.jacoco.agent.rt.internal_f3994fa.core.instr.Instrumenter.instrument(Instrumenter.java:108)
	... 77 more
java.lang.instrument.IllegalClassFormatException: Error while instrumenting sun/security/ec/XECOperations.
	at org.jacoco.agent.rt.internal_f3994fa.CoverageTransformer.transform(CoverageTransformer.java:94)
	at java.instrument/java.lang.instrument.ClassFileTransformer.transform(ClassFileTransformer.java:244)
	at java.instrument/sun.instrument.TransformerManager.transform(TransformerManager.java:188)
	at java.instrument/sun.instrument.InstrumentationImpl.transform(InstrumentationImpl.java:610)
	at java.base/java.lang.ClassLoader.defineClass2(Native Method)
	at java.base/java.lang.ClassLoader.defineClass(ClassLoader.java:1118)
	at java.base/java.security.SecureClassLoader.defineClass(SecureClassLoader.java:182)
	at java.base/jdk.internal.loader.BuiltinClassLoader.defineClass(BuiltinClassLoader.java:821)
	at java.base/jdk.internal.loader.BuiltinClassLoader.findClassInModuleOrNull(BuiltinClassLoader.java:741)
	at java.base/jdk.internal.loader.BuiltinClassLoader.loadClassOrNull(BuiltinClassLoader.java:665)
	at java.base/jdk.internal.loader.BuiltinClassLoader.loadClass(BuiltinClassLoader.java:639)
	at java.base/java.lang.ClassLoader.loadClass(ClassLoader.java:526)
	at jdk.crypto.ec/sun.security.ec.XDHKeyPairGenerator.initializeImpl(XDHKeyPairGenerator.java:98)
	at jdk.crypto.ec/sun.security.ec.XDHKeyPairGenerator.initialize(XDHKeyPairGenerator.java:88)
	at jdk.crypto.ec/sun.security.ec.XDHKeyPairGenerator.tryInitialize(XDHKeyPairGenerator.java:65)
	at jdk.crypto.ec/sun.security.ec.XDHKeyPairGenerator.<init>(XDHKeyPairGenerator.java:55)
	at jdk.crypto.ec/sun.security.ec.SunEC$ProviderService.newInstance(SunEC.java:151)
	at java.base/sun.security.jca.GetInstance.getInstance(GetInstance.java:236)
	at java.base/java.security.KeyPairGenerator.getInstance(KeyPairGenerator.java:246)
	at java.base/sun.security.ssl.XDHKeyExchange$XDHEPossession.<init>(XDHKeyExchange.java:103)
	at java.base/sun.security.ssl.NamedGroup$XDHScheme.createPossession(NamedGroup.java:733)
	at java.base/sun.security.ssl.NamedGroup$NamedGroupSpec.createPossession(NamedGroup.java:642)
	at java.base/sun.security.ssl.NamedGroup.createPossession(NamedGroup.java:550)
	at java.base/sun.security.ssl.SSLKeyExchange$T13KeyAgreement.createPossession(SSLKeyExchange.java:573)
	at java.base/sun.security.ssl.SSLKeyExchange.createPossessions(SSLKeyExchange.java:92)
	at java.base/sun.security.ssl.KeyShareExtension$CHKeyShareProducer.getShare(KeyShareExtension.java:295)
	at java.base/sun.security.ssl.KeyShareExtension$CHKeyShareProducer.produce(KeyShareExtension.java:257)
	at java.base/sun.security.ssl.SSLExtension.produce(SSLExtension.java:599)
	at java.base/sun.security.ssl.SSLExtensions.produce(SSLExtensions.java:265)
	at java.base/sun.security.ssl.ClientHello$ClientHelloKickstartProducer.produce(ClientHello.java:637)
	at java.base/sun.security.ssl.SSLHandshake.kickstart(SSLHandshake.java:526)
	at java.base/sun.security.ssl.ClientHandshakeContext.kickstart(ClientHandshakeContext.java:112)
	at java.base/sun.security.ssl.TransportContext.kickstart(TransportContext.java:258)
	at java.base/sun.security.ssl.SSLSocketImpl.startHandshake(SSLSocketImpl.java:448)
	at java.base/sun.security.ssl.SSLSocketImpl.startHandshake(SSLSocketImpl.java:426)
	at com.mysql.cj.protocol.ExportControlled.performTlsHandshake(ExportControlled.java:347)
	at com.mysql.cj.protocol.StandardSocketFactory.performTlsHandshake(StandardSocketFactory.java:191)
	at com.mysql.cj.protocol.a.NativeSocketConnection.performTlsHandshake(NativeSocketConnection.java:101)
	at com.mysql.cj.protocol.a.NativeProtocol.negotiateSSLConnection(NativeProtocol.java:370)
	at com.mysql.cj.protocol.a.NativeAuthenticationProvider.connect(NativeAuthenticationProvider.java:206)
	at com.mysql.cj.protocol.a.NativeProtocol.connect(NativeProtocol.java:1430)
	at com.mysql.cj.NativeSession.connect(NativeSession.java:134)
	at com.mysql.cj.jdbc.ConnectionImpl.connectOneTryOnly(ConnectionImpl.java:945)
	at com.mysql.cj.jdbc.ConnectionImpl.createNewIO(ConnectionImpl.java:815)
	at com.mysql.cj.jdbc.ConnectionImpl.<init>(ConnectionImpl.java:446)
	at com.mysql.cj.jdbc.ConnectionImpl.getInstance(ConnectionImpl.java:239)
	at com.mysql.cj.jdbc.NonRegisteringDriver.connect(NonRegisteringDriver.java:188)
	at java.sql/java.sql.DriverManager.getConnection(DriverManager.java:683)
	at java.sql/java.sql.DriverManager.getConnection(DriverManager.java:230)
	at dao.DBConnection.<init>(DBConnection.java:29)
	at dao.DBConnection.getInstance(DBConnection.java:43)
	at JUnit.TesteAplicacao.testReaberturaConexao(TesteAplicacao.java:59)
	at java.base/jdk.internal.reflect.DirectMethodHandleAccessor.invoke(DirectMethodHandleAccessor.java:103)
	at java.base/java.lang.reflect.Method.invoke(Method.java:580)
	at org.junit.runners.model.FrameworkMethod$1.runReflectiveCall(FrameworkMethod.java:59)
	at org.junit.internal.runners.model.ReflectiveCallable.run(ReflectiveCallable.java:12)
	at org.junit.runners.model.FrameworkMethod.invokeExplosively(FrameworkMethod.java:56)
	at org.junit.internal.runners.statements.InvokeMethod.evaluate(InvokeMethod.java:17)
	at org.junit.runners.ParentRunner$3.evaluate(ParentRunner.java:306)
	at org.junit.runners.BlockJUnit4ClassRunner$1.evaluate(BlockJUnit4ClassRunner.java:100)
	at org.junit.runners.ParentRunner.runLeaf(ParentRunner.java:366)
	at org.junit.runners.BlockJUnit4ClassRunner.runChild(BlockJUnit4ClassRunner.java:103)
	at org.junit.runners.BlockJUnit4ClassRunner.runChild(BlockJUnit4ClassRunner.java:63)
	at org.junit.runners.ParentRunner$4.run(ParentRunner.java:331)
	at org.junit.runners.ParentRunner$1.schedule(ParentRunner.java:79)
	at org.junit.runners.ParentRunner.runChildren(ParentRunner.java:329)
	at org.junit.runners.ParentRunner.access$100(ParentRunner.java:66)
	at org.junit.runners.ParentRunner$2.evaluate(ParentRunner.java:293)
	at org.junit.runners.ParentRunner$3.evaluate(ParentRunner.java:306)
	at org.junit.runners.ParentRunner.run(ParentRunner.java:413)
	at org.apache.maven.surefire.junit4.JUnit4Provider.execute(JUnit4Provider.java:316)
	at org.apache.maven.surefire.junit4.JUnit4Provider.executeWithRerun(JUnit4Provider.java:240)
	at org.apache.maven.surefire.junit4.JUnit4Provider.executeTestSet(JUnit4Provider.java:214)
	at org.apache.maven.surefire.junit4.JUnit4Provider.invoke(JUnit4Provider.java:155)
	at org.apache.maven.surefire.booter.ForkedBooter.runSuitesInProcess(ForkedBooter.java:385)
	at org.apache.maven.surefire.booter.ForkedBooter.execute(ForkedBooter.java:162)
	at org.apache.maven.surefire.booter.ForkedBooter.run(ForkedBooter.java:507)
	at org.apache.maven.surefire.booter.ForkedBooter.main(ForkedBooter.java:495)
Caused by: java.io.IOException: Error while instrumenting sun/security/ec/XECOperations.
	at org.jacoco.agent.rt.internal_f3994fa.core.instr.Instrumenter.instrumentError(Instrumenter.java:160)
	at org.jacoco.agent.rt.internal_f3994fa.core.instr.Instrumenter.instrument(Instrumenter.java:110)
	at org.jacoco.agent.rt.internal_f3994fa.CoverageTransformer.transform(CoverageTransformer.java:92)
	... 77 more
Caused by: java.lang.IllegalArgumentException: Unsupported class file major version 65
	at org.jacoco.agent.rt.internal_f3994fa.asm.ClassReader.<init>(ClassReader.java:196)
	at org.jacoco.agent.rt.internal_f3994fa.asm.ClassReader.<init>(ClassReader.java:177)
	at org.jacoco.agent.rt.internal_f3994fa.asm.ClassReader.<init>(ClassReader.java:163)
	at org.jacoco.agent.rt.internal_f3994fa.core.internal.instr.InstrSupport.classReaderFor(InstrSupport.java:280)
	at org.jacoco.agent.rt.internal_f3994fa.core.instr.Instrumenter.instrument(Instrumenter.java:76)
	at org.jacoco.agent.rt.internal_f3994fa.core.instr.Instrumenter.instrument(Instrumenter.java:108)
	... 78 more
java.lang.instrument.IllegalClassFormatException: Error while instrumenting sun/security/ec/XDHPublicKeyImpl.
	at org.jacoco.agent.rt.internal_f3994fa.CoverageTransformer.transform(CoverageTransformer.java:94)
	at java.instrument/java.lang.instrument.ClassFileTransformer.transform(ClassFileTransformer.java:244)
	at java.instrument/sun.instrument.TransformerManager.transform(TransformerManager.java:188)
	at java.instrument/sun.instrument.InstrumentationImpl.transform(InstrumentationImpl.java:610)
	at java.base/java.lang.ClassLoader.defineClass2(Native Method)
	at java.base/java.lang.ClassLoader.defineClass(ClassLoader.java:1118)
	at java.base/java.security.SecureClassLoader.defineClass(SecureClassLoader.java:182)
	at java.base/jdk.internal.loader.BuiltinClassLoader.defineClass(BuiltinClassLoader.java:821)
	at java.base/jdk.internal.loader.BuiltinClassLoader.findClassInModuleOrNull(BuiltinClassLoader.java:741)
	at java.base/jdk.internal.loader.BuiltinClassLoader.loadClassOrNull(BuiltinClassLoader.java:665)
	at java.base/jdk.internal.loader.BuiltinClassLoader.loadClass(BuiltinClassLoader.java:639)
	at java.base/java.lang.ClassLoader.loadClass(ClassLoader.java:526)
	at jdk.crypto.ec/sun.security.ec.XDHKeyPairGenerator.generateKeyPair(XDHKeyPairGenerator.java:113)
	at java.base/java.security.KeyPairGenerator$Delegate.generateKeyPair(KeyPairGenerator.java:728)
	at java.base/sun.security.ssl.XDHKeyExchange$XDHEPossession.<init>(XDHKeyExchange.java:105)
	at java.base/sun.security.ssl.NamedGroup$XDHScheme.createPossession(NamedGroup.java:733)
	at java.base/sun.security.ssl.NamedGroup$NamedGroupSpec.createPossession(NamedGroup.java:642)
	at java.base/sun.security.ssl.NamedGroup.createPossession(NamedGroup.java:550)
	at java.base/sun.security.ssl.SSLKeyExchange$T13KeyAgreement.createPossession(SSLKeyExchange.java:573)
	at java.base/sun.security.ssl.SSLKeyExchange.createPossessions(SSLKeyExchange.java:92)
	at java.base/sun.security.ssl.KeyShareExtension$CHKeyShareProducer.getShare(KeyShareExtension.java:295)
	at java.base/sun.security.ssl.KeyShareExtension$CHKeyShareProducer.produce(KeyShareExtension.java:257)
	at java.base/sun.security.ssl.SSLExtension.produce(SSLExtension.java:599)
	at java.base/sun.security.ssl.SSLExtensions.produce(SSLExtensions.java:265)
	at java.base/sun.security.ssl.ClientHello$ClientHelloKickstartProducer.produce(ClientHello.java:637)
	at java.base/sun.security.ssl.SSLHandshake.kickstart(SSLHandshake.java:526)
	at java.base/sun.security.ssl.ClientHandshakeContext.kickstart(ClientHandshakeContext.java:112)
	at java.base/sun.security.ssl.TransportContext.kickstart(TransportContext.java:258)
	at java.base/sun.security.ssl.SSLSocketImpl.startHandshake(SSLSocketImpl.java:448)
	at java.base/sun.security.ssl.SSLSocketImpl.startHandshake(SSLSocketImpl.java:426)
	at com.mysql.cj.protocol.ExportControlled.performTlsHandshake(ExportControlled.java:347)
	at com.mysql.cj.protocol.StandardSocketFactory.performTlsHandshake(StandardSocketFactory.java:191)
	at com.mysql.cj.protocol.a.NativeSocketConnection.performTlsHandshake(NativeSocketConnection.java:101)
	at com.mysql.cj.protocol.a.NativeProtocol.negotiateSSLConnection(NativeProtocol.java:370)
	at com.mysql.cj.protocol.a.NativeAuthenticationProvider.connect(NativeAuthenticationProvider.java:206)
	at com.mysql.cj.protocol.a.NativeProtocol.connect(NativeProtocol.java:1430)
	at com.mysql.cj.NativeSession.connect(NativeSession.java:134)
	at com.mysql.cj.jdbc.ConnectionImpl.connectOneTryOnly(ConnectionImpl.java:945)
	at com.mysql.cj.jdbc.ConnectionImpl.createNewIO(ConnectionImpl.java:815)
	at com.mysql.cj.jdbc.ConnectionImpl.<init>(ConnectionImpl.java:446)
	at com.mysql.cj.jdbc.ConnectionImpl.getInstance(ConnectionImpl.java:239)
	at com.mysql.cj.jdbc.NonRegisteringDriver.connect(NonRegisteringDriver.java:188)
	at java.sql/java.sql.DriverManager.getConnection(DriverManager.java:683)
	at java.sql/java.sql.DriverManager.getConnection(DriverManager.java:230)
	at dao.DBConnection.<init>(DBConnection.java:29)
	at dao.DBConnection.getInstance(DBConnection.java:43)
	at JUnit.TesteAplicacao.testReaberturaConexao(TesteAplicacao.java:59)
	at java.base/jdk.internal.reflect.DirectMethodHandleAccessor.invoke(DirectMethodHandleAccessor.java:103)
	at java.base/java.lang.reflect.Method.invoke(Method.java:580)
	at org.junit.runners.model.FrameworkMethod$1.runReflectiveCall(FrameworkMethod.java:59)
	at org.junit.internal.runners.model.ReflectiveCallable.run(ReflectiveCallable.java:12)
	at org.junit.runners.model.FrameworkMethod.invokeExplosively(FrameworkMethod.java:56)
	at org.junit.internal.runners.statements.InvokeMethod.evaluate(InvokeMethod.java:17)
	at org.junit.runners.ParentRunner$3.evaluate(ParentRunner.java:306)
	at org.junit.runners.BlockJUnit4ClassRunner$1.evaluate(BlockJUnit4ClassRunner.java:100)
	at org.junit.runners.ParentRunner.runLeaf(ParentRunner.java:366)
	at org.junit.runners.BlockJUnit4ClassRunner.runChild(BlockJUnit4ClassRunner.java:103)
	at org.junit.runners.BlockJUnit4ClassRunner.runChild(BlockJUnit4ClassRunner.java:63)
	at org.junit.runners.ParentRunner$4.run(ParentRunner.java:331)
	at org.junit.runners.ParentRunner$1.schedule(ParentRunner.java:79)
	at org.junit.runners.ParentRunner.runChildren(ParentRunner.java:329)
	at org.junit.runners.ParentRunner.access$100(ParentRunner.java:66)
	at org.junit.runners.ParentRunner$2.evaluate(ParentRunner.java:293)
	at org.junit.runners.ParentRunner$3.evaluate(ParentRunner.java:306)
	at org.junit.runners.ParentRunner.run(ParentRunner.java:413)
	at org.apache.maven.surefire.junit4.JUnit4Provider.execute(JUnit4Provider.java:316)
	at org.apache.maven.surefire.junit4.JUnit4Provider.executeWithRerun(JUnit4Provider.java:240)
	at org.apache.maven.surefire.junit4.JUnit4Provider.executeTestSet(JUnit4Provider.java:214)
	at org.apache.maven.surefire.junit4.JUnit4Provider.invoke(JUnit4Provider.java:155)
	at org.apache.maven.surefire.booter.ForkedBooter.runSuitesInProcess(ForkedBooter.java:385)
	at org.apache.maven.surefire.booter.ForkedBooter.execute(ForkedBooter.java:162)
	at org.apache.maven.surefire.booter.ForkedBooter.run(ForkedBooter.java:507)
	at org.apache.maven.surefire.booter.ForkedBooter.main(ForkedBooter.java:495)
Caused by: java.io.IOException: Error while instrumenting sun/security/ec/XDHPublicKeyImpl.
	at org.jacoco.agent.rt.internal_f3994fa.core.instr.Instrumenter.instrumentError(Instrumenter.java:160)
	at org.jacoco.agent.rt.internal_f3994fa.core.instr.Instrumenter.instrument(Instrumenter.java:110)
	at org.jacoco.agent.rt.internal_f3994fa.CoverageTransformer.transform(CoverageTransformer.java:92)
	... 72 more
Caused by: java.lang.IllegalArgumentException: Unsupported class file major version 65
	at org.jacoco.agent.rt.internal_f3994fa.asm.ClassReader.<init>(ClassReader.java:196)
	at org.jacoco.agent.rt.internal_f3994fa.asm.ClassReader.<init>(ClassReader.java:177)
	at org.jacoco.agent.rt.internal_f3994fa.asm.ClassReader.<init>(ClassReader.java:163)
	at org.jacoco.agent.rt.internal_f3994fa.core.internal.instr.InstrSupport.classReaderFor(InstrSupport.java:280)
	at org.jacoco.agent.rt.internal_f3994fa.core.instr.Instrumenter.instrument(Instrumenter.java:76)
	at org.jacoco.agent.rt.internal_f3994fa.core.instr.Instrumenter.instrument(Instrumenter.java:108)
	... 73 more
java.lang.instrument.IllegalClassFormatException: Error while instrumenting sun/security/ec/XDHPrivateKeyImpl.
	at org.jacoco.agent.rt.internal_f3994fa.CoverageTransformer.transform(CoverageTransformer.java:94)
	at java.instrument/java.lang.instrument.ClassFileTransformer.transform(ClassFileTransformer.java:244)
	at java.instrument/sun.instrument.TransformerManager.transform(TransformerManager.java:188)
	at java.instrument/sun.instrument.InstrumentationImpl.transform(InstrumentationImpl.java:610)
	at java.base/java.lang.ClassLoader.defineClass2(Native Method)
	at java.base/java.lang.ClassLoader.defineClass(ClassLoader.java:1118)
	at java.base/java.security.SecureClassLoader.defineClass(SecureClassLoader.java:182)
	at java.base/jdk.internal.loader.BuiltinClassLoader.defineClass(BuiltinClassLoader.java:821)
	at java.base/jdk.internal.loader.BuiltinClassLoader.findClassInModuleOrNull(BuiltinClassLoader.java:741)
	at java.base/jdk.internal.loader.BuiltinClassLoader.loadClassOrNull(BuiltinClassLoader.java:665)
	at java.base/jdk.internal.loader.BuiltinClassLoader.loadClass(BuiltinClassLoader.java:639)
	at java.base/java.lang.ClassLoader.loadClass(ClassLoader.java:526)
	at jdk.crypto.ec/sun.security.ec.XDHKeyPairGenerator.generateKeyPair(XDHKeyPairGenerator.java:114)
	at java.base/java.security.KeyPairGenerator$Delegate.generateKeyPair(KeyPairGenerator.java:728)
	at java.base/sun.security.ssl.XDHKeyExchange$XDHEPossession.<init>(XDHKeyExchange.java:105)
	at java.base/sun.security.ssl.NamedGroup$XDHScheme.createPossession(NamedGroup.java:733)
	at java.base/sun.security.ssl.NamedGroup$NamedGroupSpec.createPossession(NamedGroup.java:642)
	at java.base/sun.security.ssl.NamedGroup.createPossession(NamedGroup.java:550)
	at java.base/sun.security.ssl.SSLKeyExchange$T13KeyAgreement.createPossession(SSLKeyExchange.java:573)
	at java.base/sun.security.ssl.SSLKeyExchange.createPossessions(SSLKeyExchange.java:92)
	at java.base/sun.security.ssl.KeyShareExtension$CHKeyShareProducer.getShare(KeyShareExtension.java:295)
	at java.base/sun.security.ssl.KeyShareExtension$CHKeyShareProducer.produce(KeyShareExtension.java:257)
	at java.base/sun.security.ssl.SSLExtension.produce(SSLExtension.java:599)
	at java.base/sun.security.ssl.SSLExtensions.produce(SSLExtensions.java:265)
	at java.base/sun.security.ssl.ClientHello$ClientHelloKickstartProducer.produce(ClientHello.java:637)
	at java.base/sun.security.ssl.SSLHandshake.kickstart(SSLHandshake.java:526)
	at java.base/sun.security.ssl.ClientHandshakeContext.kickstart(ClientHandshakeContext.java:112)
	at java.base/sun.security.ssl.TransportContext.kickstart(TransportContext.java:258)
	at java.base/sun.security.ssl.SSLSocketImpl.startHandshake(SSLSocketImpl.java:448)
	at java.base/sun.security.ssl.SSLSocketImpl.startHandshake(SSLSocketImpl.java:426)
	at com.mysql.cj.protocol.ExportControlled.performTlsHandshake(ExportControlled.java:347)
	at com.mysql.cj.protocol.StandardSocketFactory.performTlsHandshake(StandardSocketFactory.java:191)
	at com.mysql.cj.protocol.a.NativeSocketConnection.performTlsHandshake(NativeSocketConnection.java:101)
	at com.mysql.cj.protocol.a.NativeProtocol.negotiateSSLConnection(NativeProtocol.java:370)
	at com.mysql.cj.protocol.a.NativeAuthenticationProvider.connect(NativeAuthenticationProvider.java:206)
	at com.mysql.cj.protocol.a.NativeProtocol.connect(NativeProtocol.java:1430)
	at com.mysql.cj.NativeSession.connect(NativeSession.java:134)
	at com.mysql.cj.jdbc.ConnectionImpl.connectOneTryOnly(ConnectionImpl.java:945)
	at com.mysql.cj.jdbc.ConnectionImpl.createNewIO(ConnectionImpl.java:815)
	at com.mysql.cj.jdbc.ConnectionImpl.<init>(ConnectionImpl.java:446)
	at com.mysql.cj.jdbc.ConnectionImpl.getInstance(ConnectionImpl.java:239)
	at com.mysql.cj.jdbc.NonRegisteringDriver.connect(NonRegisteringDriver.java:188)
	at java.sql/java.sql.DriverManager.getConnection(DriverManager.java:683)
	at java.sql/java.sql.DriverManager.getConnection(DriverManager.java:230)
	at dao.DBConnection.<init>(DBConnection.java:29)
	at dao.DBConnection.getInstance(DBConnection.java:43)
	at JUnit.TesteAplicacao.testReaberturaConexao(TesteAplicacao.java:59)
	at java.base/jdk.internal.reflect.DirectMethodHandleAccessor.invoke(DirectMethodHandleAccessor.java:103)
	at java.base/java.lang.reflect.Method.invoke(Method.java:580)
	at org.junit.runners.model.FrameworkMethod$1.runReflectiveCall(FrameworkMethod.java:59)
	at org.junit.internal.runners.model.ReflectiveCallable.run(ReflectiveCallable.java:12)
	at org.junit.runners.model.FrameworkMethod.invokeExplosively(FrameworkMethod.java:56)
	at org.junit.internal.runners.statements.InvokeMethod.evaluate(InvokeMethod.java:17)
	at org.junit.runners.ParentRunner$3.evaluate(ParentRunner.java:306)
	at org.junit.runners.BlockJUnit4ClassRunner$1.evaluate(BlockJUnit4ClassRunner.java:100)
	at org.junit.runners.ParentRunner.runLeaf(ParentRunner.java:366)
	at org.junit.runners.BlockJUnit4ClassRunner.runChild(BlockJUnit4ClassRunner.java:103)
	at org.junit.runners.BlockJUnit4ClassRunner.runChild(BlockJUnit4ClassRunner.java:63)
	at org.junit.runners.ParentRunner$4.run(ParentRunner.java:331)
	at org.junit.runners.ParentRunner$1.schedule(ParentRunner.java:79)
	at org.junit.runners.ParentRunner.runChildren(ParentRunner.java:329)
	at org.junit.runners.ParentRunner.access$100(ParentRunner.java:66)
	at org.junit.runners.ParentRunner$2.evaluate(ParentRunner.java:293)
	at org.junit.runners.ParentRunner$3.evaluate(ParentRunner.java:306)
	at org.junit.runners.ParentRunner.run(ParentRunner.java:413)
	at org.apache.maven.surefire.junit4.JUnit4Provider.execute(JUnit4Provider.java:316)
	at org.apache.maven.surefire.junit4.JUnit4Provider.executeWithRerun(JUnit4Provider.java:240)
	at org.apache.maven.surefire.junit4.JUnit4Provider.executeTestSet(JUnit4Provider.java:214)
	at org.apache.maven.surefire.junit4.JUnit4Provider.invoke(JUnit4Provider.java:155)
	at org.apache.maven.surefire.booter.ForkedBooter.runSuitesInProcess(ForkedBooter.java:385)
	at org.apache.maven.surefire.booter.ForkedBooter.execute(ForkedBooter.java:162)
	at org.apache.maven.surefire.booter.ForkedBooter.run(ForkedBooter.java:507)
	at org.apache.maven.surefire.booter.ForkedBooter.main(ForkedBooter.java:495)
Caused by: java.io.IOException: Error while instrumenting sun/security/ec/XDHPrivateKeyImpl.
	at org.jacoco.agent.rt.internal_f3994fa.core.instr.Instrumenter.instrumentError(Instrumenter.java:160)
	at org.jacoco.agent.rt.internal_f3994fa.core.instr.Instrumenter.instrument(Instrumenter.java:110)
	at org.jacoco.agent.rt.internal_f3994fa.CoverageTransformer.transform(CoverageTransformer.java:92)
	... 72 more
Caused by: java.lang.IllegalArgumentException: Unsupported class file major version 65
	at org.jacoco.agent.rt.internal_f3994fa.asm.ClassReader.<init>(ClassReader.java:196)
	at org.jacoco.agent.rt.internal_f3994fa.asm.ClassReader.<init>(ClassReader.java:177)
	at org.jacoco.agent.rt.internal_f3994fa.asm.ClassReader.<init>(ClassReader.java:163)
	at org.jacoco.agent.rt.internal_f3994fa.core.internal.instr.InstrSupport.classReaderFor(InstrSupport.java:280)
	at org.jacoco.agent.rt.internal_f3994fa.core.instr.Instrumenter.instrument(Instrumenter.java:76)
	at org.jacoco.agent.rt.internal_f3994fa.core.instr.Instrumenter.instrument(Instrumenter.java:108)
	... 73 more
java.lang.instrument.IllegalClassFormatException: Error while instrumenting sun/security/ec/ECOperations.
	at org.jacoco.agent.rt.internal_f3994fa.CoverageTransformer.transform(CoverageTransformer.java:94)
	at java.instrument/java.lang.instrument.ClassFileTransformer.transform(ClassFileTransformer.java:244)
	at java.instrument/sun.instrument.TransformerManager.transform(TransformerManager.java:188)
	at java.instrument/sun.instrument.InstrumentationImpl.transform(InstrumentationImpl.java:610)
	at java.base/java.lang.ClassLoader.defineClass2(Native Method)
	at java.base/java.lang.ClassLoader.defineClass(ClassLoader.java:1118)
	at java.base/java.security.SecureClassLoader.defineClass(SecureClassLoader.java:182)
	at java.base/jdk.internal.loader.BuiltinClassLoader.defineClass(BuiltinClassLoader.java:821)
	at java.base/jdk.internal.loader.BuiltinClassLoader.findClassInModuleOrNull(BuiltinClassLoader.java:741)
	at java.base/jdk.internal.loader.BuiltinClassLoader.loadClassOrNull(BuiltinClassLoader.java:665)
	at java.base/jdk.internal.loader.BuiltinClassLoader.loadClass(BuiltinClassLoader.java:639)
	at java.base/java.lang.ClassLoader.loadClass(ClassLoader.java:526)
	at jdk.crypto.ec/sun.security.ec.ECKeyPairGenerator.ensureCurveIsSupported(ECKeyPairGenerator.java:132)
	at jdk.crypto.ec/sun.security.ec.ECKeyPairGenerator.initialize(ECKeyPairGenerator.java:112)
	at java.base/java.security.KeyPairGenerator$Delegate.initialize(KeyPairGenerator.java:699)
	at java.base/sun.security.ssl.ECDHKeyExchange$ECDHEPossession.<init>(ECDHKeyExchange.java:117)
	at java.base/sun.security.ssl.NamedGroup$ECDHEScheme.createPossession(NamedGroup.java:706)
	at java.base/sun.security.ssl.NamedGroup$NamedGroupSpec.createPossession(NamedGroup.java:642)
	at java.base/sun.security.ssl.NamedGroup.createPossession(NamedGroup.java:550)
	at java.base/sun.security.ssl.SSLKeyExchange$T13KeyAgreement.createPossession(SSLKeyExchange.java:573)
	at java.base/sun.security.ssl.SSLKeyExchange.createPossessions(SSLKeyExchange.java:92)
	at java.base/sun.security.ssl.KeyShareExtension$CHKeyShareProducer.getShare(KeyShareExtension.java:295)
	at java.base/sun.security.ssl.KeyShareExtension$CHKeyShareProducer.produce(KeyShareExtension.java:257)
	at java.base/sun.security.ssl.SSLExtension.produce(SSLExtension.java:599)
	at java.base/sun.security.ssl.SSLExtensions.produce(SSLExtensions.java:265)
	at java.base/sun.security.ssl.ClientHello$ClientHelloKickstartProducer.produce(ClientHello.java:637)
	at java.base/sun.security.ssl.SSLHandshake.kickstart(SSLHandshake.java:526)
	at java.base/sun.security.ssl.ClientHandshakeContext.kickstart(ClientHandshakeContext.java:112)
	at java.base/sun.security.ssl.TransportContext.kickstart(TransportContext.java:258)
	at java.base/sun.security.ssl.SSLSocketImpl.startHandshake(SSLSocketImpl.java:448)
	at java.base/sun.security.ssl.SSLSocketImpl.startHandshake(SSLSocketImpl.java:426)
	at com.mysql.cj.protocol.ExportControlled.performTlsHandshake(ExportControlled.java:347)
	at com.mysql.cj.protocol.StandardSocketFactory.performTlsHandshake(StandardSocketFactory.java:191)
	at com.mysql.cj.protocol.a.NativeSocketConnection.performTlsHandshake(NativeSocketConnection.java:101)
	at com.mysql.cj.protocol.a.NativeProtocol.negotiateSSLConnection(NativeProtocol.java:370)
	at com.mysql.cj.protocol.a.NativeAuthenticationProvider.connect(NativeAuthenticationProvider.java:206)
	at com.mysql.cj.protocol.a.NativeProtocol.connect(NativeProtocol.java:1430)
	at com.mysql.cj.NativeSession.connect(NativeSession.java:134)
	at com.mysql.cj.jdbc.ConnectionImpl.connectOneTryOnly(ConnectionImpl.java:945)
	at com.mysql.cj.jdbc.ConnectionImpl.createNewIO(ConnectionImpl.java:815)
	at com.mysql.cj.jdbc.ConnectionImpl.<init>(ConnectionImpl.java:446)
	at com.mysql.cj.jdbc.ConnectionImpl.getInstance(ConnectionImpl.java:239)
	at com.mysql.cj.jdbc.NonRegisteringDriver.connect(NonRegisteringDriver.java:188)
	at java.sql/java.sql.DriverManager.getConnection(DriverManager.java:683)
	at java.sql/java.sql.DriverManager.getConnection(DriverManager.java:230)
	at dao.DBConnection.<init>(DBConnection.java:29)
	at dao.DBConnection.getInstance(DBConnection.java:43)
	at JUnit.TesteAplicacao.testReaberturaConexao(TesteAplicacao.java:59)
	at java.base/jdk.internal.reflect.DirectMethodHandleAccessor.invoke(DirectMethodHandleAccessor.java:103)
	at java.base/java.lang.reflect.Method.invoke(Method.java:580)
	at org.junit.runners.model.FrameworkMethod$1.runReflectiveCall(FrameworkMethod.java:59)
	at org.junit.internal.runners.model.ReflectiveCallable.run(ReflectiveCallable.java:12)
	at org.junit.runners.model.FrameworkMethod.invokeExplosively(FrameworkMethod.java:56)
	at org.junit.internal.runners.statements.InvokeMethod.evaluate(InvokeMethod.java:17)
	at org.junit.runners.ParentRunner$3.evaluate(ParentRunner.java:306)
	at org.junit.runners.BlockJUnit4ClassRunner$1.evaluate(BlockJUnit4ClassRunner.java:100)
	at org.junit.runners.ParentRunner.runLeaf(ParentRunner.java:366)
	at org.junit.runners.BlockJUnit4ClassRunner.runChild(BlockJUnit4ClassRunner.java:103)
	at org.junit.runners.BlockJUnit4ClassRunner.runChild(BlockJUnit4ClassRunner.java:63)
	at org.junit.runners.ParentRunner$4.run(ParentRunner.java:331)
	at org.junit.runners.ParentRunner$1.schedule(ParentRunner.java:79)
	at org.junit.runners.ParentRunner.runChildren(ParentRunner.java:329)
	at org.junit.runners.ParentRunner.access$100(ParentRunner.java:66)
	at org.junit.runners.ParentRunner$2.evaluate(ParentRunner.java:293)
	at org.junit.runners.ParentRunner$3.evaluate(ParentRunner.java:306)
	at org.junit.runners.ParentRunner.run(ParentRunner.java:413)
	at org.apache.maven.surefire.junit4.JUnit4Provider.execute(JUnit4Provider.java:316)
	at org.apache.maven.surefire.junit4.JUnit4Provider.executeWithRerun(JUnit4Provider.java:240)
	at org.apache.maven.surefire.junit4.JUnit4Provider.executeTestSet(JUnit4Provider.java:214)
	at org.apache.maven.surefire.junit4.JUnit4Provider.invoke(JUnit4Provider.java:155)
	at org.apache.maven.surefire.booter.ForkedBooter.runSuitesInProcess(ForkedBooter.java:385)
	at org.apache.maven.surefire.booter.ForkedBooter.execute(ForkedBooter.java:162)
	at org.apache.maven.surefire.booter.ForkedBooter.run(ForkedBooter.java:507)
	at org.apache.maven.surefire.booter.ForkedBooter.main(ForkedBooter.java:495)
Caused by: java.io.IOException: Error while instrumenting sun/security/ec/ECOperations.
	at org.jacoco.agent.rt.internal_f3994fa.core.instr.Instrumenter.instrumentError(Instrumenter.java:160)
	at org.jacoco.agent.rt.internal_f3994fa.core.instr.Instrumenter.instrument(Instrumenter.java:110)
	at org.jacoco.agent.rt.internal_f3994fa.CoverageTransformer.transform(CoverageTransformer.java:92)
	... 73 more
Caused by: java.lang.IllegalArgumentException: Unsupported class file major version 65
	at org.jacoco.agent.rt.internal_f3994fa.asm.ClassReader.<init>(ClassReader.java:196)
	at org.jacoco.agent.rt.internal_f3994fa.asm.ClassReader.<init>(ClassReader.java:177)
	at org.jacoco.agent.rt.internal_f3994fa.asm.ClassReader.<init>(ClassReader.java:163)
	at org.jacoco.agent.rt.internal_f3994fa.core.internal.instr.InstrSupport.classReaderFor(InstrSupport.java:280)
	at org.jacoco.agent.rt.internal_f3994fa.core.instr.Instrumenter.instrument(Instrumenter.java:76)
	at org.jacoco.agent.rt.internal_f3994fa.core.instr.Instrumenter.instrument(Instrumenter.java:108)
	... 74 more
java.lang.instrument.IllegalClassFormatException: Error while instrumenting sun/security/ec/ECPrivateKeyImpl.
	at org.jacoco.agent.rt.internal_f3994fa.CoverageTransformer.transform(CoverageTransformer.java:94)
	at java.instrument/java.lang.instrument.ClassFileTransformer.transform(ClassFileTransformer.java:244)
	at java.instrument/sun.instrument.TransformerManager.transform(TransformerManager.java:188)
	at java.instrument/sun.instrument.InstrumentationImpl.transform(InstrumentationImpl.java:610)
	at java.base/java.lang.ClassLoader.defineClass2(Native Method)
	at java.base/java.lang.ClassLoader.defineClass(ClassLoader.java:1118)
	at java.base/java.security.SecureClassLoader.defineClass(SecureClassLoader.java:182)
	at java.base/jdk.internal.loader.BuiltinClassLoader.defineClass(BuiltinClassLoader.java:821)
	at java.base/jdk.internal.loader.BuiltinClassLoader.findClassInModuleOrNull(BuiltinClassLoader.java:741)
	at java.base/jdk.internal.loader.BuiltinClassLoader.loadClassOrNull(BuiltinClassLoader.java:665)
	at java.base/jdk.internal.loader.BuiltinClassLoader.loadClass(BuiltinClassLoader.java:639)
	at java.base/java.lang.ClassLoader.loadClass(ClassLoader.java:526)
	at jdk.crypto.ec/sun.security.ec.ECKeyPairGenerator.generateKeyPairImpl(ECKeyPairGenerator.java:194)
	at jdk.crypto.ec/sun.security.ec.ECKeyPairGenerator.generateKeyPair(ECKeyPairGenerator.java:147)
	at java.base/java.security.KeyPairGenerator$Delegate.generateKeyPair(KeyPairGenerator.java:728)
	at java.base/sun.security.ssl.ECDHKeyExchange$ECDHEPossession.<init>(ECDHKeyExchange.java:118)
	at java.base/sun.security.ssl.NamedGroup$ECDHEScheme.createPossession(NamedGroup.java:706)
	at java.base/sun.security.ssl.NamedGroup$NamedGroupSpec.createPossession(NamedGroup.java:642)
	at java.base/sun.security.ssl.NamedGroup.createPossession(NamedGroup.java:550)
	at java.base/sun.security.ssl.SSLKeyExchange$T13KeyAgreement.createPossession(SSLKeyExchange.java:573)
	at java.base/sun.security.ssl.SSLKeyExchange.createPossessions(SSLKeyExchange.java:92)
	at java.base/sun.security.ssl.KeyShareExtension$CHKeyShareProducer.getShare(KeyShareExtension.java:295)
	at java.base/sun.security.ssl.KeyShareExtension$CHKeyShareProducer.produce(KeyShareExtension.java:257)
	at java.base/sun.security.ssl.SSLExtension.produce(SSLExtension.java:599)
	at java.base/sun.security.ssl.SSLExtensions.produce(SSLExtensions.java:265)
	at java.base/sun.security.ssl.ClientHello$ClientHelloKickstartProducer.produce(ClientHello.java:637)
	at java.base/sun.security.ssl.SSLHandshake.kickstart(SSLHandshake.java:526)
	at java.base/sun.security.ssl.ClientHandshakeContext.kickstart(ClientHandshakeContext.java:112)
	at java.base/sun.security.ssl.TransportContext.kickstart(TransportContext.java:258)
	at java.base/sun.security.ssl.SSLSocketImpl.startHandshake(SSLSocketImpl.java:448)
	at java.base/sun.security.ssl.SSLSocketImpl.startHandshake(SSLSocketImpl.java:426)
	at com.mysql.cj.protocol.ExportControlled.performTlsHandshake(ExportControlled.java:347)
	at com.mysql.cj.protocol.StandardSocketFactory.performTlsHandshake(StandardSocketFactory.java:191)
	at com.mysql.cj.protocol.a.NativeSocketConnection.performTlsHandshake(NativeSocketConnection.java:101)
	at com.mysql.cj.protocol.a.NativeProtocol.negotiateSSLConnection(NativeProtocol.java:370)
	at com.mysql.cj.protocol.a.NativeAuthenticationProvider.connect(NativeAuthenticationProvider.java:206)
	at com.mysql.cj.protocol.a.NativeProtocol.connect(NativeProtocol.java:1430)
	at com.mysql.cj.NativeSession.connect(NativeSession.java:134)
	at com.mysql.cj.jdbc.ConnectionImpl.connectOneTryOnly(ConnectionImpl.java:945)
	at com.mysql.cj.jdbc.ConnectionImpl.createNewIO(ConnectionImpl.java:815)
	at com.mysql.cj.jdbc.ConnectionImpl.<init>(ConnectionImpl.java:446)
	at com.mysql.cj.jdbc.ConnectionImpl.getInstance(ConnectionImpl.java:239)
	at com.mysql.cj.jdbc.NonRegisteringDriver.connect(NonRegisteringDriver.java:188)
	at java.sql/java.sql.DriverManager.getConnection(DriverManager.java:683)
	at java.sql/java.sql.DriverManager.getConnection(DriverManager.java:230)
	at dao.DBConnection.<init>(DBConnection.java:29)
	at dao.DBConnection.getInstance(DBConnection.java:43)
	at JUnit.TesteAplicacao.testReaberturaConexao(TesteAplicacao.java:59)
	at java.base/jdk.internal.reflect.DirectMethodHandleAccessor.invoke(DirectMethodHandleAccessor.java:103)
	at java.base/java.lang.reflect.Method.invoke(Method.java:580)
	at org.junit.runners.model.FrameworkMethod$1.runReflectiveCall(FrameworkMethod.java:59)
	at org.junit.internal.runners.model.ReflectiveCallable.run(ReflectiveCallable.java:12)
	at org.junit.runners.model.FrameworkMethod.invokeExplosively(FrameworkMethod.java:56)
	at org.junit.internal.runners.statements.InvokeMethod.evaluate(InvokeMethod.java:17)
	at org.junit.runners.ParentRunner$3.evaluate(ParentRunner.java:306)
	at org.junit.runners.BlockJUnit4ClassRunner$1.evaluate(BlockJUnit4ClassRunner.java:100)
	at org.junit.runners.ParentRunner.runLeaf(ParentRunner.java:366)
	at org.junit.runners.BlockJUnit4ClassRunner.runChild(BlockJUnit4ClassRunner.java:103)
	at org.junit.runners.BlockJUnit4ClassRunner.runChild(BlockJUnit4ClassRunner.java:63)
	at org.junit.runners.ParentRunner$4.run(ParentRunner.java:331)
	at org.junit.runners.ParentRunner$1.schedule(ParentRunner.java:79)
	at org.junit.runners.ParentRunner.runChildren(ParentRunner.java:329)
	at org.junit.runners.ParentRunner.access$100(ParentRunner.java:66)
	at org.junit.runners.ParentRunner$2.evaluate(ParentRunner.java:293)
	at org.junit.runners.ParentRunner$3.evaluate(ParentRunner.java:306)
	at org.junit.runners.ParentRunner.run(ParentRunner.java:413)
	at org.apache.maven.surefire.junit4.JUnit4Provider.execute(JUnit4Provider.java:316)
	at org.apache.maven.surefire.junit4.JUnit4Provider.executeWithRerun(JUnit4Provider.java:240)
	at org.apache.maven.surefire.junit4.JUnit4Provider.executeTestSet(JUnit4Provider.java:214)
	at org.apache.maven.surefire.junit4.JUnit4Provider.invoke(JUnit4Provider.java:155)
	at org.apache.maven.surefire.booter.ForkedBooter.runSuitesInProcess(ForkedBooter.java:385)
	at org.apache.maven.surefire.booter.ForkedBooter.execute(ForkedBooter.java:162)
	at org.apache.maven.surefire.booter.ForkedBooter.run(ForkedBooter.java:507)
	at org.apache.maven.surefire.booter.ForkedBooter.main(ForkedBooter.java:495)
Caused by: java.io.IOException: Error while instrumenting sun/security/ec/ECPrivateKeyImpl.
	at org.jacoco.agent.rt.internal_f3994fa.core.instr.Instrumenter.instrumentError(Instrumenter.java:160)
	at org.jacoco.agent.rt.internal_f3994fa.core.instr.Instrumenter.instrument(Instrumenter.java:110)
	at org.jacoco.agent.rt.internal_f3994fa.CoverageTransformer.transform(CoverageTransformer.java:92)
	... 73 more
Caused by: java.lang.IllegalArgumentException: Unsupported class file major version 65
	at org.jacoco.agent.rt.internal_f3994fa.asm.ClassReader.<init>(ClassReader.java:196)
	at org.jacoco.agent.rt.internal_f3994fa.asm.ClassReader.<init>(ClassReader.java:177)
	at org.jacoco.agent.rt.internal_f3994fa.asm.ClassReader.<init>(ClassReader.java:163)
	at org.jacoco.agent.rt.internal_f3994fa.core.internal.instr.InstrSupport.classReaderFor(InstrSupport.java:280)
	at org.jacoco.agent.rt.internal_f3994fa.core.instr.Instrumenter.instrument(Instrumenter.java:76)
	at org.jacoco.agent.rt.internal_f3994fa.core.instr.Instrumenter.instrument(Instrumenter.java:108)
	... 74 more
java.lang.instrument.IllegalClassFormatException: Error while instrumenting sun/security/ec/ECOperations$PointMultiplier.
	at org.jacoco.agent.rt.internal_f3994fa.CoverageTransformer.transform(CoverageTransformer.java:94)
	at java.instrument/java.lang.instrument.ClassFileTransformer.transform(ClassFileTransformer.java:244)
	at java.instrument/sun.instrument.TransformerManager.transform(TransformerManager.java:188)
	at java.instrument/sun.instrument.InstrumentationImpl.transform(InstrumentationImpl.java:610)
	at java.base/java.lang.ClassLoader.defineClass2(Native Method)
	at java.base/java.lang.ClassLoader.defineClass(ClassLoader.java:1118)
	at java.base/java.security.SecureClassLoader.defineClass(SecureClassLoader.java:182)
	at java.base/jdk.internal.loader.BuiltinClassLoader.defineClass(BuiltinClassLoader.java:821)
	at java.base/jdk.internal.loader.BuiltinClassLoader.findClassInModuleOrNull(BuiltinClassLoader.java:741)
	at java.base/jdk.internal.loader.BuiltinClassLoader.loadClassOrNull(BuiltinClassLoader.java:665)
	at java.base/jdk.internal.loader.BuiltinClassLoader.loadClass(BuiltinClassLoader.java:639)
	at java.base/java.lang.ClassLoader.loadClass(ClassLoader.java:526)
	at jdk.crypto.ec/sun.security.ec.ECOperations.multiply(ECOperations.java:214)
	at jdk.crypto.ec/sun.security.ec.ECPrivateKeyImpl.calculatePublicKey(ECPrivateKeyImpl.java:213)
	at jdk.crypto.ec/sun.security.ec.ECKeyPairGenerator.generateKeyPairImpl(ECKeyPairGenerator.java:197)
	at jdk.crypto.ec/sun.security.ec.ECKeyPairGenerator.generateKeyPair(ECKeyPairGenerator.java:147)
	at java.base/java.security.KeyPairGenerator$Delegate.generateKeyPair(KeyPairGenerator.java:728)
	at java.base/sun.security.ssl.ECDHKeyExchange$ECDHEPossession.<init>(ECDHKeyExchange.java:118)
	at java.base/sun.security.ssl.NamedGroup$ECDHEScheme.createPossession(NamedGroup.java:706)
	at java.base/sun.security.ssl.NamedGroup$NamedGroupSpec.createPossession(NamedGroup.java:642)
	at java.base/sun.security.ssl.NamedGroup.createPossession(NamedGroup.java:550)
	at java.base/sun.security.ssl.SSLKeyExchange$T13KeyAgreement.createPossession(SSLKeyExchange.java:573)
	at java.base/sun.security.ssl.SSLKeyExchange.createPossessions(SSLKeyExchange.java:92)
	at java.base/sun.security.ssl.KeyShareExtension$CHKeyShareProducer.getShare(KeyShareExtension.java:295)
	at java.base/sun.security.ssl.KeyShareExtension$CHKeyShareProducer.produce(KeyShareExtension.java:257)
	at java.base/sun.security.ssl.SSLExtension.produce(SSLExtension.java:599)
	at java.base/sun.security.ssl.SSLExtensions.produce(SSLExtensions.java:265)
	at java.base/sun.security.ssl.ClientHello$ClientHelloKickstartProducer.produce(ClientHello.java:637)
	at java.base/sun.security.ssl.SSLHandshake.kickstart(SSLHandshake.java:526)
	at java.base/sun.security.ssl.ClientHandshakeContext.kickstart(ClientHandshakeContext.java:112)
	at java.base/sun.security.ssl.TransportContext.kickstart(TransportContext.java:258)
	at java.base/sun.security.ssl.SSLSocketImpl.startHandshake(SSLSocketImpl.java:448)
	at java.base/sun.security.ssl.SSLSocketImpl.startHandshake(SSLSocketImpl.java:426)
	at com.mysql.cj.protocol.ExportControlled.performTlsHandshake(ExportControlled.java:347)
	at com.mysql.cj.protocol.StandardSocketFactory.performTlsHandshake(StandardSocketFactory.java:191)
	at com.mysql.cj.protocol.a.NativeSocketConnection.performTlsHandshake(NativeSocketConnection.java:101)
	at com.mysql.cj.protocol.a.NativeProtocol.negotiateSSLConnection(NativeProtocol.java:370)
	at com.mysql.cj.protocol.a.NativeAuthenticationProvider.connect(NativeAuthenticationProvider.java:206)
	at com.mysql.cj.protocol.a.NativeProtocol.connect(NativeProtocol.java:1430)
	at com.mysql.cj.NativeSession.connect(NativeSession.java:134)
	at com.mysql.cj.jdbc.ConnectionImpl.connectOneTryOnly(ConnectionImpl.java:945)
	at com.mysql.cj.jdbc.ConnectionImpl.createNewIO(ConnectionImpl.java:815)
	at com.mysql.cj.jdbc.ConnectionImpl.<init>(ConnectionImpl.java:446)
	at com.mysql.cj.jdbc.ConnectionImpl.getInstance(ConnectionImpl.java:239)
	at com.mysql.cj.jdbc.NonRegisteringDriver.connect(NonRegisteringDriver.java:188)
	at java.sql/java.sql.DriverManager.getConnection(DriverManager.java:683)
	at java.sql/java.sql.DriverManager.getConnection(DriverManager.java:230)
	at dao.DBConnection.<init>(DBConnection.java:29)
	at dao.DBConnection.getInstance(DBConnection.java:43)
	at JUnit.TesteAplicacao.testReaberturaConexao(TesteAplicacao.java:59)
	at java.base/jdk.internal.reflect.DirectMethodHandleAccessor.invoke(DirectMethodHandleAccessor.java:103)
	at java.base/java.lang.reflect.Method.invoke(Method.java:580)
	at org.junit.runners.model.FrameworkMethod$1.runReflectiveCall(FrameworkMethod.java:59)
	at org.junit.internal.runners.model.ReflectiveCallable.run(ReflectiveCallable.java:12)
	at org.junit.runners.model.FrameworkMethod.invokeExplosively(FrameworkMethod.java:56)
	at org.junit.internal.runners.statements.InvokeMethod.evaluate(InvokeMethod.java:17)
	at org.junit.runners.ParentRunner$3.evaluate(ParentRunner.java:306)
	at org.junit.runners.BlockJUnit4ClassRunner$1.evaluate(BlockJUnit4ClassRunner.java:100)
	at org.junit.runners.ParentRunner.runLeaf(ParentRunner.java:366)
	at org.junit.runners.BlockJUnit4ClassRunner.runChild(BlockJUnit4ClassRunner.java:103)
	at org.junit.runners.BlockJUnit4ClassRunner.runChild(BlockJUnit4ClassRunner.java:63)
	at org.junit.runners.ParentRunner$4.run(ParentRunner.java:331)
	at org.junit.runners.ParentRunner$1.schedule(ParentRunner.java:79)
	at org.junit.runners.ParentRunner.runChildren(ParentRunner.java:329)
	at org.junit.runners.ParentRunner.access$100(ParentRunner.java:66)
	at org.junit.runners.ParentRunner$2.evaluate(ParentRunner.java:293)
	at org.junit.runners.ParentRunner$3.evaluate(ParentRunner.java:306)
	at org.junit.runners.ParentRunner.run(ParentRunner.java:413)
	at org.apache.maven.surefire.junit4.JUnit4Provider.execute(JUnit4Provider.java:316)
	at org.apache.maven.surefire.junit4.JUnit4Provider.executeWithRerun(JUnit4Provider.java:240)
	at org.apache.maven.surefire.junit4.JUnit4Provider.executeTestSet(JUnit4Provider.java:214)
	at org.apache.maven.surefire.junit4.JUnit4Provider.invoke(JUnit4Provider.java:155)
	at org.apache.maven.surefire.booter.ForkedBooter.runSuitesInProcess(ForkedBooter.java:385)
	at org.apache.maven.surefire.booter.ForkedBooter.execute(ForkedBooter.java:162)
	at org.apache.maven.surefire.booter.ForkedBooter.run(ForkedBooter.java:507)
	at org.apache.maven.surefire.booter.ForkedBooter.main(ForkedBooter.java:495)
Caused by: java.io.IOException: Error while instrumenting sun/security/ec/ECOperations$PointMultiplier.
	at org.jacoco.agent.rt.internal_f3994fa.core.instr.Instrumenter.instrumentError(Instrumenter.java:160)
	at org.jacoco.agent.rt.internal_f3994fa.core.instr.Instrumenter.instrument(Instrumenter.java:110)
	at org.jacoco.agent.rt.internal_f3994fa.CoverageTransformer.transform(CoverageTransformer.java:92)
	... 75 more
Caused by: java.lang.IllegalArgumentException: Unsupported class file major version 65
	at org.jacoco.agent.rt.internal_f3994fa.asm.ClassReader.<init>(ClassReader.java:196)
	at org.jacoco.agent.rt.internal_f3994fa.asm.ClassReader.<init>(ClassReader.java:177)
	at org.jacoco.agent.rt.internal_f3994fa.asm.ClassReader.<init>(ClassReader.java:163)
	at org.jacoco.agent.rt.internal_f3994fa.core.internal.instr.InstrSupport.classReaderFor(InstrSupport.java:280)
	at org.jacoco.agent.rt.internal_f3994fa.core.instr.Instrumenter.instrument(Instrumenter.java:76)
	at org.jacoco.agent.rt.internal_f3994fa.core.instr.Instrumenter.instrument(Instrumenter.java:108)
	... 76 more
java.lang.instrument.IllegalClassFormatException: Error while instrumenting sun/security/ec/ECOperations$PointMultiplier$Secp256R1GeneratorMultiplier.
	at org.jacoco.agent.rt.internal_f3994fa.CoverageTransformer.transform(CoverageTransformer.java:94)
	at java.instrument/java.lang.instrument.ClassFileTransformer.transform(ClassFileTransformer.java:244)
	at java.instrument/sun.instrument.TransformerManager.transform(TransformerManager.java:188)
	at java.instrument/sun.instrument.InstrumentationImpl.transform(InstrumentationImpl.java:610)
	at java.base/java.lang.ClassLoader.defineClass2(Native Method)
	at java.base/java.lang.ClassLoader.defineClass(ClassLoader.java:1118)
	at java.base/java.security.SecureClassLoader.defineClass(SecureClassLoader.java:182)
	at java.base/jdk.internal.loader.BuiltinClassLoader.defineClass(BuiltinClassLoader.java:821)
	at java.base/jdk.internal.loader.BuiltinClassLoader.findClassInModuleOrNull(BuiltinClassLoader.java:741)
	at java.base/jdk.internal.loader.BuiltinClassLoader.loadClassOrNull(BuiltinClassLoader.java:665)
	at java.base/jdk.internal.loader.BuiltinClassLoader.loadClass(BuiltinClassLoader.java:639)
	at java.base/java.lang.ClassLoader.loadClass(ClassLoader.java:526)
	at jdk.crypto.ec/sun.security.ec.ECOperations$PointMultiplier.<clinit>(ECOperations.java:416)
	at jdk.crypto.ec/sun.security.ec.ECOperations.multiply(ECOperations.java:214)
	at jdk.crypto.ec/sun.security.ec.ECPrivateKeyImpl.calculatePublicKey(ECPrivateKeyImpl.java:213)
	at jdk.crypto.ec/sun.security.ec.ECKeyPairGenerator.generateKeyPairImpl(ECKeyPairGenerator.java:197)
	at jdk.crypto.ec/sun.security.ec.ECKeyPairGenerator.generateKeyPair(ECKeyPairGenerator.java:147)
	at java.base/java.security.KeyPairGenerator$Delegate.generateKeyPair(KeyPairGenerator.java:728)
	at java.base/sun.security.ssl.ECDHKeyExchange$ECDHEPossession.<init>(ECDHKeyExchange.java:118)
	at java.base/sun.security.ssl.NamedGroup$ECDHEScheme.createPossession(NamedGroup.java:706)
	at java.base/sun.security.ssl.NamedGroup$NamedGroupSpec.createPossession(NamedGroup.java:642)
	at java.base/sun.security.ssl.NamedGroup.createPossession(NamedGroup.java:550)
	at java.base/sun.security.ssl.SSLKeyExchange$T13KeyAgreement.createPossession(SSLKeyExchange.java:573)
	at java.base/sun.security.ssl.SSLKeyExchange.createPossessions(SSLKeyExchange.java:92)
	at java.base/sun.security.ssl.KeyShareExtension$CHKeyShareProducer.getShare(KeyShareExtension.java:295)
	at java.base/sun.security.ssl.KeyShareExtension$CHKeyShareProducer.produce(KeyShareExtension.java:257)
	at java.base/sun.security.ssl.SSLExtension.produce(SSLExtension.java:599)
	at java.base/sun.security.ssl.SSLExtensions.produce(SSLExtensions.java:265)
	at java.base/sun.security.ssl.ClientHello$ClientHelloKickstartProducer.produce(ClientHello.java:637)
	at java.base/sun.security.ssl.SSLHandshake.kickstart(SSLHandshake.java:526)
	at java.base/sun.security.ssl.ClientHandshakeContext.kickstart(ClientHandshakeContext.java:112)
	at java.base/sun.security.ssl.TransportContext.kickstart(TransportContext.java:258)
	at java.base/sun.security.ssl.SSLSocketImpl.startHandshake(SSLSocketImpl.java:448)
	at java.base/sun.security.ssl.SSLSocketImpl.startHandshake(SSLSocketImpl.java:426)
	at com.mysql.cj.protocol.ExportControlled.performTlsHandshake(ExportControlled.java:347)
	at com.mysql.cj.protocol.StandardSocketFactory.performTlsHandshake(StandardSocketFactory.java:191)
	at com.mysql.cj.protocol.a.NativeSocketConnection.performTlsHandshake(NativeSocketConnection.java:101)
	at com.mysql.cj.protocol.a.NativeProtocol.negotiateSSLConnection(NativeProtocol.java:370)
	at com.mysql.cj.protocol.a.NativeAuthenticationProvider.connect(NativeAuthenticationProvider.java:206)
	at com.mysql.cj.protocol.a.NativeProtocol.connect(NativeProtocol.java:1430)
	at com.mysql.cj.NativeSession.connect(NativeSession.java:134)
	at com.mysql.cj.jdbc.ConnectionImpl.connectOneTryOnly(ConnectionImpl.java:945)
	at com.mysql.cj.jdbc.ConnectionImpl.createNewIO(ConnectionImpl.java:815)
	at com.mysql.cj.jdbc.ConnectionImpl.<init>(ConnectionImpl.java:446)
	at com.mysql.cj.jdbc.ConnectionImpl.getInstance(ConnectionImpl.java:239)
	at com.mysql.cj.jdbc.NonRegisteringDriver.connect(NonRegisteringDriver.java:188)
	at java.sql/java.sql.DriverManager.getConnection(DriverManager.java:683)
	at java.sql/java.sql.DriverManager.getConnection(DriverManager.java:230)
	at dao.DBConnection.<init>(DBConnection.java:29)
	at dao.DBConnection.getInstance(DBConnection.java:43)
	at JUnit.TesteAplicacao.testReaberturaConexao(TesteAplicacao.java:59)
	at java.base/jdk.internal.reflect.DirectMethodHandleAccessor.invoke(DirectMethodHandleAccessor.java:103)
	at java.base/java.lang.reflect.Method.invoke(Method.java:580)
	at org.junit.runners.model.FrameworkMethod$1.runReflectiveCall(FrameworkMethod.java:59)
	at org.junit.internal.runners.model.ReflectiveCallable.run(ReflectiveCallable.java:12)
	at org.junit.runners.model.FrameworkMethod.invokeExplosively(FrameworkMethod.java:56)
	at org.junit.internal.runners.statements.InvokeMethod.evaluate(InvokeMethod.java:17)
	at org.junit.runners.ParentRunner$3.evaluate(ParentRunner.java:306)
	at org.junit.runners.BlockJUnit4ClassRunner$1.evaluate(BlockJUnit4ClassRunner.java:100)
	at org.junit.runners.ParentRunner.runLeaf(ParentRunner.java:366)
	at org.junit.runners.BlockJUnit4ClassRunner.runChild(BlockJUnit4ClassRunner.java:103)
	at org.junit.runners.BlockJUnit4ClassRunner.runChild(BlockJUnit4ClassRunner.java:63)
	at org.junit.runners.ParentRunner$4.run(ParentRunner.java:331)
	at org.junit.runners.ParentRunner$1.schedule(ParentRunner.java:79)
	at org.junit.runners.ParentRunner.runChildren(ParentRunner.java:329)
	at org.junit.runners.ParentRunner.access$100(ParentRunner.java:66)
	at org.junit.runners.ParentRunner$2.evaluate(ParentRunner.java:293)
	at org.junit.runners.ParentRunner$3.evaluate(ParentRunner.java:306)
	at org.junit.runners.ParentRunner.run(ParentRunner.java:413)
	at org.apache.maven.surefire.junit4.JUnit4Provider.execute(JUnit4Provider.java:316)
	at org.apache.maven.surefire.junit4.JUnit4Provider.executeWithRerun(JUnit4Provider.java:240)
	at org.apache.maven.surefire.junit4.JUnit4Provider.executeTestSet(JUnit4Provider.java:214)
	at org.apache.maven.surefire.junit4.JUnit4Provider.invoke(JUnit4Provider.java:155)
	at org.apache.maven.surefire.booter.ForkedBooter.runSuitesInProcess(ForkedBooter.java:385)
	at org.apache.maven.surefire.booter.ForkedBooter.execute(ForkedBooter.java:162)
	at org.apache.maven.surefire.booter.ForkedBooter.run(ForkedBooter.java:507)
	at org.apache.maven.surefire.booter.ForkedBooter.main(ForkedBooter.java:495)
Caused by: java.io.IOException: Error while instrumenting sun/security/ec/ECOperations$PointMultiplier$Secp256R1GeneratorMultiplier.
	at org.jacoco.agent.rt.internal_f3994fa.core.instr.Instrumenter.instrumentError(Instrumenter.java:160)
	at org.jacoco.agent.rt.internal_f3994fa.core.instr.Instrumenter.instrument(Instrumenter.java:110)
	at org.jacoco.agent.rt.internal_f3994fa.CoverageTransformer.transform(CoverageTransformer.java:92)
	... 76 more
Caused by: java.lang.IllegalArgumentException: Unsupported class file major version 65
	at org.jacoco.agent.rt.internal_f3994fa.asm.ClassReader.<init>(ClassReader.java:196)
	at org.jacoco.agent.rt.internal_f3994fa.asm.ClassReader.<init>(ClassReader.java:177)
	at org.jacoco.agent.rt.internal_f3994fa.asm.ClassReader.<init>(ClassReader.java:163)
	at org.jacoco.agent.rt.internal_f3994fa.core.internal.instr.InstrSupport.classReaderFor(InstrSupport.java:280)
	at org.jacoco.agent.rt.internal_f3994fa.core.instr.Instrumenter.instrument(Instrumenter.java:76)
	at org.jacoco.agent.rt.internal_f3994fa.core.instr.Instrumenter.instrument(Instrumenter.java:108)
	... 77 more
java.lang.instrument.IllegalClassFormatException: Error while instrumenting sun/security/ec/point/ProjectivePoint$Mutable.
	at org.jacoco.agent.rt.internal_f3994fa.CoverageTransformer.transform(CoverageTransformer.java:94)
	at java.instrument/java.lang.instrument.ClassFileTransformer.transform(ClassFileTransformer.java:244)
	at java.instrument/sun.instrument.TransformerManager.transform(TransformerManager.java:188)
	at java.instrument/sun.instrument.InstrumentationImpl.transform(InstrumentationImpl.java:610)
	at java.base/java.lang.ClassLoader.defineClass2(Native Method)
	at java.base/java.lang.ClassLoader.defineClass(ClassLoader.java:1118)
	at java.base/java.security.SecureClassLoader.defineClass(SecureClassLoader.java:182)
	at java.base/jdk.internal.loader.BuiltinClassLoader.defineClass(BuiltinClassLoader.java:821)
	at java.base/jdk.internal.loader.BuiltinClassLoader.findClassInModuleOrNull(BuiltinClassLoader.java:741)
	at java.base/jdk.internal.loader.BuiltinClassLoader.loadClassOrNull(BuiltinClassLoader.java:665)
	at java.base/jdk.internal.loader.BuiltinClassLoader.loadClass(BuiltinClassLoader.java:639)
	at java.base/java.lang.ClassLoader.loadClass(ClassLoader.java:526)
	at jdk.crypto.ec/sun.security.ec.ECOperations$PointMultiplier$Secp256R1GeneratorMultiplier.pointMultiply(ECOperations.java:561)
	at jdk.crypto.ec/sun.security.ec.ECOperations.multiply(ECOperations.java:214)
	at jdk.crypto.ec/sun.security.ec.ECPrivateKeyImpl.calculatePublicKey(ECPrivateKeyImpl.java:213)
	at jdk.crypto.ec/sun.security.ec.ECKeyPairGenerator.generateKeyPairImpl(ECKeyPairGenerator.java:197)
	at jdk.crypto.ec/sun.security.ec.ECKeyPairGenerator.generateKeyPair(ECKeyPairGenerator.java:147)
	at java.base/java.security.KeyPairGenerator$Delegate.generateKeyPair(KeyPairGenerator.java:728)
	at java.base/sun.security.ssl.ECDHKeyExchange$ECDHEPossession.<init>(ECDHKeyExchange.java:118)
	at java.base/sun.security.ssl.NamedGroup$ECDHEScheme.createPossession(NamedGroup.java:706)
	at java.base/sun.security.ssl.NamedGroup$NamedGroupSpec.createPossession(NamedGroup.java:642)
	at java.base/sun.security.ssl.NamedGroup.createPossession(NamedGroup.java:550)
	at java.base/sun.security.ssl.SSLKeyExchange$T13KeyAgreement.createPossession(SSLKeyExchange.java:573)
	at java.base/sun.security.ssl.SSLKeyExchange.createPossessions(SSLKeyExchange.java:92)
	at java.base/sun.security.ssl.KeyShareExtension$CHKeyShareProducer.getShare(KeyShareExtension.java:295)
	at java.base/sun.security.ssl.KeyShareExtension$CHKeyShareProducer.produce(KeyShareExtension.java:257)
	at java.base/sun.security.ssl.SSLExtension.produce(SSLExtension.java:599)
	at java.base/sun.security.ssl.SSLExtensions.produce(SSLExtensions.java:265)
	at java.base/sun.security.ssl.ClientHello$ClientHelloKickstartProducer.produce(ClientHello.java:637)
	at java.base/sun.security.ssl.SSLHandshake.kickstart(SSLHandshake.java:526)
	at java.base/sun.security.ssl.ClientHandshakeContext.kickstart(ClientHandshakeContext.java:112)
	at java.base/sun.security.ssl.TransportContext.kickstart(TransportContext.java:258)
	at java.base/sun.security.ssl.SSLSocketImpl.startHandshake(SSLSocketImpl.java:448)
	at java.base/sun.security.ssl.SSLSocketImpl.startHandshake(SSLSocketImpl.java:426)
	at com.mysql.cj.protocol.ExportControlled.performTlsHandshake(ExportControlled.java:347)
	at com.mysql.cj.protocol.StandardSocketFactory.performTlsHandshake(StandardSocketFactory.java:191)
	at com.mysql.cj.protocol.a.NativeSocketConnection.performTlsHandshake(NativeSocketConnection.java:101)
	at com.mysql.cj.protocol.a.NativeProtocol.negotiateSSLConnection(NativeProtocol.java:370)
	at com.mysql.cj.protocol.a.NativeAuthenticationProvider.connect(NativeAuthenticationProvider.java:206)
	at com.mysql.cj.protocol.a.NativeProtocol.connect(NativeProtocol.java:1430)
	at com.mysql.cj.NativeSession.connect(NativeSession.java:134)
	at com.mysql.cj.jdbc.ConnectionImpl.connectOneTryOnly(ConnectionImpl.java:945)
	at com.mysql.cj.jdbc.ConnectionImpl.createNewIO(ConnectionImpl.java:815)
	at com.mysql.cj.jdbc.ConnectionImpl.<init>(ConnectionImpl.java:446)
	at com.mysql.cj.jdbc.ConnectionImpl.getInstance(ConnectionImpl.java:239)
	at com.mysql.cj.jdbc.NonRegisteringDriver.connect(NonRegisteringDriver.java:188)
	at java.sql/java.sql.DriverManager.getConnection(DriverManager.java:683)
	at java.sql/java.sql.DriverManager.getConnection(DriverManager.java:230)
	at dao.DBConnection.<init>(DBConnection.java:29)
	at dao.DBConnection.getInstance(DBConnection.java:43)
	at JUnit.TesteAplicacao.testReaberturaConexao(TesteAplicacao.java:59)
	at java.base/jdk.internal.reflect.DirectMethodHandleAccessor.invoke(DirectMethodHandleAccessor.java:103)
	at java.base/java.lang.reflect.Method.invoke(Method.java:580)
	at org.junit.runners.model.FrameworkMethod$1.runReflectiveCall(FrameworkMethod.java:59)
	at org.junit.internal.runners.model.ReflectiveCallable.run(ReflectiveCallable.java:12)
	at org.junit.runners.model.FrameworkMethod.invokeExplosively(FrameworkMethod.java:56)
	at org.junit.internal.runners.statements.InvokeMethod.evaluate(InvokeMethod.java:17)
	at org.junit.runners.ParentRunner$3.evaluate(ParentRunner.java:306)
	at org.junit.runners.BlockJUnit4ClassRunner$1.evaluate(BlockJUnit4ClassRunner.java:100)
	at org.junit.runners.ParentRunner.runLeaf(ParentRunner.java:366)
	at org.junit.runners.BlockJUnit4ClassRunner.runChild(BlockJUnit4ClassRunner.java:103)
	at org.junit.runners.BlockJUnit4ClassRunner.runChild(BlockJUnit4ClassRunner.java:63)
	at org.junit.runners.ParentRunner$4.run(ParentRunner.java:331)
	at org.junit.runners.ParentRunner$1.schedule(ParentRunner.java:79)
	at org.junit.runners.ParentRunner.runChildren(ParentRunner.java:329)
	at org.junit.runners.ParentRunner.access$100(ParentRunner.java:66)
	at org.junit.runners.ParentRunner$2.evaluate(ParentRunner.java:293)
	at org.junit.runners.ParentRunner$3.evaluate(ParentRunner.java:306)
	at org.junit.runners.ParentRunner.run(ParentRunner.java:413)
	at org.apache.maven.surefire.junit4.JUnit4Provider.execute(JUnit4Provider.java:316)
	at org.apache.maven.surefire.junit4.JUnit4Provider.executeWithRerun(JUnit4Provider.java:240)
	at org.apache.maven.surefire.junit4.JUnit4Provider.executeTestSet(JUnit4Provider.java:214)
	at org.apache.maven.surefire.junit4.JUnit4Provider.invoke(JUnit4Provider.java:155)
	at org.apache.maven.surefire.booter.ForkedBooter.runSuitesInProcess(ForkedBooter.java:385)
	at org.apache.maven.surefire.booter.ForkedBooter.execute(ForkedBooter.java:162)
	at org.apache.maven.surefire.booter.ForkedBooter.run(ForkedBooter.java:507)
	at org.apache.maven.surefire.booter.ForkedBooter.main(ForkedBooter.java:495)
Caused by: java.io.IOException: Error while instrumenting sun/security/ec/point/ProjectivePoint$Mutable.
	at org.jacoco.agent.rt.internal_f3994fa.core.instr.Instrumenter.instrumentError(Instrumenter.java:160)
	at org.jacoco.agent.rt.internal_f3994fa.core.instr.Instrumenter.instrument(Instrumenter.java:110)
	at org.jacoco.agent.rt.internal_f3994fa.CoverageTransformer.transform(CoverageTransformer.java:92)
	... 76 more
Caused by: java.lang.IllegalArgumentException: Unsupported class file major version 65
	at org.jacoco.agent.rt.internal_f3994fa.asm.ClassReader.<init>(ClassReader.java:196)
	at org.jacoco.agent.rt.internal_f3994fa.asm.ClassReader.<init>(ClassReader.java:177)
	at org.jacoco.agent.rt.internal_f3994fa.asm.ClassReader.<init>(ClassReader.java:163)
	at org.jacoco.agent.rt.internal_f3994fa.core.internal.instr.InstrSupport.classReaderFor(InstrSupport.java:280)
	at org.jacoco.agent.rt.internal_f3994fa.core.instr.Instrumenter.instrument(Instrumenter.java:76)
	at org.jacoco.agent.rt.internal_f3994fa.core.instr.Instrumenter.instrument(Instrumenter.java:108)
	... 77 more
java.lang.instrument.IllegalClassFormatException: Error while instrumenting sun/security/ec/ECOperations$PointMultiplier$Secp256R1GeneratorMultiplier$P256.
	at org.jacoco.agent.rt.internal_f3994fa.CoverageTransformer.transform(CoverageTransformer.java:94)
	at java.instrument/java.lang.instrument.ClassFileTransformer.transform(ClassFileTransformer.java:244)
	at java.instrument/sun.instrument.TransformerManager.transform(TransformerManager.java:188)
	at java.instrument/sun.instrument.InstrumentationImpl.transform(InstrumentationImpl.java:610)
	at java.base/java.lang.ClassLoader.defineClass2(Native Method)
	at java.base/java.lang.ClassLoader.defineClass(ClassLoader.java:1118)
	at java.base/java.security.SecureClassLoader.defineClass(SecureClassLoader.java:182)
	at java.base/jdk.internal.loader.BuiltinClassLoader.defineClass(BuiltinClassLoader.java:821)
	at java.base/jdk.internal.loader.BuiltinClassLoader.findClassInModuleOrNull(BuiltinClassLoader.java:741)
	at java.base/jdk.internal.loader.BuiltinClassLoader.loadClassOrNull(BuiltinClassLoader.java:665)
	at java.base/jdk.internal.loader.BuiltinClassLoader.loadClass(BuiltinClassLoader.java:639)
	at java.base/java.lang.ClassLoader.loadClass(ClassLoader.java:526)
	at jdk.crypto.ec/sun.security.ec.ECOperations$PointMultiplier$Secp256R1GeneratorMultiplier.pointMultiply(ECOperations.java:575)
	at jdk.crypto.ec/sun.security.ec.ECOperations.multiply(ECOperations.java:214)
	at jdk.crypto.ec/sun.security.ec.ECPrivateKeyImpl.calculatePublicKey(ECPrivateKeyImpl.java:213)
	at jdk.crypto.ec/sun.security.ec.ECKeyPairGenerator.generateKeyPairImpl(ECKeyPairGenerator.java:197)
	at jdk.crypto.ec/sun.security.ec.ECKeyPairGenerator.generateKeyPair(ECKeyPairGenerator.java:147)
	at java.base/java.security.KeyPairGenerator$Delegate.generateKeyPair(KeyPairGenerator.java:728)
	at java.base/sun.security.ssl.ECDHKeyExchange$ECDHEPossession.<init>(ECDHKeyExchange.java:118)
	at java.base/sun.security.ssl.NamedGroup$ECDHEScheme.createPossession(NamedGroup.java:706)
	at java.base/sun.security.ssl.NamedGroup$NamedGroupSpec.createPossession(NamedGroup.java:642)
	at java.base/sun.security.ssl.NamedGroup.createPossession(NamedGroup.java:550)
	at java.base/sun.security.ssl.SSLKeyExchange$T13KeyAgreement.createPossession(SSLKeyExchange.java:573)
	at java.base/sun.security.ssl.SSLKeyExchange.createPossessions(SSLKeyExchange.java:92)
	at java.base/sun.security.ssl.KeyShareExtension$CHKeyShareProducer.getShare(KeyShareExtension.java:295)
	at java.base/sun.security.ssl.KeyShareExtension$CHKeyShareProducer.produce(KeyShareExtension.java:257)
	at java.base/sun.security.ssl.SSLExtension.produce(SSLExtension.java:599)
	at java.base/sun.security.ssl.SSLExtensions.produce(SSLExtensions.java:265)
	at java.base/sun.security.ssl.ClientHello$ClientHelloKickstartProducer.produce(ClientHello.java:637)
	at java.base/sun.security.ssl.SSLHandshake.kickstart(SSLHandshake.java:526)
	at java.base/sun.security.ssl.ClientHandshakeContext.kickstart(ClientHandshakeContext.java:112)
	at java.base/sun.security.ssl.TransportContext.kickstart(TransportContext.java:258)
	at java.base/sun.security.ssl.SSLSocketImpl.startHandshake(SSLSocketImpl.java:448)
	at java.base/sun.security.ssl.SSLSocketImpl.startHandshake(SSLSocketImpl.java:426)
	at com.mysql.cj.protocol.ExportControlled.performTlsHandshake(ExportControlled.java:347)
	at com.mysql.cj.protocol.StandardSocketFactory.performTlsHandshake(StandardSocketFactory.java:191)
	at com.mysql.cj.protocol.a.NativeSocketConnection.performTlsHandshake(NativeSocketConnection.java:101)
	at com.mysql.cj.protocol.a.NativeProtocol.negotiateSSLConnection(NativeProtocol.java:370)
	at com.mysql.cj.protocol.a.NativeAuthenticationProvider.connect(NativeAuthenticationProvider.java:206)
	at com.mysql.cj.protocol.a.NativeProtocol.connect(NativeProtocol.java:1430)
	at com.mysql.cj.NativeSession.connect(NativeSession.java:134)
	at com.mysql.cj.jdbc.ConnectionImpl.connectOneTryOnly(ConnectionImpl.java:945)
	at com.mysql.cj.jdbc.ConnectionImpl.createNewIO(ConnectionImpl.java:815)
	at com.mysql.cj.jdbc.ConnectionImpl.<init>(ConnectionImpl.java:446)
	at com.mysql.cj.jdbc.ConnectionImpl.getInstance(ConnectionImpl.java:239)
	at com.mysql.cj.jdbc.NonRegisteringDriver.connect(NonRegisteringDriver.java:188)
	at java.sql/java.sql.DriverManager.getConnection(DriverManager.java:683)
	at java.sql/java.sql.DriverManager.getConnection(DriverManager.java:230)
	at dao.DBConnection.<init>(DBConnection.java:29)
	at dao.DBConnection.getInstance(DBConnection.java:43)
	at JUnit.TesteAplicacao.testReaberturaConexao(TesteAplicacao.java:59)
	at java.base/jdk.internal.reflect.DirectMethodHandleAccessor.invoke(DirectMethodHandleAccessor.java:103)
	at java.base/java.lang.reflect.Method.invoke(Method.java:580)
	at org.junit.runners.model.FrameworkMethod$1.runReflectiveCall(FrameworkMethod.java:59)
	at org.junit.internal.runners.model.ReflectiveCallable.run(ReflectiveCallable.java:12)
	at org.junit.runners.model.FrameworkMethod.invokeExplosively(FrameworkMethod.java:56)
	at org.junit.internal.runners.statements.InvokeMethod.evaluate(InvokeMethod.java:17)
	at org.junit.runners.ParentRunner$3.evaluate(ParentRunner.java:306)
	at org.junit.runners.BlockJUnit4ClassRunner$1.evaluate(BlockJUnit4ClassRunner.java:100)
	at org.junit.runners.ParentRunner.runLeaf(ParentRunner.java:366)
	at org.junit.runners.BlockJUnit4ClassRunner.runChild(BlockJUnit4ClassRunner.java:103)
	at org.junit.runners.BlockJUnit4ClassRunner.runChild(BlockJUnit4ClassRunner.java:63)
	at org.junit.runners.ParentRunner$4.run(ParentRunner.java:331)
	at org.junit.runners.ParentRunner$1.schedule(ParentRunner.java:79)
	at org.junit.runners.ParentRunner.runChildren(ParentRunner.java:329)
	at org.junit.runners.ParentRunner.access$100(ParentRunner.java:66)
	at org.junit.runners.ParentRunner$2.evaluate(ParentRunner.java:293)
	at org.junit.runners.ParentRunner$3.evaluate(ParentRunner.java:306)
	at org.junit.runners.ParentRunner.run(ParentRunner.java:413)
	at org.apache.maven.surefire.junit4.JUnit4Provider.execute(JUnit4Provider.java:316)
	at org.apache.maven.surefire.junit4.JUnit4Provider.executeWithRerun(JUnit4Provider.java:240)
	at org.apache.maven.surefire.junit4.JUnit4Provider.executeTestSet(JUnit4Provider.java:214)
	at org.apache.maven.surefire.junit4.JUnit4Provider.invoke(JUnit4Provider.java:155)
	at org.apache.maven.surefire.booter.ForkedBooter.runSuitesInProcess(ForkedBooter.java:385)
	at org.apache.maven.surefire.booter.ForkedBooter.execute(ForkedBooter.java:162)
	at org.apache.maven.surefire.booter.ForkedBooter.run(ForkedBooter.java:507)
	at org.apache.maven.surefire.booter.ForkedBooter.main(ForkedBooter.java:495)
Caused by: java.io.IOException: Error while instrumenting sun/security/ec/ECOperations$PointMultiplier$Secp256R1GeneratorMultiplier$P256.
	at org.jacoco.agent.rt.internal_f3994fa.core.instr.Instrumenter.instrumentError(Instrumenter.java:160)
	at org.jacoco.agent.rt.internal_f3994fa.core.instr.Instrumenter.instrument(Instrumenter.java:110)
	at org.jacoco.agent.rt.internal_f3994fa.CoverageTransformer.transform(CoverageTransformer.java:92)
	... 76 more
Caused by: java.lang.IllegalArgumentException: Unsupported class file major version 65
	at org.jacoco.agent.rt.internal_f3994fa.asm.ClassReader.<init>(ClassReader.java:196)
	at org.jacoco.agent.rt.internal_f3994fa.asm.ClassReader.<init>(ClassReader.java:177)
	at org.jacoco.agent.rt.internal_f3994fa.asm.ClassReader.<init>(ClassReader.java:163)
	at org.jacoco.agent.rt.internal_f3994fa.core.internal.instr.InstrSupport.classReaderFor(InstrSupport.java:280)
	at org.jacoco.agent.rt.internal_f3994fa.core.instr.Instrumenter.instrument(Instrumenter.java:76)
	at org.jacoco.agent.rt.internal_f3994fa.core.instr.Instrumenter.instrument(Instrumenter.java:108)
	... 77 more
java.lang.instrument.IllegalClassFormatException: Error while instrumenting sun/security/ec/ECOperations$PointMultiplier$Default.
	at org.jacoco.agent.rt.internal_f3994fa.CoverageTransformer.transform(CoverageTransformer.java:94)
	at java.instrument/java.lang.instrument.ClassFileTransformer.transform(ClassFileTransformer.java:244)
	at java.instrument/sun.instrument.TransformerManager.transform(TransformerManager.java:188)
	at java.instrument/sun.instrument.InstrumentationImpl.transform(InstrumentationImpl.java:610)
	at java.base/java.lang.ClassLoader.defineClass2(Native Method)
	at java.base/java.lang.ClassLoader.defineClass(ClassLoader.java:1118)
	at java.base/java.security.SecureClassLoader.defineClass(SecureClassLoader.java:182)
	at java.base/jdk.internal.loader.BuiltinClassLoader.defineClass(BuiltinClassLoader.java:821)
	at java.base/jdk.internal.loader.BuiltinClassLoader.findClassInModuleOrNull(BuiltinClassLoader.java:741)
	at java.base/jdk.internal.loader.BuiltinClassLoader.loadClassOrNull(BuiltinClassLoader.java:665)
	at java.base/jdk.internal.loader.BuiltinClassLoader.loadClass(BuiltinClassLoader.java:639)
	at java.base/java.lang.ClassLoader.loadClass(ClassLoader.java:526)
	at jdk.crypto.ec/sun.security.ec.ECOperations$PointMultiplier$Secp256R1GeneratorMultiplier$P256.<clinit>(ECOperations.java:652)
	at jdk.crypto.ec/sun.security.ec.ECOperations$PointMultiplier$Secp256R1GeneratorMultiplier.pointMultiply(ECOperations.java:575)
	at jdk.crypto.ec/sun.security.ec.ECOperations.multiply(ECOperations.java:214)
	at jdk.crypto.ec/sun.security.ec.ECPrivateKeyImpl.calculatePublicKey(ECPrivateKeyImpl.java:213)
	at jdk.crypto.ec/sun.security.ec.ECKeyPairGenerator.generateKeyPairImpl(ECKeyPairGenerator.java:197)
	at jdk.crypto.ec/sun.security.ec.ECKeyPairGenerator.generateKeyPair(ECKeyPairGenerator.java:147)
	at java.base/java.security.KeyPairGenerator$Delegate.generateKeyPair(KeyPairGenerator.java:728)
	at java.base/sun.security.ssl.ECDHKeyExchange$ECDHEPossession.<init>(ECDHKeyExchange.java:118)
	at java.base/sun.security.ssl.NamedGroup$ECDHEScheme.createPossession(NamedGroup.java:706)
	at java.base/sun.security.ssl.NamedGroup$NamedGroupSpec.createPossession(NamedGroup.java:642)
	at java.base/sun.security.ssl.NamedGroup.createPossession(NamedGroup.java:550)
	at java.base/sun.security.ssl.SSLKeyExchange$T13KeyAgreement.createPossession(SSLKeyExchange.java:573)
	at java.base/sun.security.ssl.SSLKeyExchange.createPossessions(SSLKeyExchange.java:92)
	at java.base/sun.security.ssl.KeyShareExtension$CHKeyShareProducer.getShare(KeyShareExtension.java:295)
	at java.base/sun.security.ssl.KeyShareExtension$CHKeyShareProducer.produce(KeyShareExtension.java:257)
	at java.base/sun.security.ssl.SSLExtension.produce(SSLExtension.java:599)
	at java.base/sun.security.ssl.SSLExtensions.produce(SSLExtensions.java:265)
	at java.base/sun.security.ssl.ClientHello$ClientHelloKickstartProducer.produce(ClientHello.java:637)
	at java.base/sun.security.ssl.SSLHandshake.kickstart(SSLHandshake.java:526)
	at java.base/sun.security.ssl.ClientHandshakeContext.kickstart(ClientHandshakeContext.java:112)
	at java.base/sun.security.ssl.TransportContext.kickstart(TransportContext.java:258)
	at java.base/sun.security.ssl.SSLSocketImpl.startHandshake(SSLSocketImpl.java:448)
	at java.base/sun.security.ssl.SSLSocketImpl.startHandshake(SSLSocketImpl.java:426)
	at com.mysql.cj.protocol.ExportControlled.performTlsHandshake(ExportControlled.java:347)
	at com.mysql.cj.protocol.StandardSocketFactory.performTlsHandshake(StandardSocketFactory.java:191)
	at com.mysql.cj.protocol.a.NativeSocketConnection.performTlsHandshake(NativeSocketConnection.java:101)
	at com.mysql.cj.protocol.a.NativeProtocol.negotiateSSLConnection(NativeProtocol.java:370)
	at com.mysql.cj.protocol.a.NativeAuthenticationProvider.connect(NativeAuthenticationProvider.java:206)
	at com.mysql.cj.protocol.a.NativeProtocol.connect(NativeProtocol.java:1430)
	at com.mysql.cj.NativeSession.connect(NativeSession.java:134)
	at com.mysql.cj.jdbc.ConnectionImpl.connectOneTryOnly(ConnectionImpl.java:945)
	at com.mysql.cj.jdbc.ConnectionImpl.createNewIO(ConnectionImpl.java:815)
	at com.mysql.cj.jdbc.ConnectionImpl.<init>(ConnectionImpl.java:446)
	at com.mysql.cj.jdbc.ConnectionImpl.getInstance(ConnectionImpl.java:239)
	at com.mysql.cj.jdbc.NonRegisteringDriver.connect(NonRegisteringDriver.java:188)
	at java.sql/java.sql.DriverManager.getConnection(DriverManager.java:683)
	at java.sql/java.sql.DriverManager.getConnection(DriverManager.java:230)
	at dao.DBConnection.<init>(DBConnection.java:29)
	at dao.DBConnection.getInstance(DBConnection.java:43)
	at JUnit.TesteAplicacao.testReaberturaConexao(TesteAplicacao.java:59)
	at java.base/jdk.internal.reflect.DirectMethodHandleAccessor.invoke(DirectMethodHandleAccessor.java:103)
	at java.base/java.lang.reflect.Method.invoke(Method.java:580)
	at org.junit.runners.model.FrameworkMethod$1.runReflectiveCall(FrameworkMethod.java:59)
	at org.junit.internal.runners.model.ReflectiveCallable.run(ReflectiveCallable.java:12)
	at org.junit.runners.model.FrameworkMethod.invokeExplosively(FrameworkMethod.java:56)
	at org.junit.internal.runners.statements.InvokeMethod.evaluate(InvokeMethod.java:17)
	at org.junit.runners.ParentRunner$3.evaluate(ParentRunner.java:306)
	at org.junit.runners.BlockJUnit4ClassRunner$1.evaluate(BlockJUnit4ClassRunner.java:100)
	at org.junit.runners.ParentRunner.runLeaf(ParentRunner.java:366)
	at org.junit.runners.BlockJUnit4ClassRunner.runChild(BlockJUnit4ClassRunner.java:103)
	at org.junit.runners.BlockJUnit4ClassRunner.runChild(BlockJUnit4ClassRunner.java:63)
	at org.junit.runners.ParentRunner$4.run(ParentRunner.java:331)
	at org.junit.runners.ParentRunner$1.schedule(ParentRunner.java:79)
	at org.junit.runners.ParentRunner.runChildren(ParentRunner.java:329)
	at org.junit.runners.ParentRunner.access$100(ParentRunner.java:66)
	at org.junit.runners.ParentRunner$2.evaluate(ParentRunner.java:293)
	at org.junit.runners.ParentRunner$3.evaluate(ParentRunner.java:306)
	at org.junit.runners.ParentRunner.run(ParentRunner.java:413)
	at org.apache.maven.surefire.junit4.JUnit4Provider.execute(JUnit4Provider.java:316)
	at org.apache.maven.surefire.junit4.JUnit4Provider.executeWithRerun(JUnit4Provider.java:240)
	at org.apache.maven.surefire.junit4.JUnit4Provider.executeTestSet(JUnit4Provider.java:214)
	at org.apache.maven.surefire.junit4.JUnit4Provider.invoke(JUnit4Provider.java:155)
	at org.apache.maven.surefire.booter.ForkedBooter.runSuitesInProcess(ForkedBooter.java:385)
	at org.apache.maven.surefire.booter.ForkedBooter.execute(ForkedBooter.java:162)
	at org.apache.maven.surefire.booter.ForkedBooter.run(ForkedBooter.java:507)
	at org.apache.maven.surefire.booter.ForkedBooter.main(ForkedBooter.java:495)
Caused by: java.io.IOException: Error while instrumenting sun/security/ec/ECOperations$PointMultiplier$Default.
	at org.jacoco.agent.rt.internal_f3994fa.core.instr.Instrumenter.instrumentError(Instrumenter.java:160)
	at org.jacoco.agent.rt.internal_f3994fa.core.instr.Instrumenter.instrument(Instrumenter.java:110)
	at org.jacoco.agent.rt.internal_f3994fa.CoverageTransformer.transform(CoverageTransformer.java:92)
	... 77 more
Caused by: java.lang.IllegalArgumentException: Unsupported class file major version 65
	at org.jacoco.agent.rt.internal_f3994fa.asm.ClassReader.<init>(ClassReader.java:196)
	at org.jacoco.agent.rt.internal_f3994fa.asm.ClassReader.<init>(ClassReader.java:177)
	at org.jacoco.agent.rt.internal_f3994fa.asm.ClassReader.<init>(ClassReader.java:163)
	at org.jacoco.agent.rt.internal_f3994fa.core.internal.instr.InstrSupport.classReaderFor(InstrSupport.java:280)
	at org.jacoco.agent.rt.internal_f3994fa.core.instr.Instrumenter.instrument(Instrumenter.java:76)
	at org.jacoco.agent.rt.internal_f3994fa.core.instr.Instrumenter.instrument(Instrumenter.java:108)
	... 78 more
java.lang.instrument.IllegalClassFormatException: Error while instrumenting sun/security/ec/ECPublicKeyImpl.
	at org.jacoco.agent.rt.internal_f3994fa.CoverageTransformer.transform(CoverageTransformer.java:94)
	at java.instrument/java.lang.instrument.ClassFileTransformer.transform(ClassFileTransformer.java:244)
	at java.instrument/sun.instrument.TransformerManager.transform(TransformerManager.java:188)
	at java.instrument/sun.instrument.InstrumentationImpl.transform(InstrumentationImpl.java:610)
	at java.base/java.lang.ClassLoader.defineClass2(Native Method)
	at java.base/java.lang.ClassLoader.defineClass(ClassLoader.java:1118)
	at java.base/java.security.SecureClassLoader.defineClass(SecureClassLoader.java:182)
	at java.base/jdk.internal.loader.BuiltinClassLoader.defineClass(BuiltinClassLoader.java:821)
	at java.base/jdk.internal.loader.BuiltinClassLoader.findClassInModuleOrNull(BuiltinClassLoader.java:741)
	at java.base/jdk.internal.loader.BuiltinClassLoader.loadClassOrNull(BuiltinClassLoader.java:665)
	at java.base/jdk.internal.loader.BuiltinClassLoader.loadClass(BuiltinClassLoader.java:639)
	at java.base/java.lang.ClassLoader.loadClass(ClassLoader.java:526)
	at jdk.crypto.ec/sun.security.ec.ECPrivateKeyImpl.calculatePublicKey(ECPrivateKeyImpl.java:218)
	at jdk.crypto.ec/sun.security.ec.ECKeyPairGenerator.generateKeyPairImpl(ECKeyPairGenerator.java:197)
	at jdk.crypto.ec/sun.security.ec.ECKeyPairGenerator.generateKeyPair(ECKeyPairGenerator.java:147)
	at java.base/java.security.KeyPairGenerator$Delegate.generateKeyPair(KeyPairGenerator.java:728)
	at java.base/sun.security.ssl.ECDHKeyExchange$ECDHEPossession.<init>(ECDHKeyExchange.java:118)
	at java.base/sun.security.ssl.NamedGroup$ECDHEScheme.createPossession(NamedGroup.java:706)
	at java.base/sun.security.ssl.NamedGroup$NamedGroupSpec.createPossession(NamedGroup.java:642)
	at java.base/sun.security.ssl.NamedGroup.createPossession(NamedGroup.java:550)
	at java.base/sun.security.ssl.SSLKeyExchange$T13KeyAgreement.createPossession(SSLKeyExchange.java:573)
	at java.base/sun.security.ssl.SSLKeyExchange.createPossessions(SSLKeyExchange.java:92)
	at java.base/sun.security.ssl.KeyShareExtension$CHKeyShareProducer.getShare(KeyShareExtension.java:295)
	at java.base/sun.security.ssl.KeyShareExtension$CHKeyShareProducer.produce(KeyShareExtension.java:257)
	at java.base/sun.security.ssl.SSLExtension.produce(SSLExtension.java:599)
	at java.base/sun.security.ssl.SSLExtensions.produce(SSLExtensions.java:265)
	at java.base/sun.security.ssl.ClientHello$ClientHelloKickstartProducer.produce(ClientHello.java:637)
	at java.base/sun.security.ssl.SSLHandshake.kickstart(SSLHandshake.java:526)
	at java.base/sun.security.ssl.ClientHandshakeContext.kickstart(ClientHandshakeContext.java:112)
	at java.base/sun.security.ssl.TransportContext.kickstart(TransportContext.java:258)
	at java.base/sun.security.ssl.SSLSocketImpl.startHandshake(SSLSocketImpl.java:448)
	at java.base/sun.security.ssl.SSLSocketImpl.startHandshake(SSLSocketImpl.java:426)
	at com.mysql.cj.protocol.ExportControlled.performTlsHandshake(ExportControlled.java:347)
	at com.mysql.cj.protocol.StandardSocketFactory.performTlsHandshake(StandardSocketFactory.java:191)
	at com.mysql.cj.protocol.a.NativeSocketConnection.performTlsHandshake(NativeSocketConnection.java:101)
	at com.mysql.cj.protocol.a.NativeProtocol.negotiateSSLConnection(NativeProtocol.java:370)
	at com.mysql.cj.protocol.a.NativeAuthenticationProvider.connect(NativeAuthenticationProvider.java:206)
	at com.mysql.cj.protocol.a.NativeProtocol.connect(NativeProtocol.java:1430)
	at com.mysql.cj.NativeSession.connect(NativeSession.java:134)
	at com.mysql.cj.jdbc.ConnectionImpl.connectOneTryOnly(ConnectionImpl.java:945)
	at com.mysql.cj.jdbc.ConnectionImpl.createNewIO(ConnectionImpl.java:815)
	at com.mysql.cj.jdbc.ConnectionImpl.<init>(ConnectionImpl.java:446)
	at com.mysql.cj.jdbc.ConnectionImpl.getInstance(ConnectionImpl.java:239)
	at com.mysql.cj.jdbc.NonRegisteringDriver.connect(NonRegisteringDriver.java:188)
	at java.sql/java.sql.DriverManager.getConnection(DriverManager.java:683)
	at java.sql/java.sql.DriverManager.getConnection(DriverManager.java:230)
	at dao.DBConnection.<init>(DBConnection.java:29)
	at dao.DBConnection.getInstance(DBConnection.java:43)
	at JUnit.TesteAplicacao.testReaberturaConexao(TesteAplicacao.java:59)
	at java.base/jdk.internal.reflect.DirectMethodHandleAccessor.invoke(DirectMethodHandleAccessor.java:103)
	at java.base/java.lang.reflect.Method.invoke(Method.java:580)
	at org.junit.runners.model.FrameworkMethod$1.runReflectiveCall(FrameworkMethod.java:59)
	at org.junit.internal.runners.model.ReflectiveCallable.run(ReflectiveCallable.java:12)
	at org.junit.runners.model.FrameworkMethod.invokeExplosively(FrameworkMethod.java:56)
	at org.junit.internal.runners.statements.InvokeMethod.evaluate(InvokeMethod.java:17)
	at org.junit.runners.ParentRunner$3.evaluate(ParentRunner.java:306)
	at org.junit.runners.BlockJUnit4ClassRunner$1.evaluate(BlockJUnit4ClassRunner.java:100)
	at org.junit.runners.ParentRunner.runLeaf(ParentRunner.java:366)
	at org.junit.runners.BlockJUnit4ClassRunner.runChild(BlockJUnit4ClassRunner.java:103)
	at org.junit.runners.BlockJUnit4ClassRunner.runChild(BlockJUnit4ClassRunner.java:63)
	at org.junit.runners.ParentRunner$4.run(ParentRunner.java:331)
	at org.junit.runners.ParentRunner$1.schedule(ParentRunner.java:79)
	at org.junit.runners.ParentRunner.runChildren(ParentRunner.java:329)
	at org.junit.runners.ParentRunner.access$100(ParentRunner.java:66)
	at org.junit.runners.ParentRunner$2.evaluate(ParentRunner.java:293)
	at org.junit.runners.ParentRunner$3.evaluate(ParentRunner.java:306)
	at org.junit.runners.ParentRunner.run(ParentRunner.java:413)
	at org.apache.maven.surefire.junit4.JUnit4Provider.execute(JUnit4Provider.java:316)
	at org.apache.maven.surefire.junit4.JUnit4Provider.executeWithRerun(JUnit4Provider.java:240)
	at org.apache.maven.surefire.junit4.JUnit4Provider.executeTestSet(JUnit4Provider.java:214)
	at org.apache.maven.surefire.junit4.JUnit4Provider.invoke(JUnit4Provider.java:155)
	at org.apache.maven.surefire.booter.ForkedBooter.runSuitesInProcess(ForkedBooter.java:385)
	at org.apache.maven.surefire.booter.ForkedBooter.execute(ForkedBooter.java:162)
	at org.apache.maven.surefire.booter.ForkedBooter.run(ForkedBooter.java:507)
	at org.apache.maven.surefire.booter.ForkedBooter.main(ForkedBooter.java:495)
Caused by: java.io.IOException: Error while instrumenting sun/security/ec/ECPublicKeyImpl.
	at org.jacoco.agent.rt.internal_f3994fa.core.instr.Instrumenter.instrumentError(Instrumenter.java:160)
	at org.jacoco.agent.rt.internal_f3994fa.core.instr.Instrumenter.instrument(Instrumenter.java:110)
	at org.jacoco.agent.rt.internal_f3994fa.CoverageTransformer.transform(CoverageTransformer.java:92)
	... 74 more
Caused by: java.lang.IllegalArgumentException: Unsupported class file major version 65
	at org.jacoco.agent.rt.internal_f3994fa.asm.ClassReader.<init>(ClassReader.java:196)
	at org.jacoco.agent.rt.internal_f3994fa.asm.ClassReader.<init>(ClassReader.java:177)
	at org.jacoco.agent.rt.internal_f3994fa.asm.ClassReader.<init>(ClassReader.java:163)
	at org.jacoco.agent.rt.internal_f3994fa.core.internal.instr.InstrSupport.classReaderFor(InstrSupport.java:280)
	at org.jacoco.agent.rt.internal_f3994fa.core.instr.Instrumenter.instrument(Instrumenter.java:76)
	at org.jacoco.agent.rt.internal_f3994fa.core.instr.Instrumenter.instrument(Instrumenter.java:108)
	... 75 more
java.lang.instrument.IllegalClassFormatException: Error while instrumenting sun/security/ec/ECDHKeyAgreement.
	at org.jacoco.agent.rt.internal_f3994fa.CoverageTransformer.transform(CoverageTransformer.java:94)
	at java.instrument/java.lang.instrument.ClassFileTransformer.transform(ClassFileTransformer.java:244)
	at java.instrument/sun.instrument.TransformerManager.transform(TransformerManager.java:188)
	at java.instrument/sun.instrument.InstrumentationImpl.transform(InstrumentationImpl.java:610)
	at java.base/java.lang.ClassLoader.defineClass2(Native Method)
	at java.base/java.lang.ClassLoader.defineClass(ClassLoader.java:1118)
	at java.base/java.security.SecureClassLoader.defineClass(SecureClassLoader.java:182)
	at java.base/jdk.internal.loader.BuiltinClassLoader.defineClass(BuiltinClassLoader.java:821)
	at java.base/jdk.internal.loader.BuiltinClassLoader.findClassInModuleOrNull(BuiltinClassLoader.java:741)
	at java.base/jdk.internal.loader.BuiltinClassLoader.loadClassOrNull(BuiltinClassLoader.java:665)
	at java.base/jdk.internal.loader.BuiltinClassLoader.loadClass(BuiltinClassLoader.java:639)
	at java.base/java.lang.ClassLoader.loadClass(ClassLoader.java:526)
	at jdk.crypto.ec/sun.security.ec.SunEC$ProviderService.newInstance(SunEC.java:165)
	at java.base/javax.crypto.KeyAgreement.chooseProvider(KeyAgreement.java:387)
	at java.base/javax.crypto.KeyAgreement.init(KeyAgreement.java:481)
	at java.base/javax.crypto.KeyAgreement.init(KeyAgreement.java:452)
	at java.base/sun.security.ssl.KAKeyDerivation.t13DeriveKey(KAKeyDerivation.java:102)
	at java.base/sun.security.ssl.KAKeyDerivation.deriveKey(KAKeyDerivation.java:63)
	at java.base/sun.security.ssl.ServerHello$T13ServerHelloConsumer.consume(ServerHello.java:1283)
	at java.base/sun.security.ssl.ServerHello$ServerHelloConsumer.onServerHello(ServerHello.java:1001)
	at java.base/sun.security.ssl.ServerHello$ServerHelloConsumer.consume(ServerHello.java:889)
	at java.base/sun.security.ssl.SSLHandshake.consume(SSLHandshake.java:393)
	at java.base/sun.security.ssl.HandshakeContext.dispatch(HandshakeContext.java:476)
	at java.base/sun.security.ssl.HandshakeContext.dispatch(HandshakeContext.java:447)
	at java.base/sun.security.ssl.TransportContext.dispatch(TransportContext.java:201)
	at java.base/sun.security.ssl.SSLTransport.decode(SSLTransport.java:172)
	at java.base/sun.security.ssl.SSLSocketImpl.decode(SSLSocketImpl.java:1506)
	at java.base/sun.security.ssl.SSLSocketImpl.readHandshakeRecord(SSLSocketImpl.java:1421)
	at java.base/sun.security.ssl.SSLSocketImpl.startHandshake(SSLSocketImpl.java:455)
	at java.base/sun.security.ssl.SSLSocketImpl.startHandshake(SSLSocketImpl.java:426)
	at com.mysql.cj.protocol.ExportControlled.performTlsHandshake(ExportControlled.java:347)
	at com.mysql.cj.protocol.StandardSocketFactory.performTlsHandshake(StandardSocketFactory.java:191)
	at com.mysql.cj.protocol.a.NativeSocketConnection.performTlsHandshake(NativeSocketConnection.java:101)
	at com.mysql.cj.protocol.a.NativeProtocol.negotiateSSLConnection(NativeProtocol.java:370)
	at com.mysql.cj.protocol.a.NativeAuthenticationProvider.connect(NativeAuthenticationProvider.java:206)
	at com.mysql.cj.protocol.a.NativeProtocol.connect(NativeProtocol.java:1430)
	at com.mysql.cj.NativeSession.connect(NativeSession.java:134)
	at com.mysql.cj.jdbc.ConnectionImpl.connectOneTryOnly(ConnectionImpl.java:945)
	at com.mysql.cj.jdbc.ConnectionImpl.createNewIO(ConnectionImpl.java:815)
	at com.mysql.cj.jdbc.ConnectionImpl.<init>(ConnectionImpl.java:446)
	at com.mysql.cj.jdbc.ConnectionImpl.getInstance(ConnectionImpl.java:239)
	at com.mysql.cj.jdbc.NonRegisteringDriver.connect(NonRegisteringDriver.java:188)
	at java.sql/java.sql.DriverManager.getConnection(DriverManager.java:683)
	at java.sql/java.sql.DriverManager.getConnection(DriverManager.java:230)
	at dao.DBConnection.<init>(DBConnection.java:29)
	at dao.DBConnection.getInstance(DBConnection.java:43)
	at JUnit.TesteAplicacao.testReaberturaConexao(TesteAplicacao.java:59)
	at java.base/jdk.internal.reflect.DirectMethodHandleAccessor.invoke(DirectMethodHandleAccessor.java:103)
	at java.base/java.lang.reflect.Method.invoke(Method.java:580)
	at org.junit.runners.model.FrameworkMethod$1.runReflectiveCall(FrameworkMethod.java:59)
	at org.junit.internal.runners.model.ReflectiveCallable.run(ReflectiveCallable.java:12)
	at org.junit.runners.model.FrameworkMethod.invokeExplosively(FrameworkMethod.java:56)
	at org.junit.internal.runners.statements.InvokeMethod.evaluate(InvokeMethod.java:17)
	at org.junit.runners.ParentRunner$3.evaluate(ParentRunner.java:306)
	at org.junit.runners.BlockJUnit4ClassRunner$1.evaluate(BlockJUnit4ClassRunner.java:100)
	at org.junit.runners.ParentRunner.runLeaf(ParentRunner.java:366)
	at org.junit.runners.BlockJUnit4ClassRunner.runChild(BlockJUnit4ClassRunner.java:103)
	at org.junit.runners.BlockJUnit4ClassRunner.runChild(BlockJUnit4ClassRunner.java:63)
	at org.junit.runners.ParentRunner$4.run(ParentRunner.java:331)
	at org.junit.runners.ParentRunner$1.schedule(ParentRunner.java:79)
	at org.junit.runners.ParentRunner.runChildren(ParentRunner.java:329)
	at org.junit.runners.ParentRunner.access$100(ParentRunner.java:66)
	at org.junit.runners.ParentRunner$2.evaluate(ParentRunner.java:293)
	at org.junit.runners.ParentRunner$3.evaluate(ParentRunner.java:306)
	at org.junit.runners.ParentRunner.run(ParentRunner.java:413)
	at org.apache.maven.surefire.junit4.JUnit4Provider.execute(JUnit4Provider.java:316)
	at org.apache.maven.surefire.junit4.JUnit4Provider.executeWithRerun(JUnit4Provider.java:240)
	at org.apache.maven.surefire.junit4.JUnit4Provider.executeTestSet(JUnit4Provider.java:214)
	at org.apache.maven.surefire.junit4.JUnit4Provider.invoke(JUnit4Provider.java:155)
	at org.apache.maven.surefire.booter.ForkedBooter.runSuitesInProcess(ForkedBooter.java:385)
	at org.apache.maven.surefire.booter.ForkedBooter.execute(ForkedBooter.java:162)
	at org.apache.maven.surefire.booter.ForkedBooter.run(ForkedBooter.java:507)
	at org.apache.maven.surefire.booter.ForkedBooter.main(ForkedBooter.java:495)
Caused by: java.io.IOException: Error while instrumenting sun/security/ec/ECDHKeyAgreement.
	at org.jacoco.agent.rt.internal_f3994fa.core.instr.Instrumenter.instrumentError(Instrumenter.java:160)
	at org.jacoco.agent.rt.internal_f3994fa.core.instr.Instrumenter.instrument(Instrumenter.java:110)
	at org.jacoco.agent.rt.internal_f3994fa.CoverageTransformer.transform(CoverageTransformer.java:92)
	... 72 more
Caused by: java.lang.IllegalArgumentException: Unsupported class file major version 65
	at org.jacoco.agent.rt.internal_f3994fa.asm.ClassReader.<init>(ClassReader.java:196)
	at org.jacoco.agent.rt.internal_f3994fa.asm.ClassReader.<init>(ClassReader.java:177)
	at org.jacoco.agent.rt.internal_f3994fa.asm.ClassReader.<init>(ClassReader.java:163)
	at org.jacoco.agent.rt.internal_f3994fa.core.internal.instr.InstrSupport.classReaderFor(InstrSupport.java:280)
	at org.jacoco.agent.rt.internal_f3994fa.core.instr.Instrumenter.instrument(Instrumenter.java:76)
	at org.jacoco.agent.rt.internal_f3994fa.core.instr.Instrumenter.instrument(Instrumenter.java:108)
	... 73 more
java.lang.instrument.IllegalClassFormatException: Error while instrumenting java/sql/SQLType.
	at org.jacoco.agent.rt.internal_f3994fa.CoverageTransformer.transform(CoverageTransformer.java:94)
	at java.instrument/java.lang.instrument.ClassFileTransformer.transform(ClassFileTransformer.java:244)
	at java.instrument/sun.instrument.TransformerManager.transform(TransformerManager.java:188)
	at java.instrument/sun.instrument.InstrumentationImpl.transform(InstrumentationImpl.java:610)
	at java.base/java.lang.ClassLoader.defineClass2(Native Method)
	at java.base/java.lang.ClassLoader.defineClass(ClassLoader.java:1118)
	at java.base/java.security.SecureClassLoader.defineClass(SecureClassLoader.java:182)
	at java.base/jdk.internal.loader.BuiltinClassLoader.defineClass(BuiltinClassLoader.java:821)
	at java.base/jdk.internal.loader.BuiltinClassLoader.findClassInModuleOrNull(BuiltinClassLoader.java:741)
	at java.base/jdk.internal.loader.BuiltinClassLoader.loadClassOrNull(BuiltinClassLoader.java:665)
	at java.base/jdk.internal.loader.BuiltinClassLoader.loadClassOrNull(BuiltinClassLoader.java:700)
	at java.base/jdk.internal.loader.BuiltinClassLoader.loadClassOrNull(BuiltinClassLoader.java:669)
	at java.base/jdk.internal.loader.BuiltinClassLoader.loadClass(BuiltinClassLoader.java:639)
	at java.base/jdk.internal.loader.ClassLoaders$AppClassLoader.loadClass(ClassLoaders.java:188)
	at java.base/java.lang.ClassLoader.loadClass(ClassLoader.java:526)
	at java.base/java.lang.ClassLoader.defineClass1(Native Method)
	at java.base/java.lang.ClassLoader.defineClass(ClassLoader.java:1027)
	at java.base/java.security.SecureClassLoader.defineClass(SecureClassLoader.java:150)
	at java.base/jdk.internal.loader.BuiltinClassLoader.defineClass(BuiltinClassLoader.java:862)
	at java.base/jdk.internal.loader.BuiltinClassLoader.findClassOnClassPathOrNull(BuiltinClassLoader.java:760)
	at java.base/jdk.internal.loader.BuiltinClassLoader.loadClassOrNull(BuiltinClassLoader.java:681)
	at java.base/jdk.internal.loader.BuiltinClassLoader.loadClass(BuiltinClassLoader.java:639)
	at java.base/jdk.internal.loader.ClassLoaders$AppClassLoader.loadClass(ClassLoaders.java:188)
	at java.base/java.lang.ClassLoader.loadClass(ClassLoader.java:526)
	at com.mysql.cj.protocol.a.NativeProtocol.findMysqlType(NativeProtocol.java:1526)
	at com.mysql.cj.protocol.a.ColumnDefinitionReader.unpackField(ColumnDefinitionReader.java:125)
	at com.mysql.cj.protocol.a.ColumnDefinitionReader.read(ColumnDefinitionReader.java:68)
	at com.mysql.cj.protocol.a.ColumnDefinitionReader.read(ColumnDefinitionReader.java:40)
	at com.mysql.cj.protocol.a.NativeProtocol.read(NativeProtocol.java:1648)
	at com.mysql.cj.protocol.a.TextResultsetReader.read(TextResultsetReader.java:68)
	at com.mysql.cj.protocol.a.TextResultsetReader.read(TextResultsetReader.java:48)
	at com.mysql.cj.protocol.a.NativeProtocol.read(NativeProtocol.java:1661)
	at com.mysql.cj.protocol.a.NativeProtocol.readAllResults(NativeProtocol.java:1715)
	at com.mysql.cj.NativeSession.loadServerVariables(NativeSession.java:447)
	at com.mysql.cj.jdbc.ConnectionImpl.initializePropsFromServer(ConnectionImpl.java:1269)
	at com.mysql.cj.jdbc.ConnectionImpl.connectOneTryOnly(ConnectionImpl.java:956)
	at com.mysql.cj.jdbc.ConnectionImpl.createNewIO(ConnectionImpl.java:815)
	at com.mysql.cj.jdbc.ConnectionImpl.<init>(ConnectionImpl.java:446)
	at com.mysql.cj.jdbc.ConnectionImpl.getInstance(ConnectionImpl.java:239)
	at com.mysql.cj.jdbc.NonRegisteringDriver.connect(NonRegisteringDriver.java:188)
	at java.sql/java.sql.DriverManager.getConnection(DriverManager.java:683)
	at java.sql/java.sql.DriverManager.getConnection(DriverManager.java:230)
	at dao.DBConnection.<init>(DBConnection.java:29)
	at dao.DBConnection.getInstance(DBConnection.java:43)
	at JUnit.TesteAplicacao.testReaberturaConexao(TesteAplicacao.java:59)
	at java.base/jdk.internal.reflect.DirectMethodHandleAccessor.invoke(DirectMethodHandleAccessor.java:103)
	at java.base/java.lang.reflect.Method.invoke(Method.java:580)
	at org.junit.runners.model.FrameworkMethod$1.runReflectiveCall(FrameworkMethod.java:59)
	at org.junit.internal.runners.model.ReflectiveCallable.run(ReflectiveCallable.java:12)
	at org.junit.runners.model.FrameworkMethod.invokeExplosively(FrameworkMethod.java:56)
	at org.junit.internal.runners.statements.InvokeMethod.evaluate(InvokeMethod.java:17)
	at org.junit.runners.ParentRunner$3.evaluate(ParentRunner.java:306)
	at org.junit.runners.BlockJUnit4ClassRunner$1.evaluate(BlockJUnit4ClassRunner.java:100)
	at org.junit.runners.ParentRunner.runLeaf(ParentRunner.java:366)
	at org.junit.runners.BlockJUnit4ClassRunner.runChild(BlockJUnit4ClassRunner.java:103)
	at org.junit.runners.BlockJUnit4ClassRunner.runChild(BlockJUnit4ClassRunner.java:63)
	at org.junit.runners.ParentRunner$4.run(ParentRunner.java:331)
	at org.junit.runners.ParentRunner$1.schedule(ParentRunner.java:79)
	at org.junit.runners.ParentRunner.runChildren(ParentRunner.java:329)
	at org.junit.runners.ParentRunner.access$100(ParentRunner.java:66)
	at org.junit.runners.ParentRunner$2.evaluate(ParentRunner.java:293)
	at org.junit.runners.ParentRunner$3.evaluate(ParentRunner.java:306)
	at org.junit.runners.ParentRunner.run(ParentRunner.java:413)
	at org.apache.maven.surefire.junit4.JUnit4Provider.execute(JUnit4Provider.java:316)
	at org.apache.maven.surefire.junit4.JUnit4Provider.executeWithRerun(JUnit4Provider.java:240)
	at org.apache.maven.surefire.junit4.JUnit4Provider.executeTestSet(JUnit4Provider.java:214)
	at org.apache.maven.surefire.junit4.JUnit4Provider.invoke(JUnit4Provider.java:155)
	at org.apache.maven.surefire.booter.ForkedBooter.runSuitesInProcess(ForkedBooter.java:385)
	at org.apache.maven.surefire.booter.ForkedBooter.execute(ForkedBooter.java:162)
	at org.apache.maven.surefire.booter.ForkedBooter.run(ForkedBooter.java:507)
	at org.apache.maven.surefire.booter.ForkedBooter.main(ForkedBooter.java:495)
Caused by: java.io.IOException: Error while instrumenting java/sql/SQLType.
	at org.jacoco.agent.rt.internal_f3994fa.core.instr.Instrumenter.instrumentError(Instrumenter.java:160)
	at org.jacoco.agent.rt.internal_f3994fa.core.instr.Instrumenter.instrument(Instrumenter.java:110)
	at org.jacoco.agent.rt.internal_f3994fa.CoverageTransformer.transform(CoverageTransformer.java:92)
	... 70 more
Caused by: java.lang.IllegalArgumentException: Unsupported class file major version 65
	at org.jacoco.agent.rt.internal_f3994fa.asm.ClassReader.<init>(ClassReader.java:196)
	at org.jacoco.agent.rt.internal_f3994fa.asm.ClassReader.<init>(ClassReader.java:177)
	at org.jacoco.agent.rt.internal_f3994fa.asm.ClassReader.<init>(ClassReader.java:163)
	at org.jacoco.agent.rt.internal_f3994fa.core.internal.instr.InstrSupport.classReaderFor(InstrSupport.java:280)
	at org.jacoco.agent.rt.internal_f3994fa.core.instr.Instrumenter.instrument(Instrumenter.java:76)
	at org.jacoco.agent.rt.internal_f3994fa.core.instr.Instrumenter.instrument(Instrumenter.java:108)
	... 71 more
java.lang.instrument.IllegalClassFormatException: Error while instrumenting java/sql/ResultSetMetaData.
	at org.jacoco.agent.rt.internal_f3994fa.CoverageTransformer.transform(CoverageTransformer.java:94)
	at java.instrument/java.lang.instrument.ClassFileTransformer.transform(ClassFileTransformer.java:244)
	at java.instrument/sun.instrument.TransformerManager.transform(TransformerManager.java:188)
	at java.instrument/sun.instrument.InstrumentationImpl.transform(InstrumentationImpl.java:610)
	at java.base/java.lang.ClassLoader.defineClass2(Native Method)
	at java.base/java.lang.ClassLoader.defineClass(ClassLoader.java:1118)
	at java.base/java.security.SecureClassLoader.defineClass(SecureClassLoader.java:182)
	at java.base/jdk.internal.loader.BuiltinClassLoader.defineClass(BuiltinClassLoader.java:821)
	at java.base/jdk.internal.loader.BuiltinClassLoader.findClassInModuleOrNull(BuiltinClassLoader.java:741)
	at java.base/jdk.internal.loader.BuiltinClassLoader.loadClassOrNull(BuiltinClassLoader.java:665)
	at java.base/jdk.internal.loader.BuiltinClassLoader.loadClassOrNull(BuiltinClassLoader.java:700)
	at java.base/jdk.internal.loader.BuiltinClassLoader.loadClassOrNull(BuiltinClassLoader.java:669)
	at java.base/jdk.internal.loader.BuiltinClassLoader.loadClass(BuiltinClassLoader.java:639)
	at java.base/jdk.internal.loader.ClassLoaders$AppClassLoader.loadClass(ClassLoaders.java:188)
	at java.base/java.lang.ClassLoader.loadClass(ClassLoader.java:526)
	at com.mysql.cj.jdbc.result.ResultSetFactory.createFromProtocolEntity(ResultSetFactory.java:89)
	at com.mysql.cj.jdbc.result.ResultSetFactory.createFromProtocolEntity(ResultSetFactory.java:48)
	at com.mysql.cj.protocol.a.TextResultsetReader.read(TextResultsetReader.java:118)
	at com.mysql.cj.protocol.a.TextResultsetReader.read(TextResultsetReader.java:48)
	at com.mysql.cj.protocol.a.NativeProtocol.read(NativeProtocol.java:1661)
	at com.mysql.cj.protocol.a.NativeProtocol.readAllResults(NativeProtocol.java:1715)
	at com.mysql.cj.protocol.a.NativeProtocol.sendQueryPacket(NativeProtocol.java:1065)
	at com.mysql.cj.protocol.a.NativeProtocol.sendQueryString(NativeProtocol.java:998)
	at com.mysql.cj.NativeSession.execSQL(NativeSession.java:655)
	at com.mysql.cj.jdbc.ConnectionImpl.setAutoCommit(ConnectionImpl.java:2005)
	at com.mysql.cj.jdbc.ConnectionImpl.handleAutoCommitDefaults(ConnectionImpl.java:1333)
	at com.mysql.cj.jdbc.ConnectionImpl.initializePropsFromServer(ConnectionImpl.java:1283)
	at com.mysql.cj.jdbc.ConnectionImpl.connectOneTryOnly(ConnectionImpl.java:956)
	at com.mysql.cj.jdbc.ConnectionImpl.createNewIO(ConnectionImpl.java:815)
	at com.mysql.cj.jdbc.ConnectionImpl.<init>(ConnectionImpl.java:446)
	at com.mysql.cj.jdbc.ConnectionImpl.getInstance(ConnectionImpl.java:239)
	at com.mysql.cj.jdbc.NonRegisteringDriver.connect(NonRegisteringDriver.java:188)
	at java.sql/java.sql.DriverManager.getConnection(DriverManager.java:683)
	at java.sql/java.sql.DriverManager.getConnection(DriverManager.java:230)
	at dao.DBConnection.<init>(DBConnection.java:29)
	at dao.DBConnection.getInstance(DBConnection.java:43)
	at JUnit.TesteAplicacao.testReaberturaConexao(TesteAplicacao.java:59)
	at java.base/jdk.internal.reflect.DirectMethodHandleAccessor.invoke(DirectMethodHandleAccessor.java:103)
	at java.base/java.lang.reflect.Method.invoke(Method.java:580)
	at org.junit.runners.model.FrameworkMethod$1.runReflectiveCall(FrameworkMethod.java:59)
	at org.junit.internal.runners.model.ReflectiveCallable.run(ReflectiveCallable.java:12)
	at org.junit.runners.model.FrameworkMethod.invokeExplosively(FrameworkMethod.java:56)
	at org.junit.internal.runners.statements.InvokeMethod.evaluate(InvokeMethod.java:17)
	at org.junit.runners.ParentRunner$3.evaluate(ParentRunner.java:306)
	at org.junit.runners.BlockJUnit4ClassRunner$1.evaluate(BlockJUnit4ClassRunner.java:100)
	at org.junit.runners.ParentRunner.runLeaf(ParentRunner.java:366)
	at org.junit.runners.BlockJUnit4ClassRunner.runChild(BlockJUnit4ClassRunner.java:103)
	at org.junit.runners.BlockJUnit4ClassRunner.runChild(BlockJUnit4ClassRunner.java:63)
	at org.junit.runners.ParentRunner$4.run(ParentRunner.java:331)
	at org.junit.runners.ParentRunner$1.schedule(ParentRunner.java:79)
	at org.junit.runners.ParentRunner.runChildren(ParentRunner.java:329)
	at org.junit.runners.ParentRunner.access$100(ParentRunner.java:66)
	at org.junit.runners.ParentRunner$2.evaluate(ParentRunner.java:293)
	at org.junit.runners.ParentRunner$3.evaluate(ParentRunner.java:306)
	at org.junit.runners.ParentRunner.run(ParentRunner.java:413)
	at org.apache.maven.surefire.junit4.JUnit4Provider.execute(JUnit4Provider.java:316)
	at org.apache.maven.surefire.junit4.JUnit4Provider.executeWithRerun(JUnit4Provider.java:240)
	at org.apache.maven.surefire.junit4.JUnit4Provider.executeTestSet(JUnit4Provider.java:214)
	at org.apache.maven.surefire.junit4.JUnit4Provider.invoke(JUnit4Provider.java:155)
	at org.apache.maven.surefire.booter.ForkedBooter.runSuitesInProcess(ForkedBooter.java:385)
	at org.apache.maven.surefire.booter.ForkedBooter.execute(ForkedBooter.java:162)
	at org.apache.maven.surefire.booter.ForkedBooter.run(ForkedBooter.java:507)
	at org.apache.maven.surefire.booter.ForkedBooter.main(ForkedBooter.java:495)
Caused by: java.io.IOException: Error while instrumenting java/sql/ResultSetMetaData.
	at org.jacoco.agent.rt.internal_f3994fa.core.instr.Instrumenter.instrumentError(Instrumenter.java:160)
	at org.jacoco.agent.rt.internal_f3994fa.core.instr.Instrumenter.instrument(Instrumenter.java:110)
	at org.jacoco.agent.rt.internal_f3994fa.CoverageTransformer.transform(CoverageTransformer.java:92)
	... 62 more
Caused by: java.lang.IllegalArgumentException: Unsupported class file major version 65
	at org.jacoco.agent.rt.internal_f3994fa.asm.ClassReader.<init>(ClassReader.java:196)
	at org.jacoco.agent.rt.internal_f3994fa.asm.ClassReader.<init>(ClassReader.java:177)
	at org.jacoco.agent.rt.internal_f3994fa.asm.ClassReader.<init>(ClassReader.java:163)
	at org.jacoco.agent.rt.internal_f3994fa.core.internal.instr.InstrSupport.classReaderFor(InstrSupport.java:280)
	at org.jacoco.agent.rt.internal_f3994fa.core.instr.Instrumenter.instrument(Instrumenter.java:76)
	at org.jacoco.agent.rt.internal_f3994fa.core.instr.Instrumenter.instrument(Instrumenter.java:108)
	... 63 more
]]></system-err>
  </testcase>
  <testcase name="SaveProdutoComNomeNulo" classname="JUnit.TesteAplicacao" time="0.079">
    <system-err><![CDATA[java.lang.instrument.IllegalClassFormatException: Error while instrumenting java/sql/ParameterMetaData.
	at org.jacoco.agent.rt.internal_f3994fa.CoverageTransformer.transform(CoverageTransformer.java:94)
	at java.instrument/java.lang.instrument.ClassFileTransformer.transform(ClassFileTransformer.java:244)
	at java.instrument/sun.instrument.TransformerManager.transform(TransformerManager.java:188)
	at java.instrument/sun.instrument.InstrumentationImpl.transform(InstrumentationImpl.java:610)
	at java.base/java.lang.ClassLoader.defineClass2(Native Method)
	at java.base/java.lang.ClassLoader.defineClass(ClassLoader.java:1118)
	at java.base/java.security.SecureClassLoader.defineClass(SecureClassLoader.java:182)
	at java.base/jdk.internal.loader.BuiltinClassLoader.defineClass(BuiltinClassLoader.java:821)
	at java.base/jdk.internal.loader.BuiltinClassLoader.findClassInModuleOrNull(BuiltinClassLoader.java:741)
	at java.base/jdk.internal.loader.BuiltinClassLoader.loadClassOrNull(BuiltinClassLoader.java:665)
	at java.base/jdk.internal.loader.BuiltinClassLoader.loadClassOrNull(BuiltinClassLoader.java:700)
	at java.base/jdk.internal.loader.BuiltinClassLoader.loadClassOrNull(BuiltinClassLoader.java:669)
	at java.base/jdk.internal.loader.BuiltinClassLoader.loadClass(BuiltinClassLoader.java:639)
	at java.base/jdk.internal.loader.ClassLoaders$AppClassLoader.loadClass(ClassLoaders.java:188)
	at java.base/java.lang.ClassLoader.loadClass(ClassLoader.java:526)
	at com.mysql.cj.jdbc.ConnectionImpl.clientPrepareStatement(ConnectionImpl.java:667)
	at com.mysql.cj.jdbc.ConnectionImpl.prepareStatement(ConnectionImpl.java:1617)
	at com.mysql.cj.jdbc.ConnectionImpl.prepareStatement(ConnectionImpl.java:1535)
	at dao.ProdutoDAO.getProdutos(ProdutoDAO.java:60)
	at JUnit.TesteAplicacao.SaveProdutoComNomeNulo(TesteAplicacao.java:293)
	at java.base/jdk.internal.reflect.DirectMethodHandleAccessor.invoke(DirectMethodHandleAccessor.java:103)
	at java.base/java.lang.reflect.Method.invoke(Method.java:580)
	at org.junit.runners.model.FrameworkMethod$1.runReflectiveCall(FrameworkMethod.java:59)
	at org.junit.internal.runners.model.ReflectiveCallable.run(ReflectiveCallable.java:12)
	at org.junit.runners.model.FrameworkMethod.invokeExplosively(FrameworkMethod.java:56)
	at org.junit.internal.runners.statements.InvokeMethod.evaluate(InvokeMethod.java:17)
	at org.junit.runners.ParentRunner$3.evaluate(ParentRunner.java:306)
	at org.junit.runners.BlockJUnit4ClassRunner$1.evaluate(BlockJUnit4ClassRunner.java:100)
	at org.junit.runners.ParentRunner.runLeaf(ParentRunner.java:366)
	at org.junit.runners.BlockJUnit4ClassRunner.runChild(BlockJUnit4ClassRunner.java:103)
	at org.junit.runners.BlockJUnit4ClassRunner.runChild(BlockJUnit4ClassRunner.java:63)
	at org.junit.runners.ParentRunner$4.run(ParentRunner.java:331)
	at org.junit.runners.ParentRunner$1.schedule(ParentRunner.java:79)
	at org.junit.runners.ParentRunner.runChildren(ParentRunner.java:329)
	at org.junit.runners.ParentRunner.access$100(ParentRunner.java:66)
	at org.junit.runners.ParentRunner$2.evaluate(ParentRunner.java:293)
	at org.junit.runners.ParentRunner$3.evaluate(ParentRunner.java:306)
	at org.junit.runners.ParentRunner.run(ParentRunner.java:413)
	at org.apache.maven.surefire.junit4.JUnit4Provider.execute(JUnit4Provider.java:316)
	at org.apache.maven.surefire.junit4.JUnit4Provider.executeWithRerun(JUnit4Provider.java:240)
	at org.apache.maven.surefire.junit4.JUnit4Provider.executeTestSet(JUnit4Provider.java:214)
	at org.apache.maven.surefire.junit4.JUnit4Provider.invoke(JUnit4Provider.java:155)
	at org.apache.maven.surefire.booter.ForkedBooter.runSuitesInProcess(ForkedBooter.java:385)
	at org.apache.maven.surefire.booter.ForkedBooter.execute(ForkedBooter.java:162)
	at org.apache.maven.surefire.booter.ForkedBooter.run(ForkedBooter.java:507)
	at org.apache.maven.surefire.booter.ForkedBooter.main(ForkedBooter.java:495)
Caused by: java.io.IOException: Error while instrumenting java/sql/ParameterMetaData.
	at org.jacoco.agent.rt.internal_f3994fa.core.instr.Instrumenter.instrumentError(Instrumenter.java:160)
	at org.jacoco.agent.rt.internal_f3994fa.core.instr.Instrumenter.instrument(Instrumenter.java:110)
	at org.jacoco.agent.rt.internal_f3994fa.CoverageTransformer.transform(CoverageTransformer.java:92)
	... 45 more
Caused by: java.lang.IllegalArgumentException: Unsupported class file major version 65
	at org.jacoco.agent.rt.internal_f3994fa.asm.ClassReader.<init>(ClassReader.java:196)
	at org.jacoco.agent.rt.internal_f3994fa.asm.ClassReader.<init>(ClassReader.java:177)
	at org.jacoco.agent.rt.internal_f3994fa.asm.ClassReader.<init>(ClassReader.java:163)
	at org.jacoco.agent.rt.internal_f3994fa.core.internal.instr.InstrSupport.classReaderFor(InstrSupport.java:280)
	at org.jacoco.agent.rt.internal_f3994fa.core.instr.Instrumenter.instrument(Instrumenter.java:76)
	at org.jacoco.agent.rt.internal_f3994fa.core.instr.Instrumenter.instrument(Instrumenter.java:108)
	... 46 more
]]></system-err>
  </testcase>
  <testcase name="testMostraMsgCriacaoVendedor" classname="JUnit.TesteAplicacao" time="0.002">
    <system-out><![CDATA[-------------------------------
Vendedor criado com sucesso!
-------------------------------
]]></system-out>
  </testcase>
  <testcase name="GetProdutos" classname="JUnit.TesteAplicacao" time="0.012"/>
  <testcase name="testMenuInicial" classname="JUnit.TesteAplicacao" time="0.003">
    <system-out><![CDATA[---------OPÇOES CLIENTE---------
Escolha uma opcao: 
[1] Inserir Cliente
[2] Listar Clientes
[3] Atualizar Clientes
[4] Excluir um Cliente
---------OPÇOES VENDEDOR---------
Escolha uma opcao: 
[5] Inserir Vendedor
[6] Listar Vendedores
[7] Atualizar Vendedores
[8] Excluir um Vendedor
---------OPÇOES PRODUTO---------
Escolha uma opcao: 
[9] Inserir Produto
[10] Listar Produtos
[11] Atualizar Produtos
[12] Excluir um Produto
[13] Sair
----------------------------
]]></system-out>
  </testcase>
  <testcase name="testMostraMsgCriacao" classname="JUnit.TesteAplicacao" time="0.001">
    <system-out><![CDATA[-------------------------------
Produto criado com sucesso!
-------------------------------
]]></system-out>
  </testcase>
  <testcase name="testMostraMsgCriacaoParaCliente" classname="JUnit.TesteAplicacao" time="0.002">
    <system-out><![CDATA[-------------------------------
Cliente criado com sucesso!
-------------------------------
]]></system-out>
  </testcase>
  <testcase name="testSaveVendedor" classname="JUnit.TesteAplicacao" time="0.04"/>
  <testcase name="testDeleteVendedor" classname="JUnit.TesteAplicacao" time="0.036">
    <system-out><![CDATA[Vendedor com ID 0 não encontrado.
]]></system-out>
  </testcase>
  <testcase name="testMostraMsgDelecao" classname="JUnit.TesteAplicacao" time="0.001">
    <system-out><![CDATA[-------------------------------
Produto deletado com sucesso!
-------------------------------
]]></system-out>
  </testcase>
  <testcase name="testBuscaCodigo" classname="JUnit.TesteAplicacao" time="0.01"/>
  <testcase name="testCloseConnection" classname="JUnit.TesteAplicacao" time="0.008"/>
  <testcase name="testMostraMsgDelecaoParaVendedor" classname="JUnit.TesteAplicacao" time="0.001">
    <system-out><![CDATA[-------------------------------
Vendedor deletado com sucesso!
-------------------------------
]]></system-out>
  </testcase>
  <testcase name="SalvarProdutoComPrecoZero" classname="JUnit.TesteAplicacao" time="0.029"/>
  <testcase name="testMostraMsgProdutoNaoEncontrado" classname="JUnit.TesteAplicacao" time="0.001">
    <system-out><![CDATA[-------------------------------
Produto não encontrado e/ou não existente
-------------------------------
]]></system-out>
  </testcase>
  <testcase name="GetClientes" classname="JUnit.TesteAplicacao" time="0.009"/>
  <testcase name="testGetConnection" classname="JUnit.TesteAplicacao" time="0.008"/>
  <testcase name="testMostraMsgClienteNaoEncontrado" classname="JUnit.TesteAplicacao" time="0.001"/>
  <testcase name="testarMultiplasGetInstances" classname="JUnit.TesteAplicacao" time="0.0"/>
  <testcase name="testMostraMsgVendedorNaoEncontrado" classname="JUnit.TesteAplicacao" time="0.001">
    <system-out><![CDATA[-------------------------------
Vendedor não encontrado e/ou não existente
-------------------------------
]]></system-out>
  </testcase>
  <testcase name="testDeleteProduto" classname="JUnit.TesteAplicacao" time="0.028">
    <system-out><![CDATA[Produtos antes da exclusão: [Cliente{nome='Bola Branca', preco='18.5', quantidade='10'}, Cliente{nome='Bola Azul', preco='19.5', quantidade='10'}, Cliente{nome='Bola de quadrada', preco='0.0', quantidade='0'}, Cliente{nome='Chuteira Nice', preco='120.5', quantidade='5'}, Cliente{nome='Chuteira', preco='117.5', quantidade='5'}, Cliente{nome='Camiseta', preco='29.99', quantidade='50'}, Cliente{nome='Chuteira', preco='117.5', quantidade='5'}, Cliente{nome='Camiseta', preco='29.99', quantidade='50'}, Cliente{nome='Chuteira', preco='117.5', quantidade='5'}, Cliente{nome='Camiseta', preco='29.99', quantidade='50'}, Cliente{nome='Chuteira', preco='117.5', quantidade='5'}, Cliente{nome='caneleira', preco='25.25', quantidade='52'}, Cliente{nome='null', preco='29.99', quantidade='50'}, Cliente{nome='Calça', preco='0.0', quantidade='20'}, Cliente{nome='Camiseta', preco='29.99', quantidade='50'}, Cliente{nome='null', preco='29.99', quantidade='50'}, Cliente{nome='Calça', preco='0.0', quantidade='20'}, Cliente{nome='Camiseta', preco='29.99', quantidade='50'}, Cliente{nome='null', preco='29.99', quantidade='50'}, Cliente{nome='Calça', preco='0.0', quantidade='20'}, Cliente{nome='Camiseta', preco='29.99', quantidade='50'}, Cliente{nome='null', preco='29.99', quantidade='50'}, Cliente{nome='Calça', preco='0.0', quantidade='20'}, Cliente{nome='Camiseta', preco='29.99', quantidade='50'}, Cliente{nome='null', preco='29.99', quantidade='50'}, Cliente{nome='Calça', preco='0.0', quantidade='20'}, Cliente{nome='Camiseta', preco='29.99', quantidade='50'}, Cliente{nome='null', preco='29.99', quantidade='50'}, Cliente{nome='Calça', preco='0.0', quantidade='20'}, Cliente{nome='Camiseta', preco='29.99', quantidade='50'}, Cliente{nome='null', preco='29.99', quantidade='50'}, Cliente{nome='Calça', preco='0.0', quantidade='20'}, Cliente{nome='ProdutoDeletado', preco='10.0', quantidade='5'}, Cliente{nome='Camiseta', preco='29.99', quantidade='50'}, Cliente{nome='null', preco='0.0', quantidade='0'}, Cliente{nome='null', preco='0.0', quantidade='0'}, Cliente{nome='null', preco='29.99', quantidade='50'}, Cliente{nome='Calça', preco='0.0', quantidade='20'}, Cliente{nome='ProdutoDeletado', preco='10.0', quantidade='5'}, Cliente{nome='Camiseta', preco='29.99', quantidade='50'}, Cliente{nome='null', preco='0.0', quantidade='0'}, Cliente{nome='null', preco='0.0', quantidade='0'}, Cliente{nome='null', preco='29.99', quantidade='50'}, Cliente{nome='Calça', preco='0.0', quantidade='20'}, Cliente{nome='ProdutoDeletado', preco='10.0', quantidade='5'}, Cliente{nome='Camiseta', preco='29.99', quantidade='50'}, Cliente{nome='null', preco='0.0', quantidade='0'}, Cliente{nome='null', preco='0.0', quantidade='0'}, Cliente{nome='null', preco='29.99', quantidade='50'}, Cliente{nome='Calça', preco='0.0', quantidade='20'}, Cliente{nome='ProdutoDeletado', preco='10.0', quantidade='5'}, Cliente{nome='Camiseta', preco='29.99', quantidade='50'}, Cliente{nome='null', preco='0.0', quantidade='0'}, Cliente{nome='null', preco='0.0', quantidade='0'}, Cliente{nome='Calça', preco='0.0', quantidade='20'}, Cliente{nome='ProdutoDeletado', preco='10.0', quantidade='5'}, Cliente{nome='Camiseta', preco='29.99', quantidade='50'}, Cliente{nome='null', preco='0.0', quantidade='0'}, Cliente{nome='null', preco='0.0', quantidade='0'}, Cliente{nome='null', preco='29.99', quantidade='50'}, Cliente{nome='Calça', preco='0.0', quantidade='20'}, Cliente{nome='ProdutoDeletado', preco='10.0', quantidade='5'}, Cliente{nome='Camiseta', preco='29.99', quantidade='50'}, Cliente{nome='null', preco='29.99', quantidade='50'}, Cliente{nome='Calça', preco='0.0', quantidade='20'}, Cliente{nome='ProdutoDeletado', preco='10.0', quantidade='5'}, Cliente{nome='Camiseta', preco='29.99', quantidade='50'}, Cliente{nome='null', preco='29.99', quantidade='50'}, Cliente{nome='Calça', preco='0.0', quantidade='20'}, Cliente{nome='ProdutoDeletado', preco='10.0', quantidade='5'}, Cliente{nome='Camiseta', preco='29.99', quantidade='50'}, Cliente{nome='null', preco='29.99', quantidade='50'}, Cliente{nome='Calça', preco='0.0', quantidade='20'}, Cliente{nome='ProdutoDeletado', preco='10.0', quantidade='5'}, Cliente{nome='Camiseta', preco='29.99', quantidade='50'}, Cliente{nome='null', preco='29.99', quantidade='50'}, Cliente{nome='Calça', preco='0.0', quantidade='20'}, Cliente{nome='ProdutoDeletado', preco='10.0', quantidade='5'}, Cliente{nome='Camiseta', preco='29.99', quantidade='50'}, Cliente{nome='null', preco='29.99', quantidade='50'}, Cliente{nome='Calça', preco='0.0', quantidade='20'}, Cliente{nome='ProdutoDeletado', preco='10.0', quantidade='5'}, Cliente{nome='Camiseta', preco='29.99', quantidade='50'}, Cliente{nome='null', preco='0.0', quantidade='0'}, Cliente{nome='null', preco='0.0', quantidade='0'}, Cliente{nome='null', preco='29.99', quantidade='50'}, Cliente{nome='Calça', preco='0.0', quantidade='20'}, Cliente{nome='ProdutoDeletado', preco='10.0', quantidade='5'}, Cliente{nome='Camiseta', preco='29.99', quantidade='50'}, Cliente{nome='null', preco='0.0', quantidade='0'}, Cliente{nome='null', preco='0.0', quantidade='0'}, Cliente{nome='null', preco='0.0', quantidade='0'}, Cliente{nome='null', preco='0.0', quantidade='0'}, Cliente{nome='bone', preco='12.3', quantidade='150'}, Cliente{nome='null', preco='0.0', quantidade='0'}, Cliente{nome='null', preco='0.0', quantidade='0'}, Cliente{nome='null', preco='29.99', quantidade='50'}, Cliente{nome='Calça', preco='0.0', quantidade='20'}, Cliente{nome='ProdutoDeletado', preco='10.0', quantidade='5'}, Cliente{nome='Camiseta', preco='29.99', quantidade='50'}, Cliente{nome='null', preco='29.99', quantidade='50'}, Cliente{nome='Calça', preco='0.0', quantidade='20'}, Cliente{nome='ProdutoDeletado', preco='10.0', quantidade='5'}]
Produto com ID 0 não encontrado.
Produtos depois da exclusão: [Cliente{nome='Bola Branca', preco='18.5', quantidade='10'}, Cliente{nome='Bola Azul', preco='19.5', quantidade='10'}, Cliente{nome='Bola de quadrada', preco='0.0', quantidade='0'}, Cliente{nome='Chuteira Nice', preco='120.5', quantidade='5'}, Cliente{nome='Chuteira', preco='117.5', quantidade='5'}, Cliente{nome='Camiseta', preco='29.99', quantidade='50'}, Cliente{nome='Chuteira', preco='117.5', quantidade='5'}, Cliente{nome='Camiseta', preco='29.99', quantidade='50'}, Cliente{nome='Chuteira', preco='117.5', quantidade='5'}, Cliente{nome='Camiseta', preco='29.99', quantidade='50'}, Cliente{nome='Chuteira', preco='117.5', quantidade='5'}, Cliente{nome='caneleira', preco='25.25', quantidade='52'}, Cliente{nome='null', preco='29.99', quantidade='50'}, Cliente{nome='Calça', preco='0.0', quantidade='20'}, Cliente{nome='Camiseta', preco='29.99', quantidade='50'}, Cliente{nome='null', preco='29.99', quantidade='50'}, Cliente{nome='Calça', preco='0.0', quantidade='20'}, Cliente{nome='Camiseta', preco='29.99', quantidade='50'}, Cliente{nome='null', preco='29.99', quantidade='50'}, Cliente{nome='Calça', preco='0.0', quantidade='20'}, Cliente{nome='Camiseta', preco='29.99', quantidade='50'}, Cliente{nome='null', preco='29.99', quantidade='50'}, Cliente{nome='Calça', preco='0.0', quantidade='20'}, Cliente{nome='Camiseta', preco='29.99', quantidade='50'}, Cliente{nome='null', preco='29.99', quantidade='50'}, Cliente{nome='Calça', preco='0.0', quantidade='20'}, Cliente{nome='Camiseta', preco='29.99', quantidade='50'}, Cliente{nome='null', preco='29.99', quantidade='50'}, Cliente{nome='Calça', preco='0.0', quantidade='20'}, Cliente{nome='Camiseta', preco='29.99', quantidade='50'}, Cliente{nome='null', preco='29.99', quantidade='50'}, Cliente{nome='Calça', preco='0.0', quantidade='20'}, Cliente{nome='ProdutoDeletado', preco='10.0', quantidade='5'}, Cliente{nome='Camiseta', preco='29.99', quantidade='50'}, Cliente{nome='null', preco='0.0', quantidade='0'}, Cliente{nome='null', preco='0.0', quantidade='0'}, Cliente{nome='null', preco='29.99', quantidade='50'}, Cliente{nome='Calça', preco='0.0', quantidade='20'}, Cliente{nome='ProdutoDeletado', preco='10.0', quantidade='5'}, Cliente{nome='Camiseta', preco='29.99', quantidade='50'}, Cliente{nome='null', preco='0.0', quantidade='0'}, Cliente{nome='null', preco='0.0', quantidade='0'}, Cliente{nome='null', preco='29.99', quantidade='50'}, Cliente{nome='Calça', preco='0.0', quantidade='20'}, Cliente{nome='ProdutoDeletado', preco='10.0', quantidade='5'}, Cliente{nome='Camiseta', preco='29.99', quantidade='50'}, Cliente{nome='null', preco='0.0', quantidade='0'}, Cliente{nome='null', preco='0.0', quantidade='0'}, Cliente{nome='null', preco='29.99', quantidade='50'}, Cliente{nome='Calça', preco='0.0', quantidade='20'}, Cliente{nome='ProdutoDeletado', preco='10.0', quantidade='5'}, Cliente{nome='Camiseta', preco='29.99', quantidade='50'}, Cliente{nome='null', preco='0.0', quantidade='0'}, Cliente{nome='null', preco='0.0', quantidade='0'}, Cliente{nome='Calça', preco='0.0', quantidade='20'}, Cliente{nome='ProdutoDeletado', preco='10.0', quantidade='5'}, Cliente{nome='Camiseta', preco='29.99', quantidade='50'}, Cliente{nome='null', preco='0.0', quantidade='0'}, Cliente{nome='null', preco='0.0', quantidade='0'}, Cliente{nome='null', preco='29.99', quantidade='50'}, Cliente{nome='Calça', preco='0.0', quantidade='20'}, Cliente{nome='ProdutoDeletado', preco='10.0', quantidade='5'}, Cliente{nome='Camiseta', preco='29.99', quantidade='50'}, Cliente{nome='null', preco='29.99', quantidade='50'}, Cliente{nome='Calça', preco='0.0', quantidade='20'}, Cliente{nome='ProdutoDeletado', preco='10.0', quantidade='5'}, Cliente{nome='Camiseta', preco='29.99', quantidade='50'}, Cliente{nome='null', preco='29.99', quantidade='50'}, Cliente{nome='Calça', preco='0.0', quantidade='20'}, Cliente{nome='ProdutoDeletado', preco='10.0', quantidade='5'}, Cliente{nome='Camiseta', preco='29.99', quantidade='50'}, Cliente{nome='null', preco='29.99', quantidade='50'}, Cliente{nome='Calça', preco='0.0', quantidade='20'}, Cliente{nome='ProdutoDeletado', preco='10.0', quantidade='5'}, Cliente{nome='Camiseta', preco='29.99', quantidade='50'}, Cliente{nome='null', preco='29.99', quantidade='50'}, Cliente{nome='Calça', preco='0.0', quantidade='20'}, Cliente{nome='ProdutoDeletado', preco='10.0', quantidade='5'}, Cliente{nome='Camiseta', preco='29.99', quantidade='50'}, Cliente{nome='null', preco='29.99', quantidade='50'}, Cliente{nome='Calça', preco='0.0', quantidade='20'}, Cliente{nome='ProdutoDeletado', preco='10.0', quantidade='5'}, Cliente{nome='Camiseta', preco='29.99', quantidade='50'}, Cliente{nome='null', preco='0.0', quantidade='0'}, Cliente{nome='null', preco='0.0', quantidade='0'}, Cliente{nome='null', preco='29.99', quantidade='50'}, Cliente{nome='Calça', preco='0.0', quantidade='20'}, Cliente{nome='ProdutoDeletado', preco='10.0', quantidade='5'}, Cliente{nome='Camiseta', preco='29.99', quantidade='50'}, Cliente{nome='null', preco='0.0', quantidade='0'}, Cliente{nome='null', preco='0.0', quantidade='0'}, Cliente{nome='null', preco='0.0', quantidade='0'}, Cliente{nome='null', preco='0.0', quantidade='0'}, Cliente{nome='bone', preco='12.3', quantidade='150'}, Cliente{nome='null', preco='0.0', quantidade='0'}, Cliente{nome='null', preco='0.0', quantidade='0'}, Cliente{nome='null', preco='29.99', quantidade='50'}, Cliente{nome='Calça', preco='0.0', quantidade='20'}, Cliente{nome='ProdutoDeletado', preco='10.0', quantidade='5'}, Cliente{nome='Camiseta', preco='29.99', quantidade='50'}, Cliente{nome='null', preco='29.99', quantidade='50'}, Cliente{nome='Calça', preco='0.0', quantidade='20'}, Cliente{nome='ProdutoDeletado', preco='10.0', quantidade='5'}]
]]></system-out>
  </testcase>
  <testcase name="testConstrutorSemId" classname="JUnit.TesteAplicacao" time="0.0"/>
  <testcase name="testMostraMsgDelecaoParaCliente" classname="JUnit.TesteAplicacao" time="0.001">
    <system-out><![CDATA[-------------------------------
Cliente deletado com sucesso!
-------------------------------
]]></system-out>
  </testcase>
  <testcase name="testGetInstance" classname="JUnit.TesteAplicacao" time="0.0"/>
  <testcase name="testGetVendedores" classname="JUnit.TesteAplicacao" time="0.008"/>
  <testcase name="SaveProduto" classname="JUnit.TesteAplicacao" time="0.026"/>
</testsuite>